--------------- Build Started: 09/12/2017 17:41:28 Project: Design01, Configuration: ARM GCC 5.4-2016-q2-update Debug ---------------
cydsfit.exe -.appdatapath "C:\Users\noyce\AppData\Local\Cypress Semiconductor\PSoC Creator\4.1" -.fdsnotice -.fdswarpdepfile=warp_dependencies.txt -.fdselabdepfile=elab_dependencies.txt -.fdsbldfile=generated_files.txt -.fdsreffile=referenced_files.txt -p "C:\Users\noyce\home\Research\illumina\PSoC\PSoC5 Device Selector\PSoC5 Device Selector 1\Design01.cydsn\Design01.cyprj" -d CY8C5888LTI-LP097 -s "C:\Users\noyce\home\Research\illumina\PSoC\PSoC5 Device Selector\PSoC5 Device Selector 1\Design01.cydsn\Generated_Source\PSoC5" -- -yv2 -q10 -ygs -o2 -v3 -.fftcfgtype=LE
Elaborating Design...
ADD: sdb.M0065: information: Analog terminal "TIA_1.Iin" on TopDesign is unconnected.
 * C:\Users\noyce\home\Research\illumina\PSoC\PSoC5 Device Selector\PSoC5 Device Selector 1\Design01.cydsn\TopDesign\TopDesign.cysch (Signal: Net_11)
 * C:\Users\noyce\home\Research\illumina\PSoC\PSoC5 Device Selector\PSoC5 Device Selector 1\Design01.cydsn\TopDesign\TopDesign.cysch (Shape_6.4)
ADD: sdb.M0065: information: Analog terminal "TIA_1.Vref" on TopDesign is unconnected.
 * C:\Users\noyce\home\Research\illumina\PSoC\PSoC5 Device Selector\PSoC5 Device Selector 1\Design01.cydsn\TopDesign\TopDesign.cysch (Signal: Net_12)
 * C:\Users\noyce\home\Research\illumina\PSoC\PSoC5 Device Selector\PSoC5 Device Selector 1\Design01.cydsn\TopDesign\TopDesign.cysch (Shape_6.6)
ADD: sdb.M0065: information: Analog terminal "TIA_1.Vout" on TopDesign is unconnected.
 * C:\Users\noyce\home\Research\illumina\PSoC\PSoC5 Device Selector\PSoC5 Device Selector 1\Design01.cydsn\TopDesign\TopDesign.cysch (Signal: Net_13)
 * C:\Users\noyce\home\Research\illumina\PSoC\PSoC5 Device Selector\PSoC5 Device Selector 1\Design01.cydsn\TopDesign\TopDesign.cysch (Shape_6.10)
HDL Generation...
Synthesis...
Tech Mapping...
Analog Placement...
Info: apr.M0002: Analog signal "Net_12" is connected to one terminal only. (App=cydsfit)
Info: apr.M0002: Analog signal "Net_11" is connected to one terminal only. (App=cydsfit)
Info: apr.M0002: Analog signal "Net_13" is connected to one terminal only. (App=cydsfit)
Log: apr.M0058: The analog placement iterative improvement is 91% done. (App=cydsfit)
Analog Routing...
Analog Code Generation...
Digital Placement...
Digital Routing...
Bitstream Generation...
Bitstream Verification...
Static timing analysis...
API Generation...
Dependency Generation...
Cleanup...
arm-none-eabi-gcc.exe -mcpu=cortex-m3 -mthumb -I. -IGenerated_Source\PSoC5 -Wa,-alh=.\CortexM3\ARM_GCC_541\Debug/main.lst -g -D DEBUG -D CY_CORE_ID=0 -Wall -ffunction-sections -ffat-lto-objects -Og -c main.c -o .\CortexM3\ARM_GCC_541\Debug\main.o
arm-none-eabi-gcc.exe -mcpu=cortex-m3 -mthumb -I. -IGenerated_Source\PSoC5 -Wa,-alh=.\CortexM3\ARM_GCC_541\Debug/cyfitter_cfg.lst -g -D DEBUG -D CY_CORE_ID=0 -Wall -ffunction-sections -ffat-lto-objects -Og -c Generated_Source\PSoC5\cyfitter_cfg.c -o .\CortexM3\ARM_GCC_541\Debug\cyfitter_cfg.o
arm-none-eabi-gcc.exe -mcpu=cortex-m3 -mthumb -I. -IGenerated_Source\PSoC5 -Wa,-alh=.\CortexM3\ARM_GCC_541\Debug/cymetadata.lst -g -D DEBUG -D CY_CORE_ID=0 -Wall -ffunction-sections -ffat-lto-objects -Og -c Generated_Source\PSoC5\cymetadata.c -o .\CortexM3\ARM_GCC_541\Debug\cymetadata.o
arm-none-eabi-gcc.exe -mcpu=cortex-m3 -mthumb -I. -IGenerated_Source\PSoC5 -Wa,-alh=.\CortexM3\ARM_GCC_541\Debug/Pin_1.lst -g -D DEBUG -D CY_CORE_ID=0 -Wall -ffunction-sections -ffat-lto-objects -Og -c Generated_Source\PSoC5\Pin_1.c -o .\CortexM3\ARM_GCC_541\Debug\Pin_1.o
arm-none-eabi-gcc.exe -mcpu=cortex-m3 -mthumb -I. -IGenerated_Source\PSoC5 -Wa,-alh=.\CortexM3\ARM_GCC_541\Debug/Pin_2.lst -g -D DEBUG -D CY_CORE_ID=0 -Wall -ffunction-sections -ffat-lto-objects -Og -c Generated_Source\PSoC5\Pin_2.c -o .\CortexM3\ARM_GCC_541\Debug\Pin_2.o
arm-none-eabi-gcc.exe -mcpu=cortex-m3 -mthumb -I. -IGenerated_Source\PSoC5 -Wa,-alh=.\CortexM3\ARM_GCC_541\Debug/Pin_3.lst -g -D DEBUG -D CY_CORE_ID=0 -Wall -ffunction-sections -ffat-lto-objects -Og -c Generated_Source\PSoC5\Pin_3.c -o .\CortexM3\ARM_GCC_541\Debug\Pin_3.o
arm-none-eabi-gcc.exe -mcpu=cortex-m3 -mthumb -I. -IGenerated_Source\PSoC5 -Wa,-alh=.\CortexM3\ARM_GCC_541\Debug/Pin_4.lst -g -D DEBUG -D CY_CORE_ID=0 -Wall -ffunction-sections -ffat-lto-objects -Og -c Generated_Source\PSoC5\Pin_4.c -o .\CortexM3\ARM_GCC_541\Debug\Pin_4.o
arm-none-eabi-gcc.exe -mcpu=cortex-m3 -mthumb -I. -IGenerated_Source\PSoC5 -Wa,-alh=.\CortexM3\ARM_GCC_541\Debug/Pin_5.lst -g -D DEBUG -D CY_CORE_ID=0 -Wall -ffunction-sections -ffat-lto-objects -Og -c Generated_Source\PSoC5\Pin_5.c -o .\CortexM3\ARM_GCC_541\Debug\Pin_5.o
arm-none-eabi-gcc.exe -mcpu=cortex-m3 -mthumb -I. -IGenerated_Source\PSoC5 -Wa,-alh=.\CortexM3\ARM_GCC_541\Debug/AMux_1.lst -g -D DEBUG -D CY_CORE_ID=0 -Wall -ffunction-sections -ffat-lto-objects -Og -c Generated_Source\PSoC5\AMux_1.c -o .\CortexM3\ARM_GCC_541\Debug\AMux_1.o
arm-none-eabi-gcc.exe -mcpu=cortex-m3 -mthumb -I. -IGenerated_Source\PSoC5 -Wa,-alh=.\CortexM3\ARM_GCC_541\Debug/Cm3Start.lst -g -D DEBUG -D CY_CORE_ID=0 -Wall -ffunction-sections -ffat-lto-objects -Og -c Generated_Source\PSoC5\Cm3Start.c -o .\CortexM3\ARM_GCC_541\Debug\Cm3Start.o
arm-none-eabi-gcc.exe -mcpu=cortex-m3 -mthumb -I. -IGenerated_Source\PSoC5 -Wa,-alh=.\CortexM3\ARM_GCC_541\Debug/CyDmac.lst -g -D DEBUG -D CY_CORE_ID=0 -Wall -ffunction-sections -ffat-lto-objects -Og -c Generated_Source\PSoC5\CyDmac.c -o .\CortexM3\ARM_GCC_541\Debug\CyDmac.o
arm-none-eabi-gcc.exe -mcpu=cortex-m3 -mthumb -I. -IGenerated_Source\PSoC5 -Wa,-alh=.\CortexM3\ARM_GCC_541\Debug/CyFlash.lst -g -D DEBUG -D CY_CORE_ID=0 -Wall -ffunction-sections -ffat-lto-objects -Og -c Generated_Source\PSoC5\CyFlash.c -o .\CortexM3\ARM_GCC_541\Debug\CyFlash.o
arm-none-eabi-gcc.exe -mcpu=cortex-m3 -mthumb -I. -IGenerated_Source\PSoC5 -Wa,-alh=.\CortexM3\ARM_GCC_541\Debug/CyLib.lst -g -D DEBUG -D CY_CORE_ID=0 -Wall -ffunction-sections -ffat-lto-objects -Og -c Generated_Source\PSoC5\CyLib.c -o .\CortexM3\ARM_GCC_541\Debug\CyLib.o
arm-none-eabi-gcc.exe -mcpu=cortex-m3 -mthumb -I. -IGenerated_Source\PSoC5 -Wa,-alh=.\CortexM3\ARM_GCC_541\Debug/cyPm.lst -g -D DEBUG -D CY_CORE_ID=0 -Wall -ffunction-sections -ffat-lto-objects -Og -c Generated_Source\PSoC5\cyPm.c -o .\CortexM3\ARM_GCC_541\Debug\cyPm.o
arm-none-eabi-gcc.exe -mcpu=cortex-m3 -mthumb -I. -IGenerated_Source\PSoC5 -Wa,-alh=.\CortexM3\ARM_GCC_541\Debug/CySpc.lst -g -D DEBUG -D CY_CORE_ID=0 -Wall -ffunction-sections -ffat-lto-objects -Og -c Generated_Source\PSoC5\CySpc.c -o .\CortexM3\ARM_GCC_541\Debug\CySpc.o
arm-none-eabi-gcc.exe -mcpu=cortex-m3 -mthumb -I. -IGenerated_Source\PSoC5 -Wa,-alh=.\CortexM3\ARM_GCC_541\Debug/cyutils.lst -g -D DEBUG -D CY_CORE_ID=0 -Wall -ffunction-sections -ffat-lto-objects -Og -c Generated_Source\PSoC5\cyutils.c -o .\CortexM3\ARM_GCC_541\Debug\cyutils.o
arm-none-eabi-gcc.exe -mcpu=cortex-m3 -mthumb -I. -IGenerated_Source\PSoC5 -Wa,-alh=.\CortexM3\ARM_GCC_541\Debug/TIA_1.lst -g -D DEBUG -D CY_CORE_ID=0 -Wall -ffunction-sections -ffat-lto-objects -Og -c Generated_Source\PSoC5\TIA_1.c -o .\CortexM3\ARM_GCC_541\Debug\TIA_1.o
arm-none-eabi-gcc.exe -mcpu=cortex-m3 -mthumb -I. -IGenerated_Source\PSoC5 -Wa,-alh=.\CortexM3\ARM_GCC_541\Debug/TIA_1_PM.lst -g -D DEBUG -D CY_CORE_ID=0 -Wall -ffunction-sections -ffat-lto-objects -Og -c Generated_Source\PSoC5\TIA_1_PM.c -o .\CortexM3\ARM_GCC_541\Debug\TIA_1_PM.o
arm-none-eabi-as.exe -mcpu=cortex-m3 -mthumb -I. -IGenerated_Source\PSoC5 -alh=.\CortexM3\ARM_GCC_541\Debug/CyBootAsmGnu.lst -g -W -o .\CortexM3\ARM_GCC_541\Debug\CyBootAsmGnu.o Generated_Source\PSoC5\CyBootAsmGnu.s
arm-none-eabi-ar.exe -rs .\CortexM3\ARM_GCC_541\Debug\Design01.a .\CortexM3\ARM_GCC_541\Debug\Pin_1.o .\CortexM3\ARM_GCC_541\Debug\Pin_2.o .\CortexM3\ARM_GCC_541\Debug\Pin_3.o .\CortexM3\ARM_GCC_541\Debug\Pin_4.o .\CortexM3\ARM_GCC_541\Debug\Pin_5.o .\CortexM3\ARM_GCC_541\Debug\AMux_1.o .\CortexM3\ARM_GCC_541\Debug\CyDmac.o .\CortexM3\ARM_GCC_541\Debug\CyFlash.o .\CortexM3\ARM_GCC_541\Debug\CyLib.o .\CortexM3\ARM_GCC_541\Debug\cyPm.o .\CortexM3\ARM_GCC_541\Debug\CySpc.o .\CortexM3\ARM_GCC_541\Debug\cyutils.o .\CortexM3\ARM_GCC_541\Debug\TIA_1.o .\CortexM3\ARM_GCC_541\Debug\TIA_1_PM.o .\CortexM3\ARM_GCC_541\Debug\CyBootAsmGnu.o
arm-none-eabi-ar.exe: creating .\CortexM3\ARM_GCC_541\Debug\Design01.a
arm-none-eabi-gcc.exe -Wl,--start-group -o "C:\Users\noyce\home\Research\illumina\PSoC\PSoC5 Device Selector\PSoC5 Device Selector 1\Design01.cydsn\CortexM3\ARM_GCC_541\Debug\Design01.elf" .\CortexM3\ARM_GCC_541\Debug\main.o .\CortexM3\ARM_GCC_541\Debug\cyfitter_cfg.o .\CortexM3\ARM_GCC_541\Debug\cymetadata.o .\CortexM3\ARM_GCC_541\Debug\Cm3Start.o .\CortexM3\ARM_GCC_541\Debug\Design01.a "C:\Program Files (x86)\Cypress\PSoC Creator\4.1\PSoC Creator\psoc\content\cycomponentlibrary\CyComponentLibrary.cylib\CortexM3\ARM_GCC_541\Debug\CyComponentLibrary.a" -mcpu=cortex-m3 -mthumb -L Generated_Source\PSoC5 -Wl,-Map,.\CortexM3\ARM_GCC_541\Debug/Design01.map -T Generated_Source\PSoC5\cm3gcc.ld -specs=nano.specs -Wl,--gc-sections -g -ffunction-sections -Og -ffat-lto-objects -Wl,--end-group
cyelftool.exe -C "C:\Users\noyce\home\Research\illumina\PSoC\PSoC5 Device Selector\PSoC5 Device Selector 1\Design01.cydsn\CortexM3\ARM_GCC_541\Debug\Design01.elf" --flash_row_size 256 --flash_size 262144 --flash_offset 0x00000000
cyelftool.exe -S "C:\Users\noyce\home\Research\illumina\PSoC\PSoC5 Device Selector\PSoC5 Device Selector 1\Design01.cydsn\CortexM3\ARM_GCC_541\Debug\Design01.elf"
Flash used: 1222 of 262144 bytes (0.5 %).
SRAM used: 2505 of 65536 bytes (3.8 %). Stack: 2048 bytes. Heap: 128 bytes.
--------------- Build Succeeded: 09/12/2017 17:43:05 ---------------
