ARM GAS  C:\Users\noyce\AppData\Local\Temp\ccz0HXo4.s 			page 1


   1              		.syntax unified
   2              		.cpu cortex-m3
   3              		.fpu softvfp
   4              		.eabi_attribute 20, 1
   5              		.eabi_attribute 21, 1
   6              		.eabi_attribute 23, 3
   7              		.eabi_attribute 24, 1
   8              		.eabi_attribute 25, 1
   9              		.eabi_attribute 26, 1
  10              		.eabi_attribute 30, 1
  11              		.eabi_attribute 34, 1
  12              		.eabi_attribute 18, 4
  13              		.thumb
  14              		.syntax unified
  15              		.file	"cymetadata.c"
  16              		.text
  17              	.Ltext0:
  18              		.cfi_sections	.debug_frame
  19              		.global	cy_metadata
  20              		.global	cy_meta_flashprotect
  21              		.global	cy_meta_wonvl
  22              		.global	cy_meta_custnvl
  23              		.global	cy_meta_configecc
  24              		.section	.cyconfigecc,"a",%progbits
  25              		.align	2
  26              		.type	cy_meta_configecc, %object
  27              		.size	cy_meta_configecc, 1356
  28              	cy_meta_configecc:
  29 0000 02       		.byte	2
  30 0001 52       		.byte	82
  31 0002 00       		.byte	0
  32 0003 40       		.byte	64
  33 0004 03       		.byte	3
  34 0005 64       		.byte	100
  35 0006 00       		.byte	0
  36 0007 40       		.byte	64
  37 0008 01       		.byte	1
  38 0009 05       		.byte	5
  39 000a 01       		.byte	1
  40 000b 40       		.byte	64
  41 000c 4B       		.byte	75
  42 000d 08       		.byte	8
  43 000e 01       		.byte	1
  44 000f 40       		.byte	64
  45 0010 3C       		.byte	60
  46 0011 09       		.byte	9
  47 0012 01       		.byte	1
  48 0013 40       		.byte	64
  49 0014 4A       		.byte	74
  50 0015 0A       		.byte	10
  51 0016 01       		.byte	1
  52 0017 40       		.byte	64
  53 0018 4E       		.byte	78
  54 0019 0B       		.byte	11
  55 001a 01       		.byte	1
  56 001b 40       		.byte	64
  57 001c 63       		.byte	99
ARM GAS  C:\Users\noyce\AppData\Local\Temp\ccz0HXo4.s 			page 2


  58 001d 0C       		.byte	12
  59 001e 01       		.byte	1
  60 001f 40       		.byte	64
  61 0020 47       		.byte	71
  62 0021 0D       		.byte	13
  63 0022 01       		.byte	1
  64 0023 40       		.byte	64
  65 0024 55       		.byte	85
  66 0025 0E       		.byte	14
  67 0026 01       		.byte	1
  68 0027 40       		.byte	64
  69 0028 31       		.byte	49
  70 0029 0F       		.byte	15
  71 002a 01       		.byte	1
  72 002b 40       		.byte	64
  73 002c 05       		.byte	5
  74 002d 19       		.byte	25
  75 002e 01       		.byte	1
  76 002f 40       		.byte	64
  77 0030 02       		.byte	2
  78 0031 40       		.byte	64
  79 0032 01       		.byte	1
  80 0033 40       		.byte	64
  81 0034 01       		.byte	1
  82 0035 41       		.byte	65
  83 0036 01       		.byte	1
  84 0037 40       		.byte	64
  85 0038 03       		.byte	3
  86 0039 42       		.byte	66
  87 003a 01       		.byte	1
  88 003b 40       		.byte	64
  89 003c 07       		.byte	7
  90 003d 44       		.byte	68
  91 003e 01       		.byte	1
  92 003f 40       		.byte	64
  93 0040 08       		.byte	8
  94 0041 45       		.byte	69
  95 0042 01       		.byte	1
  96 0043 40       		.byte	64
  97 0044 05       		.byte	5
  98 0045 50       		.byte	80
  99 0046 01       		.byte	1
 100 0047 40       		.byte	64
 101 0048 01       		.byte	1
 102 0049 51       		.byte	81
 103 004a 01       		.byte	1
 104 004b 40       		.byte	64
 105 004c 60       		.byte	96
 106 004d 10       		.byte	16
 107 004e 64       		.byte	100
 108 004f 30       		.byte	48
 109 0050 2C       		.byte	44
 110 0051 0F       		.byte	15
 111 0052 2D       		.byte	45
 112 0053 04       		.byte	4
 113 0054 3C       		.byte	60
 114 0055 08       		.byte	8
ARM GAS  C:\Users\noyce\AppData\Local\Temp\ccz0HXo4.s 			page 3


 115 0056 E6       		.byte	-26
 116 0057 01       		.byte	1
 117 0058 01       		.byte	1
 118 0059 CC       		.byte	-52
 119 005a 02       		.byte	2
 120 005b 08       		.byte	8
 121 005c 03       		.byte	3
 122 005d 13       		.byte	19
 123 005e 05       		.byte	5
 124 005f 04       		.byte	4
 125 0060 06       		.byte	6
 126 0061 FF       		.byte	-1
 127 0062 08       		.byte	8
 128 0063 3D       		.byte	61
 129 0064 0A       		.byte	10
 130 0065 C2       		.byte	-62
 131 0066 0B       		.byte	11
 132 0067 02       		.byte	2
 133 0068 0D       		.byte	13
 134 0069 02       		.byte	2
 135 006a 0E       		.byte	14
 136 006b 02       		.byte	2
 137 006c 10       		.byte	16
 138 006d 0D       		.byte	13
 139 006e 13       		.byte	19
 140 006f 01       		.byte	1
 141 0070 14       		.byte	20
 142 0071 5D       		.byte	93
 143 0072 15       		.byte	21
 144 0073 4D       		.byte	77
 145 0074 16       		.byte	22
 146 0075 A2       		.byte	-94
 147 0076 17       		.byte	23
 148 0077 92       		.byte	-110
 149 0078 18       		.byte	24
 150 0079 92       		.byte	-110
 151 007a 19       		.byte	25
 152 007b A9       		.byte	-87
 153 007c 1A       		.byte	26
 154 007d 60       		.byte	96
 155 007e 1B       		.byte	27
 156 007f 54       		.byte	84
 157 0080 1C       		.byte	28
 158 0081 E2       		.byte	-30
 159 0082 1D       		.byte	29
 160 0083 FF       		.byte	-1
 161 0084 20       		.byte	32
 162 0085 04       		.byte	4
 163 0086 22       		.byte	34
 164 0087 E0       		.byte	-32
 165 0088 23       		.byte	35
 166 0089 04       		.byte	4
 167 008a 24       		.byte	36
 168 008b 01       		.byte	1
 169 008c 27       		.byte	39
 170 008d B5       		.byte	-75
 171 008e 28       		.byte	40
ARM GAS  C:\Users\noyce\AppData\Local\Temp\ccz0HXo4.s 			page 4


 172 008f 01       		.byte	1
 173 0090 29       		.byte	41
 174 0091 1A       		.byte	26
 175 0092 2B       		.byte	43
 176 0093 60       		.byte	96
 177 0094 2C       		.byte	44
 178 0095 40       		.byte	64
 179 0096 2D       		.byte	45
 180 0097 A5       		.byte	-91
 181 0098 2E       		.byte	46
 182 0099 1D       		.byte	29
 183 009a 2F       		.byte	47
 184 009b 4A       		.byte	74
 185 009c 31       		.byte	49
 186 009d FF       		.byte	-1
 187 009e 34       		.byte	52
 188 009f FF       		.byte	-1
 189 00a0 3E       		.byte	62
 190 00a1 10       		.byte	16
 191 00a2 3F       		.byte	63
 192 00a3 01       		.byte	1
 193 00a4 52       		.byte	82
 194 00a5 F6       		.byte	-10
 195 00a6 58       		.byte	88
 196 00a7 04       		.byte	4
 197 00a8 59       		.byte	89
 198 00a9 04       		.byte	4
 199 00aa 5B       		.byte	91
 200 00ab 04       		.byte	4
 201 00ac 5F       		.byte	95
 202 00ad 01       		.byte	1
 203 00ae 80       		.byte	-128
 204 00af 02       		.byte	2
 205 00b0 82       		.byte	-126
 206 00b1 08       		.byte	8
 207 00b2 84       		.byte	-124
 208 00b3 02       		.byte	2
 209 00b4 85       		.byte	-123
 210 00b5 33       		.byte	51
 211 00b6 86       		.byte	-122
 212 00b7 04       		.byte	4
 213 00b8 87       		.byte	-121
 214 00b9 0C       		.byte	12
 215 00ba 8C       		.byte	-116
 216 00bb 04       		.byte	4
 217 00bc 8E       		.byte	-114
 218 00bd 02       		.byte	2
 219 00be 92       		.byte	-110
 220 00bf 06       		.byte	6
 221 00c0 93       		.byte	-109
 222 00c1 01       		.byte	1
 223 00c2 95       		.byte	-107
 224 00c3 40       		.byte	64
 225 00c4 97       		.byte	-105
 226 00c5 13       		.byte	19
 227 00c6 99       		.byte	-103
 228 00c7 46       		.byte	70
ARM GAS  C:\Users\noyce\AppData\Local\Temp\ccz0HXo4.s 			page 5


 229 00c8 9B       		.byte	-101
 230 00c9 A9       		.byte	-87
 231 00ca 9C       		.byte	-100
 232 00cb 02       		.byte	2
 233 00cc 9D       		.byte	-99
 234 00cd FF       		.byte	-1
 235 00ce 9E       		.byte	-98
 236 00cf 0C       		.byte	12
 237 00d0 A5       		.byte	-91
 238 00d1 80       		.byte	-128
 239 00d2 A6       		.byte	-90
 240 00d3 06       		.byte	6
 241 00d4 A7       		.byte	-89
 242 00d5 56       		.byte	86
 243 00d6 A9       		.byte	-87
 244 00d7 0E       		.byte	14
 245 00d8 AA       		.byte	-86
 246 00d9 07       		.byte	7
 247 00da AB       		.byte	-85
 248 00db 30       		.byte	48
 249 00dc AD       		.byte	-83
 250 00dd 2A       		.byte	42
 251 00de AF       		.byte	-81
 252 00df 54       		.byte	84
 253 00e0 B0       		.byte	-80
 254 00e1 01       		.byte	1
 255 00e2 B1       		.byte	-79
 256 00e3 FF       		.byte	-1
 257 00e4 B6       		.byte	-74
 258 00e5 0E       		.byte	14
 259 00e6 BA       		.byte	-70
 260 00e7 80       		.byte	-128
 261 00e8 D8       		.byte	-40
 262 00e9 04       		.byte	4
 263 00ea D9       		.byte	-39
 264 00eb 04       		.byte	4
 265 00ec DF       		.byte	-33
 266 00ed 01       		.byte	1
 267 00ee 00       		.byte	0
 268 00ef 04       		.byte	4
 269 00f0 02       		.byte	2
 270 00f1 80       		.byte	-128
 271 00f2 03       		.byte	3
 272 00f3 02       		.byte	2
 273 00f4 05       		.byte	5
 274 00f5 28       		.byte	40
 275 00f6 06       		.byte	6
 276 00f7 82       		.byte	-126
 277 00f8 0A       		.byte	10
 278 00f9 41       		.byte	65
 279 00fa 0C       		.byte	12
 280 00fb 42       		.byte	66
 281 00fc 0E       		.byte	14
 282 00fd 20       		.byte	32
 283 00fe 0F       		.byte	15
 284 00ff 04       		.byte	4
 285 0100 10       		.byte	16
ARM GAS  C:\Users\noyce\AppData\Local\Temp\ccz0HXo4.s 			page 6


 286 0101 10       		.byte	16
 287 0102 12       		.byte	18
 288 0103 08       		.byte	8
 289 0104 17       		.byte	23
 290 0105 59       		.byte	89
 291 0106 1A       		.byte	26
 292 0107 41       		.byte	65
 293 0108 1F       		.byte	31
 294 0109 10       		.byte	16
 295 010a 22       		.byte	34
 296 010b 02       		.byte	2
 297 010c 25       		.byte	37
 298 010d 01       		.byte	1
 299 010e 29       		.byte	41
 300 010f A8       		.byte	-88
 301 0110 2D       		.byte	45
 302 0111 A8       		.byte	-88
 303 0112 2E       		.byte	46
 304 0113 12       		.byte	18
 305 0114 30       		.byte	48
 306 0115 22       		.byte	34
 307 0116 31       		.byte	49
 308 0117 04       		.byte	4
 309 0118 32       		.byte	50
 310 0119 80       		.byte	-128
 311 011a 34       		.byte	52
 312 011b 40       		.byte	64
 313 011c 35       		.byte	53
 314 011d 06       		.byte	6
 315 011e 36       		.byte	54
 316 011f 90       		.byte	-112
 317 0120 3B       		.byte	59
 318 0121 08       		.byte	8
 319 0122 3C       		.byte	60
 320 0123 82       		.byte	-126
 321 0124 3E       		.byte	62
 322 0125 A8       		.byte	-88
 323 0126 48       		.byte	72
 324 0127 01       		.byte	1
 325 0128 4A       		.byte	74
 326 0129 02       		.byte	2
 327 012a 6D       		.byte	109
 328 012b 04       		.byte	4
 329 012c 6F       		.byte	111
 330 012d 08       		.byte	8
 331 012e 75       		.byte	117
 332 012f 02       		.byte	2
 333 0130 76       		.byte	118
 334 0131 2A       		.byte	42
 335 0132 77       		.byte	119
 336 0133 18       		.byte	24
 337 0134 90       		.byte	-112
 338 0135 04       		.byte	4
 339 0136 92       		.byte	-110
 340 0137 10       		.byte	16
 341 0138 93       		.byte	-109
 342 0139 08       		.byte	8
ARM GAS  C:\Users\noyce\AppData\Local\Temp\ccz0HXo4.s 			page 7


 343 013a 95       		.byte	-107
 344 013b 04       		.byte	4
 345 013c 96       		.byte	-106
 346 013d 40       		.byte	64
 347 013e 97       		.byte	-105
 348 013f 24       		.byte	36
 349 0140 98       		.byte	-104
 350 0141 10       		.byte	16
 351 0142 99       		.byte	-103
 352 0143 88       		.byte	-120
 353 0144 9B       		.byte	-101
 354 0145 41       		.byte	65
 355 0146 9D       		.byte	-99
 356 0147 04       		.byte	4
 357 0148 9E       		.byte	-98
 358 0149 2A       		.byte	42
 359 014a A0       		.byte	-96
 360 014b 42       		.byte	66
 361 014c A2       		.byte	-94
 362 014d 98       		.byte	-104
 363 014e A3       		.byte	-93
 364 014f 02       		.byte	2
 365 0150 A5       		.byte	-91
 366 0151 01       		.byte	1
 367 0152 A6       		.byte	-90
 368 0153 02       		.byte	2
 369 0154 A7       		.byte	-89
 370 0155 08       		.byte	8
 371 0156 B2       		.byte	-78
 372 0157 01       		.byte	1
 373 0158 B3       		.byte	-77
 374 0159 08       		.byte	8
 375 015a C0       		.byte	-64
 376 015b FD       		.byte	-3
 377 015c C2       		.byte	-62
 378 015d F9       		.byte	-7
 379 015e C4       		.byte	-60
 380 015f F6       		.byte	-10
 381 0160 CA       		.byte	-54
 382 0161 FE       		.byte	-2
 383 0162 CC       		.byte	-52
 384 0163 FF       		.byte	-1
 385 0164 CE       		.byte	-50
 386 0165 F2       		.byte	-14
 387 0166 00       		.byte	0
 388 0167 01       		.byte	1
 389 0168 02       		.byte	2
 390 0169 0E       		.byte	14
 391 016a 04       		.byte	4
 392 016b C0       		.byte	-64
 393 016c 08       		.byte	8
 394 016d 25       		.byte	37
 395 016e 0C       		.byte	12
 396 016f 04       		.byte	4
 397 0170 0E       		.byte	14
 398 0171 01       		.byte	1
 399 0172 10       		.byte	16
ARM GAS  C:\Users\noyce\AppData\Local\Temp\ccz0HXo4.s 			page 8


 400 0173 B1       		.byte	-79
 401 0174 12       		.byte	18
 402 0175 08       		.byte	8
 403 0176 14       		.byte	20
 404 0177 25       		.byte	37
 405 0178 18       		.byte	24
 406 0179 31       		.byte	49
 407 017a 1A       		.byte	26
 408 017b 02       		.byte	2
 409 017c 1E       		.byte	30
 410 017d 10       		.byte	16
 411 017e 20       		.byte	32
 412 017f 05       		.byte	5
 413 0180 22       		.byte	34
 414 0181 20       		.byte	32
 415 0182 24       		.byte	36
 416 0183 04       		.byte	4
 417 0184 26       		.byte	38
 418 0185 21       		.byte	33
 419 0186 2C       		.byte	44
 420 0187 C0       		.byte	-64
 421 0188 30       		.byte	48
 422 0189 0F       		.byte	15
 423 018a 32       		.byte	50
 424 018b 80       		.byte	-128
 425 018c 34       		.byte	52
 426 018d 40       		.byte	64
 427 018e 36       		.byte	54
 428 018f 30       		.byte	48
 429 0190 38       		.byte	56
 430 0191 28       		.byte	40
 431 0192 3A       		.byte	58
 432 0193 02       		.byte	2
 433 0194 3E       		.byte	62
 434 0195 10       		.byte	16
 435 0196 54       		.byte	84
 436 0197 20       		.byte	32
 437 0198 56       		.byte	86
 438 0199 04       		.byte	4
 439 019a 58       		.byte	88
 440 019b 04       		.byte	4
 441 019c 5B       		.byte	91
 442 019d 04       		.byte	4
 443 019e 5F       		.byte	95
 444 019f 01       		.byte	1
 445 01a0 80       		.byte	-128
 446 01a1 48       		.byte	72
 447 01a2 81       		.byte	-127
 448 01a3 22       		.byte	34
 449 01a4 82       		.byte	-126
 450 01a5 02       		.byte	2
 451 01a6 83       		.byte	-125
 452 01a7 05       		.byte	5
 453 01a8 84       		.byte	-124
 454 01a9 01       		.byte	1
 455 01aa 85       		.byte	-123
 456 01ab 01       		.byte	1
ARM GAS  C:\Users\noyce\AppData\Local\Temp\ccz0HXo4.s 			page 9


 457 01ac 88       		.byte	-120
 458 01ad 90       		.byte	-112
 459 01ae 89       		.byte	-119
 460 01af 01       		.byte	1
 461 01b0 8A       		.byte	-118
 462 01b1 0B       		.byte	11
 463 01b2 8C       		.byte	-116
 464 01b3 42       		.byte	66
 465 01b4 8D       		.byte	-115
 466 01b5 03       		.byte	3
 467 01b6 8E       		.byte	-114
 468 01b7 09       		.byte	9
 469 01b8 90       		.byte	-112
 470 01b9 03       		.byte	3
 471 01ba 91       		.byte	-111
 472 01bb 10       		.byte	16
 473 01bc 92       		.byte	-110
 474 01bd 20       		.byte	32
 475 01be 93       		.byte	-109
 476 01bf 07       		.byte	7
 477 01c0 94       		.byte	-108
 478 01c1 4F       		.byte	79
 479 01c2 95       		.byte	-107
 480 01c3 08       		.byte	8
 481 01c4 97       		.byte	-105
 482 01c5 07       		.byte	7
 483 01c6 99       		.byte	-103
 484 01c7 40       		.byte	64
 485 01c8 9A       		.byte	-102
 486 01c9 01       		.byte	1
 487 01ca 9B       		.byte	-101
 488 01cb 07       		.byte	7
 489 01cc 9C       		.byte	-100
 490 01cd 1F       		.byte	31
 491 01ce 9D       		.byte	-99
 492 01cf 7F       		.byte	127
 493 01d0 A0       		.byte	-96
 494 01d1 03       		.byte	3
 495 01d2 A1       		.byte	-95
 496 01d3 3A       		.byte	58
 497 01d4 A3       		.byte	-93
 498 01d5 04       		.byte	4
 499 01d6 A4       		.byte	-92
 500 01d7 40       		.byte	64
 501 01d8 A5       		.byte	-91
 502 01d9 01       		.byte	1
 503 01da A6       		.byte	-90
 504 01db 14       		.byte	20
 505 01dc A8       		.byte	-88
 506 01dd 01       		.byte	1
 507 01de A9       		.byte	-87
 508 01df 05       		.byte	5
 509 01e0 AB       		.byte	-85
 510 01e1 78       		.byte	120
 511 01e2 AC       		.byte	-84
 512 01e3 40       		.byte	64
 513 01e4 AD       		.byte	-83
ARM GAS  C:\Users\noyce\AppData\Local\Temp\ccz0HXo4.s 			page 10


 514 01e5 03       		.byte	3
 515 01e6 AE       		.byte	-82
 516 01e7 0B       		.byte	11
 517 01e8 B2       		.byte	-78
 518 01e9 1F       		.byte	31
 519 01ea B4       		.byte	-76
 520 01eb E0       		.byte	-32
 521 01ec B5       		.byte	-75
 522 01ed 7F       		.byte	127
 523 01ee B8       		.byte	-72
 524 01ef 20       		.byte	32
 525 01f0 BE       		.byte	-66
 526 01f1 10       		.byte	16
 527 01f2 BF       		.byte	-65
 528 01f3 10       		.byte	16
 529 01f4 D8       		.byte	-40
 530 01f5 04       		.byte	4
 531 01f6 D9       		.byte	-39
 532 01f7 04       		.byte	4
 533 01f8 DF       		.byte	-33
 534 01f9 01       		.byte	1
 535 01fa 00       		.byte	0
 536 01fb 20       		.byte	32
 537 01fc 01       		.byte	1
 538 01fd 02       		.byte	2
 539 01fe 03       		.byte	3
 540 01ff 21       		.byte	33
 541 0200 04       		.byte	4
 542 0201 20       		.byte	32
 543 0202 05       		.byte	5
 544 0203 A0       		.byte	-96
 545 0204 06       		.byte	6
 546 0205 60       		.byte	96
 547 0206 07       		.byte	7
 548 0207 41       		.byte	65
 549 0208 0A       		.byte	10
 550 0209 96       		.byte	-106
 551 020a 0C       		.byte	12
 552 020b A2       		.byte	-94
 553 020c 0E       		.byte	14
 554 020d 10       		.byte	16
 555 020e 11       		.byte	17
 556 020f 80       		.byte	-128
 557 0210 12       		.byte	18
 558 0211 40       		.byte	64
 559 0212 13       		.byte	19
 560 0213 04       		.byte	4
 561 0214 15       		.byte	21
 562 0215 48       		.byte	72
 563 0216 16       		.byte	22
 564 0217 88       		.byte	-120
 565 0218 18       		.byte	24
 566 0219 20       		.byte	32
 567 021a 19       		.byte	25
 568 021b 4A       		.byte	74
 569 021c 1A       		.byte	26
 570 021d 0A       		.byte	10
ARM GAS  C:\Users\noyce\AppData\Local\Temp\ccz0HXo4.s 			page 11


 571 021e 1C       		.byte	28
 572 021f 20       		.byte	32
 573 0220 1E       		.byte	30
 574 0221 24       		.byte	36
 575 0222 1F       		.byte	31
 576 0223 04       		.byte	4
 577 0224 27       		.byte	39
 578 0225 04       		.byte	4
 579 0226 29       		.byte	41
 580 0227 80       		.byte	-128
 581 0228 2B       		.byte	43
 582 0229 01       		.byte	1
 583 022a 2C       		.byte	44
 584 022b 62       		.byte	98
 585 022c 2D       		.byte	45
 586 022d 04       		.byte	4
 587 022e 2E       		.byte	46
 588 022f 10       		.byte	16
 589 0230 2F       		.byte	47
 590 0231 40       		.byte	64
 591 0232 30       		.byte	48
 592 0233 80       		.byte	-128
 593 0234 32       		.byte	50
 594 0235 C0       		.byte	-64
 595 0236 35       		.byte	53
 596 0237 24       		.byte	36
 597 0238 36       		.byte	54
 598 0239 82       		.byte	-126
 599 023a 39       		.byte	57
 600 023b 08       		.byte	8
 601 023c 3B       		.byte	59
 602 023d 08       		.byte	8
 603 023e 3C       		.byte	60
 604 023f 80       		.byte	-128
 605 0240 3E       		.byte	62
 606 0241 A8       		.byte	-88
 607 0242 3F       		.byte	63
 608 0243 02       		.byte	2
 609 0244 4D       		.byte	77
 610 0245 40       		.byte	64
 611 0246 4E       		.byte	78
 612 0247 02       		.byte	2
 613 0248 59       		.byte	89
 614 0249 42       		.byte	66
 615 024a 5B       		.byte	91
 616 024b 18       		.byte	24
 617 024c 60       		.byte	96
 618 024d 80       		.byte	-128
 619 024e 61       		.byte	97
 620 024f 90       		.byte	-112
 621 0250 80       		.byte	-128
 622 0251 80       		.byte	-128
 623 0252 84       		.byte	-124
 624 0253 10       		.byte	16
 625 0254 87       		.byte	-121
 626 0255 40       		.byte	64
 627 0256 90       		.byte	-112
ARM GAS  C:\Users\noyce\AppData\Local\Temp\ccz0HXo4.s 			page 12


 628 0257 04       		.byte	4
 629 0258 92       		.byte	-110
 630 0259 11       		.byte	17
 631 025a 95       		.byte	-107
 632 025b 40       		.byte	64
 633 025c 96       		.byte	-106
 634 025d 4C       		.byte	76
 635 025e 97       		.byte	-105
 636 025f 28       		.byte	40
 637 0260 98       		.byte	-104
 638 0261 10       		.byte	16
 639 0262 99       		.byte	-103
 640 0263 10       		.byte	16
 641 0264 9B       		.byte	-101
 642 0265 51       		.byte	81
 643 0266 9C       		.byte	-100
 644 0267 40       		.byte	64
 645 0268 9D       		.byte	-99
 646 0269 08       		.byte	8
 647 026a 9E       		.byte	-98
 648 026b 82       		.byte	-126
 649 026c 9F       		.byte	-97
 650 026d 04       		.byte	4
 651 026e A0       		.byte	-96
 652 026f 42       		.byte	66
 653 0270 A1       		.byte	-95
 654 0271 C0       		.byte	-64
 655 0272 A2       		.byte	-94
 656 0273 88       		.byte	-120
 657 0274 A3       		.byte	-93
 658 0275 22       		.byte	34
 659 0276 A4       		.byte	-92
 660 0277 10       		.byte	16
 661 0278 A5       		.byte	-91
 662 0279 01       		.byte	1
 663 027a A6       		.byte	-90
 664 027b 02       		.byte	2
 665 027c A7       		.byte	-89
 666 027d 08       		.byte	8
 667 027e B1       		.byte	-79
 668 027f 10       		.byte	16
 669 0280 B2       		.byte	-78
 670 0281 80       		.byte	-128
 671 0282 B4       		.byte	-76
 672 0283 10       		.byte	16
 673 0284 B7       		.byte	-73
 674 0285 40       		.byte	64
 675 0286 C0       		.byte	-64
 676 0287 FF       		.byte	-1
 677 0288 C2       		.byte	-62
 678 0289 FF       		.byte	-1
 679 028a C4       		.byte	-60
 680 028b FD       		.byte	-3
 681 028c CA       		.byte	-54
 682 028d F0       		.byte	-16
 683 028e CC       		.byte	-52
 684 028f F0       		.byte	-16
ARM GAS  C:\Users\noyce\AppData\Local\Temp\ccz0HXo4.s 			page 13


 685 0290 CE       		.byte	-50
 686 0291 F0       		.byte	-16
 687 0292 D6       		.byte	-42
 688 0293 0F       		.byte	15
 689 0294 D8       		.byte	-40
 690 0295 0D       		.byte	13
 691 0296 00       		.byte	0
 692 0297 06       		.byte	6
 693 0298 04       		.byte	4
 694 0299 01       		.byte	1
 695 029a 05       		.byte	5
 696 029b 10       		.byte	16
 697 029c 06       		.byte	6
 698 029d 1E       		.byte	30
 699 029e 07       		.byte	7
 700 029f 01       		.byte	1
 701 02a0 0A       		.byte	10
 702 02a1 40       		.byte	64
 703 02a2 0B       		.byte	11
 704 02a3 01       		.byte	1
 705 02a4 0C       		.byte	12
 706 02a5 22       		.byte	34
 707 02a6 10       		.byte	16
 708 02a7 01       		.byte	1
 709 02a8 14       		.byte	20
 710 02a9 9C       		.byte	-100
 711 02aa 16       		.byte	22
 712 02ab 22       		.byte	34
 713 02ac 17       		.byte	23
 714 02ad 03       		.byte	3
 715 02ae 18       		.byte	24
 716 02af AA       		.byte	-86
 717 02b0 1A       		.byte	26
 718 02b1 10       		.byte	16
 719 02b2 1B       		.byte	27
 720 02b3 01       		.byte	1
 721 02b4 1C       		.byte	28
 722 02b5 98       		.byte	-104
 723 02b6 1D       		.byte	29
 724 02b7 10       		.byte	16
 725 02b8 1E       		.byte	30
 726 02b9 06       		.byte	6
 727 02ba 1F       		.byte	31
 728 02bb 02       		.byte	2
 729 02bc 20       		.byte	32
 730 02bd A2       		.byte	-94
 731 02be 22       		.byte	34
 732 02bf 18       		.byte	24
 733 02c0 24       		.byte	36
 734 02c1 04       		.byte	4
 735 02c2 27       		.byte	39
 736 02c3 04       		.byte	4
 737 02c4 28       		.byte	40
 738 02c5 3F       		.byte	63
 739 02c6 29       		.byte	41
 740 02c7 08       		.byte	8
 741 02c8 2C       		.byte	44
ARM GAS  C:\Users\noyce\AppData\Local\Temp\ccz0HXo4.s 			page 14


 742 02c9 B2       		.byte	-78
 743 02ca 2E       		.byte	46
 744 02cb 08       		.byte	8
 745 02cc 30       		.byte	48
 746 02cd 1F       		.byte	31
 747 02ce 32       		.byte	50
 748 02cf 60       		.byte	96
 749 02d0 33       		.byte	51
 750 02d1 07       		.byte	7
 751 02d2 35       		.byte	53
 752 02d3 10       		.byte	16
 753 02d4 36       		.byte	54
 754 02d5 80       		.byte	-128
 755 02d6 37       		.byte	55
 756 02d7 08       		.byte	8
 757 02d8 38       		.byte	56
 758 02d9 82       		.byte	-126
 759 02da 39       		.byte	57
 760 02db 20       		.byte	32
 761 02dc 3B       		.byte	59
 762 02dd 08       		.byte	8
 763 02de 3E       		.byte	62
 764 02df 40       		.byte	64
 765 02e0 40       		.byte	64
 766 02e1 64       		.byte	100
 767 02e2 46       		.byte	70
 768 02e3 52       		.byte	82
 769 02e4 48       		.byte	72
 770 02e5 0C       		.byte	12
 771 02e6 49       		.byte	73
 772 02e7 FF       		.byte	-1
 773 02e8 4A       		.byte	74
 774 02e9 FF       		.byte	-1
 775 02ea 4B       		.byte	75
 776 02eb FF       		.byte	-1
 777 02ec 4C       		.byte	76
 778 02ed 42       		.byte	66
 779 02ee 4D       		.byte	77
 780 02ef A0       		.byte	-96
 781 02f0 4E       		.byte	78
 782 02f1 70       		.byte	112
 783 02f2 50       		.byte	80
 784 02f3 08       		.byte	8
 785 02f4 51       		.byte	81
 786 02f5 10       		.byte	16
 787 02f6 58       		.byte	88
 788 02f7 04       		.byte	4
 789 02f8 59       		.byte	89
 790 02f9 04       		.byte	4
 791 02fa 5A       		.byte	90
 792 02fb 04       		.byte	4
 793 02fc 5F       		.byte	95
 794 02fd 01       		.byte	1
 795 02fe 61       		.byte	97
 796 02ff 48       		.byte	72
 797 0300 62       		.byte	98
 798 0301 40       		.byte	64
ARM GAS  C:\Users\noyce\AppData\Local\Temp\ccz0HXo4.s 			page 15


 799 0302 63       		.byte	99
 800 0303 48       		.byte	72
 801 0304 64       		.byte	100
 802 0305 80       		.byte	-128
 803 0306 65       		.byte	101
 804 0307 48       		.byte	72
 805 0308 66       		.byte	102
 806 0309 80       		.byte	-128
 807 030a 67       		.byte	103
 808 030b 48       		.byte	72
 809 030c 83       		.byte	-125
 810 030d 02       		.byte	2
 811 030e 84       		.byte	-124
 812 030f 01       		.byte	1
 813 0310 88       		.byte	-120
 814 0311 02       		.byte	2
 815 0312 8A       		.byte	-118
 816 0313 04       		.byte	4
 817 0314 8C       		.byte	-116
 818 0315 08       		.byte	8
 819 0316 92       		.byte	-110
 820 0317 08       		.byte	8
 821 0318 93       		.byte	-109
 822 0319 01       		.byte	1
 823 031a 94       		.byte	-108
 824 031b 02       		.byte	2
 825 031c 96       		.byte	-106
 826 031d 04       		.byte	4
 827 031e 9A       		.byte	-102
 828 031f 18       		.byte	24
 829 0320 A6       		.byte	-90
 830 0321 08       		.byte	8
 831 0322 AA       		.byte	-86
 832 0323 08       		.byte	8
 833 0324 AC       		.byte	-84
 834 0325 01       		.byte	1
 835 0326 B0       		.byte	-80
 836 0327 10       		.byte	16
 837 0328 B1       		.byte	-79
 838 0329 02       		.byte	2
 839 032a B4       		.byte	-76
 840 032b 08       		.byte	8
 841 032c B5       		.byte	-75
 842 032d 01       		.byte	1
 843 032e B6       		.byte	-74
 844 032f 07       		.byte	7
 845 0330 B8       		.byte	-72
 846 0331 80       		.byte	-128
 847 0332 BE       		.byte	-66
 848 0333 50       		.byte	80
 849 0334 C0       		.byte	-64
 850 0335 25       		.byte	37
 851 0336 C4       		.byte	-60
 852 0337 04       		.byte	4
 853 0338 C7       		.byte	-57
 854 0339 DB       		.byte	-37
 855 033a C8       		.byte	-56
ARM GAS  C:\Users\noyce\AppData\Local\Temp\ccz0HXo4.s 			page 16


 856 033b 30       		.byte	48
 857 033c C9       		.byte	-55
 858 033d FF       		.byte	-1
 859 033e CA       		.byte	-54
 860 033f 7F       		.byte	127
 861 0340 CB       		.byte	-53
 862 0341 FF       		.byte	-1
 863 0342 CC       		.byte	-52
 864 0343 42       		.byte	66
 865 0344 CD       		.byte	-51
 866 0345 A0       		.byte	-96
 867 0346 CE       		.byte	-50
 868 0347 70       		.byte	112
 869 0348 D0       		.byte	-48
 870 0349 0C       		.byte	12
 871 034a D8       		.byte	-40
 872 034b 04       		.byte	4
 873 034c D9       		.byte	-39
 874 034d 04       		.byte	4
 875 034e DA       		.byte	-38
 876 034f 04       		.byte	4
 877 0350 DF       		.byte	-33
 878 0351 01       		.byte	1
 879 0352 E1       		.byte	-31
 880 0353 09       		.byte	9
 881 0354 E2       		.byte	-30
 882 0355 40       		.byte	64
 883 0356 E3       		.byte	-29
 884 0357 09       		.byte	9
 885 0358 E4       		.byte	-28
 886 0359 30       		.byte	48
 887 035a E5       		.byte	-27
 888 035b 09       		.byte	9
 889 035c 00       		.byte	0
 890 035d 20       		.byte	32
 891 035e 03       		.byte	3
 892 035f 22       		.byte	34
 893 0360 04       		.byte	4
 894 0361 08       		.byte	8
 895 0362 06       		.byte	6
 896 0363 82       		.byte	-126
 897 0364 07       		.byte	7
 898 0365 04       		.byte	4
 899 0366 09       		.byte	9
 900 0367 28       		.byte	40
 901 0368 0A       		.byte	10
 902 0369 40       		.byte	64
 903 036a 0C       		.byte	12
 904 036b 40       		.byte	64
 905 036c 0E       		.byte	14
 906 036d 98       		.byte	-104
 907 036e 10       		.byte	16
 908 036f 10       		.byte	16
 909 0370 11       		.byte	17
 910 0371 80       		.byte	-128
 911 0372 12       		.byte	18
 912 0373 08       		.byte	8
ARM GAS  C:\Users\noyce\AppData\Local\Temp\ccz0HXo4.s 			page 17


 913 0374 13       		.byte	19
 914 0375 08       		.byte	8
 915 0376 15       		.byte	21
 916 0377 58       		.byte	88
 917 0378 17       		.byte	23
 918 0379 01       		.byte	1
 919 037a 19       		.byte	25
 920 037b 90       		.byte	-112
 921 037c 1B       		.byte	27
 922 037d 02       		.byte	2
 923 037e 1D       		.byte	29
 924 037f 88       		.byte	-120
 925 0380 1E       		.byte	30
 926 0381 B0       		.byte	-80
 927 0382 20       		.byte	32
 928 0383 44       		.byte	68
 929 0384 21       		.byte	33
 930 0385 20       		.byte	32
 931 0386 22       		.byte	34
 932 0387 01       		.byte	1
 933 0388 24       		.byte	36
 934 0389 18       		.byte	24
 935 038a 25       		.byte	37
 936 038b 04       		.byte	4
 937 038c 26       		.byte	38
 938 038d 84       		.byte	-124
 939 038e 2F       		.byte	47
 940 038f 18       		.byte	24
 941 0390 32       		.byte	50
 942 0391 01       		.byte	1
 943 0392 36       		.byte	54
 944 0393 94       		.byte	-108
 945 0394 39       		.byte	57
 946 0395 02       		.byte	2
 947 0396 3C       		.byte	60
 948 0397 20       		.byte	32
 949 0398 3D       		.byte	61
 950 0399 04       		.byte	4
 951 039a 40       		.byte	64
 952 039b 40       		.byte	64
 953 039c 41       		.byte	65
 954 039d 10       		.byte	16
 955 039e 42       		.byte	66
 956 039f 04       		.byte	4
 957 03a0 45       		.byte	69
 958 03a1 02       		.byte	2
 959 03a2 49       		.byte	73
 960 03a3 80       		.byte	-128
 961 03a4 4E       		.byte	78
 962 03a5 04       		.byte	4
 963 03a6 50       		.byte	80
 964 03a7 02       		.byte	2
 965 03a8 51       		.byte	81
 966 03a9 04       		.byte	4
 967 03aa 55       		.byte	85
 968 03ab 40       		.byte	64
 969 03ac 57       		.byte	87
ARM GAS  C:\Users\noyce\AppData\Local\Temp\ccz0HXo4.s 			page 18


 970 03ad 10       		.byte	16
 971 03ae 8A       		.byte	-118
 972 03af 40       		.byte	64
 973 03b0 91       		.byte	-111
 974 03b1 06       		.byte	6
 975 03b2 92       		.byte	-110
 976 03b3 01       		.byte	1
 977 03b4 94       		.byte	-108
 978 03b5 10       		.byte	16
 979 03b6 95       		.byte	-107
 980 03b7 20       		.byte	32
 981 03b8 96       		.byte	-106
 982 03b9 40       		.byte	64
 983 03ba 97       		.byte	-105
 984 03bb 08       		.byte	8
 985 03bc 9B       		.byte	-101
 986 03bd 19       		.byte	25
 987 03be 9D       		.byte	-99
 988 03bf 08       		.byte	8
 989 03c0 A0       		.byte	-96
 990 03c1 40       		.byte	64
 991 03c2 A1       		.byte	-95
 992 03c3 02       		.byte	2
 993 03c4 A2       		.byte	-94
 994 03c5 08       		.byte	8
 995 03c6 A3       		.byte	-93
 996 03c7 20       		.byte	32
 997 03c8 A4       		.byte	-92
 998 03c9 02       		.byte	2
 999 03ca A5       		.byte	-91
 1000 03cb 0D       		.byte	13
 1001 03cc A6       		.byte	-90
 1002 03cd 82       		.byte	-126
 1003 03ce A7       		.byte	-89
 1004 03cf 10       		.byte	16
 1005 03d0 AF       		.byte	-81
 1006 03d1 08       		.byte	8
 1007 03d2 B1       		.byte	-79
 1008 03d3 01       		.byte	1
 1009 03d4 B3       		.byte	-77
 1010 03d5 10       		.byte	16
 1011 03d6 B4       		.byte	-76
 1012 03d7 08       		.byte	8
 1013 03d8 C0       		.byte	-64
 1014 03d9 F7       		.byte	-9
 1015 03da C2       		.byte	-62
 1016 03db FE       		.byte	-2
 1017 03dc C4       		.byte	-60
 1018 03dd F7       		.byte	-9
 1019 03de CA       		.byte	-54
 1020 03df 60       		.byte	96
 1021 03e0 CC       		.byte	-52
 1022 03e1 71       		.byte	113
 1023 03e2 CE       		.byte	-50
 1024 03e3 61       		.byte	97
 1025 03e4 D0       		.byte	-48
 1026 03e5 85       		.byte	-123
ARM GAS  C:\Users\noyce\AppData\Local\Temp\ccz0HXo4.s 			page 19


 1027 03e6 D2       		.byte	-46
 1028 03e7 28       		.byte	40
 1029 03e8 EC       		.byte	-20
 1030 03e9 02       		.byte	2
 1031 03ea 04       		.byte	4
 1032 03eb 0F       		.byte	15
 1033 03ec 09       		.byte	9
 1034 03ed 10       		.byte	16
 1035 03ee 0A       		.byte	10
 1036 03ef 0F       		.byte	15
 1037 03f0 0C       		.byte	12
 1038 03f1 60       		.byte	96
 1039 03f2 0E       		.byte	14
 1040 03f3 18       		.byte	24
 1041 03f4 0F       		.byte	15
 1042 03f5 08       		.byte	8
 1043 03f6 12       		.byte	18
 1044 03f7 0F       		.byte	15
 1045 03f8 13       		.byte	19
 1046 03f9 10       		.byte	16
 1047 03fa 14       		.byte	20
 1048 03fb 70       		.byte	112
 1049 03fc 15       		.byte	21
 1050 03fd 01       		.byte	1
 1051 03fe 16       		.byte	22
 1052 03ff 01       		.byte	1
 1053 0400 17       		.byte	23
 1054 0401 06       		.byte	6
 1055 0402 18       		.byte	24
 1056 0403 70       		.byte	112
 1057 0404 1A       		.byte	26
 1058 0405 02       		.byte	2
 1059 0406 1C       		.byte	28
 1060 0407 10       		.byte	16
 1061 0408 1D       		.byte	29
 1062 0409 10       		.byte	16
 1063 040a 1E       		.byte	30
 1064 040b E0       		.byte	-32
 1065 040c 20       		.byte	32
 1066 040d 10       		.byte	16
 1067 040e 22       		.byte	34
 1068 040f 80       		.byte	-128
 1069 0410 24       		.byte	36
 1070 0411 30       		.byte	48
 1071 0412 26       		.byte	38
 1072 0413 44       		.byte	68
 1073 0414 28       		.byte	40
 1074 0415 0F       		.byte	15
 1075 0416 29       		.byte	41
 1076 0417 01       		.byte	1
 1077 0418 2B       		.byte	43
 1078 0419 02       		.byte	2
 1079 041a 2C       		.byte	44
 1080 041b 20       		.byte	32
 1081 041c 2E       		.byte	46
 1082 041d 58       		.byte	88
 1083 041e 31       		.byte	49
ARM GAS  C:\Users\noyce\AppData\Local\Temp\ccz0HXo4.s 			page 20


 1084 041f 10       		.byte	16
 1085 0420 33       		.byte	51
 1086 0421 04       		.byte	4
 1087 0422 34       		.byte	52
 1088 0423 0F       		.byte	15
 1089 0424 35       		.byte	53
 1090 0425 08       		.byte	8
 1091 0426 36       		.byte	54
 1092 0427 F0       		.byte	-16
 1093 0428 37       		.byte	55
 1094 0429 03       		.byte	3
 1095 042a 3A       		.byte	58
 1096 042b 80       		.byte	-128
 1097 042c 3E       		.byte	62
 1098 042d 10       		.byte	16
 1099 042e 58       		.byte	88
 1100 042f 04       		.byte	4
 1101 0430 59       		.byte	89
 1102 0431 04       		.byte	4
 1103 0432 5F       		.byte	95
 1104 0433 01       		.byte	1
 1105 0434 82       		.byte	-126
 1106 0435 20       		.byte	32
 1107 0436 83       		.byte	-125
 1108 0437 80       		.byte	-128
 1109 0438 84       		.byte	-124
 1110 0439 40       		.byte	64
 1111 043a 85       		.byte	-123
 1112 043b 40       		.byte	64
 1113 043c 86       		.byte	-122
 1114 043d 18       		.byte	24
 1115 043e 87       		.byte	-121
 1116 043f 2B       		.byte	43
 1117 0440 88       		.byte	-120
 1118 0441 40       		.byte	64
 1119 0442 89       		.byte	-119
 1120 0443 03       		.byte	3
 1121 0444 8A       		.byte	-118
 1122 0445 14       		.byte	20
 1123 0446 8B       		.byte	-117
 1124 0447 10       		.byte	16
 1125 0448 8D       		.byte	-115
 1126 0449 0B       		.byte	11
 1127 044a 8F       		.byte	-113
 1128 044b 10       		.byte	16
 1129 044c 91       		.byte	-111
 1130 044d 28       		.byte	40
 1131 044e 92       		.byte	-110
 1132 044f 40       		.byte	64
 1133 0450 93       		.byte	-109
 1134 0451 53       		.byte	83
 1135 0452 94       		.byte	-108
 1136 0453 0F       		.byte	15
 1137 0454 95       		.byte	-107
 1138 0455 30       		.byte	48
 1139 0456 97       		.byte	-105
 1140 0457 03       		.byte	3
ARM GAS  C:\Users\noyce\AppData\Local\Temp\ccz0HXo4.s 			page 21


 1141 0458 98       		.byte	-104
 1142 0459 50       		.byte	80
 1143 045a 99       		.byte	-103
 1144 045b 01       		.byte	1
 1145 045c 9A       		.byte	-102
 1146 045d 02       		.byte	2
 1147 045e 9B       		.byte	-101
 1148 045f 06       		.byte	6
 1149 0460 9C       		.byte	-100
 1150 0461 3F       		.byte	63
 1151 0462 9D       		.byte	-99
 1152 0463 79       		.byte	121
 1153 0464 9F       		.byte	-97
 1154 0465 04       		.byte	4
 1155 0466 A0       		.byte	-96
 1156 0467 40       		.byte	64
 1157 0468 A2       		.byte	-94
 1158 0469 08       		.byte	8
 1159 046a A4       		.byte	-92
 1160 046b 04       		.byte	4
 1161 046c A5       		.byte	-91
 1162 046d 02       		.byte	2
 1163 046e A6       		.byte	-90
 1164 046f 08       		.byte	8
 1165 0470 A7       		.byte	-89
 1166 0471 01       		.byte	1
 1167 0472 A8       		.byte	-88
 1168 0473 50       		.byte	80
 1169 0474 A9       		.byte	-87
 1170 0475 08       		.byte	8
 1171 0476 AA       		.byte	-86
 1172 0477 01       		.byte	1
 1173 0478 AB       		.byte	-85
 1174 0479 23       		.byte	35
 1175 047a AC       		.byte	-84
 1176 047b 80       		.byte	-128
 1177 047c AD       		.byte	-83
 1178 047d 08       		.byte	8
 1179 047e AF       		.byte	-81
 1180 047f 10       		.byte	16
 1181 0480 B0       		.byte	-80
 1182 0481 C0       		.byte	-64
 1183 0482 B2       		.byte	-78
 1184 0483 3F       		.byte	63
 1185 0484 B3       		.byte	-77
 1186 0485 07       		.byte	7
 1187 0486 B7       		.byte	-73
 1188 0487 F8       		.byte	-8
 1189 0488 B8       		.byte	-72
 1190 0489 0A       		.byte	10
 1191 048a BB       		.byte	-69
 1192 048b 08       		.byte	8
 1193 048c BE       		.byte	-66
 1194 048d 01       		.byte	1
 1195 048e D8       		.byte	-40
 1196 048f 04       		.byte	4
 1197 0490 D9       		.byte	-39
ARM GAS  C:\Users\noyce\AppData\Local\Temp\ccz0HXo4.s 			page 22


 1198 0491 04       		.byte	4
 1199 0492 DF       		.byte	-33
 1200 0493 01       		.byte	1
 1201 0494 00       		.byte	0
 1202 0495 20       		.byte	32
 1203 0496 01       		.byte	1
 1204 0497 4C       		.byte	76
 1205 0498 02       		.byte	2
 1206 0499 02       		.byte	2
 1207 049a 04       		.byte	4
 1208 049b 10       		.byte	16
 1209 049c 05       		.byte	5
 1210 049d 02       		.byte	2
 1211 049e 06       		.byte	6
 1212 049f 10       		.byte	16
 1213 04a0 08       		.byte	8
 1214 04a1 08       		.byte	8
 1215 04a2 09       		.byte	9
 1216 04a3 08       		.byte	8
 1217 04a4 0A       		.byte	10
 1218 04a5 41       		.byte	65
 1219 04a6 0B       		.byte	11
 1220 04a7 4C       		.byte	76
 1221 04a8 0C       		.byte	12
 1222 04a9 42       		.byte	66
 1223 04aa 0F       		.byte	15
 1224 04ab 24       		.byte	36
 1225 04ac 11       		.byte	17
 1226 04ad 88       		.byte	-120
 1227 04ae 12       		.byte	18
 1228 04af 88       		.byte	-120
 1229 04b0 14       		.byte	20
 1230 04b1 08       		.byte	8
 1231 04b2 15       		.byte	21
 1232 04b3 84       		.byte	-124
 1233 04b4 17       		.byte	23
 1234 04b5 01       		.byte	1
 1235 04b6 1A       		.byte	26
 1236 04b7 01       		.byte	1
 1237 04b8 1B       		.byte	27
 1238 04b9 20       		.byte	32
 1239 04ba 1C       		.byte	28
 1240 04bb 20       		.byte	32
 1241 04bc 1D       		.byte	29
 1242 04bd 02       		.byte	2
 1243 04be 1F       		.byte	31
 1244 04bf 08       		.byte	8
 1245 04c0 20       		.byte	32
 1246 04c1 80       		.byte	-128
 1247 04c2 21       		.byte	33
 1248 04c3 40       		.byte	64
 1249 04c4 22       		.byte	34
 1250 04c5 09       		.byte	9
 1251 04c6 23       		.byte	35
 1252 04c7 08       		.byte	8
 1253 04c8 25       		.byte	37
 1254 04c9 40       		.byte	64
ARM GAS  C:\Users\noyce\AppData\Local\Temp\ccz0HXo4.s 			page 23


 1255 04ca 27       		.byte	39
 1256 04cb 11       		.byte	17
 1257 04cc 2B       		.byte	43
 1258 04cd 08       		.byte	8
 1259 04ce 2C       		.byte	44
 1260 04cf 02       		.byte	2
 1261 04d0 2F       		.byte	47
 1262 04d1 14       		.byte	20
 1263 04d2 30       		.byte	48
 1264 04d3 08       		.byte	8
 1265 04d4 32       		.byte	50
 1266 04d5 81       		.byte	-127
 1267 04d6 34       		.byte	52
 1268 04d7 48       		.byte	72
 1269 04d8 36       		.byte	54
 1270 04d9 80       		.byte	-128
 1271 04da 37       		.byte	55
 1272 04db 11       		.byte	17
 1273 04dc 39       		.byte	57
 1274 04dd 20       		.byte	32
 1275 04de 3B       		.byte	59
 1276 04df 40       		.byte	64
 1277 04e0 3C       		.byte	60
 1278 04e1 10       		.byte	16
 1279 04e2 3D       		.byte	61
 1280 04e3 46       		.byte	70
 1281 04e4 89       		.byte	-119
 1282 04e5 02       		.byte	2
 1283 04e6 8A       		.byte	-118
 1284 04e7 12       		.byte	18
 1285 04e8 8B       		.byte	-117
 1286 04e9 20       		.byte	32
 1287 04ea C0       		.byte	-64
 1288 04eb 77       		.byte	119
 1289 04ec C2       		.byte	-62
 1290 04ed FF       		.byte	-1
 1291 04ee C4       		.byte	-60
 1292 04ef FF       		.byte	-1
 1293 04f0 CA       		.byte	-54
 1294 04f1 74       		.byte	116
 1295 04f2 CC       		.byte	-52
 1296 04f3 FB       		.byte	-5
 1297 04f4 CE       		.byte	-50
 1298 04f5 FC       		.byte	-4
 1299 04f6 B0       		.byte	-80
 1300 04f7 20       		.byte	32
 1301 04f8 B2       		.byte	-78
 1302 04f9 02       		.byte	2
 1303 04fa B3       		.byte	-77
 1304 04fb 04       		.byte	4
 1305 04fc B5       		.byte	-75
 1306 04fd 04       		.byte	4
 1307 04fe B7       		.byte	-73
 1308 04ff 40       		.byte	64
 1309 0500 32       		.byte	50
 1310 0501 40       		.byte	64
 1311 0502 CC       		.byte	-52
ARM GAS  C:\Users\noyce\AppData\Local\Temp\ccz0HXo4.s 			page 24


 1312 0503 10       		.byte	16
 1313 0504 96       		.byte	-106
 1314 0505 80       		.byte	-128
 1315 0506 82       		.byte	-126
 1316 0507 40       		.byte	64
 1317 0508 96       		.byte	-106
 1318 0509 80       		.byte	-128
 1319 050a E6       		.byte	-26
 1320 050b 80       		.byte	-128
 1321 050c 10       		.byte	16
 1322 050d 20       		.byte	32
 1323 050e 14       		.byte	20
 1324 050f 10       		.byte	16
 1325 0510 73       		.byte	115
 1326 0511 40       		.byte	64
 1327 0512 74       		.byte	116
 1328 0513 04       		.byte	4
 1329 0514 C4       		.byte	-60
 1330 0515 0C       		.byte	12
 1331 0516 DC       		.byte	-36
 1332 0517 01       		.byte	1
 1333 0518 DE       		.byte	-34
 1334 0519 04       		.byte	4
 1335 051a 8B       		.byte	-117
 1336 051b 40       		.byte	64
 1337 051c 97       		.byte	-105
 1338 051d 40       		.byte	64
 1339 051e AC       		.byte	-84
 1340 051f 04       		.byte	4
 1341 0520 B0       		.byte	-80
 1342 0521 10       		.byte	16
 1343 0522 B4       		.byte	-76
 1344 0523 20       		.byte	32
 1345 0524 E0       		.byte	-32
 1346 0525 04       		.byte	4
 1347 0526 EA       		.byte	-22
 1348 0527 04       		.byte	4
 1349 0528 EE       		.byte	-18
 1350 0529 08       		.byte	8
 1351 052a 00       		.byte	0
 1352 052b 01       		.byte	1
 1353 052c 01       		.byte	1
 1354 052d 01       		.byte	1
 1355 052e 0C       		.byte	12
 1356 052f 01       		.byte	1
 1357 0530 0E       		.byte	14
 1358 0531 01       		.byte	1
 1359 0532 0F       		.byte	15
 1360 0533 01       		.byte	1
 1361 0534 00       		.byte	0
 1362 0535 03       		.byte	3
 1363 0536 00       		.byte	0
 1364 0537 00       		.byte	0
 1365 0538 30       		.byte	48
 1366 0539 00       		.byte	0
 1367 053a 00       		.byte	0
 1368 053b 00       		.byte	0
ARM GAS  C:\Users\noyce\AppData\Local\Temp\ccz0HXo4.s 			page 25


 1369 053c 30       		.byte	48
 1370 053d 00       		.byte	0
 1371 053e 30       		.byte	48
 1372 053f 00       		.byte	0
 1373 0540 00       		.byte	0
 1374 0541 00       		.byte	0
 1375 0542 00       		.byte	0
 1376 0543 00       		.byte	0
 1377 0544 00       		.byte	0
 1378 0545 0B       		.byte	11
 1379 0546 0B       		.byte	11
 1380 0547 00       		.byte	0
 1381 0548 00       		.byte	0
 1382 0549 00       		.byte	0
 1383 054a 00       		.byte	0
 1384 054b 00       		.byte	0
 1385              		.section	.cywolatch,"a",%progbits
 1386              		.align	2
 1387              		.type	cy_meta_wonvl, %object
 1388              		.size	cy_meta_wonvl, 4
 1389              	cy_meta_wonvl:
 1390 0000 BC       		.byte	-68
 1391 0001 90       		.byte	-112
 1392 0002 AC       		.byte	-84
 1393 0003 AF       		.byte	-81
 1394              		.section	.cycustnvl,"a",%progbits
 1395              		.align	2
 1396              		.type	cy_meta_custnvl, %object
 1397              		.size	cy_meta_custnvl, 4
 1398              	cy_meta_custnvl:
 1399 0000 00       		.byte	0
 1400 0001 00       		.byte	0
 1401 0002 40       		.byte	64
 1402 0003 05       		.byte	5
 1403              		.section	.cymeta,"a",%progbits
 1404              		.align	2
 1405              		.type	cy_metadata, %object
 1406              		.size	cy_metadata, 12
 1407              	cy_metadata:
 1408 0000 00       		.byte	0
 1409 0001 01       		.byte	1
 1410 0002 2E       		.byte	46
 1411 0003 12       		.byte	18
 1412 0004 00       		.byte	0
 1413 0005 69       		.byte	105
 1414 0006 00       		.byte	0
 1415 0007 01       		.byte	1
 1416 0008 00       		.byte	0
 1417 0009 00       		.byte	0
 1418 000a 00       		.byte	0
 1419 000b 00       		.byte	0
 1420              		.section	.cyflashprotect,"a",%progbits
 1421              		.align	2
 1422              		.type	cy_meta_flashprotect, %object
 1423              		.size	cy_meta_flashprotect, 256
 1424              	cy_meta_flashprotect:
 1425 0000 00000000 		.space	256
ARM GAS  C:\Users\noyce\AppData\Local\Temp\ccz0HXo4.s 			page 26


 1425      00000000 
 1425      00000000 
 1425      00000000 
 1425      00000000 
 1426              		.text
 1427              	.Letext0:
 1428              		.file 1 "c:\\program files (x86)\\cypress\\psoc creator\\4.1\\psoc creator\\import\\gnu\\arm\\5.4.
 1429              		.file 2 "c:\\program files (x86)\\cypress\\psoc creator\\4.1\\psoc creator\\import\\gnu\\arm\\5.4.
 1430              		.file 3 "Generated_Source\\PSoC5\\cymetadata.c"
 1431              		.section	.debug_info,"",%progbits
 1432              	.Ldebug_info0:
 1433 0000 32010000 		.4byte	0x132
 1434 0004 0400     		.2byte	0x4
 1435 0006 00000000 		.4byte	.Ldebug_abbrev0
 1436 000a 04       		.byte	0x4
 1437 000b 01       		.uleb128 0x1
 1438 000c 84000000 		.4byte	.LASF17
 1439 0010 0C       		.byte	0xc
 1440 0011 DE010000 		.4byte	.LASF18
 1441 0015 16000000 		.4byte	.LASF19
 1442 0019 00000000 		.4byte	.Ldebug_line0
 1443 001d 02       		.uleb128 0x2
 1444 001e 01       		.byte	0x1
 1445 001f 06       		.byte	0x6
 1446 0020 D2010000 		.4byte	.LASF0
 1447 0024 03       		.uleb128 0x3
 1448 0025 00000000 		.4byte	.LASF9
 1449 0029 01       		.byte	0x1
 1450 002a 1D       		.byte	0x1d
 1451 002b 2F000000 		.4byte	0x2f
 1452 002f 02       		.uleb128 0x2
 1453 0030 01       		.byte	0x1
 1454 0031 08       		.byte	0x8
 1455 0032 76000000 		.4byte	.LASF1
 1456 0036 02       		.uleb128 0x2
 1457 0037 02       		.byte	0x2
 1458 0038 05       		.byte	0x5
 1459 0039 BF010000 		.4byte	.LASF2
 1460 003d 02       		.uleb128 0x2
 1461 003e 02       		.byte	0x2
 1462 003f 07       		.byte	0x7
 1463 0040 24010000 		.4byte	.LASF3
 1464 0044 02       		.uleb128 0x2
 1465 0045 04       		.byte	0x4
 1466 0046 05       		.byte	0x5
 1467 0047 C9010000 		.4byte	.LASF4
 1468 004b 02       		.uleb128 0x2
 1469 004c 04       		.byte	0x4
 1470 004d 07       		.byte	0x7
 1471 004e 12010000 		.4byte	.LASF5
 1472 0052 02       		.uleb128 0x2
 1473 0053 08       		.byte	0x8
 1474 0054 05       		.byte	0x5
 1475 0055 B1010000 		.4byte	.LASF6
 1476 0059 02       		.uleb128 0x2
 1477 005a 08       		.byte	0x8
 1478 005b 07       		.byte	0x7
ARM GAS  C:\Users\noyce\AppData\Local\Temp\ccz0HXo4.s 			page 27


 1479 005c 66010000 		.4byte	.LASF7
 1480 0060 04       		.uleb128 0x4
 1481 0061 04       		.byte	0x4
 1482 0062 05       		.byte	0x5
 1483 0063 696E7400 		.ascii	"int\000"
 1484 0067 02       		.uleb128 0x2
 1485 0068 04       		.byte	0x4
 1486 0069 07       		.byte	0x7
 1487 006a 59010000 		.4byte	.LASF8
 1488 006e 03       		.uleb128 0x3
 1489 006f 7D010000 		.4byte	.LASF10
 1490 0073 02       		.byte	0x2
 1491 0074 18       		.byte	0x18
 1492 0075 24000000 		.4byte	0x24
 1493 0079 05       		.uleb128 0x5
 1494 007a 91000000 		.4byte	0x91
 1495 007e 8A000000 		.4byte	0x8a
 1496 0082 06       		.uleb128 0x6
 1497 0083 8A000000 		.4byte	0x8a
 1498 0087 4B05     		.2byte	0x54b
 1499 0089 00       		.byte	0
 1500 008a 02       		.uleb128 0x2
 1501 008b 04       		.byte	0x4
 1502 008c 07       		.byte	0x7
 1503 008d A8010000 		.4byte	.LASF11
 1504 0091 07       		.uleb128 0x7
 1505 0092 6E000000 		.4byte	0x6e
 1506 0096 08       		.uleb128 0x8
 1507 0097 47010000 		.4byte	.LASF12
 1508 009b 03       		.byte	0x3
 1509 009c 1F       		.byte	0x1f
 1510 009d A7000000 		.4byte	0xa7
 1511 00a1 05       		.uleb128 0x5
 1512 00a2 03       		.byte	0x3
 1513 00a3 00000000 		.4byte	cy_meta_configecc
 1514 00a7 07       		.uleb128 0x7
 1515 00a8 79000000 		.4byte	0x79
 1516 00ac 05       		.uleb128 0x5
 1517 00ad 91000000 		.4byte	0x91
 1518 00b1 BC000000 		.4byte	0xbc
 1519 00b5 09       		.uleb128 0x9
 1520 00b6 8A000000 		.4byte	0x8a
 1521 00ba 03       		.byte	0x3
 1522 00bb 00       		.byte	0
 1523 00bc 08       		.uleb128 0x8
 1524 00bd 37010000 		.4byte	.LASF13
 1525 00c1 03       		.byte	0x3
 1526 00c2 D6       		.byte	0xd6
 1527 00c3 CD000000 		.4byte	0xcd
 1528 00c7 05       		.uleb128 0x5
 1529 00c8 03       		.byte	0x3
 1530 00c9 00000000 		.4byte	cy_meta_custnvl
 1531 00cd 07       		.uleb128 0x7
 1532 00ce AC000000 		.4byte	0xac
 1533 00d2 08       		.uleb128 0x8
 1534 00d3 9A010000 		.4byte	.LASF14
 1535 00d7 03       		.byte	0x3
ARM GAS  C:\Users\noyce\AppData\Local\Temp\ccz0HXo4.s 			page 28


 1536 00d8 E4       		.byte	0xe4
 1537 00d9 E3000000 		.4byte	0xe3
 1538 00dd 05       		.uleb128 0x5
 1539 00de 03       		.byte	0x3
 1540 00df 00000000 		.4byte	cy_meta_wonvl
 1541 00e3 07       		.uleb128 0x7
 1542 00e4 AC000000 		.4byte	0xac
 1543 00e8 05       		.uleb128 0x5
 1544 00e9 91000000 		.4byte	0x91
 1545 00ed F8000000 		.4byte	0xf8
 1546 00f1 09       		.uleb128 0x9
 1547 00f2 8A000000 		.4byte	0x8a
 1548 00f6 FF       		.byte	0xff
 1549 00f7 00       		.byte	0
 1550 00f8 08       		.uleb128 0x8
 1551 00f9 85010000 		.4byte	.LASF15
 1552 00fd 03       		.byte	0x3
 1553 00fe F2       		.byte	0xf2
 1554 00ff 09010000 		.4byte	0x109
 1555 0103 05       		.uleb128 0x5
 1556 0104 03       		.byte	0x3
 1557 0105 00000000 		.4byte	cy_meta_flashprotect
 1558 0109 07       		.uleb128 0x7
 1559 010a E8000000 		.4byte	0xe8
 1560 010e 05       		.uleb128 0x5
 1561 010f 91000000 		.4byte	0x91
 1562 0113 1E010000 		.4byte	0x11e
 1563 0117 09       		.uleb128 0x9
 1564 0118 8A000000 		.4byte	0x8a
 1565 011c 0B       		.byte	0xb
 1566 011d 00       		.byte	0
 1567 011e 0A       		.uleb128 0xa
 1568 011f 0A000000 		.4byte	.LASF16
 1569 0123 03       		.byte	0x3
 1570 0124 1F01     		.2byte	0x11f
 1571 0126 30010000 		.4byte	0x130
 1572 012a 05       		.uleb128 0x5
 1573 012b 03       		.byte	0x3
 1574 012c 00000000 		.4byte	cy_metadata
 1575 0130 07       		.uleb128 0x7
 1576 0131 0E010000 		.4byte	0x10e
 1577 0135 00       		.byte	0
 1578              		.section	.debug_abbrev,"",%progbits
 1579              	.Ldebug_abbrev0:
 1580 0000 01       		.uleb128 0x1
 1581 0001 11       		.uleb128 0x11
 1582 0002 01       		.byte	0x1
 1583 0003 25       		.uleb128 0x25
 1584 0004 0E       		.uleb128 0xe
 1585 0005 13       		.uleb128 0x13
 1586 0006 0B       		.uleb128 0xb
 1587 0007 03       		.uleb128 0x3
 1588 0008 0E       		.uleb128 0xe
 1589 0009 1B       		.uleb128 0x1b
 1590 000a 0E       		.uleb128 0xe
 1591 000b 10       		.uleb128 0x10
 1592 000c 17       		.uleb128 0x17
ARM GAS  C:\Users\noyce\AppData\Local\Temp\ccz0HXo4.s 			page 29


 1593 000d 00       		.byte	0
 1594 000e 00       		.byte	0
 1595 000f 02       		.uleb128 0x2
 1596 0010 24       		.uleb128 0x24
 1597 0011 00       		.byte	0
 1598 0012 0B       		.uleb128 0xb
 1599 0013 0B       		.uleb128 0xb
 1600 0014 3E       		.uleb128 0x3e
 1601 0015 0B       		.uleb128 0xb
 1602 0016 03       		.uleb128 0x3
 1603 0017 0E       		.uleb128 0xe
 1604 0018 00       		.byte	0
 1605 0019 00       		.byte	0
 1606 001a 03       		.uleb128 0x3
 1607 001b 16       		.uleb128 0x16
 1608 001c 00       		.byte	0
 1609 001d 03       		.uleb128 0x3
 1610 001e 0E       		.uleb128 0xe
 1611 001f 3A       		.uleb128 0x3a
 1612 0020 0B       		.uleb128 0xb
 1613 0021 3B       		.uleb128 0x3b
 1614 0022 0B       		.uleb128 0xb
 1615 0023 49       		.uleb128 0x49
 1616 0024 13       		.uleb128 0x13
 1617 0025 00       		.byte	0
 1618 0026 00       		.byte	0
 1619 0027 04       		.uleb128 0x4
 1620 0028 24       		.uleb128 0x24
 1621 0029 00       		.byte	0
 1622 002a 0B       		.uleb128 0xb
 1623 002b 0B       		.uleb128 0xb
 1624 002c 3E       		.uleb128 0x3e
 1625 002d 0B       		.uleb128 0xb
 1626 002e 03       		.uleb128 0x3
 1627 002f 08       		.uleb128 0x8
 1628 0030 00       		.byte	0
 1629 0031 00       		.byte	0
 1630 0032 05       		.uleb128 0x5
 1631 0033 01       		.uleb128 0x1
 1632 0034 01       		.byte	0x1
 1633 0035 49       		.uleb128 0x49
 1634 0036 13       		.uleb128 0x13
 1635 0037 01       		.uleb128 0x1
 1636 0038 13       		.uleb128 0x13
 1637 0039 00       		.byte	0
 1638 003a 00       		.byte	0
 1639 003b 06       		.uleb128 0x6
 1640 003c 21       		.uleb128 0x21
 1641 003d 00       		.byte	0
 1642 003e 49       		.uleb128 0x49
 1643 003f 13       		.uleb128 0x13
 1644 0040 2F       		.uleb128 0x2f
 1645 0041 05       		.uleb128 0x5
 1646 0042 00       		.byte	0
 1647 0043 00       		.byte	0
 1648 0044 07       		.uleb128 0x7
 1649 0045 26       		.uleb128 0x26
ARM GAS  C:\Users\noyce\AppData\Local\Temp\ccz0HXo4.s 			page 30


 1650 0046 00       		.byte	0
 1651 0047 49       		.uleb128 0x49
 1652 0048 13       		.uleb128 0x13
 1653 0049 00       		.byte	0
 1654 004a 00       		.byte	0
 1655 004b 08       		.uleb128 0x8
 1656 004c 34       		.uleb128 0x34
 1657 004d 00       		.byte	0
 1658 004e 03       		.uleb128 0x3
 1659 004f 0E       		.uleb128 0xe
 1660 0050 3A       		.uleb128 0x3a
 1661 0051 0B       		.uleb128 0xb
 1662 0052 3B       		.uleb128 0x3b
 1663 0053 0B       		.uleb128 0xb
 1664 0054 49       		.uleb128 0x49
 1665 0055 13       		.uleb128 0x13
 1666 0056 3F       		.uleb128 0x3f
 1667 0057 19       		.uleb128 0x19
 1668 0058 02       		.uleb128 0x2
 1669 0059 18       		.uleb128 0x18
 1670 005a 00       		.byte	0
 1671 005b 00       		.byte	0
 1672 005c 09       		.uleb128 0x9
 1673 005d 21       		.uleb128 0x21
 1674 005e 00       		.byte	0
 1675 005f 49       		.uleb128 0x49
 1676 0060 13       		.uleb128 0x13
 1677 0061 2F       		.uleb128 0x2f
 1678 0062 0B       		.uleb128 0xb
 1679 0063 00       		.byte	0
 1680 0064 00       		.byte	0
 1681 0065 0A       		.uleb128 0xa
 1682 0066 34       		.uleb128 0x34
 1683 0067 00       		.byte	0
 1684 0068 03       		.uleb128 0x3
 1685 0069 0E       		.uleb128 0xe
 1686 006a 3A       		.uleb128 0x3a
 1687 006b 0B       		.uleb128 0xb
 1688 006c 3B       		.uleb128 0x3b
 1689 006d 05       		.uleb128 0x5
 1690 006e 49       		.uleb128 0x49
 1691 006f 13       		.uleb128 0x13
 1692 0070 3F       		.uleb128 0x3f
 1693 0071 19       		.uleb128 0x19
 1694 0072 02       		.uleb128 0x2
 1695 0073 18       		.uleb128 0x18
 1696 0074 00       		.byte	0
 1697 0075 00       		.byte	0
 1698 0076 00       		.byte	0
 1699              		.section	.debug_aranges,"",%progbits
 1700 0000 14000000 		.4byte	0x14
 1701 0004 0200     		.2byte	0x2
 1702 0006 00000000 		.4byte	.Ldebug_info0
 1703 000a 04       		.byte	0x4
 1704 000b 00       		.byte	0
 1705 000c 0000     		.2byte	0
 1706 000e 0000     		.2byte	0
ARM GAS  C:\Users\noyce\AppData\Local\Temp\ccz0HXo4.s 			page 31


 1707 0010 00000000 		.4byte	0
 1708 0014 00000000 		.4byte	0
 1709              		.section	.debug_line,"",%progbits
 1710              	.Ldebug_line0:
 1711 0000 3D010000 		.section	.debug_str,"MS",%progbits,1
 1711      02003701 
 1711      00000201 
 1711      FB0E0D00 
 1711      01010101 
 1712              	.LASF9:
 1713 0000 5F5F7569 		.ascii	"__uint8_t\000"
 1713      6E74385F 
 1713      7400
 1714              	.LASF16:
 1715 000a 63795F6D 		.ascii	"cy_metadata\000"
 1715      65746164 
 1715      61746100 
 1716              	.LASF19:
 1717 0016 433A5C55 		.ascii	"C:\\Users\\noyce\\home\\Research\\illumina\\PSoC\\L"
 1717      73657273 
 1717      5C6E6F79 
 1717      63655C68 
 1717      6F6D655C 
 1718 0042 61796F75 		.ascii	"ayout 2_14 Master\\Layout 2_14 Master\\Design01.cyd"
 1718      7420325F 
 1718      3134204D 
 1718      61737465 
 1718      725C4C61 
 1719 0073 736E00   		.ascii	"sn\000"
 1720              	.LASF1:
 1721 0076 756E7369 		.ascii	"unsigned char\000"
 1721      676E6564 
 1721      20636861 
 1721      7200
 1722              	.LASF17:
 1723 0084 474E5520 		.ascii	"GNU C11 5.4.1 20160609 (release) [ARM/embedded-5-br"
 1723      43313120 
 1723      352E342E 
 1723      31203230 
 1723      31363036 
 1724 00b7 616E6368 		.ascii	"anch revision 237715] -mcpu=cortex-m3 -mthumb -g -O"
 1724      20726576 
 1724      6973696F 
 1724      6E203233 
 1724      37373135 
 1725 00ea 67202D66 		.ascii	"g -ffunction-sections -ffat-lto-objects\000"
 1725      66756E63 
 1725      74696F6E 
 1725      2D736563 
 1725      74696F6E 
 1726              	.LASF5:
 1727 0112 6C6F6E67 		.ascii	"long unsigned int\000"
 1727      20756E73 
 1727      69676E65 
 1727      6420696E 
 1727      7400
 1728              	.LASF3:
ARM GAS  C:\Users\noyce\AppData\Local\Temp\ccz0HXo4.s 			page 32


 1729 0124 73686F72 		.ascii	"short unsigned int\000"
 1729      7420756E 
 1729      7369676E 
 1729      65642069 
 1729      6E7400
 1730              	.LASF13:
 1731 0137 63795F6D 		.ascii	"cy_meta_custnvl\000"
 1731      6574615F 
 1731      63757374 
 1731      6E766C00 
 1732              	.LASF12:
 1733 0147 63795F6D 		.ascii	"cy_meta_configecc\000"
 1733      6574615F 
 1733      636F6E66 
 1733      69676563 
 1733      6300
 1734              	.LASF8:
 1735 0159 756E7369 		.ascii	"unsigned int\000"
 1735      676E6564 
 1735      20696E74 
 1735      00
 1736              	.LASF7:
 1737 0166 6C6F6E67 		.ascii	"long long unsigned int\000"
 1737      206C6F6E 
 1737      6720756E 
 1737      7369676E 
 1737      65642069 
 1738              	.LASF10:
 1739 017d 75696E74 		.ascii	"uint8_t\000"
 1739      385F7400 
 1740              	.LASF15:
 1741 0185 63795F6D 		.ascii	"cy_meta_flashprotect\000"
 1741      6574615F 
 1741      666C6173 
 1741      6870726F 
 1741      74656374 
 1742              	.LASF14:
 1743 019a 63795F6D 		.ascii	"cy_meta_wonvl\000"
 1743      6574615F 
 1743      776F6E76 
 1743      6C00
 1744              	.LASF11:
 1745 01a8 73697A65 		.ascii	"sizetype\000"
 1745      74797065 
 1745      00
 1746              	.LASF6:
 1747 01b1 6C6F6E67 		.ascii	"long long int\000"
 1747      206C6F6E 
 1747      6720696E 
 1747      7400
 1748              	.LASF2:
 1749 01bf 73686F72 		.ascii	"short int\000"
 1749      7420696E 
 1749      7400
 1750              	.LASF4:
 1751 01c9 6C6F6E67 		.ascii	"long int\000"
 1751      20696E74 
ARM GAS  C:\Users\noyce\AppData\Local\Temp\ccz0HXo4.s 			page 33


 1751      00
 1752              	.LASF0:
 1753 01d2 7369676E 		.ascii	"signed char\000"
 1753      65642063 
 1753      68617200 
 1754              	.LASF18:
 1755 01de 47656E65 		.ascii	"Generated_Source\\PSoC5\\cymetadata.c\000"
 1755      72617465 
 1755      645F536F 
 1755      75726365 
 1755      5C50536F 
 1756              		.ident	"GCC: (GNU Tools for ARM Embedded Processors) 5.4.1 20160609 (release) [ARM/embedded-5-bran
