ARM GAS  C:\Users\noyce\AppData\Local\Temp\ccSecU8t.s 			page 1


   1              		.syntax unified
   2              		.cpu cortex-m3
   3              		.fpu softvfp
   4              		.eabi_attribute 20, 1
   5              		.eabi_attribute 21, 1
   6              		.eabi_attribute 23, 3
   7              		.eabi_attribute 24, 1
   8              		.eabi_attribute 25, 1
   9              		.eabi_attribute 26, 1
  10              		.eabi_attribute 30, 1
  11              		.eabi_attribute 34, 1
  12              		.eabi_attribute 18, 4
  13              		.thumb
  14              		.syntax unified
  15              		.file	"main.c"
  16              		.text
  17              	.Ltext0:
  18              		.cfi_sections	.debug_frame
  19              		.section	.text.Setup_Selector_I2C_Struct,"ax",%progbits
  20              		.align	2
  21              		.global	Setup_Selector_I2C_Struct
  22              		.thumb
  23              		.thumb_func
  24              		.type	Setup_Selector_I2C_Struct, %function
  25              	Setup_Selector_I2C_Struct:
  26              	.LFB63:
  27              		.file 1 "main.c"
   1:main.c        **** #include "project.h"
   2:main.c        **** 
   3:main.c        **** struct Selector_I2C_Struct {
   4:main.c        **** 	struct {
   5:main.c        **** 		uint8 subAddress;
   6:main.c        **** 		uint8 data[126];
   7:main.c        **** 	} write;
   8:main.c        **** 	struct {
   9:main.c        **** 		uint8 subAddress;
  10:main.c        **** 		uint8 data[126];
  11:main.c        **** 	} read;
  12:main.c        **** 	uint8 busAddress;
  13:main.c        **** };
  14:main.c        **** 
  15:main.c        **** void Setup_Selector_I2C_Struct(struct Selector_I2C_Struct *selector) {
  28              		.loc 1 15 0
  29              		.cfi_startproc
  30              		@ args = 0, pretend = 0, frame = 0
  31              		@ frame_needed = 0, uses_anonymous_args = 0
  32              		@ link register save eliminated.
  33              	.LVL0:
  16:main.c        **** 	selector->write.subAddress = 1;
  34              		.loc 1 16 0
  35 0000 0123     		movs	r3, #1
  36 0002 0370     		strb	r3, [r0]
  17:main.c        **** 	selector->read.subAddress = sizeof(selector->write) + 1;
  37              		.loc 1 17 0
  38 0004 8023     		movs	r3, #128
  39 0006 80F87F30 		strb	r3, [r0, #127]
  40              	.LVL1:
ARM GAS  C:\Users\noyce\AppData\Local\Temp\ccSecU8t.s 			page 2


  41              	.LBB2:
  18:main.c        **** 	
  19:main.c        **** 	for (uint16 i = 0; i < sizeof(selector->write.data); i++) {
  42              		.loc 1 19 0
  43 000a 0023     		movs	r3, #0
  44 000c 04E0     		b	.L2
  45              	.LVL2:
  46              	.L3:
  20:main.c        **** 		selector->write.data[i] = i + 6;
  47              		.loc 1 20 0 discriminator 3
  48 000e C218     		adds	r2, r0, r3
  49 0010 991D     		adds	r1, r3, #6
  50 0012 5170     		strb	r1, [r2, #1]
  19:main.c        **** 		selector->write.data[i] = i + 6;
  51              		.loc 1 19 0 discriminator 3
  52 0014 0133     		adds	r3, r3, #1
  53              	.LVL3:
  54 0016 9BB2     		uxth	r3, r3
  55              	.LVL4:
  56              	.L2:
  19:main.c        **** 		selector->write.data[i] = i + 6;
  57              		.loc 1 19 0 is_stmt 0 discriminator 1
  58 0018 7D2B     		cmp	r3, #125
  59 001a F8D9     		bls	.L3
  60 001c 0023     		movs	r3, #0
  61              	.LVL5:
  62 001e 05E0     		b	.L4
  63              	.LVL6:
  64              	.L5:
  65              	.LBE2:
  66              	.LBB3:
  21:main.c        **** 	}
  22:main.c        **** 	for (uint16 i = 0; i < sizeof(selector->read.data); i++) {
  23:main.c        **** 		selector->read.data[i] = 0xbe;
  67              		.loc 1 23 0 is_stmt 1 discriminator 3
  68 0020 C218     		adds	r2, r0, r3
  69 0022 BE21     		movs	r1, #190
  70 0024 82F88010 		strb	r1, [r2, #128]
  22:main.c        **** 		selector->read.data[i] = 0xbe;
  71              		.loc 1 22 0 discriminator 3
  72 0028 0133     		adds	r3, r3, #1
  73              	.LVL7:
  74 002a 9BB2     		uxth	r3, r3
  75              	.LVL8:
  76              	.L4:
  22:main.c        **** 		selector->read.data[i] = 0xbe;
  77              		.loc 1 22 0 is_stmt 0 discriminator 1
  78 002c 7D2B     		cmp	r3, #125
  79 002e F7D9     		bls	.L5
  80              	.LBE3:
  24:main.c        **** 	}
  25:main.c        **** }
  81              		.loc 1 25 0 is_stmt 1
  82 0030 7047     		bx	lr
  83              		.cfi_endproc
  84              	.LFE63:
  85              		.size	Setup_Selector_I2C_Struct, .-Setup_Selector_I2C_Struct
ARM GAS  C:\Users\noyce\AppData\Local\Temp\ccSecU8t.s 			page 3


  86              		.section	.text.Update_Selector,"ax",%progbits
  87              		.align	2
  88              		.global	Update_Selector
  89              		.thumb
  90              		.thumb_func
  91              		.type	Update_Selector, %function
  92              	Update_Selector:
  93              	.LFB64:
  26:main.c        **** 
  27:main.c        **** void Update_Selector(struct Selector_I2C_Struct *selector) {
  94              		.loc 1 27 0
  95              		.cfi_startproc
  96              		@ args = 0, pretend = 0, frame = 0
  97              		@ frame_needed = 0, uses_anonymous_args = 0
  98              	.LVL9:
  99 0000 10B5     		push	{r4, lr}
 100              		.cfi_def_cfa_offset 8
 101              		.cfi_offset 4, -8
 102              		.cfi_offset 14, -4
 103 0002 0446     		mov	r4, r0
  28:main.c        **** 	I2C_1_MasterClearStatus();
 104              		.loc 1 28 0
 105 0004 FFF7FEFF 		bl	I2C_1_MasterClearStatus
 106              	.LVL10:
  29:main.c        **** 	I2C_1_MasterWriteBuf(selector->busAddress, (uint8 *) &selector->write, sizeof(selector->write), I2
 107              		.loc 1 29 0
 108 0008 0023     		movs	r3, #0
 109 000a 7F22     		movs	r2, #127
 110 000c 2146     		mov	r1, r4
 111 000e 94F8FE00 		ldrb	r0, [r4, #254]	@ zero_extendqisi2
 112 0012 FFF7FEFF 		bl	I2C_1_MasterWriteBuf
 113              	.LVL11:
 114              	.L7:
  30:main.c        **** 	while((I2C_1_MasterStatus() & I2C_1_MSTAT_WR_CMPLT) == 0);
 115              		.loc 1 30 0 discriminator 1
 116 0016 FFF7FEFF 		bl	I2C_1_MasterStatus
 117              	.LVL12:
 118 001a 10F0020F 		tst	r0, #2
 119 001e FAD0     		beq	.L7
  31:main.c        **** 	
  32:main.c        **** 	I2C_1_MasterClearStatus();
 120              		.loc 1 32 0
 121 0020 FFF7FEFF 		bl	I2C_1_MasterClearStatus
 122              	.LVL13:
  33:main.c        **** 	I2C_1_MasterWriteBuf(selector->busAddress, (uint8 *) &selector->read.subAddress, 1, I2C_1_MODE_NO_
 123              		.loc 1 33 0
 124 0024 0223     		movs	r3, #2
 125 0026 0122     		movs	r2, #1
 126 0028 04F17F01 		add	r1, r4, #127
 127 002c 94F8FE00 		ldrb	r0, [r4, #254]	@ zero_extendqisi2
 128 0030 FFF7FEFF 		bl	I2C_1_MasterWriteBuf
 129              	.LVL14:
 130              	.L8:
  34:main.c        **** 	while((I2C_1_MasterStatus() & I2C_1_MSTAT_WR_CMPLT) == 0);
 131              		.loc 1 34 0 discriminator 1
 132 0034 FFF7FEFF 		bl	I2C_1_MasterStatus
 133              	.LVL15:
ARM GAS  C:\Users\noyce\AppData\Local\Temp\ccSecU8t.s 			page 4


 134 0038 10F0020F 		tst	r0, #2
 135 003c FAD0     		beq	.L8
  35:main.c        **** 	
  36:main.c        **** 	I2C_1_MasterReadBuf(selector->busAddress, (uint8 *) &selector->read.data, sizeof(selector->read.da
 136              		.loc 1 36 0
 137 003e 0123     		movs	r3, #1
 138 0040 7E22     		movs	r2, #126
 139 0042 04F18001 		add	r1, r4, #128
 140 0046 94F8FE00 		ldrb	r0, [r4, #254]	@ zero_extendqisi2
 141 004a FFF7FEFF 		bl	I2C_1_MasterReadBuf
 142              	.LVL16:
 143              	.L9:
  37:main.c        **** 	while((I2C_1_MasterStatus() & I2C_1_MSTAT_RD_CMPLT) == 0);
 144              		.loc 1 37 0 discriminator 1
 145 004e FFF7FEFF 		bl	I2C_1_MasterStatus
 146              	.LVL17:
 147 0052 10F0010F 		tst	r0, #1
 148 0056 FAD0     		beq	.L9
  38:main.c        **** }
 149              		.loc 1 38 0
 150 0058 10BD     		pop	{r4, pc}
 151              		.cfi_endproc
 152              	.LFE64:
 153              		.size	Update_Selector, .-Update_Selector
 154 005a 00BF     		.section	.text.main,"ax",%progbits
 155              		.align	2
 156              		.global	main
 157              		.thumb
 158              		.thumb_func
 159              		.type	main, %function
 160              	main:
 161              	.LFB65:
  39:main.c        **** 
  40:main.c        **** int main(void)
  41:main.c        **** {
 162              		.loc 1 41 0
 163              		.cfi_startproc
 164              		@ args = 0, pretend = 0, frame = 1024
 165              		@ frame_needed = 0, uses_anonymous_args = 0
 166 0000 10B5     		push	{r4, lr}
 167              		.cfi_def_cfa_offset 8
 168              		.cfi_offset 4, -8
 169              		.cfi_offset 14, -4
 170 0002 ADF5806D 		sub	sp, sp, #1024
 171              		.cfi_def_cfa_offset 1032
  42:main.c        **** 	CyGlobalIntEnable;
 172              		.loc 1 42 0
 173              		.syntax unified
 174              	@ 42 "main.c" 1
 175 0006 62B6     		CPSIE   i
 176              	@ 0 "" 2
 177              	.LVL18:
 178              		.thumb
 179              		.syntax unified
 180              	.LBB4:
  43:main.c        **** 	
  44:main.c        **** 	#define SELECTOR_COUNT 4
ARM GAS  C:\Users\noyce\AppData\Local\Temp\ccSecU8t.s 			page 5


  45:main.c        **** 	struct Selector_I2C_Struct selectors[SELECTOR_COUNT];
  46:main.c        **** 	
  47:main.c        **** 	for (uint8 i = 0; i < SELECTOR_COUNT; i++) Setup_Selector_I2C_Struct(&selectors[i]);
 181              		.loc 1 47 0
 182 0008 0024     		movs	r4, #0
 183 000a 07E0     		b	.L12
 184              	.LVL19:
 185              	.L13:
 186              		.loc 1 47 0 is_stmt 0 discriminator 3
 187 000c C4EB0420 		rsb	r0, r4, r4, lsl #8
 188 0010 01AB     		add	r3, sp, #4
 189 0012 1844     		add	r0, r0, r3
 190 0014 FFF7FEFF 		bl	Setup_Selector_I2C_Struct
 191              	.LVL20:
 192 0018 0134     		adds	r4, r4, #1
 193              	.LVL21:
 194 001a E4B2     		uxtb	r4, r4
 195              	.LVL22:
 196              	.L12:
 197              		.loc 1 47 0 discriminator 1
 198 001c 032C     		cmp	r4, #3
 199 001e F5D9     		bls	.L13
 200              	.LBE4:
  48:main.c        **** 	
  49:main.c        **** 	selectors[0].busAddress = 0x66;
 201              		.loc 1 49 0 is_stmt 1
 202 0020 6623     		movs	r3, #102
 203 0022 8DF80231 		strb	r3, [sp, #258]
  50:main.c        **** 	selectors[1].busAddress = 0x11;
 204              		.loc 1 50 0
 205 0026 1123     		movs	r3, #17
 206 0028 8DF80132 		strb	r3, [sp, #513]
  51:main.c        **** 	selectors[2].busAddress = 0x44;
 207              		.loc 1 51 0
 208 002c 4423     		movs	r3, #68
 209 002e 8DF80033 		strb	r3, [sp, #768]
  52:main.c        **** 	selectors[3].busAddress = 0x22;
 210              		.loc 1 52 0
 211 0032 2223     		movs	r3, #34
 212 0034 8DF8FF33 		strb	r3, [sp, #1023]
  53:main.c        **** 	
  54:main.c        **** 	CyDelay(100);
 213              		.loc 1 54 0
 214 0038 6420     		movs	r0, #100
 215 003a FFF7FEFF 		bl	CyDelay
 216              	.LVL23:
  55:main.c        **** 	
  56:main.c        **** 	I2C_1_Start();
 217              		.loc 1 56 0
 218 003e FFF7FEFF 		bl	I2C_1_Start
 219              	.LVL24:
 220              	.L16:
 221              	.LBB5:
 222              	.LBB6:
  57:main.c        **** 	
  58:main.c        ****     while (1) {
  59:main.c        **** 		for (uint8 i = 0; i < SELECTOR_COUNT; i++) Update_Selector(&selectors[i]);
ARM GAS  C:\Users\noyce\AppData\Local\Temp\ccSecU8t.s 			page 6


 223              		.loc 1 59 0
 224 0042 0024     		movs	r4, #0
 225 0044 07E0     		b	.L14
 226              	.LVL25:
 227              	.L15:
 228              		.loc 1 59 0 is_stmt 0 discriminator 3
 229 0046 C4EB0420 		rsb	r0, r4, r4, lsl #8
 230 004a 01AB     		add	r3, sp, #4
 231 004c 1844     		add	r0, r0, r3
 232 004e FFF7FEFF 		bl	Update_Selector
 233              	.LVL26:
 234 0052 0134     		adds	r4, r4, #1
 235              	.LVL27:
 236 0054 E4B2     		uxtb	r4, r4
 237              	.LVL28:
 238              	.L14:
 239              		.loc 1 59 0 discriminator 1
 240 0056 032C     		cmp	r4, #3
 241 0058 F5D9     		bls	.L15
 242              	.LBE6:
  60:main.c        **** 		
  61:main.c        **** 		volatile uint8 temp = selectors[0].read.data[0];
 243              		.loc 1 61 0 is_stmt 1
 244 005a 9DF88430 		ldrb	r3, [sp, #132]	@ zero_extendqisi2
 245 005e 8DF80330 		strb	r3, [sp, #3]
 246              	.LBE5:
  62:main.c        **** 	}
 247              		.loc 1 62 0
 248 0062 EEE7     		b	.L16
 249              		.cfi_endproc
 250              	.LFE65:
 251              		.size	main, .-main
 252              		.text
 253              	.Letext0:
 254              		.file 2 "c:\\program files (x86)\\cypress\\psoc creator\\4.1\\psoc creator\\import\\gnu\\arm\\5.4.
 255              		.file 3 "c:\\program files (x86)\\cypress\\psoc creator\\4.1\\psoc creator\\import\\gnu\\arm\\5.4.
 256              		.file 4 "Generated_Source\\PSoC5/cytypes.h"
 257              		.file 5 "Generated_Source\\PSoC5/I2C_1.h"
 258              		.file 6 "Generated_Source\\PSoC5/CyLib.h"
 259              		.file 7 "Generated_Source\\PSoC5/core_cm3.h"
 260              		.section	.debug_info,"",%progbits
 261              	.Ldebug_info0:
 262 0000 7C030000 		.4byte	0x37c
 263 0004 0400     		.2byte	0x4
 264 0006 00000000 		.4byte	.Ldebug_abbrev0
 265 000a 04       		.byte	0x4
 266 000b 01       		.uleb128 0x1
 267 000c C0000000 		.4byte	.LASF34
 268 0010 0C       		.byte	0xc
 269 0011 2B020000 		.4byte	.LASF35
 270 0015 47000000 		.4byte	.LASF36
 271 0019 00000000 		.4byte	.Ldebug_ranges0+0
 272 001d 00000000 		.4byte	0
 273 0021 00000000 		.4byte	.Ldebug_line0
 274 0025 02       		.uleb128 0x2
 275 0026 01       		.byte	0x1
 276 0027 06       		.byte	0x6
ARM GAS  C:\Users\noyce\AppData\Local\Temp\ccSecU8t.s 			page 7


 277 0028 00020000 		.4byte	.LASF0
 278 002c 02       		.uleb128 0x2
 279 002d 01       		.byte	0x1
 280 002e 08       		.byte	0x8
 281 002f B2000000 		.4byte	.LASF1
 282 0033 02       		.uleb128 0x2
 283 0034 02       		.byte	0x2
 284 0035 05       		.byte	0x5
 285 0036 43020000 		.4byte	.LASF2
 286 003a 02       		.uleb128 0x2
 287 003b 02       		.byte	0x2
 288 003c 07       		.byte	0x7
 289 003d 7F010000 		.4byte	.LASF3
 290 0041 03       		.uleb128 0x3
 291 0042 1F000000 		.4byte	.LASF9
 292 0046 02       		.byte	0x2
 293 0047 3F       		.byte	0x3f
 294 0048 4C000000 		.4byte	0x4c
 295 004c 02       		.uleb128 0x2
 296 004d 04       		.byte	0x4
 297 004e 05       		.byte	0x5
 298 004f 6B020000 		.4byte	.LASF4
 299 0053 02       		.uleb128 0x2
 300 0054 04       		.byte	0x4
 301 0055 07       		.byte	0x7
 302 0056 68010000 		.4byte	.LASF5
 303 005a 02       		.uleb128 0x2
 304 005b 08       		.byte	0x8
 305 005c 05       		.byte	0x5
 306 005d 1D020000 		.4byte	.LASF6
 307 0061 02       		.uleb128 0x2
 308 0062 08       		.byte	0x8
 309 0063 07       		.byte	0x7
 310 0064 E9010000 		.4byte	.LASF7
 311 0068 04       		.uleb128 0x4
 312 0069 04       		.byte	0x4
 313 006a 05       		.byte	0x5
 314 006b 696E7400 		.ascii	"int\000"
 315 006f 02       		.uleb128 0x2
 316 0070 04       		.byte	0x4
 317 0071 07       		.byte	0x7
 318 0072 DC010000 		.4byte	.LASF8
 319 0076 03       		.uleb128 0x3
 320 0077 0C020000 		.4byte	.LASF10
 321 007b 03       		.byte	0x3
 322 007c 2C       		.byte	0x2c
 323 007d 41000000 		.4byte	0x41
 324 0081 05       		.uleb128 0x5
 325 0082 65020000 		.4byte	.LASF11
 326 0086 04       		.byte	0x4
 327 0087 9201     		.2byte	0x192
 328 0089 2C000000 		.4byte	0x2c
 329 008d 05       		.uleb128 0x5
 330 008e D5010000 		.4byte	.LASF12
 331 0092 04       		.byte	0x4
 332 0093 9301     		.2byte	0x193
 333 0095 3A000000 		.4byte	0x3a
ARM GAS  C:\Users\noyce\AppData\Local\Temp\ccSecU8t.s 			page 8


 334 0099 02       		.uleb128 0x2
 335 009a 04       		.byte	0x4
 336 009b 04       		.byte	0x4
 337 009c A7000000 		.4byte	.LASF13
 338 00a0 02       		.uleb128 0x2
 339 00a1 08       		.byte	0x8
 340 00a2 04       		.byte	0x4
 341 00a3 B5010000 		.4byte	.LASF14
 342 00a7 02       		.uleb128 0x2
 343 00a8 01       		.byte	0x1
 344 00a9 08       		.byte	0x8
 345 00aa 32020000 		.4byte	.LASF15
 346 00ae 06       		.uleb128 0x6
 347 00af 81000000 		.4byte	0x81
 348 00b3 02       		.uleb128 0x2
 349 00b4 08       		.byte	0x8
 350 00b5 04       		.byte	0x4
 351 00b6 87020000 		.4byte	.LASF16
 352 00ba 02       		.uleb128 0x2
 353 00bb 04       		.byte	0x4
 354 00bc 07       		.byte	0x7
 355 00bd 14020000 		.4byte	.LASF17
 356 00c1 07       		.uleb128 0x7
 357 00c2 7F       		.byte	0x7f
 358 00c3 01       		.byte	0x1
 359 00c4 04       		.byte	0x4
 360 00c5 E2000000 		.4byte	0xe2
 361 00c9 08       		.uleb128 0x8
 362 00ca 93020000 		.4byte	.LASF18
 363 00ce 01       		.byte	0x1
 364 00cf 05       		.byte	0x5
 365 00d0 81000000 		.4byte	0x81
 366 00d4 00       		.byte	0
 367 00d5 08       		.uleb128 0x8
 368 00d6 AD000000 		.4byte	.LASF19
 369 00da 01       		.byte	0x1
 370 00db 06       		.byte	0x6
 371 00dc E2000000 		.4byte	0xe2
 372 00e0 01       		.byte	0x1
 373 00e1 00       		.byte	0
 374 00e2 09       		.uleb128 0x9
 375 00e3 81000000 		.4byte	0x81
 376 00e7 F2000000 		.4byte	0xf2
 377 00eb 0A       		.uleb128 0xa
 378 00ec BA000000 		.4byte	0xba
 379 00f0 7D       		.byte	0x7d
 380 00f1 00       		.byte	0
 381 00f2 07       		.uleb128 0x7
 382 00f3 7F       		.byte	0x7f
 383 00f4 01       		.byte	0x1
 384 00f5 08       		.byte	0x8
 385 00f6 13010000 		.4byte	0x113
 386 00fa 08       		.uleb128 0x8
 387 00fb 93020000 		.4byte	.LASF18
 388 00ff 01       		.byte	0x1
 389 0100 09       		.byte	0x9
 390 0101 81000000 		.4byte	0x81
ARM GAS  C:\Users\noyce\AppData\Local\Temp\ccSecU8t.s 			page 9


 391 0105 00       		.byte	0
 392 0106 08       		.uleb128 0x8
 393 0107 AD000000 		.4byte	.LASF19
 394 010b 01       		.byte	0x1
 395 010c 0A       		.byte	0xa
 396 010d E2000000 		.4byte	0xe2
 397 0111 01       		.byte	0x1
 398 0112 00       		.byte	0
 399 0113 0B       		.uleb128 0xb
 400 0114 0B000000 		.4byte	.LASF37
 401 0118 FF       		.byte	0xff
 402 0119 01       		.byte	0x1
 403 011a 03       		.byte	0x3
 404 011b 44010000 		.4byte	0x144
 405 011f 08       		.uleb128 0x8
 406 0120 92010000 		.4byte	.LASF20
 407 0124 01       		.byte	0x1
 408 0125 07       		.byte	0x7
 409 0126 C1000000 		.4byte	0xc1
 410 012a 00       		.byte	0
 411 012b 08       		.uleb128 0x8
 412 012c B0020000 		.4byte	.LASF21
 413 0130 01       		.byte	0x1
 414 0131 0B       		.byte	0xb
 415 0132 F2000000 		.4byte	0xf2
 416 0136 7F       		.byte	0x7f
 417 0137 08       		.uleb128 0x8
 418 0138 00000000 		.4byte	.LASF22
 419 013c 01       		.byte	0x1
 420 013d 0C       		.byte	0xc
 421 013e 81000000 		.4byte	0x81
 422 0142 FE       		.byte	0xfe
 423 0143 00       		.byte	0
 424 0144 0C       		.uleb128 0xc
 425 0145 4E010000 		.4byte	.LASF23
 426 0149 01       		.byte	0x1
 427 014a 0F       		.byte	0xf
 428 014b 00000000 		.4byte	.LFB63
 429 014f 32000000 		.4byte	.LFE63-.LFB63
 430 0153 01       		.uleb128 0x1
 431 0154 9C       		.byte	0x9c
 432 0155 99010000 		.4byte	0x199
 433 0159 0D       		.uleb128 0xd
 434 015a 29000000 		.4byte	.LASF25
 435 015e 01       		.byte	0x1
 436 015f 0F       		.byte	0xf
 437 0160 99010000 		.4byte	0x199
 438 0164 01       		.uleb128 0x1
 439 0165 50       		.byte	0x50
 440 0166 0E       		.uleb128 0xe
 441 0167 0A000000 		.4byte	.LBB2
 442 016b 16000000 		.4byte	.LBE2-.LBB2
 443 016f 81010000 		.4byte	0x181
 444 0173 0F       		.uleb128 0xf
 445 0174 6900     		.ascii	"i\000"
 446 0176 01       		.byte	0x1
 447 0177 13       		.byte	0x13
ARM GAS  C:\Users\noyce\AppData\Local\Temp\ccSecU8t.s 			page 10


 448 0178 8D000000 		.4byte	0x8d
 449 017c 00000000 		.4byte	.LLST0
 450 0180 00       		.byte	0
 451 0181 10       		.uleb128 0x10
 452 0182 20000000 		.4byte	.LBB3
 453 0186 10000000 		.4byte	.LBE3-.LBB3
 454 018a 0F       		.uleb128 0xf
 455 018b 6900     		.ascii	"i\000"
 456 018d 01       		.byte	0x1
 457 018e 16       		.byte	0x16
 458 018f 8D000000 		.4byte	0x8d
 459 0193 2A000000 		.4byte	.LLST1
 460 0197 00       		.byte	0
 461 0198 00       		.byte	0
 462 0199 11       		.uleb128 0x11
 463 019a 04       		.byte	0x4
 464 019b 13010000 		.4byte	0x113
 465 019f 0C       		.uleb128 0xc
 466 01a0 A5010000 		.4byte	.LASF24
 467 01a4 01       		.byte	0x1
 468 01a5 1B       		.byte	0x1b
 469 01a6 00000000 		.4byte	.LFB64
 470 01aa 5A000000 		.4byte	.LFE64-.LFB64
 471 01ae 01       		.uleb128 0x1
 472 01af 9C       		.byte	0x9c
 473 01b0 4F020000 		.4byte	0x24f
 474 01b4 12       		.uleb128 0x12
 475 01b5 29000000 		.4byte	.LASF25
 476 01b9 01       		.byte	0x1
 477 01ba 1B       		.byte	0x1b
 478 01bb 99010000 		.4byte	0x199
 479 01bf 48000000 		.4byte	.LLST2
 480 01c3 13       		.uleb128 0x13
 481 01c4 08000000 		.4byte	.LVL10
 482 01c8 3D030000 		.4byte	0x33d
 483 01cc 14       		.uleb128 0x14
 484 01cd 16000000 		.4byte	.LVL11
 485 01d1 48030000 		.4byte	0x348
 486 01d5 EB010000 		.4byte	0x1eb
 487 01d9 15       		.uleb128 0x15
 488 01da 01       		.uleb128 0x1
 489 01db 51       		.byte	0x51
 490 01dc 02       		.uleb128 0x2
 491 01dd 74       		.byte	0x74
 492 01de 00       		.sleb128 0
 493 01df 15       		.uleb128 0x15
 494 01e0 01       		.uleb128 0x1
 495 01e1 52       		.byte	0x52
 496 01e2 02       		.uleb128 0x2
 497 01e3 08       		.byte	0x8
 498 01e4 7F       		.byte	0x7f
 499 01e5 15       		.uleb128 0x15
 500 01e6 01       		.uleb128 0x1
 501 01e7 53       		.byte	0x53
 502 01e8 01       		.uleb128 0x1
 503 01e9 30       		.byte	0x30
 504 01ea 00       		.byte	0
ARM GAS  C:\Users\noyce\AppData\Local\Temp\ccSecU8t.s 			page 11


 505 01eb 13       		.uleb128 0x13
 506 01ec 1A000000 		.4byte	.LVL12
 507 01f0 53030000 		.4byte	0x353
 508 01f4 13       		.uleb128 0x13
 509 01f5 24000000 		.4byte	.LVL13
 510 01f9 3D030000 		.4byte	0x33d
 511 01fd 14       		.uleb128 0x14
 512 01fe 34000000 		.4byte	.LVL14
 513 0202 48030000 		.4byte	0x348
 514 0206 1C020000 		.4byte	0x21c
 515 020a 15       		.uleb128 0x15
 516 020b 01       		.uleb128 0x1
 517 020c 51       		.byte	0x51
 518 020d 03       		.uleb128 0x3
 519 020e 74       		.byte	0x74
 520 020f FF00     		.sleb128 127
 521 0211 15       		.uleb128 0x15
 522 0212 01       		.uleb128 0x1
 523 0213 52       		.byte	0x52
 524 0214 01       		.uleb128 0x1
 525 0215 31       		.byte	0x31
 526 0216 15       		.uleb128 0x15
 527 0217 01       		.uleb128 0x1
 528 0218 53       		.byte	0x53
 529 0219 01       		.uleb128 0x1
 530 021a 32       		.byte	0x32
 531 021b 00       		.byte	0
 532 021c 13       		.uleb128 0x13
 533 021d 38000000 		.4byte	.LVL15
 534 0221 53030000 		.4byte	0x353
 535 0225 14       		.uleb128 0x14
 536 0226 4E000000 		.4byte	.LVL16
 537 022a 5E030000 		.4byte	0x35e
 538 022e 45020000 		.4byte	0x245
 539 0232 15       		.uleb128 0x15
 540 0233 01       		.uleb128 0x1
 541 0234 51       		.byte	0x51
 542 0235 03       		.uleb128 0x3
 543 0236 74       		.byte	0x74
 544 0237 8001     		.sleb128 128
 545 0239 15       		.uleb128 0x15
 546 023a 01       		.uleb128 0x1
 547 023b 52       		.byte	0x52
 548 023c 02       		.uleb128 0x2
 549 023d 08       		.byte	0x8
 550 023e 7E       		.byte	0x7e
 551 023f 15       		.uleb128 0x15
 552 0240 01       		.uleb128 0x1
 553 0241 53       		.byte	0x53
 554 0242 01       		.uleb128 0x1
 555 0243 31       		.byte	0x31
 556 0244 00       		.byte	0
 557 0245 13       		.uleb128 0x13
 558 0246 52000000 		.4byte	.LVL17
 559 024a 53030000 		.4byte	0x353
 560 024e 00       		.byte	0
 561 024f 16       		.uleb128 0x16
ARM GAS  C:\Users\noyce\AppData\Local\Temp\ccSecU8t.s 			page 12


 562 0250 D0010000 		.4byte	.LASF38
 563 0254 01       		.byte	0x1
 564 0255 28       		.byte	0x28
 565 0256 68000000 		.4byte	0x68
 566 025a 00000000 		.4byte	.LFB65
 567 025e 64000000 		.4byte	.LFE65-.LFB65
 568 0262 01       		.uleb128 0x1
 569 0263 9C       		.byte	0x9c
 570 0264 1C030000 		.4byte	0x31c
 571 0268 17       		.uleb128 0x17
 572 0269 9E020000 		.4byte	.LASF26
 573 026d 01       		.byte	0x1
 574 026e 2D       		.byte	0x2d
 575 026f 1C030000 		.4byte	0x31c
 576 0273 03       		.uleb128 0x3
 577 0274 91       		.byte	0x91
 578 0275 FC77     		.sleb128 -1028
 579 0277 0E       		.uleb128 0xe
 580 0278 08000000 		.4byte	.LBB4
 581 027c 18000000 		.4byte	.LBE4-.LBB4
 582 0280 AE020000 		.4byte	0x2ae
 583 0284 0F       		.uleb128 0xf
 584 0285 6900     		.ascii	"i\000"
 585 0287 01       		.byte	0x1
 586 0288 2F       		.byte	0x2f
 587 0289 81000000 		.4byte	0x81
 588 028d 66000000 		.4byte	.LLST3
 589 0291 18       		.uleb128 0x18
 590 0292 18000000 		.4byte	.LVL20
 591 0296 44010000 		.4byte	0x144
 592 029a 15       		.uleb128 0x15
 593 029b 01       		.uleb128 0x1
 594 029c 50       		.byte	0x50
 595 029d 0E       		.uleb128 0xe
 596 029e 74       		.byte	0x74
 597 029f 00       		.sleb128 0
 598 02a0 38       		.byte	0x38
 599 02a1 24       		.byte	0x24
 600 02a2 91       		.byte	0x91
 601 02a3 00       		.sleb128 0
 602 02a4 22       		.byte	0x22
 603 02a5 74       		.byte	0x74
 604 02a6 00       		.sleb128 0
 605 02a7 1C       		.byte	0x1c
 606 02a8 0A       		.byte	0xa
 607 02a9 0404     		.2byte	0x404
 608 02ab 1C       		.byte	0x1c
 609 02ac 00       		.byte	0
 610 02ad 00       		.byte	0
 611 02ae 0E       		.uleb128 0xe
 612 02af 42000000 		.4byte	.LBB5
 613 02b3 20000000 		.4byte	.LBE5-.LBB5
 614 02b7 FE020000 		.4byte	0x2fe
 615 02bb 17       		.uleb128 0x17
 616 02bc 7A010000 		.4byte	.LASF27
 617 02c0 01       		.byte	0x1
 618 02c1 3D       		.byte	0x3d
ARM GAS  C:\Users\noyce\AppData\Local\Temp\ccSecU8t.s 			page 13


 619 02c2 AE000000 		.4byte	0xae
 620 02c6 03       		.uleb128 0x3
 621 02c7 91       		.byte	0x91
 622 02c8 FB77     		.sleb128 -1029
 623 02ca 10       		.uleb128 0x10
 624 02cb 42000000 		.4byte	.LBB6
 625 02cf 18000000 		.4byte	.LBE6-.LBB6
 626 02d3 0F       		.uleb128 0xf
 627 02d4 6900     		.ascii	"i\000"
 628 02d6 01       		.byte	0x1
 629 02d7 3B       		.byte	0x3b
 630 02d8 81000000 		.4byte	0x81
 631 02dc 90000000 		.4byte	.LLST4
 632 02e0 18       		.uleb128 0x18
 633 02e1 52000000 		.4byte	.LVL26
 634 02e5 9F010000 		.4byte	0x19f
 635 02e9 15       		.uleb128 0x15
 636 02ea 01       		.uleb128 0x1
 637 02eb 50       		.byte	0x50
 638 02ec 0E       		.uleb128 0xe
 639 02ed 74       		.byte	0x74
 640 02ee 00       		.sleb128 0
 641 02ef 38       		.byte	0x38
 642 02f0 24       		.byte	0x24
 643 02f1 91       		.byte	0x91
 644 02f2 00       		.sleb128 0
 645 02f3 22       		.byte	0x22
 646 02f4 74       		.byte	0x74
 647 02f5 00       		.sleb128 0
 648 02f6 1C       		.byte	0x1c
 649 02f7 0A       		.byte	0xa
 650 02f8 0404     		.2byte	0x404
 651 02fa 1C       		.byte	0x1c
 652 02fb 00       		.byte	0
 653 02fc 00       		.byte	0
 654 02fd 00       		.byte	0
 655 02fe 14       		.uleb128 0x14
 656 02ff 3E000000 		.4byte	.LVL23
 657 0303 69030000 		.4byte	0x369
 658 0307 12030000 		.4byte	0x312
 659 030b 15       		.uleb128 0x15
 660 030c 01       		.uleb128 0x1
 661 030d 50       		.byte	0x50
 662 030e 02       		.uleb128 0x2
 663 030f 08       		.byte	0x8
 664 0310 64       		.byte	0x64
 665 0311 00       		.byte	0
 666 0312 13       		.uleb128 0x13
 667 0313 42000000 		.4byte	.LVL24
 668 0317 74030000 		.4byte	0x374
 669 031b 00       		.byte	0
 670 031c 09       		.uleb128 0x9
 671 031d 13010000 		.4byte	0x113
 672 0321 2C030000 		.4byte	0x32c
 673 0325 0A       		.uleb128 0xa
 674 0326 BA000000 		.4byte	0xba
 675 032a 03       		.byte	0x3
ARM GAS  C:\Users\noyce\AppData\Local\Temp\ccSecU8t.s 			page 14


 676 032b 00       		.byte	0
 677 032c 19       		.uleb128 0x19
 678 032d 98010000 		.4byte	.LASF39
 679 0331 07       		.byte	0x7
 680 0332 1207     		.2byte	0x712
 681 0334 38030000 		.4byte	0x338
 682 0338 06       		.uleb128 0x6
 683 0339 76000000 		.4byte	0x76
 684 033d 1A       		.uleb128 0x1a
 685 033e 4D020000 		.4byte	.LASF28
 686 0342 4D020000 		.4byte	.LASF28
 687 0346 05       		.byte	0x5
 688 0347 A4       		.byte	0xa4
 689 0348 1A       		.uleb128 0x1a
 690 0349 32000000 		.4byte	.LASF29
 691 034d 32000000 		.4byte	.LASF29
 692 0351 05       		.byte	0x5
 693 0352 A7       		.byte	0xa7
 694 0353 1A       		.uleb128 0x1a
 695 0354 74020000 		.4byte	.LASF30
 696 0358 74020000 		.4byte	.LASF30
 697 035c 05       		.byte	0x5
 698 035d A3       		.byte	0xa3
 699 035e 1A       		.uleb128 0x1a
 700 035f BC010000 		.4byte	.LASF31
 701 0363 BC010000 		.4byte	.LASF31
 702 0367 05       		.byte	0x5
 703 0368 A9       		.byte	0xa9
 704 0369 1A       		.uleb128 0x1a
 705 036a A8020000 		.4byte	.LASF32
 706 036e A8020000 		.4byte	.LASF32
 707 0372 06       		.byte	0x6
 708 0373 76       		.byte	0x76
 709 0374 1A       		.uleb128 0x1a
 710 0375 37020000 		.4byte	.LASF33
 711 0379 37020000 		.4byte	.LASF33
 712 037d 05       		.byte	0x5
 713 037e 93       		.byte	0x93
 714 037f 00       		.byte	0
 715              		.section	.debug_abbrev,"",%progbits
 716              	.Ldebug_abbrev0:
 717 0000 01       		.uleb128 0x1
 718 0001 11       		.uleb128 0x11
 719 0002 01       		.byte	0x1
 720 0003 25       		.uleb128 0x25
 721 0004 0E       		.uleb128 0xe
 722 0005 13       		.uleb128 0x13
 723 0006 0B       		.uleb128 0xb
 724 0007 03       		.uleb128 0x3
 725 0008 0E       		.uleb128 0xe
 726 0009 1B       		.uleb128 0x1b
 727 000a 0E       		.uleb128 0xe
 728 000b 55       		.uleb128 0x55
 729 000c 17       		.uleb128 0x17
 730 000d 11       		.uleb128 0x11
 731 000e 01       		.uleb128 0x1
 732 000f 10       		.uleb128 0x10
ARM GAS  C:\Users\noyce\AppData\Local\Temp\ccSecU8t.s 			page 15


 733 0010 17       		.uleb128 0x17
 734 0011 00       		.byte	0
 735 0012 00       		.byte	0
 736 0013 02       		.uleb128 0x2
 737 0014 24       		.uleb128 0x24
 738 0015 00       		.byte	0
 739 0016 0B       		.uleb128 0xb
 740 0017 0B       		.uleb128 0xb
 741 0018 3E       		.uleb128 0x3e
 742 0019 0B       		.uleb128 0xb
 743 001a 03       		.uleb128 0x3
 744 001b 0E       		.uleb128 0xe
 745 001c 00       		.byte	0
 746 001d 00       		.byte	0
 747 001e 03       		.uleb128 0x3
 748 001f 16       		.uleb128 0x16
 749 0020 00       		.byte	0
 750 0021 03       		.uleb128 0x3
 751 0022 0E       		.uleb128 0xe
 752 0023 3A       		.uleb128 0x3a
 753 0024 0B       		.uleb128 0xb
 754 0025 3B       		.uleb128 0x3b
 755 0026 0B       		.uleb128 0xb
 756 0027 49       		.uleb128 0x49
 757 0028 13       		.uleb128 0x13
 758 0029 00       		.byte	0
 759 002a 00       		.byte	0
 760 002b 04       		.uleb128 0x4
 761 002c 24       		.uleb128 0x24
 762 002d 00       		.byte	0
 763 002e 0B       		.uleb128 0xb
 764 002f 0B       		.uleb128 0xb
 765 0030 3E       		.uleb128 0x3e
 766 0031 0B       		.uleb128 0xb
 767 0032 03       		.uleb128 0x3
 768 0033 08       		.uleb128 0x8
 769 0034 00       		.byte	0
 770 0035 00       		.byte	0
 771 0036 05       		.uleb128 0x5
 772 0037 16       		.uleb128 0x16
 773 0038 00       		.byte	0
 774 0039 03       		.uleb128 0x3
 775 003a 0E       		.uleb128 0xe
 776 003b 3A       		.uleb128 0x3a
 777 003c 0B       		.uleb128 0xb
 778 003d 3B       		.uleb128 0x3b
 779 003e 05       		.uleb128 0x5
 780 003f 49       		.uleb128 0x49
 781 0040 13       		.uleb128 0x13
 782 0041 00       		.byte	0
 783 0042 00       		.byte	0
 784 0043 06       		.uleb128 0x6
 785 0044 35       		.uleb128 0x35
 786 0045 00       		.byte	0
 787 0046 49       		.uleb128 0x49
 788 0047 13       		.uleb128 0x13
 789 0048 00       		.byte	0
ARM GAS  C:\Users\noyce\AppData\Local\Temp\ccSecU8t.s 			page 16


 790 0049 00       		.byte	0
 791 004a 07       		.uleb128 0x7
 792 004b 13       		.uleb128 0x13
 793 004c 01       		.byte	0x1
 794 004d 0B       		.uleb128 0xb
 795 004e 0B       		.uleb128 0xb
 796 004f 3A       		.uleb128 0x3a
 797 0050 0B       		.uleb128 0xb
 798 0051 3B       		.uleb128 0x3b
 799 0052 0B       		.uleb128 0xb
 800 0053 01       		.uleb128 0x1
 801 0054 13       		.uleb128 0x13
 802 0055 00       		.byte	0
 803 0056 00       		.byte	0
 804 0057 08       		.uleb128 0x8
 805 0058 0D       		.uleb128 0xd
 806 0059 00       		.byte	0
 807 005a 03       		.uleb128 0x3
 808 005b 0E       		.uleb128 0xe
 809 005c 3A       		.uleb128 0x3a
 810 005d 0B       		.uleb128 0xb
 811 005e 3B       		.uleb128 0x3b
 812 005f 0B       		.uleb128 0xb
 813 0060 49       		.uleb128 0x49
 814 0061 13       		.uleb128 0x13
 815 0062 38       		.uleb128 0x38
 816 0063 0B       		.uleb128 0xb
 817 0064 00       		.byte	0
 818 0065 00       		.byte	0
 819 0066 09       		.uleb128 0x9
 820 0067 01       		.uleb128 0x1
 821 0068 01       		.byte	0x1
 822 0069 49       		.uleb128 0x49
 823 006a 13       		.uleb128 0x13
 824 006b 01       		.uleb128 0x1
 825 006c 13       		.uleb128 0x13
 826 006d 00       		.byte	0
 827 006e 00       		.byte	0
 828 006f 0A       		.uleb128 0xa
 829 0070 21       		.uleb128 0x21
 830 0071 00       		.byte	0
 831 0072 49       		.uleb128 0x49
 832 0073 13       		.uleb128 0x13
 833 0074 2F       		.uleb128 0x2f
 834 0075 0B       		.uleb128 0xb
 835 0076 00       		.byte	0
 836 0077 00       		.byte	0
 837 0078 0B       		.uleb128 0xb
 838 0079 13       		.uleb128 0x13
 839 007a 01       		.byte	0x1
 840 007b 03       		.uleb128 0x3
 841 007c 0E       		.uleb128 0xe
 842 007d 0B       		.uleb128 0xb
 843 007e 0B       		.uleb128 0xb
 844 007f 3A       		.uleb128 0x3a
 845 0080 0B       		.uleb128 0xb
 846 0081 3B       		.uleb128 0x3b
ARM GAS  C:\Users\noyce\AppData\Local\Temp\ccSecU8t.s 			page 17


 847 0082 0B       		.uleb128 0xb
 848 0083 01       		.uleb128 0x1
 849 0084 13       		.uleb128 0x13
 850 0085 00       		.byte	0
 851 0086 00       		.byte	0
 852 0087 0C       		.uleb128 0xc
 853 0088 2E       		.uleb128 0x2e
 854 0089 01       		.byte	0x1
 855 008a 3F       		.uleb128 0x3f
 856 008b 19       		.uleb128 0x19
 857 008c 03       		.uleb128 0x3
 858 008d 0E       		.uleb128 0xe
 859 008e 3A       		.uleb128 0x3a
 860 008f 0B       		.uleb128 0xb
 861 0090 3B       		.uleb128 0x3b
 862 0091 0B       		.uleb128 0xb
 863 0092 27       		.uleb128 0x27
 864 0093 19       		.uleb128 0x19
 865 0094 11       		.uleb128 0x11
 866 0095 01       		.uleb128 0x1
 867 0096 12       		.uleb128 0x12
 868 0097 06       		.uleb128 0x6
 869 0098 40       		.uleb128 0x40
 870 0099 18       		.uleb128 0x18
 871 009a 9742     		.uleb128 0x2117
 872 009c 19       		.uleb128 0x19
 873 009d 01       		.uleb128 0x1
 874 009e 13       		.uleb128 0x13
 875 009f 00       		.byte	0
 876 00a0 00       		.byte	0
 877 00a1 0D       		.uleb128 0xd
 878 00a2 05       		.uleb128 0x5
 879 00a3 00       		.byte	0
 880 00a4 03       		.uleb128 0x3
 881 00a5 0E       		.uleb128 0xe
 882 00a6 3A       		.uleb128 0x3a
 883 00a7 0B       		.uleb128 0xb
 884 00a8 3B       		.uleb128 0x3b
 885 00a9 0B       		.uleb128 0xb
 886 00aa 49       		.uleb128 0x49
 887 00ab 13       		.uleb128 0x13
 888 00ac 02       		.uleb128 0x2
 889 00ad 18       		.uleb128 0x18
 890 00ae 00       		.byte	0
 891 00af 00       		.byte	0
 892 00b0 0E       		.uleb128 0xe
 893 00b1 0B       		.uleb128 0xb
 894 00b2 01       		.byte	0x1
 895 00b3 11       		.uleb128 0x11
 896 00b4 01       		.uleb128 0x1
 897 00b5 12       		.uleb128 0x12
 898 00b6 06       		.uleb128 0x6
 899 00b7 01       		.uleb128 0x1
 900 00b8 13       		.uleb128 0x13
 901 00b9 00       		.byte	0
 902 00ba 00       		.byte	0
 903 00bb 0F       		.uleb128 0xf
ARM GAS  C:\Users\noyce\AppData\Local\Temp\ccSecU8t.s 			page 18


 904 00bc 34       		.uleb128 0x34
 905 00bd 00       		.byte	0
 906 00be 03       		.uleb128 0x3
 907 00bf 08       		.uleb128 0x8
 908 00c0 3A       		.uleb128 0x3a
 909 00c1 0B       		.uleb128 0xb
 910 00c2 3B       		.uleb128 0x3b
 911 00c3 0B       		.uleb128 0xb
 912 00c4 49       		.uleb128 0x49
 913 00c5 13       		.uleb128 0x13
 914 00c6 02       		.uleb128 0x2
 915 00c7 17       		.uleb128 0x17
 916 00c8 00       		.byte	0
 917 00c9 00       		.byte	0
 918 00ca 10       		.uleb128 0x10
 919 00cb 0B       		.uleb128 0xb
 920 00cc 01       		.byte	0x1
 921 00cd 11       		.uleb128 0x11
 922 00ce 01       		.uleb128 0x1
 923 00cf 12       		.uleb128 0x12
 924 00d0 06       		.uleb128 0x6
 925 00d1 00       		.byte	0
 926 00d2 00       		.byte	0
 927 00d3 11       		.uleb128 0x11
 928 00d4 0F       		.uleb128 0xf
 929 00d5 00       		.byte	0
 930 00d6 0B       		.uleb128 0xb
 931 00d7 0B       		.uleb128 0xb
 932 00d8 49       		.uleb128 0x49
 933 00d9 13       		.uleb128 0x13
 934 00da 00       		.byte	0
 935 00db 00       		.byte	0
 936 00dc 12       		.uleb128 0x12
 937 00dd 05       		.uleb128 0x5
 938 00de 00       		.byte	0
 939 00df 03       		.uleb128 0x3
 940 00e0 0E       		.uleb128 0xe
 941 00e1 3A       		.uleb128 0x3a
 942 00e2 0B       		.uleb128 0xb
 943 00e3 3B       		.uleb128 0x3b
 944 00e4 0B       		.uleb128 0xb
 945 00e5 49       		.uleb128 0x49
 946 00e6 13       		.uleb128 0x13
 947 00e7 02       		.uleb128 0x2
 948 00e8 17       		.uleb128 0x17
 949 00e9 00       		.byte	0
 950 00ea 00       		.byte	0
 951 00eb 13       		.uleb128 0x13
 952 00ec 898201   		.uleb128 0x4109
 953 00ef 00       		.byte	0
 954 00f0 11       		.uleb128 0x11
 955 00f1 01       		.uleb128 0x1
 956 00f2 31       		.uleb128 0x31
 957 00f3 13       		.uleb128 0x13
 958 00f4 00       		.byte	0
 959 00f5 00       		.byte	0
 960 00f6 14       		.uleb128 0x14
ARM GAS  C:\Users\noyce\AppData\Local\Temp\ccSecU8t.s 			page 19


 961 00f7 898201   		.uleb128 0x4109
 962 00fa 01       		.byte	0x1
 963 00fb 11       		.uleb128 0x11
 964 00fc 01       		.uleb128 0x1
 965 00fd 31       		.uleb128 0x31
 966 00fe 13       		.uleb128 0x13
 967 00ff 01       		.uleb128 0x1
 968 0100 13       		.uleb128 0x13
 969 0101 00       		.byte	0
 970 0102 00       		.byte	0
 971 0103 15       		.uleb128 0x15
 972 0104 8A8201   		.uleb128 0x410a
 973 0107 00       		.byte	0
 974 0108 02       		.uleb128 0x2
 975 0109 18       		.uleb128 0x18
 976 010a 9142     		.uleb128 0x2111
 977 010c 18       		.uleb128 0x18
 978 010d 00       		.byte	0
 979 010e 00       		.byte	0
 980 010f 16       		.uleb128 0x16
 981 0110 2E       		.uleb128 0x2e
 982 0111 01       		.byte	0x1
 983 0112 3F       		.uleb128 0x3f
 984 0113 19       		.uleb128 0x19
 985 0114 03       		.uleb128 0x3
 986 0115 0E       		.uleb128 0xe
 987 0116 3A       		.uleb128 0x3a
 988 0117 0B       		.uleb128 0xb
 989 0118 3B       		.uleb128 0x3b
 990 0119 0B       		.uleb128 0xb
 991 011a 27       		.uleb128 0x27
 992 011b 19       		.uleb128 0x19
 993 011c 49       		.uleb128 0x49
 994 011d 13       		.uleb128 0x13
 995 011e 8701     		.uleb128 0x87
 996 0120 19       		.uleb128 0x19
 997 0121 11       		.uleb128 0x11
 998 0122 01       		.uleb128 0x1
 999 0123 12       		.uleb128 0x12
 1000 0124 06       		.uleb128 0x6
 1001 0125 40       		.uleb128 0x40
 1002 0126 18       		.uleb128 0x18
 1003 0127 9742     		.uleb128 0x2117
 1004 0129 19       		.uleb128 0x19
 1005 012a 01       		.uleb128 0x1
 1006 012b 13       		.uleb128 0x13
 1007 012c 00       		.byte	0
 1008 012d 00       		.byte	0
 1009 012e 17       		.uleb128 0x17
 1010 012f 34       		.uleb128 0x34
 1011 0130 00       		.byte	0
 1012 0131 03       		.uleb128 0x3
 1013 0132 0E       		.uleb128 0xe
 1014 0133 3A       		.uleb128 0x3a
 1015 0134 0B       		.uleb128 0xb
 1016 0135 3B       		.uleb128 0x3b
 1017 0136 0B       		.uleb128 0xb
ARM GAS  C:\Users\noyce\AppData\Local\Temp\ccSecU8t.s 			page 20


 1018 0137 49       		.uleb128 0x49
 1019 0138 13       		.uleb128 0x13
 1020 0139 02       		.uleb128 0x2
 1021 013a 18       		.uleb128 0x18
 1022 013b 00       		.byte	0
 1023 013c 00       		.byte	0
 1024 013d 18       		.uleb128 0x18
 1025 013e 898201   		.uleb128 0x4109
 1026 0141 01       		.byte	0x1
 1027 0142 11       		.uleb128 0x11
 1028 0143 01       		.uleb128 0x1
 1029 0144 31       		.uleb128 0x31
 1030 0145 13       		.uleb128 0x13
 1031 0146 00       		.byte	0
 1032 0147 00       		.byte	0
 1033 0148 19       		.uleb128 0x19
 1034 0149 34       		.uleb128 0x34
 1035 014a 00       		.byte	0
 1036 014b 03       		.uleb128 0x3
 1037 014c 0E       		.uleb128 0xe
 1038 014d 3A       		.uleb128 0x3a
 1039 014e 0B       		.uleb128 0xb
 1040 014f 3B       		.uleb128 0x3b
 1041 0150 05       		.uleb128 0x5
 1042 0151 49       		.uleb128 0x49
 1043 0152 13       		.uleb128 0x13
 1044 0153 3F       		.uleb128 0x3f
 1045 0154 19       		.uleb128 0x19
 1046 0155 3C       		.uleb128 0x3c
 1047 0156 19       		.uleb128 0x19
 1048 0157 00       		.byte	0
 1049 0158 00       		.byte	0
 1050 0159 1A       		.uleb128 0x1a
 1051 015a 2E       		.uleb128 0x2e
 1052 015b 00       		.byte	0
 1053 015c 3F       		.uleb128 0x3f
 1054 015d 19       		.uleb128 0x19
 1055 015e 3C       		.uleb128 0x3c
 1056 015f 19       		.uleb128 0x19
 1057 0160 6E       		.uleb128 0x6e
 1058 0161 0E       		.uleb128 0xe
 1059 0162 03       		.uleb128 0x3
 1060 0163 0E       		.uleb128 0xe
 1061 0164 3A       		.uleb128 0x3a
 1062 0165 0B       		.uleb128 0xb
 1063 0166 3B       		.uleb128 0x3b
 1064 0167 0B       		.uleb128 0xb
 1065 0168 00       		.byte	0
 1066 0169 00       		.byte	0
 1067 016a 00       		.byte	0
 1068              		.section	.debug_loc,"",%progbits
 1069              	.Ldebug_loc0:
 1070              	.LLST0:
 1071 0000 0A000000 		.4byte	.LVL1
 1072 0004 0E000000 		.4byte	.LVL2
 1073 0008 0200     		.2byte	0x2
 1074 000a 30       		.byte	0x30
ARM GAS  C:\Users\noyce\AppData\Local\Temp\ccSecU8t.s 			page 21


 1075 000b 9F       		.byte	0x9f
 1076 000c 0E000000 		.4byte	.LVL2
 1077 0010 16000000 		.4byte	.LVL3
 1078 0014 0100     		.2byte	0x1
 1079 0016 53       		.byte	0x53
 1080 0017 18000000 		.4byte	.LVL4
 1081 001b 1E000000 		.4byte	.LVL5
 1082 001f 0100     		.2byte	0x1
 1083 0021 53       		.byte	0x53
 1084 0022 00000000 		.4byte	0
 1085 0026 00000000 		.4byte	0
 1086              	.LLST1:
 1087 002a 20000000 		.4byte	.LVL6
 1088 002e 2A000000 		.4byte	.LVL7
 1089 0032 0100     		.2byte	0x1
 1090 0034 53       		.byte	0x53
 1091 0035 2C000000 		.4byte	.LVL8
 1092 0039 32000000 		.4byte	.LFE63
 1093 003d 0100     		.2byte	0x1
 1094 003f 53       		.byte	0x53
 1095 0040 00000000 		.4byte	0
 1096 0044 00000000 		.4byte	0
 1097              	.LLST2:
 1098 0048 00000000 		.4byte	.LVL9
 1099 004c 07000000 		.4byte	.LVL10-1
 1100 0050 0100     		.2byte	0x1
 1101 0052 50       		.byte	0x50
 1102 0053 07000000 		.4byte	.LVL10-1
 1103 0057 5A000000 		.4byte	.LFE64
 1104 005b 0100     		.2byte	0x1
 1105 005d 54       		.byte	0x54
 1106 005e 00000000 		.4byte	0
 1107 0062 00000000 		.4byte	0
 1108              	.LLST3:
 1109 0066 08000000 		.4byte	.LVL18
 1110 006a 0C000000 		.4byte	.LVL19
 1111 006e 0200     		.2byte	0x2
 1112 0070 30       		.byte	0x30
 1113 0071 9F       		.byte	0x9f
 1114 0072 0C000000 		.4byte	.LVL19
 1115 0076 1A000000 		.4byte	.LVL21
 1116 007a 0100     		.2byte	0x1
 1117 007c 54       		.byte	0x54
 1118 007d 1C000000 		.4byte	.LVL22
 1119 0081 42000000 		.4byte	.LVL24
 1120 0085 0100     		.2byte	0x1
 1121 0087 54       		.byte	0x54
 1122 0088 00000000 		.4byte	0
 1123 008c 00000000 		.4byte	0
 1124              	.LLST4:
 1125 0090 42000000 		.4byte	.LVL24
 1126 0094 46000000 		.4byte	.LVL25
 1127 0098 0200     		.2byte	0x2
 1128 009a 30       		.byte	0x30
 1129 009b 9F       		.byte	0x9f
 1130 009c 46000000 		.4byte	.LVL25
 1131 00a0 54000000 		.4byte	.LVL27
ARM GAS  C:\Users\noyce\AppData\Local\Temp\ccSecU8t.s 			page 22


 1132 00a4 0100     		.2byte	0x1
 1133 00a6 54       		.byte	0x54
 1134 00a7 56000000 		.4byte	.LVL28
 1135 00ab 64000000 		.4byte	.LFE65
 1136 00af 0100     		.2byte	0x1
 1137 00b1 54       		.byte	0x54
 1138 00b2 00000000 		.4byte	0
 1139 00b6 00000000 		.4byte	0
 1140              		.section	.debug_aranges,"",%progbits
 1141 0000 2C000000 		.4byte	0x2c
 1142 0004 0200     		.2byte	0x2
 1143 0006 00000000 		.4byte	.Ldebug_info0
 1144 000a 04       		.byte	0x4
 1145 000b 00       		.byte	0
 1146 000c 0000     		.2byte	0
 1147 000e 0000     		.2byte	0
 1148 0010 00000000 		.4byte	.LFB63
 1149 0014 32000000 		.4byte	.LFE63-.LFB63
 1150 0018 00000000 		.4byte	.LFB64
 1151 001c 5A000000 		.4byte	.LFE64-.LFB64
 1152 0020 00000000 		.4byte	.LFB65
 1153 0024 64000000 		.4byte	.LFE65-.LFB65
 1154 0028 00000000 		.4byte	0
 1155 002c 00000000 		.4byte	0
 1156              		.section	.debug_ranges,"",%progbits
 1157              	.Ldebug_ranges0:
 1158 0000 00000000 		.4byte	.LFB63
 1159 0004 32000000 		.4byte	.LFE63
 1160 0008 00000000 		.4byte	.LFB64
 1161 000c 5A000000 		.4byte	.LFE64
 1162 0010 00000000 		.4byte	.LFB65
 1163 0014 64000000 		.4byte	.LFE65
 1164 0018 00000000 		.4byte	0
 1165 001c 00000000 		.4byte	0
 1166              		.section	.debug_line,"",%progbits
 1167              	.Ldebug_line0:
 1168 0000 F3010000 		.section	.debug_str,"MS",%progbits,1
 1168      02006201 
 1168      00000201 
 1168      FB0E0D00 
 1168      01010101 
 1169              	.LASF22:
 1170 0000 62757341 		.ascii	"busAddress\000"
 1170      64647265 
 1170      737300
 1171              	.LASF37:
 1172 000b 53656C65 		.ascii	"Selector_I2C_Struct\000"
 1172      63746F72 
 1172      5F493243 
 1172      5F537472 
 1172      75637400 
 1173              	.LASF9:
 1174 001f 5F5F696E 		.ascii	"__int32_t\000"
 1174      7433325F 
 1174      7400
 1175              	.LASF25:
 1176 0029 73656C65 		.ascii	"selector\000"
ARM GAS  C:\Users\noyce\AppData\Local\Temp\ccSecU8t.s 			page 23


 1176      63746F72 
 1176      00
 1177              	.LASF29:
 1178 0032 4932435F 		.ascii	"I2C_1_MasterWriteBuf\000"
 1178      315F4D61 
 1178      73746572 
 1178      57726974 
 1178      65427566 
 1179              	.LASF36:
 1180 0047 433A5C55 		.ascii	"C:\\Users\\noyce\\home\\Research\\illumina\\PSoC\\L"
 1180      73657273 
 1180      5C6E6F79 
 1180      63655C68 
 1180      6F6D655C 
 1181 0073 61796F75 		.ascii	"ayout 2_14 Master\\Layout 2_14 Master\\Design01.cyd"
 1181      7420325F 
 1181      3134204D 
 1181      61737465 
 1181      725C4C61 
 1182 00a4 736E00   		.ascii	"sn\000"
 1183              	.LASF13:
 1184 00a7 666C6F61 		.ascii	"float\000"
 1184      7400
 1185              	.LASF19:
 1186 00ad 64617461 		.ascii	"data\000"
 1186      00
 1187              	.LASF1:
 1188 00b2 756E7369 		.ascii	"unsigned char\000"
 1188      676E6564 
 1188      20636861 
 1188      7200
 1189              	.LASF34:
 1190 00c0 474E5520 		.ascii	"GNU C11 5.4.1 20160609 (release) [ARM/embedded-5-br"
 1190      43313120 
 1190      352E342E 
 1190      31203230 
 1190      31363036 
 1191 00f3 616E6368 		.ascii	"anch revision 237715] -mcpu=cortex-m3 -mthumb -g -O"
 1191      20726576 
 1191      6973696F 
 1191      6E203233 
 1191      37373135 
 1192 0126 67202D66 		.ascii	"g -ffunction-sections -ffat-lto-objects\000"
 1192      66756E63 
 1192      74696F6E 
 1192      2D736563 
 1192      74696F6E 
 1193              	.LASF23:
 1194 014e 53657475 		.ascii	"Setup_Selector_I2C_Struct\000"
 1194      705F5365 
 1194      6C656374 
 1194      6F725F49 
 1194      32435F53 
 1195              	.LASF5:
 1196 0168 6C6F6E67 		.ascii	"long unsigned int\000"
 1196      20756E73 
 1196      69676E65 
ARM GAS  C:\Users\noyce\AppData\Local\Temp\ccSecU8t.s 			page 24


 1196      6420696E 
 1196      7400
 1197              	.LASF27:
 1198 017a 74656D70 		.ascii	"temp\000"
 1198      00
 1199              	.LASF3:
 1200 017f 73686F72 		.ascii	"short unsigned int\000"
 1200      7420756E 
 1200      7369676E 
 1200      65642069 
 1200      6E7400
 1201              	.LASF20:
 1202 0192 77726974 		.ascii	"write\000"
 1202      6500
 1203              	.LASF39:
 1204 0198 49544D5F 		.ascii	"ITM_RxBuffer\000"
 1204      52784275 
 1204      66666572 
 1204      00
 1205              	.LASF24:
 1206 01a5 55706461 		.ascii	"Update_Selector\000"
 1206      74655F53 
 1206      656C6563 
 1206      746F7200 
 1207              	.LASF14:
 1208 01b5 646F7562 		.ascii	"double\000"
 1208      6C6500
 1209              	.LASF31:
 1210 01bc 4932435F 		.ascii	"I2C_1_MasterReadBuf\000"
 1210      315F4D61 
 1210      73746572 
 1210      52656164 
 1210      42756600 
 1211              	.LASF38:
 1212 01d0 6D61696E 		.ascii	"main\000"
 1212      00
 1213              	.LASF12:
 1214 01d5 75696E74 		.ascii	"uint16\000"
 1214      313600
 1215              	.LASF8:
 1216 01dc 756E7369 		.ascii	"unsigned int\000"
 1216      676E6564 
 1216      20696E74 
 1216      00
 1217              	.LASF7:
 1218 01e9 6C6F6E67 		.ascii	"long long unsigned int\000"
 1218      206C6F6E 
 1218      6720756E 
 1218      7369676E 
 1218      65642069 
 1219              	.LASF0:
 1220 0200 7369676E 		.ascii	"signed char\000"
 1220      65642063 
 1220      68617200 
 1221              	.LASF10:
 1222 020c 696E7433 		.ascii	"int32_t\000"
 1222      325F7400 
ARM GAS  C:\Users\noyce\AppData\Local\Temp\ccSecU8t.s 			page 25


 1223              	.LASF17:
 1224 0214 73697A65 		.ascii	"sizetype\000"
 1224      74797065 
 1224      00
 1225              	.LASF6:
 1226 021d 6C6F6E67 		.ascii	"long long int\000"
 1226      206C6F6E 
 1226      6720696E 
 1226      7400
 1227              	.LASF35:
 1228 022b 6D61696E 		.ascii	"main.c\000"
 1228      2E6300
 1229              	.LASF15:
 1230 0232 63686172 		.ascii	"char\000"
 1230      00
 1231              	.LASF33:
 1232 0237 4932435F 		.ascii	"I2C_1_Start\000"
 1232      315F5374 
 1232      61727400 
 1233              	.LASF2:
 1234 0243 73686F72 		.ascii	"short int\000"
 1234      7420696E 
 1234      7400
 1235              	.LASF28:
 1236 024d 4932435F 		.ascii	"I2C_1_MasterClearStatus\000"
 1236      315F4D61 
 1236      73746572 
 1236      436C6561 
 1236      72537461 
 1237              	.LASF11:
 1238 0265 75696E74 		.ascii	"uint8\000"
 1238      3800
 1239              	.LASF4:
 1240 026b 6C6F6E67 		.ascii	"long int\000"
 1240      20696E74 
 1240      00
 1241              	.LASF30:
 1242 0274 4932435F 		.ascii	"I2C_1_MasterStatus\000"
 1242      315F4D61 
 1242      73746572 
 1242      53746174 
 1242      757300
 1243              	.LASF16:
 1244 0287 6C6F6E67 		.ascii	"long double\000"
 1244      20646F75 
 1244      626C6500 
 1245              	.LASF18:
 1246 0293 73756241 		.ascii	"subAddress\000"
 1246      64647265 
 1246      737300
 1247              	.LASF26:
 1248 029e 73656C65 		.ascii	"selectors\000"
 1248      63746F72 
 1248      7300
 1249              	.LASF32:
 1250 02a8 43794465 		.ascii	"CyDelay\000"
 1250      6C617900 
ARM GAS  C:\Users\noyce\AppData\Local\Temp\ccSecU8t.s 			page 26


 1251              	.LASF21:
 1252 02b0 72656164 		.ascii	"read\000"
 1252      00
 1253              		.ident	"GCC: (GNU Tools for ARM Embedded Processors) 5.4.1 20160609 (release) [ARM/embedded-5-bran
