ARM GAS  C:\Users\noyce\AppData\Local\Temp\ccC3qTwv.s 			page 1


   1              		.syntax unified
   2              		.cpu cortex-m3
   3              		.fpu softvfp
   4              		.eabi_attribute 20, 1
   5              		.eabi_attribute 21, 1
   6              		.eabi_attribute 23, 3
   7              		.eabi_attribute 24, 1
   8              		.eabi_attribute 25, 1
   9              		.eabi_attribute 26, 1
  10              		.eabi_attribute 30, 1
  11              		.eabi_attribute 34, 1
  12              		.eabi_attribute 18, 4
  13              		.thumb
  14              		.syntax unified
  15              		.file	"cymetadata.c"
  16              		.text
  17              	.Ltext0:
  18              		.cfi_sections	.debug_frame
  19              		.global	cy_metadata
  20              		.global	cy_meta_flashprotect
  21              		.global	cy_meta_wonvl
  22              		.global	cy_meta_custnvl
  23              		.global	cy_meta_configecc
  24              		.section	.cyconfigecc,"a",%progbits
  25              		.align	2
  26              		.type	cy_meta_configecc, %object
  27              		.size	cy_meta_configecc, 224
  28              	cy_meta_configecc:
  29 0000 01       		.byte	1
  30 0001 45       		.byte	69
  31 0002 00       		.byte	0
  32 0003 40       		.byte	64
  33 0004 01       		.byte	1
  34 0005 52       		.byte	82
  35 0006 00       		.byte	0
  36 0007 40       		.byte	64
  37 0008 01       		.byte	1
  38 0009 09       		.byte	9
  39 000a 01       		.byte	1
  40 000b 40       		.byte	64
  41 000c 04       		.byte	4
  42 000d 0A       		.byte	10
  43 000e 01       		.byte	1
  44 000f 40       		.byte	64
  45 0010 01       		.byte	1
  46 0011 0B       		.byte	11
  47 0012 01       		.byte	1
  48 0013 40       		.byte	64
  49 0014 01       		.byte	1
  50 0015 15       		.byte	21
  51 0016 01       		.byte	1
  52 0017 40       		.byte	64
  53 0018 02       		.byte	2
  54 0019 17       		.byte	23
  55 001a 01       		.byte	1
  56 001b 40       		.byte	64
  57 001c 02       		.byte	2
ARM GAS  C:\Users\noyce\AppData\Local\Temp\ccC3qTwv.s 			page 2


  58 001d 19       		.byte	25
  59 001e 01       		.byte	1
  60 001f 40       		.byte	64
  61 0020 01       		.byte	1
  62 0021 1B       		.byte	27
  63 0022 01       		.byte	1
  64 0023 40       		.byte	64
  65 0024 03       		.byte	3
  66 0025 40       		.byte	64
  67 0026 01       		.byte	1
  68 0027 40       		.byte	64
  69 0028 03       		.byte	3
  70 0029 41       		.byte	65
  71 002a 01       		.byte	1
  72 002b 40       		.byte	64
  73 002c 03       		.byte	3
  74 002d 42       		.byte	66
  75 002e 01       		.byte	1
  76 002f 40       		.byte	64
  77 0030 03       		.byte	3
  78 0031 43       		.byte	67
  79 0032 01       		.byte	1
  80 0033 40       		.byte	64
  81 0034 02       		.byte	2
  82 0035 44       		.byte	68
  83 0036 01       		.byte	1
  84 0037 40       		.byte	64
  85 0038 01       		.byte	1
  86 0039 45       		.byte	69
  87 003a 01       		.byte	1
  88 003b 40       		.byte	64
  89 003c 03       		.byte	3
  90 003d 46       		.byte	70
  91 003e 01       		.byte	1
  92 003f 40       		.byte	64
  93 0040 07       		.byte	7
  94 0041 47       		.byte	71
  95 0042 01       		.byte	1
  96 0043 40       		.byte	64
  97 0044 06       		.byte	6
  98 0045 48       		.byte	72
  99 0046 01       		.byte	1
 100 0047 40       		.byte	64
 101 0048 01       		.byte	1
 102 0049 49       		.byte	73
 103 004a 01       		.byte	1
 104 004b 40       		.byte	64
 105 004c 03       		.byte	3
 106 004d 4C       		.byte	76
 107 004e 01       		.byte	1
 108 004f 40       		.byte	64
 109 0050 02       		.byte	2
 110 0051 4D       		.byte	77
 111 0052 01       		.byte	1
 112 0053 40       		.byte	64
 113 0054 01       		.byte	1
 114 0055 51       		.byte	81
ARM GAS  C:\Users\noyce\AppData\Local\Temp\ccC3qTwv.s 			page 3


 115 0056 01       		.byte	1
 116 0057 40       		.byte	64
 117 0058 7E       		.byte	126
 118 0059 02       		.byte	2
 119 005a 7C       		.byte	124
 120 005b 40       		.byte	64
 121 005c B5       		.byte	-75
 122 005d 02       		.byte	2
 123 005e B8       		.byte	-72
 124 005f 02       		.byte	2
 125 0060 BE       		.byte	-66
 126 0061 01       		.byte	1
 127 0062 D8       		.byte	-40
 128 0063 04       		.byte	4
 129 0064 DF       		.byte	-33
 130 0065 01       		.byte	1
 131 0066 1D       		.byte	29
 132 0067 02       		.byte	2
 133 0068 EC       		.byte	-20
 134 0069 10       		.byte	16
 135 006a EA       		.byte	-22
 136 006b 02       		.byte	2
 137 006c EE       		.byte	-18
 138 006d 0A       		.byte	10
 139 006e EA       		.byte	-22
 140 006f 02       		.byte	2
 141 0070 EE       		.byte	-18
 142 0071 0A       		.byte	10
 143 0072 EC       		.byte	-20
 144 0073 10       		.byte	16
 145 0074 33       		.byte	51
 146 0075 81       		.byte	-127
 147 0076 36       		.byte	54
 148 0077 40       		.byte	64
 149 0078 CC       		.byte	-52
 150 0079 70       		.byte	112
 151 007a 9F       		.byte	-97
 152 007b 01       		.byte	1
 153 007c A6       		.byte	-90
 154 007d 40       		.byte	64
 155 007e A7       		.byte	-89
 156 007f 80       		.byte	-128
 157 0080 9F       		.byte	-97
 158 0081 01       		.byte	1
 159 0082 A6       		.byte	-90
 160 0083 40       		.byte	64
 161 0084 A7       		.byte	-89
 162 0085 80       		.byte	-128
 163 0086 9F       		.byte	-97
 164 0087 01       		.byte	1
 165 0088 A6       		.byte	-90
 166 0089 40       		.byte	64
 167 008a A7       		.byte	-89
 168 008b 80       		.byte	-128
 169 008c 7C       		.byte	124
 170 008d 01       		.byte	1
 171 008e DE       		.byte	-34
ARM GAS  C:\Users\noyce\AppData\Local\Temp\ccC3qTwv.s 			page 4


 172 008f 01       		.byte	1
 173 0090 94       		.byte	-108
 174 0091 01       		.byte	1
 175 0092 45       		.byte	69
 176 0093 08       		.byte	8
 177 0094 94       		.byte	-108
 178 0095 01       		.byte	1
 179 0096 D0       		.byte	-48
 180 0097 01       		.byte	1
 181 0098 08       		.byte	8
 182 0099 08       		.byte	8
 183 009a 0B       		.byte	11
 184 009b 04       		.byte	4
 185 009c 0F       		.byte	15
 186 009d 40       		.byte	64
 187 009e A5       		.byte	-91
 188 009f 08       		.byte	8
 189 00a0 B4       		.byte	-76
 190 00a1 01       		.byte	1
 191 00a2 C2       		.byte	-62
 192 00a3 0E       		.byte	14
 193 00a4 EC       		.byte	-20
 194 00a5 08       		.byte	8
 195 00a6 25       		.byte	37
 196 00a7 10       		.byte	16
 197 00a8 AE       		.byte	-82
 198 00a9 40       		.byte	64
 199 00aa AF       		.byte	-81
 200 00ab 81       		.byte	-127
 201 00ac C8       		.byte	-56
 202 00ad 20       		.byte	32
 203 00ae EA       		.byte	-22
 204 00af 40       		.byte	64
 205 00b0 EE       		.byte	-18
 206 00b1 50       		.byte	80
 207 00b2 B5       		.byte	-75
 208 00b3 10       		.byte	16
 209 00b4 A5       		.byte	-91
 210 00b5 08       		.byte	8
 211 00b6 AC       		.byte	-84
 212 00b7 08       		.byte	8
 213 00b8 AF       		.byte	-81
 214 00b9 44       		.byte	68
 215 00ba B5       		.byte	-75
 216 00bb 08       		.byte	8
 217 00bc EC       		.byte	-20
 218 00bd 08       		.byte	8
 219 00be 00       		.byte	0
 220 00bf 2A       		.byte	42
 221 00c0 40       		.byte	64
 222 00c1 00       		.byte	0
 223 00c2 00       		.byte	0
 224 00c3 00       		.byte	0
 225 00c4 00       		.byte	0
 226 00c5 00       		.byte	0
 227 00c6 00       		.byte	0
 228 00c7 00       		.byte	0
ARM GAS  C:\Users\noyce\AppData\Local\Temp\ccC3qTwv.s 			page 5


 229 00c8 C0       		.byte	-64
 230 00c9 00       		.byte	0
 231 00ca 00       		.byte	0
 232 00cb 00       		.byte	0
 233 00cc 00       		.byte	0
 234 00cd 0B       		.byte	11
 235 00ce 0B       		.byte	11
 236 00cf 00       		.byte	0
 237 00d0 00       		.byte	0
 238 00d1 00       		.byte	0
 239 00d2 00       		.byte	0
 240 00d3 00       		.byte	0
 241 00d4 00       		.byte	0
 242 00d5 00       		.byte	0
 243 00d6 00       		.byte	0
 244 00d7 00       		.byte	0
 245 00d8 00       		.byte	0
 246 00d9 00       		.byte	0
 247 00da 07       		.byte	7
 248 00db 00       		.byte	0
 249 00dc BB       		.byte	-69
 250 00dd 00       		.byte	0
 251 00de 18       		.byte	24
 252 00df 01       		.byte	1
 253              		.section	.cywolatch,"a",%progbits
 254              		.align	2
 255              		.type	cy_meta_wonvl, %object
 256              		.size	cy_meta_wonvl, 4
 257              	cy_meta_wonvl:
 258 0000 BC       		.byte	-68
 259 0001 90       		.byte	-112
 260 0002 AC       		.byte	-84
 261 0003 AF       		.byte	-81
 262              		.section	.cycustnvl,"a",%progbits
 263              		.align	2
 264              		.type	cy_meta_custnvl, %object
 265              		.size	cy_meta_custnvl, 4
 266              	cy_meta_custnvl:
 267 0000 00       		.byte	0
 268 0001 00       		.byte	0
 269 0002 40       		.byte	64
 270 0003 05       		.byte	5
 271              		.section	.cymeta,"a",%progbits
 272              		.align	2
 273              		.type	cy_metadata, %object
 274              		.size	cy_metadata, 12
 275              	cy_metadata:
 276 0000 00       		.byte	0
 277 0001 01       		.byte	1
 278 0002 2E       		.byte	46
 279 0003 16       		.byte	22
 280 0004 10       		.byte	16
 281 0005 69       		.byte	105
 282 0006 00       		.byte	0
 283 0007 01       		.byte	1
 284 0008 00       		.byte	0
 285 0009 00       		.byte	0
ARM GAS  C:\Users\noyce\AppData\Local\Temp\ccC3qTwv.s 			page 6


 286 000a 00       		.byte	0
 287 000b 00       		.byte	0
 288              		.section	.cyflashprotect,"a",%progbits
 289              		.align	2
 290              		.type	cy_meta_flashprotect, %object
 291              		.size	cy_meta_flashprotect, 256
 292              	cy_meta_flashprotect:
 293 0000 00000000 		.space	256
 293      00000000 
 293      00000000 
 293      00000000 
 293      00000000 
 294              		.text
 295              	.Letext0:
 296              		.file 1 "c:\\program files (x86)\\cypress\\psoc creator\\4.1\\psoc creator\\import\\gnu\\arm\\5.4.
 297              		.file 2 "c:\\program files (x86)\\cypress\\psoc creator\\4.1\\psoc creator\\import\\gnu\\arm\\5.4.
 298              		.file 3 "Generated_Source\\PSoC5\\cymetadata.c"
 299              		.section	.debug_info,"",%progbits
 300              	.Ldebug_info0:
 301 0000 30010000 		.4byte	0x130
 302 0004 0400     		.2byte	0x4
 303 0006 00000000 		.4byte	.Ldebug_abbrev0
 304 000a 04       		.byte	0x4
 305 000b 01       		.uleb128 0x1
 306 000c 24000000 		.4byte	.LASF17
 307 0010 0C       		.byte	0xc
 308 0011 CE010000 		.4byte	.LASF18
 309 0015 3A010000 		.4byte	.LASF19
 310 0019 00000000 		.4byte	.Ldebug_line0
 311 001d 02       		.uleb128 0x2
 312 001e 01       		.byte	0x1
 313 001f 06       		.byte	0x6
 314 0020 C2010000 		.4byte	.LASF0
 315 0024 03       		.uleb128 0x3
 316 0025 00000000 		.4byte	.LASF9
 317 0029 01       		.byte	0x1
 318 002a 1D       		.byte	0x1d
 319 002b 2F000000 		.4byte	0x2f
 320 002f 02       		.uleb128 0x2
 321 0030 01       		.byte	0x1
 322 0031 08       		.byte	0x8
 323 0032 16000000 		.4byte	.LASF1
 324 0036 02       		.uleb128 0x2
 325 0037 02       		.byte	0x2
 326 0038 05       		.byte	0x5
 327 0039 AF010000 		.4byte	.LASF2
 328 003d 02       		.uleb128 0x2
 329 003e 02       		.byte	0x2
 330 003f 07       		.byte	0x7
 331 0040 C4000000 		.4byte	.LASF3
 332 0044 02       		.uleb128 0x2
 333 0045 04       		.byte	0x4
 334 0046 05       		.byte	0x5
 335 0047 B9010000 		.4byte	.LASF4
 336 004b 02       		.uleb128 0x2
 337 004c 04       		.byte	0x4
 338 004d 07       		.byte	0x7
ARM GAS  C:\Users\noyce\AppData\Local\Temp\ccC3qTwv.s 			page 7


 339 004e B2000000 		.4byte	.LASF5
 340 0052 02       		.uleb128 0x2
 341 0053 08       		.byte	0x8
 342 0054 05       		.byte	0x5
 343 0055 93010000 		.4byte	.LASF6
 344 0059 02       		.uleb128 0x2
 345 005a 08       		.byte	0x8
 346 005b 07       		.byte	0x7
 347 005c 06010000 		.4byte	.LASF7
 348 0060 04       		.uleb128 0x4
 349 0061 04       		.byte	0x4
 350 0062 05       		.byte	0x5
 351 0063 696E7400 		.ascii	"int\000"
 352 0067 02       		.uleb128 0x2
 353 0068 04       		.byte	0x4
 354 0069 07       		.byte	0x7
 355 006a F9000000 		.4byte	.LASF8
 356 006e 03       		.uleb128 0x3
 357 006f 1D010000 		.4byte	.LASF10
 358 0073 02       		.byte	0x2
 359 0074 18       		.byte	0x18
 360 0075 24000000 		.4byte	0x24
 361 0079 05       		.uleb128 0x5
 362 007a 90000000 		.4byte	0x90
 363 007e 89000000 		.4byte	0x89
 364 0082 06       		.uleb128 0x6
 365 0083 89000000 		.4byte	0x89
 366 0087 DF       		.byte	0xdf
 367 0088 00       		.byte	0
 368 0089 02       		.uleb128 0x2
 369 008a 04       		.byte	0x4
 370 008b 07       		.byte	0x7
 371 008c 8A010000 		.4byte	.LASF11
 372 0090 07       		.uleb128 0x7
 373 0091 6E000000 		.4byte	0x6e
 374 0095 08       		.uleb128 0x8
 375 0096 E7000000 		.4byte	.LASF12
 376 009a 03       		.byte	0x3
 377 009b 1F       		.byte	0x1f
 378 009c A6000000 		.4byte	0xa6
 379 00a0 05       		.uleb128 0x5
 380 00a1 03       		.byte	0x3
 381 00a2 00000000 		.4byte	cy_meta_configecc
 382 00a6 07       		.uleb128 0x7
 383 00a7 79000000 		.4byte	0x79
 384 00ab 05       		.uleb128 0x5
 385 00ac 90000000 		.4byte	0x90
 386 00b0 BB000000 		.4byte	0xbb
 387 00b4 06       		.uleb128 0x6
 388 00b5 89000000 		.4byte	0x89
 389 00b9 03       		.byte	0x3
 390 00ba 00       		.byte	0
 391 00bb 08       		.uleb128 0x8
 392 00bc D7000000 		.4byte	.LASF13
 393 00c0 03       		.byte	0x3
 394 00c1 48       		.byte	0x48
 395 00c2 CC000000 		.4byte	0xcc
ARM GAS  C:\Users\noyce\AppData\Local\Temp\ccC3qTwv.s 			page 8


 396 00c6 05       		.uleb128 0x5
 397 00c7 03       		.byte	0x3
 398 00c8 00000000 		.4byte	cy_meta_custnvl
 399 00cc 07       		.uleb128 0x7
 400 00cd AB000000 		.4byte	0xab
 401 00d1 08       		.uleb128 0x8
 402 00d2 A1010000 		.4byte	.LASF14
 403 00d6 03       		.byte	0x3
 404 00d7 56       		.byte	0x56
 405 00d8 E2000000 		.4byte	0xe2
 406 00dc 05       		.uleb128 0x5
 407 00dd 03       		.byte	0x3
 408 00de 00000000 		.4byte	cy_meta_wonvl
 409 00e2 07       		.uleb128 0x7
 410 00e3 AB000000 		.4byte	0xab
 411 00e7 05       		.uleb128 0x5
 412 00e8 90000000 		.4byte	0x90
 413 00ec F7000000 		.4byte	0xf7
 414 00f0 06       		.uleb128 0x6
 415 00f1 89000000 		.4byte	0x89
 416 00f5 FF       		.byte	0xff
 417 00f6 00       		.byte	0
 418 00f7 08       		.uleb128 0x8
 419 00f8 25010000 		.4byte	.LASF15
 420 00fc 03       		.byte	0x3
 421 00fd 64       		.byte	0x64
 422 00fe 08010000 		.4byte	0x108
 423 0102 05       		.uleb128 0x5
 424 0103 03       		.byte	0x3
 425 0104 00000000 		.4byte	cy_meta_flashprotect
 426 0108 07       		.uleb128 0x7
 427 0109 E7000000 		.4byte	0xe7
 428 010d 05       		.uleb128 0x5
 429 010e 90000000 		.4byte	0x90
 430 0112 1D010000 		.4byte	0x11d
 431 0116 06       		.uleb128 0x6
 432 0117 89000000 		.4byte	0x89
 433 011b 0B       		.byte	0xb
 434 011c 00       		.byte	0
 435 011d 08       		.uleb128 0x8
 436 011e 0A000000 		.4byte	.LASF16
 437 0122 03       		.byte	0x3
 438 0123 91       		.byte	0x91
 439 0124 2E010000 		.4byte	0x12e
 440 0128 05       		.uleb128 0x5
 441 0129 03       		.byte	0x3
 442 012a 00000000 		.4byte	cy_metadata
 443 012e 07       		.uleb128 0x7
 444 012f 0D010000 		.4byte	0x10d
 445 0133 00       		.byte	0
 446              		.section	.debug_abbrev,"",%progbits
 447              	.Ldebug_abbrev0:
 448 0000 01       		.uleb128 0x1
 449 0001 11       		.uleb128 0x11
 450 0002 01       		.byte	0x1
 451 0003 25       		.uleb128 0x25
 452 0004 0E       		.uleb128 0xe
ARM GAS  C:\Users\noyce\AppData\Local\Temp\ccC3qTwv.s 			page 9


 453 0005 13       		.uleb128 0x13
 454 0006 0B       		.uleb128 0xb
 455 0007 03       		.uleb128 0x3
 456 0008 0E       		.uleb128 0xe
 457 0009 1B       		.uleb128 0x1b
 458 000a 0E       		.uleb128 0xe
 459 000b 10       		.uleb128 0x10
 460 000c 17       		.uleb128 0x17
 461 000d 00       		.byte	0
 462 000e 00       		.byte	0
 463 000f 02       		.uleb128 0x2
 464 0010 24       		.uleb128 0x24
 465 0011 00       		.byte	0
 466 0012 0B       		.uleb128 0xb
 467 0013 0B       		.uleb128 0xb
 468 0014 3E       		.uleb128 0x3e
 469 0015 0B       		.uleb128 0xb
 470 0016 03       		.uleb128 0x3
 471 0017 0E       		.uleb128 0xe
 472 0018 00       		.byte	0
 473 0019 00       		.byte	0
 474 001a 03       		.uleb128 0x3
 475 001b 16       		.uleb128 0x16
 476 001c 00       		.byte	0
 477 001d 03       		.uleb128 0x3
 478 001e 0E       		.uleb128 0xe
 479 001f 3A       		.uleb128 0x3a
 480 0020 0B       		.uleb128 0xb
 481 0021 3B       		.uleb128 0x3b
 482 0022 0B       		.uleb128 0xb
 483 0023 49       		.uleb128 0x49
 484 0024 13       		.uleb128 0x13
 485 0025 00       		.byte	0
 486 0026 00       		.byte	0
 487 0027 04       		.uleb128 0x4
 488 0028 24       		.uleb128 0x24
 489 0029 00       		.byte	0
 490 002a 0B       		.uleb128 0xb
 491 002b 0B       		.uleb128 0xb
 492 002c 3E       		.uleb128 0x3e
 493 002d 0B       		.uleb128 0xb
 494 002e 03       		.uleb128 0x3
 495 002f 08       		.uleb128 0x8
 496 0030 00       		.byte	0
 497 0031 00       		.byte	0
 498 0032 05       		.uleb128 0x5
 499 0033 01       		.uleb128 0x1
 500 0034 01       		.byte	0x1
 501 0035 49       		.uleb128 0x49
 502 0036 13       		.uleb128 0x13
 503 0037 01       		.uleb128 0x1
 504 0038 13       		.uleb128 0x13
 505 0039 00       		.byte	0
 506 003a 00       		.byte	0
 507 003b 06       		.uleb128 0x6
 508 003c 21       		.uleb128 0x21
 509 003d 00       		.byte	0
ARM GAS  C:\Users\noyce\AppData\Local\Temp\ccC3qTwv.s 			page 10


 510 003e 49       		.uleb128 0x49
 511 003f 13       		.uleb128 0x13
 512 0040 2F       		.uleb128 0x2f
 513 0041 0B       		.uleb128 0xb
 514 0042 00       		.byte	0
 515 0043 00       		.byte	0
 516 0044 07       		.uleb128 0x7
 517 0045 26       		.uleb128 0x26
 518 0046 00       		.byte	0
 519 0047 49       		.uleb128 0x49
 520 0048 13       		.uleb128 0x13
 521 0049 00       		.byte	0
 522 004a 00       		.byte	0
 523 004b 08       		.uleb128 0x8
 524 004c 34       		.uleb128 0x34
 525 004d 00       		.byte	0
 526 004e 03       		.uleb128 0x3
 527 004f 0E       		.uleb128 0xe
 528 0050 3A       		.uleb128 0x3a
 529 0051 0B       		.uleb128 0xb
 530 0052 3B       		.uleb128 0x3b
 531 0053 0B       		.uleb128 0xb
 532 0054 49       		.uleb128 0x49
 533 0055 13       		.uleb128 0x13
 534 0056 3F       		.uleb128 0x3f
 535 0057 19       		.uleb128 0x19
 536 0058 02       		.uleb128 0x2
 537 0059 18       		.uleb128 0x18
 538 005a 00       		.byte	0
 539 005b 00       		.byte	0
 540 005c 00       		.byte	0
 541              		.section	.debug_aranges,"",%progbits
 542 0000 14000000 		.4byte	0x14
 543 0004 0200     		.2byte	0x2
 544 0006 00000000 		.4byte	.Ldebug_info0
 545 000a 04       		.byte	0x4
 546 000b 00       		.byte	0
 547 000c 0000     		.2byte	0
 548 000e 0000     		.2byte	0
 549 0010 00000000 		.4byte	0
 550 0014 00000000 		.4byte	0
 551              		.section	.debug_line,"",%progbits
 552              	.Ldebug_line0:
 553 0000 3D010000 		.section	.debug_str,"MS",%progbits,1
 553      02003701 
 553      00000201 
 553      FB0E0D00 
 553      01010101 
 554              	.LASF9:
 555 0000 5F5F7569 		.ascii	"__uint8_t\000"
 555      6E74385F 
 555      7400
 556              	.LASF16:
 557 000a 63795F6D 		.ascii	"cy_metadata\000"
 557      65746164 
 557      61746100 
 558              	.LASF1:
ARM GAS  C:\Users\noyce\AppData\Local\Temp\ccC3qTwv.s 			page 11


 559 0016 756E7369 		.ascii	"unsigned char\000"
 559      676E6564 
 559      20636861 
 559      7200
 560              	.LASF17:
 561 0024 474E5520 		.ascii	"GNU C11 5.4.1 20160609 (release) [ARM/embedded-5-br"
 561      43313120 
 561      352E342E 
 561      31203230 
 561      31363036 
 562 0057 616E6368 		.ascii	"anch revision 237715] -mcpu=cortex-m3 -mthumb -g -O"
 562      20726576 
 562      6973696F 
 562      6E203233 
 562      37373135 
 563 008a 67202D66 		.ascii	"g -ffunction-sections -ffat-lto-objects\000"
 563      66756E63 
 563      74696F6E 
 563      2D736563 
 563      74696F6E 
 564              	.LASF5:
 565 00b2 6C6F6E67 		.ascii	"long unsigned int\000"
 565      20756E73 
 565      69676E65 
 565      6420696E 
 565      7400
 566              	.LASF3:
 567 00c4 73686F72 		.ascii	"short unsigned int\000"
 567      7420756E 
 567      7369676E 
 567      65642069 
 567      6E7400
 568              	.LASF13:
 569 00d7 63795F6D 		.ascii	"cy_meta_custnvl\000"
 569      6574615F 
 569      63757374 
 569      6E766C00 
 570              	.LASF12:
 571 00e7 63795F6D 		.ascii	"cy_meta_configecc\000"
 571      6574615F 
 571      636F6E66 
 571      69676563 
 571      6300
 572              	.LASF8:
 573 00f9 756E7369 		.ascii	"unsigned int\000"
 573      676E6564 
 573      20696E74 
 573      00
 574              	.LASF7:
 575 0106 6C6F6E67 		.ascii	"long long unsigned int\000"
 575      206C6F6E 
 575      6720756E 
 575      7369676E 
 575      65642069 
 576              	.LASF10:
 577 011d 75696E74 		.ascii	"uint8_t\000"
 577      385F7400 
ARM GAS  C:\Users\noyce\AppData\Local\Temp\ccC3qTwv.s 			page 12


 578              	.LASF15:
 579 0125 63795F6D 		.ascii	"cy_meta_flashprotect\000"
 579      6574615F 
 579      666C6173 
 579      6870726F 
 579      74656374 
 580              	.LASF19:
 581 013a 433A5C55 		.ascii	"C:\\Users\\noyce\\home\\Research\\illumina\\PSoC\\P"
 581      73657273 
 581      5C6E6F79 
 581      63655C68 
 581      6F6D655C 
 582 0166 536F4335 		.ascii	"SoC5 SMU\\PSoC5 SMU 1\\Design01.cydsn\000"
 582      20534D55 
 582      5C50536F 
 582      43352053 
 582      4D552031 
 583              	.LASF11:
 584 018a 73697A65 		.ascii	"sizetype\000"
 584      74797065 
 584      00
 585              	.LASF6:
 586 0193 6C6F6E67 		.ascii	"long long int\000"
 586      206C6F6E 
 586      6720696E 
 586      7400
 587              	.LASF14:
 588 01a1 63795F6D 		.ascii	"cy_meta_wonvl\000"
 588      6574615F 
 588      776F6E76 
 588      6C00
 589              	.LASF2:
 590 01af 73686F72 		.ascii	"short int\000"
 590      7420696E 
 590      7400
 591              	.LASF4:
 592 01b9 6C6F6E67 		.ascii	"long int\000"
 592      20696E74 
 592      00
 593              	.LASF0:
 594 01c2 7369676E 		.ascii	"signed char\000"
 594      65642063 
 594      68617200 
 595              	.LASF18:
 596 01ce 47656E65 		.ascii	"Generated_Source\\PSoC5\\cymetadata.c\000"
 596      72617465 
 596      645F536F 
 596      75726365 
 596      5C50536F 
 597              		.ident	"GCC: (GNU Tools for ARM Embedded Processors) 5.4.1 20160609 (release) [ARM/embedded-5-bran
