ARM GAS  C:\Users\FRANKL~1\AppData\Local\Temp\ccQpYLXx.s 			page 1


   1              		.syntax unified
   2              		.cpu cortex-m3
   3              		.fpu softvfp
   4              		.eabi_attribute 20, 1
   5              		.eabi_attribute 21, 1
   6              		.eabi_attribute 23, 3
   7              		.eabi_attribute 24, 1
   8              		.eabi_attribute 25, 1
   9              		.eabi_attribute 26, 1
  10              		.eabi_attribute 30, 1
  11              		.eabi_attribute 34, 1
  12              		.eabi_attribute 18, 4
  13              		.thumb
  14              		.syntax unified
  15              		.file	"DieTemp.c"
  16              		.text
  17              	.Ltext0:
  18              		.cfi_sections	.debug_frame
  19              		.section	.text.DieTemp_Start,"ax",%progbits
  20              		.align	2
  21              		.global	DieTemp_Start
  22              		.thumb
  23              		.thumb_func
  24              		.type	DieTemp_Start, %function
  25              	DieTemp_Start:
  26              	.LFB0:
  27              		.file 1 "Generated_Source\\PSoC5\\DieTemp.c"
   1:Generated_Source\PSoC5/DieTemp.c **** /*******************************************************************************
   2:Generated_Source\PSoC5/DieTemp.c **** * File Name: DieTemp_DieTemp.c
   3:Generated_Source\PSoC5/DieTemp.c **** * Version 2.0
   4:Generated_Source\PSoC5/DieTemp.c **** *
   5:Generated_Source\PSoC5/DieTemp.c **** * Description:
   6:Generated_Source\PSoC5/DieTemp.c **** *  Provides the API to acquire the die temperature.
   7:Generated_Source\PSoC5/DieTemp.c **** *
   8:Generated_Source\PSoC5/DieTemp.c **** ********************************************************************************
   9:Generated_Source\PSoC5/DieTemp.c **** * Copyright 2008-2012, Cypress Semiconductor Corporation.  All rights reserved.
  10:Generated_Source\PSoC5/DieTemp.c **** * You may use this file only in accordance with the license, terms, conditions,
  11:Generated_Source\PSoC5/DieTemp.c **** * disclaimers, and limitations in the end user license agreement accompanying
  12:Generated_Source\PSoC5/DieTemp.c **** * the software package with which this file was provided.
  13:Generated_Source\PSoC5/DieTemp.c **** *******************************************************************************/
  14:Generated_Source\PSoC5/DieTemp.c **** 
  15:Generated_Source\PSoC5/DieTemp.c **** 
  16:Generated_Source\PSoC5/DieTemp.c **** #include <cydevice_trm.H>
  17:Generated_Source\PSoC5/DieTemp.c **** #include <DieTemp.h>
  18:Generated_Source\PSoC5/DieTemp.c **** 
  19:Generated_Source\PSoC5/DieTemp.c **** 
  20:Generated_Source\PSoC5/DieTemp.c **** #define DieTemp_NUMBER_OF_SAMPLES      (0x1u)
  21:Generated_Source\PSoC5/DieTemp.c **** #define DieTemp_TIMER_PERIOD           (0xFFFu)
  22:Generated_Source\PSoC5/DieTemp.c **** #define DieTemp_CLK_DIV_SELECT         (0x4u)
  23:Generated_Source\PSoC5/DieTemp.c **** #define DieTemp_SPC_CLK_PERIOD         (120u) /* In nano seconds. */
  24:Generated_Source\PSoC5/DieTemp.c **** #define DieTemp_NANO_TO_MILLI_FACTOR   (1000000u)
  25:Generated_Source\PSoC5/DieTemp.c **** #define DieTemp_FRM_EXEC_TIME          (1000u) /* In nano seconds. */
  26:Generated_Source\PSoC5/DieTemp.c **** 
  27:Generated_Source\PSoC5/DieTemp.c **** #define DieTemp_GET_TEMPR_TIME     (uint32)(((((uint32)1u << (DieTemp_NUMBER_OF_SAMPLES + 1u))) * \
  28:Generated_Source\PSoC5/DieTemp.c ****                                                 ((uint32)(DieTemp_SPC_CLK_PERIOD * \
  29:Generated_Source\PSoC5/DieTemp.c ****                                                 DieTemp_CLK_DIV_SELECT)) * \
  30:Generated_Source\PSoC5/DieTemp.c ****                                                 ((uint32)DieTemp_TIMER_PERIOD)) + \
ARM GAS  C:\Users\FRANKL~1\AppData\Local\Temp\ccQpYLXx.s 			page 2


  31:Generated_Source\PSoC5/DieTemp.c ****                                                 (uint32)DieTemp_FRM_EXEC_TIME)
  32:Generated_Source\PSoC5/DieTemp.c **** 
  33:Generated_Source\PSoC5/DieTemp.c **** #define DieTemp_MAX_WAIT           (uint16)(((DieTemp_GET_TEMPR_TIME + \
  34:Generated_Source\PSoC5/DieTemp.c ****                                                 DieTemp_NANO_TO_MILLI_FACTOR) - 1u) / \
  35:Generated_Source\PSoC5/DieTemp.c ****                                                 DieTemp_NANO_TO_MILLI_FACTOR)  /* In milli seconds.
  36:Generated_Source\PSoC5/DieTemp.c **** 
  37:Generated_Source\PSoC5/DieTemp.c **** static cystatus DieTemp_GetTempT(int16 * temperature);
  38:Generated_Source\PSoC5/DieTemp.c **** 
  39:Generated_Source\PSoC5/DieTemp.c **** 
  40:Generated_Source\PSoC5/DieTemp.c **** /*******************************************************************************
  41:Generated_Source\PSoC5/DieTemp.c **** * Function Name: DieTemp_Start
  42:Generated_Source\PSoC5/DieTemp.c **** ********************************************************************************
  43:Generated_Source\PSoC5/DieTemp.c **** *
  44:Generated_Source\PSoC5/DieTemp.c **** * Summary:
  45:Generated_Source\PSoC5/DieTemp.c **** *  Starts the SPC command to get the die temperature. If this function is
  46:Generated_Source\PSoC5/DieTemp.c **** *  called successfuly. The SPC will be locked and DieTemp_QueryDieTemp
  47:Generated_Source\PSoC5/DieTemp.c **** *  will have to be successfuly called to unlock it. CySpcUnlock() can also
  48:Generated_Source\PSoC5/DieTemp.c **** *  be called if the caller decides not to finish the temperature reading.
  49:Generated_Source\PSoC5/DieTemp.c **** *
  50:Generated_Source\PSoC5/DieTemp.c **** * Parameters:
  51:Generated_Source\PSoC5/DieTemp.c **** *  void.
  52:Generated_Source\PSoC5/DieTemp.c **** *
  53:Generated_Source\PSoC5/DieTemp.c **** * Return:
  54:Generated_Source\PSoC5/DieTemp.c **** *  CYRET_STARTED if the spc command was started sucessfuly.
  55:Generated_Source\PSoC5/DieTemp.c **** *  CYRET_UNKNOWN if the spc command failed.
  56:Generated_Source\PSoC5/DieTemp.c **** *  CYRET_LOCKED if the spc was busy.
  57:Generated_Source\PSoC5/DieTemp.c **** *
  58:Generated_Source\PSoC5/DieTemp.c **** *******************************************************************************/
  59:Generated_Source\PSoC5/DieTemp.c **** cystatus DieTemp_Start(void) 
  60:Generated_Source\PSoC5/DieTemp.c **** {
  28              		.loc 1 60 0
  29              		.cfi_startproc
  30              		@ args = 0, pretend = 0, frame = 0
  31              		@ frame_needed = 0, uses_anonymous_args = 0
  32 0000 10B5     		push	{r4, lr}
  33              		.cfi_def_cfa_offset 8
  34              		.cfi_offset 4, -8
  35              		.cfi_offset 14, -4
  36              	.LVL0:
  61:Generated_Source\PSoC5/DieTemp.c ****     cystatus status;
  62:Generated_Source\PSoC5/DieTemp.c **** 
  63:Generated_Source\PSoC5/DieTemp.c ****     /* Plan for failure. */
  64:Generated_Source\PSoC5/DieTemp.c ****     status = CYRET_UNKNOWN;
  65:Generated_Source\PSoC5/DieTemp.c **** 
  66:Generated_Source\PSoC5/DieTemp.c ****     /* Power up the SPC. */
  67:Generated_Source\PSoC5/DieTemp.c ****     CySpcStart();
  37              		.loc 1 67 0
  38 0002 FFF7FEFF 		bl	CySpcStart
  39              	.LVL1:
  68:Generated_Source\PSoC5/DieTemp.c **** 
  69:Generated_Source\PSoC5/DieTemp.c ****     if(CySpcLock() == CYRET_SUCCESS)
  40              		.loc 1 69 0
  41 0006 FFF7FEFF 		bl	CySpcLock
  42              	.LVL2:
  43 000a 58B9     		cbnz	r0, .L4
  70:Generated_Source\PSoC5/DieTemp.c ****     {
  71:Generated_Source\PSoC5/DieTemp.c ****         #if(CY_PSOC5A)
ARM GAS  C:\Users\FRANKL~1\AppData\Local\Temp\ccQpYLXx.s 			page 3


  72:Generated_Source\PSoC5/DieTemp.c ****             if(CYRET_STARTED == CySpcGetTemp(DieTemp_NUMBER_OF_SAMPLES,
  73:Generated_Source\PSoC5/DieTemp.c ****                                              DieTemp_TIMER_PERIOD,
  74:Generated_Source\PSoC5/DieTemp.c ****                                              DieTemp_CLK_DIV_SELECT))
  75:Generated_Source\PSoC5/DieTemp.c ****             {
  76:Generated_Source\PSoC5/DieTemp.c ****                 status = CYRET_STARTED;
  77:Generated_Source\PSoC5/DieTemp.c ****             }
  78:Generated_Source\PSoC5/DieTemp.c ****         #else
  79:Generated_Source\PSoC5/DieTemp.c ****             if(CYRET_STARTED == CySpcGetTemp(DieTemp_NUMBER_OF_SAMPLES))
  44              		.loc 1 79 0
  45 000c 0120     		movs	r0, #1
  46 000e FFF7FEFF 		bl	CySpcGetTemp
  47              	.LVL3:
  48 0012 0728     		cmp	r0, #7
  49 0014 02D0     		beq	.L5
  64:Generated_Source\PSoC5/DieTemp.c **** 
  50              		.loc 1 64 0
  51 0016 4FF0FF34 		mov	r4, #-1
  52 001a 00E0     		b	.L3
  53              	.L5:
  80:Generated_Source\PSoC5/DieTemp.c ****             {
  81:Generated_Source\PSoC5/DieTemp.c ****                 status = CYRET_STARTED;
  54              		.loc 1 81 0
  55 001c 0724     		movs	r4, #7
  56              	.L3:
  57              	.LVL4:
  82:Generated_Source\PSoC5/DieTemp.c ****             }
  83:Generated_Source\PSoC5/DieTemp.c ****         #endif  /* (CY_PSOC5A) */
  84:Generated_Source\PSoC5/DieTemp.c ****         CySpcUnlock();
  58              		.loc 1 84 0
  59 001e FFF7FEFF 		bl	CySpcUnlock
  60              	.LVL5:
  61 0022 00E0     		b	.L2
  62              	.LVL6:
  63              	.L4:
  85:Generated_Source\PSoC5/DieTemp.c ****     }
  86:Generated_Source\PSoC5/DieTemp.c ****     else
  87:Generated_Source\PSoC5/DieTemp.c ****     {
  88:Generated_Source\PSoC5/DieTemp.c ****         status = CYRET_LOCKED;
  64              		.loc 1 88 0
  65 0024 0424     		movs	r4, #4
  66              	.LVL7:
  67              	.L2:
  89:Generated_Source\PSoC5/DieTemp.c ****     }
  90:Generated_Source\PSoC5/DieTemp.c ****     return (status);
  91:Generated_Source\PSoC5/DieTemp.c **** }
  68              		.loc 1 91 0
  69 0026 2046     		mov	r0, r4
  70 0028 10BD     		pop	{r4, pc}
  71              		.cfi_endproc
  72              	.LFE0:
  73              		.size	DieTemp_Start, .-DieTemp_Start
  74 002a 00BF     		.section	.text.DieTemp_Stop,"ax",%progbits
  75              		.align	2
  76              		.global	DieTemp_Stop
  77              		.thumb
  78              		.thumb_func
  79              		.type	DieTemp_Stop, %function
ARM GAS  C:\Users\FRANKL~1\AppData\Local\Temp\ccQpYLXx.s 			page 4


  80              	DieTemp_Stop:
  81              	.LFB1:
  92:Generated_Source\PSoC5/DieTemp.c **** 
  93:Generated_Source\PSoC5/DieTemp.c **** 
  94:Generated_Source\PSoC5/DieTemp.c **** /*******************************************************************************
  95:Generated_Source\PSoC5/DieTemp.c **** * FUNCTION NAME:   DieTemp_Stop
  96:Generated_Source\PSoC5/DieTemp.c **** ********************************************************************************
  97:Generated_Source\PSoC5/DieTemp.c **** *
  98:Generated_Source\PSoC5/DieTemp.c **** * Summary:
  99:Generated_Source\PSoC5/DieTemp.c **** *  There is no need to stop or disable this component. This component is
 100:Generated_Source\PSoC5/DieTemp.c **** *  naturally a slave that sends request to SPC through SPC API of cy_boot
 101:Generated_Source\PSoC5/DieTemp.c **** *  and waits for data to be ready or in case of non-blocking operation it
 102:Generated_Source\PSoC5/DieTemp.c **** *  sends request to SPC and user can manually poll the result.
 103:Generated_Source\PSoC5/DieTemp.c **** *
 104:Generated_Source\PSoC5/DieTemp.c **** * Parameters:
 105:Generated_Source\PSoC5/DieTemp.c **** *  void
 106:Generated_Source\PSoC5/DieTemp.c **** *
 107:Generated_Source\PSoC5/DieTemp.c **** * Return:
 108:Generated_Source\PSoC5/DieTemp.c **** *  void
 109:Generated_Source\PSoC5/DieTemp.c **** *
 110:Generated_Source\PSoC5/DieTemp.c **** *******************************************************************************/
 111:Generated_Source\PSoC5/DieTemp.c **** void DieTemp_Stop(void) 
 112:Generated_Source\PSoC5/DieTemp.c **** {
  82              		.loc 1 112 0
  83              		.cfi_startproc
  84              		@ args = 0, pretend = 0, frame = 0
  85              		@ frame_needed = 0, uses_anonymous_args = 0
  86              		@ link register save eliminated.
  87 0000 7047     		bx	lr
  88              		.cfi_endproc
  89              	.LFE1:
  90              		.size	DieTemp_Stop, .-DieTemp_Stop
  91 0002 00BF     		.section	.text.DieTemp_Query,"ax",%progbits
  92              		.align	2
  93              		.global	DieTemp_Query
  94              		.thumb
  95              		.thumb_func
  96              		.type	DieTemp_Query, %function
  97              	DieTemp_Query:
  98              	.LFB2:
 113:Generated_Source\PSoC5/DieTemp.c ****     /* There aren't anything to stop */
 114:Generated_Source\PSoC5/DieTemp.c **** }
 115:Generated_Source\PSoC5/DieTemp.c **** 
 116:Generated_Source\PSoC5/DieTemp.c **** 
 117:Generated_Source\PSoC5/DieTemp.c **** /*******************************************************************************
 118:Generated_Source\PSoC5/DieTemp.c **** * Function Name: DieTemp_Query
 119:Generated_Source\PSoC5/DieTemp.c **** ********************************************************************************
 120:Generated_Source\PSoC5/DieTemp.c **** *
 121:Generated_Source\PSoC5/DieTemp.c **** * Summary:
 122:Generated_Source\PSoC5/DieTemp.c **** *  Querys the SPC to see if the termperature command is finished.
 123:Generated_Source\PSoC5/DieTemp.c **** *
 124:Generated_Source\PSoC5/DieTemp.c **** * Parameters:
 125:Generated_Source\PSoC5/DieTemp.c **** *  temperature: Address to store the two byte temperature value.
 126:Generated_Source\PSoC5/DieTemp.c **** *
 127:Generated_Source\PSoC5/DieTemp.c **** * Return:
 128:Generated_Source\PSoC5/DieTemp.c **** *  CYRET_SUCCESS if the temperature command completed sucessfully.
 129:Generated_Source\PSoC5/DieTemp.c **** *  CYRET_UNKNOWN if the there was an spc failure.
ARM GAS  C:\Users\FRANKL~1\AppData\Local\Temp\ccQpYLXx.s 			page 5


 130:Generated_Source\PSoC5/DieTemp.c **** *  CYRET_STARTED if the temperature command has not completed.
 131:Generated_Source\PSoC5/DieTemp.c **** *  CYRET_TIMEOUT if waited to long before reading data.
 132:Generated_Source\PSoC5/DieTemp.c **** *
 133:Generated_Source\PSoC5/DieTemp.c **** *******************************************************************************/
 134:Generated_Source\PSoC5/DieTemp.c **** cystatus DieTemp_Query(int16 * temperature) 
 135:Generated_Source\PSoC5/DieTemp.c **** {
  99              		.loc 1 135 0
 100              		.cfi_startproc
 101              		@ args = 0, pretend = 0, frame = 8
 102              		@ frame_needed = 0, uses_anonymous_args = 0
 103              	.LVL8:
 104              		.loc 1 135 0
 105 0000 10B5     		push	{r4, lr}
 106              		.cfi_def_cfa_offset 8
 107              		.cfi_offset 4, -8
 108              		.cfi_offset 14, -4
 109 0002 82B0     		sub	sp, sp, #8
 110              		.cfi_def_cfa_offset 16
 136:Generated_Source\PSoC5/DieTemp.c ****     uint8 temp[2u];
 137:Generated_Source\PSoC5/DieTemp.c ****     cystatus status;
 138:Generated_Source\PSoC5/DieTemp.c **** 
 139:Generated_Source\PSoC5/DieTemp.c **** 
 140:Generated_Source\PSoC5/DieTemp.c ****     if(CY_SPC_BUSY)
 111              		.loc 1 140 0
 112 0004 154B     		ldr	r3, .L16
 113 0006 1B78     		ldrb	r3, [r3]	@ zero_extendqisi2
 114 0008 13F0020F 		tst	r3, #2
 115 000c 19D1     		bne	.L12
 116 000e 0446     		mov	r4, r0
 141:Generated_Source\PSoC5/DieTemp.c ****     {
 142:Generated_Source\PSoC5/DieTemp.c ****         if((CY_SPC_STATUS_REG>>2u) == CYRET_SUCCESS)
 117              		.loc 1 142 0
 118 0010 124B     		ldr	r3, .L16
 119 0012 1B78     		ldrb	r3, [r3]	@ zero_extendqisi2
 120 0014 9B08     		lsrs	r3, r3, #2
 121 0016 16D1     		bne	.L13
 143:Generated_Source\PSoC5/DieTemp.c ****         {
 144:Generated_Source\PSoC5/DieTemp.c ****             /* See if any data is ready. */
 145:Generated_Source\PSoC5/DieTemp.c ****             if(CySpcReadData(temp, 2u) == 2u)
 122              		.loc 1 145 0
 123 0018 0221     		movs	r1, #2
 124 001a 01A8     		add	r0, sp, #4
 125              	.LVL9:
 126 001c FFF7FEFF 		bl	CySpcReadData
 127              	.LVL10:
 128 0020 0228     		cmp	r0, #2
 129 0022 12D1     		bne	.L14
 146:Generated_Source\PSoC5/DieTemp.c ****             {
 147:Generated_Source\PSoC5/DieTemp.c ****                 if(temp[0u] == 1u)
 130              		.loc 1 147 0
 131 0024 9DF80430 		ldrb	r3, [sp, #4]	@ zero_extendqisi2
 132 0028 012B     		cmp	r3, #1
 133 002a 04D1     		bne	.L10
 148:Generated_Source\PSoC5/DieTemp.c ****                 {
 149:Generated_Source\PSoC5/DieTemp.c ****                     *temperature = (int16) ((uint16) temp[1]);
 134              		.loc 1 149 0
 135 002c 9DF80530 		ldrb	r3, [sp, #5]	@ zero_extendqisi2
ARM GAS  C:\Users\FRANKL~1\AppData\Local\Temp\ccQpYLXx.s 			page 6


 136 0030 2380     		strh	r3, [r4]	@ movhi
 150:Generated_Source\PSoC5/DieTemp.c ****                 }
 151:Generated_Source\PSoC5/DieTemp.c ****                 else
 152:Generated_Source\PSoC5/DieTemp.c ****                 {
 153:Generated_Source\PSoC5/DieTemp.c ****                     *temperature = (int16) - ((int16) temp[1]);
 154:Generated_Source\PSoC5/DieTemp.c ****                 }
 155:Generated_Source\PSoC5/DieTemp.c ****                 status = CYRET_SUCCESS;
 137              		.loc 1 155 0
 138 0032 0024     		movs	r4, #0
 139              	.LVL11:
 140 0034 0BE0     		b	.L9
 141              	.LVL12:
 142              	.L10:
 153:Generated_Source\PSoC5/DieTemp.c ****                 }
 143              		.loc 1 153 0
 144 0036 9DF80530 		ldrb	r3, [sp, #5]	@ zero_extendqisi2
 145 003a 5B42     		negs	r3, r3
 146 003c 2380     		strh	r3, [r4]	@ movhi
 147              		.loc 1 155 0
 148 003e 0024     		movs	r4, #0
 149              	.LVL13:
 150 0040 05E0     		b	.L9
 151              	.LVL14:
 152              	.L12:
 156:Generated_Source\PSoC5/DieTemp.c ****             }
 157:Generated_Source\PSoC5/DieTemp.c ****             else
 158:Generated_Source\PSoC5/DieTemp.c ****             {
 159:Generated_Source\PSoC5/DieTemp.c ****                 status = CYRET_UNKNOWN;
 160:Generated_Source\PSoC5/DieTemp.c ****             }
 161:Generated_Source\PSoC5/DieTemp.c ****         }
 162:Generated_Source\PSoC5/DieTemp.c ****         else
 163:Generated_Source\PSoC5/DieTemp.c ****         {
 164:Generated_Source\PSoC5/DieTemp.c ****             status = CYRET_STARTED;
 165:Generated_Source\PSoC5/DieTemp.c ****         }
 166:Generated_Source\PSoC5/DieTemp.c ****     }
 167:Generated_Source\PSoC5/DieTemp.c ****     else
 168:Generated_Source\PSoC5/DieTemp.c ****     {
 169:Generated_Source\PSoC5/DieTemp.c ****         status = CYRET_TIMEOUT;
 153              		.loc 1 169 0
 154 0042 1024     		movs	r4, #16
 155 0044 03E0     		b	.L9
 156              	.L13:
 164:Generated_Source\PSoC5/DieTemp.c ****         }
 157              		.loc 1 164 0
 158 0046 0724     		movs	r4, #7
 159 0048 01E0     		b	.L9
 160              	.LVL15:
 161              	.L14:
 159:Generated_Source\PSoC5/DieTemp.c ****             }
 162              		.loc 1 159 0
 163 004a 4FF0FF34 		mov	r4, #-1
 164              	.LVL16:
 165              	.L9:
 170:Generated_Source\PSoC5/DieTemp.c ****     }
 171:Generated_Source\PSoC5/DieTemp.c **** 
 172:Generated_Source\PSoC5/DieTemp.c ****     if(status != CYRET_STARTED)
 166              		.loc 1 172 0
ARM GAS  C:\Users\FRANKL~1\AppData\Local\Temp\ccQpYLXx.s 			page 7


 167 004e 072C     		cmp	r4, #7
 168 0050 01D0     		beq	.L11
 173:Generated_Source\PSoC5/DieTemp.c ****     {
 174:Generated_Source\PSoC5/DieTemp.c ****         /* Unlock the SPC so someone else can use it. */
 175:Generated_Source\PSoC5/DieTemp.c ****         CySpcUnlock();
 169              		.loc 1 175 0
 170 0052 FFF7FEFF 		bl	CySpcUnlock
 171              	.LVL17:
 172              	.L11:
 176:Generated_Source\PSoC5/DieTemp.c ****     }
 177:Generated_Source\PSoC5/DieTemp.c ****     return (status);
 178:Generated_Source\PSoC5/DieTemp.c **** }
 173              		.loc 1 178 0
 174 0056 2046     		mov	r0, r4
 175 0058 02B0     		add	sp, sp, #8
 176              		.cfi_def_cfa_offset 8
 177              		@ sp needed
 178 005a 10BD     		pop	{r4, pc}
 179              	.LVL18:
 180              	.L17:
 181              		.align	2
 182              	.L16:
 183 005c 22470040 		.word	1073760034
 184              		.cfi_endproc
 185              	.LFE2:
 186              		.size	DieTemp_Query, .-DieTemp_Query
 187              		.section	.text.DieTemp_GetTempT,"ax",%progbits
 188              		.align	2
 189              		.thumb
 190              		.thumb_func
 191              		.type	DieTemp_GetTempT, %function
 192              	DieTemp_GetTempT:
 193              	.LFB3:
 179:Generated_Source\PSoC5/DieTemp.c **** 
 180:Generated_Source\PSoC5/DieTemp.c **** 
 181:Generated_Source\PSoC5/DieTemp.c **** /*******************************************************************************
 182:Generated_Source\PSoC5/DieTemp.c **** * Function Name: DieTemp_GetTemp
 183:Generated_Source\PSoC5/DieTemp.c **** ********************************************************************************
 184:Generated_Source\PSoC5/DieTemp.c **** *
 185:Generated_Source\PSoC5/DieTemp.c **** * Summary:
 186:Generated_Source\PSoC5/DieTemp.c **** *  Sets up the command to get the temperature and blocks until finished. After
 187:Generated_Source\PSoC5/DieTemp.c **** *  DieTemp_MAX_WAIT ticks the function will return even if the
 188:Generated_Source\PSoC5/DieTemp.c **** *  SPC has not finished.
 189:Generated_Source\PSoC5/DieTemp.c **** *
 190:Generated_Source\PSoC5/DieTemp.c **** * Parameters:
 191:Generated_Source\PSoC5/DieTemp.c **** *  temperature: Address to store the two byte temperature value.
 192:Generated_Source\PSoC5/DieTemp.c **** *
 193:Generated_Source\PSoC5/DieTemp.c **** * Return:
 194:Generated_Source\PSoC5/DieTemp.c **** *  CYRET_SUCCESS if the command was completed sucessfuly.
 195:Generated_Source\PSoC5/DieTemp.c **** *  Status code from DieTemp_Start or DieTemp_Query
 196:Generated_Source\PSoC5/DieTemp.c **** *
 197:Generated_Source\PSoC5/DieTemp.c **** *******************************************************************************/
 198:Generated_Source\PSoC5/DieTemp.c **** static cystatus DieTemp_GetTempT(int16 * temperature) 
 199:Generated_Source\PSoC5/DieTemp.c **** {
 194              		.loc 1 199 0
 195              		.cfi_startproc
 196              		@ args = 0, pretend = 0, frame = 0
ARM GAS  C:\Users\FRANKL~1\AppData\Local\Temp\ccQpYLXx.s 			page 8


 197              		@ frame_needed = 0, uses_anonymous_args = 0
 198              	.LVL19:
 199 0000 70B5     		push	{r4, r5, r6, lr}
 200              		.cfi_def_cfa_offset 16
 201              		.cfi_offset 4, -16
 202              		.cfi_offset 5, -12
 203              		.cfi_offset 6, -8
 204              		.cfi_offset 14, -4
 205 0002 0646     		mov	r6, r0
 200:Generated_Source\PSoC5/DieTemp.c ****     uint16 us;
 201:Generated_Source\PSoC5/DieTemp.c ****     cystatus status;
 202:Generated_Source\PSoC5/DieTemp.c **** 
 203:Generated_Source\PSoC5/DieTemp.c ****     /* Start the temp reading */
 204:Generated_Source\PSoC5/DieTemp.c ****     status = DieTemp_Start();
 206              		.loc 1 204 0
 207 0004 FFF7FEFF 		bl	DieTemp_Start
 208              	.LVL20:
 209 0008 0546     		mov	r5, r0
 210              	.LVL21:
 205:Generated_Source\PSoC5/DieTemp.c **** 
 206:Generated_Source\PSoC5/DieTemp.c ****     if(status == CYRET_STARTED)
 211              		.loc 1 206 0
 212 000a 0728     		cmp	r0, #7
 213 000c 17D1     		bne	.L20
 214 000e 12E0     		b	.L24
 215              	.LVL22:
 216              	.L23:
 207:Generated_Source\PSoC5/DieTemp.c ****     {
 208:Generated_Source\PSoC5/DieTemp.c ****         /**************************************************************************
 209:Generated_Source\PSoC5/DieTemp.c ****         * Wait for SPC to finish temperature reading. If state will change and SPC
 210:Generated_Source\PSoC5/DieTemp.c ****         * will finish - break cycle.
 211:Generated_Source\PSoC5/DieTemp.c ****         * DieTemp_MAX_WAIT is maximum time in ms to wait for SPC.
 212:Generated_Source\PSoC5/DieTemp.c ****         **************************************************************************/
 213:Generated_Source\PSoC5/DieTemp.c ****         for (us=(DieTemp_MAX_WAIT*1000u); us>0u; us-=10u)
 214:Generated_Source\PSoC5/DieTemp.c ****         {
 215:Generated_Source\PSoC5/DieTemp.c ****             if((CYRET_STARTED != status)&&(CY_SPC_IDLE))
 217              		.loc 1 215 0
 218 0010 072D     		cmp	r5, #7
 219 0012 04D0     		beq	.L21
 220              		.loc 1 215 0 is_stmt 0 discriminator 1
 221 0014 0B4B     		ldr	r3, .L26
 222 0016 1B78     		ldrb	r3, [r3]	@ zero_extendqisi2
 223 0018 13F0020F 		tst	r3, #2
 224 001c 0FD1     		bne	.L20
 225              	.L21:
 216:Generated_Source\PSoC5/DieTemp.c ****             {
 217:Generated_Source\PSoC5/DieTemp.c ****                 break;
 218:Generated_Source\PSoC5/DieTemp.c ****             }
 219:Generated_Source\PSoC5/DieTemp.c ****             else if(CYRET_STARTED == status)
 226              		.loc 1 219 0 is_stmt 1
 227 001e 072D     		cmp	r5, #7
 228 0020 03D1     		bne	.L22
 220:Generated_Source\PSoC5/DieTemp.c ****             {
 221:Generated_Source\PSoC5/DieTemp.c ****                 status = DieTemp_Query(temperature);
 229              		.loc 1 221 0
 230 0022 3046     		mov	r0, r6
 231 0024 FFF7FEFF 		bl	DieTemp_Query
ARM GAS  C:\Users\FRANKL~1\AppData\Local\Temp\ccQpYLXx.s 			page 9


 232              	.LVL23:
 233 0028 0546     		mov	r5, r0
 234              	.LVL24:
 235              	.L22:
 222:Generated_Source\PSoC5/DieTemp.c ****             }
 223:Generated_Source\PSoC5/DieTemp.c ****             else
 224:Generated_Source\PSoC5/DieTemp.c ****             {
 225:Generated_Source\PSoC5/DieTemp.c ****                 /* SPC has not finished reading or isn't idle */
 226:Generated_Source\PSoC5/DieTemp.c ****             }
 227:Generated_Source\PSoC5/DieTemp.c ****             CyDelayUs(10u);
 236              		.loc 1 227 0 discriminator 2
 237 002a 0A20     		movs	r0, #10
 238 002c FFF7FEFF 		bl	CyDelayUs
 239              	.LVL25:
 213:Generated_Source\PSoC5/DieTemp.c ****         {
 240              		.loc 1 213 0 discriminator 2
 241 0030 0A3C     		subs	r4, r4, #10
 242              	.LVL26:
 243 0032 A4B2     		uxth	r4, r4
 244              	.LVL27:
 245 0034 01E0     		b	.L19
 246              	.LVL28:
 247              	.L24:
 248 0036 4FF4FA54 		mov	r4, #8000
 249              	.LVL29:
 250              	.L19:
 213:Generated_Source\PSoC5/DieTemp.c ****         {
 251              		.loc 1 213 0 is_stmt 0 discriminator 1
 252 003a 002C     		cmp	r4, #0
 253 003c E8D1     		bne	.L23
 254              	.LVL30:
 255              	.L20:
 228:Generated_Source\PSoC5/DieTemp.c ****         }
 229:Generated_Source\PSoC5/DieTemp.c ****     }
 230:Generated_Source\PSoC5/DieTemp.c **** 
 231:Generated_Source\PSoC5/DieTemp.c ****     return status;
 232:Generated_Source\PSoC5/DieTemp.c **** }
 256              		.loc 1 232 0 is_stmt 1
 257 003e 2846     		mov	r0, r5
 258 0040 70BD     		pop	{r4, r5, r6, pc}
 259              	.LVL31:
 260              	.L27:
 261 0042 00BF     		.align	2
 262              	.L26:
 263 0044 22470040 		.word	1073760034
 264              		.cfi_endproc
 265              	.LFE3:
 266              		.size	DieTemp_GetTempT, .-DieTemp_GetTempT
 267              		.section	.text.DieTemp_GetTemp,"ax",%progbits
 268              		.align	2
 269              		.global	DieTemp_GetTemp
 270              		.thumb
 271              		.thumb_func
 272              		.type	DieTemp_GetTemp, %function
 273              	DieTemp_GetTemp:
 274              	.LFB4:
 233:Generated_Source\PSoC5/DieTemp.c **** cystatus DieTemp_GetTemp(int16 * temperature) 
ARM GAS  C:\Users\FRANKL~1\AppData\Local\Temp\ccQpYLXx.s 			page 10


 234:Generated_Source\PSoC5/DieTemp.c **** {
 275              		.loc 1 234 0
 276              		.cfi_startproc
 277              		@ args = 0, pretend = 0, frame = 0
 278              		@ frame_needed = 0, uses_anonymous_args = 0
 279              	.LVL32:
 280 0000 38B5     		push	{r3, r4, r5, lr}
 281              		.cfi_def_cfa_offset 16
 282              		.cfi_offset 3, -16
 283              		.cfi_offset 4, -12
 284              		.cfi_offset 5, -8
 285              		.cfi_offset 14, -4
 286 0002 0546     		mov	r5, r0
 287              	.LVL33:
 235:Generated_Source\PSoC5/DieTemp.c ****     cystatus status;
 236:Generated_Source\PSoC5/DieTemp.c ****     uint8 count = 2u;
 288              		.loc 1 236 0
 289 0004 0224     		movs	r4, #2
 237:Generated_Source\PSoC5/DieTemp.c ****     while (count != 0u)
 290              		.loc 1 237 0
 291 0006 06E0     		b	.L29
 292              	.LVL34:
 293              	.L31:
 238:Generated_Source\PSoC5/DieTemp.c ****     {
 239:Generated_Source\PSoC5/DieTemp.c ****         status = DieTemp_GetTempT(temperature);
 294              		.loc 1 239 0
 295 0008 2846     		mov	r0, r5
 296 000a FFF7FEFF 		bl	DieTemp_GetTempT
 297              	.LVL35:
 240:Generated_Source\PSoC5/DieTemp.c ****         if (status != CYRET_SUCCESS)
 298              		.loc 1 240 0
 299 000e 0346     		mov	r3, r0
 300 0010 18B9     		cbnz	r0, .L30
 241:Generated_Source\PSoC5/DieTemp.c ****         {
 242:Generated_Source\PSoC5/DieTemp.c ****             break;
 243:Generated_Source\PSoC5/DieTemp.c ****         }
 244:Generated_Source\PSoC5/DieTemp.c ****         count--;
 301              		.loc 1 244 0
 302 0012 013C     		subs	r4, r4, #1
 303              	.LVL36:
 304 0014 E4B2     		uxtb	r4, r4
 305              	.LVL37:
 306              	.L29:
 237:Generated_Source\PSoC5/DieTemp.c ****     {
 307              		.loc 1 237 0
 308 0016 002C     		cmp	r4, #0
 309 0018 F6D1     		bne	.L31
 310              	.L30:
 245:Generated_Source\PSoC5/DieTemp.c ****     }
 246:Generated_Source\PSoC5/DieTemp.c ****     return status;
 247:Generated_Source\PSoC5/DieTemp.c **** }
 311              		.loc 1 247 0
 312 001a 1846     		mov	r0, r3
 313 001c 38BD     		pop	{r3, r4, r5, pc}
 314              		.cfi_endproc
 315              	.LFE4:
 316              		.size	DieTemp_GetTemp, .-DieTemp_GetTemp
ARM GAS  C:\Users\FRANKL~1\AppData\Local\Temp\ccQpYLXx.s 			page 11


 317 001e 00BF     		.text
 318              	.Letext0:
 319              		.file 2 "Generated_Source\\PSoC5/cytypes.h"
 320              		.file 3 "Generated_Source\\PSoC5/CySpc.h"
 321              		.file 4 "Generated_Source\\PSoC5/CyLib.h"
 322              		.section	.debug_info,"",%progbits
 323              	.Ldebug_info0:
 324 0000 C9020000 		.4byte	0x2c9
 325 0004 0400     		.2byte	0x4
 326 0006 00000000 		.4byte	.Ldebug_abbrev0
 327 000a 04       		.byte	0x4
 328 000b 01       		.uleb128 0x1
 329 000c 91000000 		.4byte	.LASF33
 330 0010 0C       		.byte	0xc
 331 0011 48000000 		.4byte	.LASF34
 332 0015 30020000 		.4byte	.LASF35
 333 0019 00000000 		.4byte	.Ldebug_ranges0+0
 334 001d 00000000 		.4byte	0
 335 0021 00000000 		.4byte	.Ldebug_line0
 336 0025 02       		.uleb128 0x2
 337 0026 01       		.byte	0x1
 338 0027 06       		.byte	0x6
 339 0028 24020000 		.4byte	.LASF0
 340 002c 02       		.uleb128 0x2
 341 002d 01       		.byte	0x1
 342 002e 08       		.byte	0x8
 343 002f 83000000 		.4byte	.LASF1
 344 0033 02       		.uleb128 0x2
 345 0034 02       		.byte	0x2
 346 0035 05       		.byte	0x5
 347 0036 F8010000 		.4byte	.LASF2
 348 003a 02       		.uleb128 0x2
 349 003b 02       		.byte	0x2
 350 003c 07       		.byte	0x7
 351 003d 20000000 		.4byte	.LASF3
 352 0041 02       		.uleb128 0x2
 353 0042 04       		.byte	0x4
 354 0043 05       		.byte	0x5
 355 0044 02020000 		.4byte	.LASF4
 356 0048 02       		.uleb128 0x2
 357 0049 04       		.byte	0x4
 358 004a 07       		.byte	0x7
 359 004b 2A010000 		.4byte	.LASF5
 360 004f 02       		.uleb128 0x2
 361 0050 08       		.byte	0x8
 362 0051 05       		.byte	0x5
 363 0052 CB010000 		.4byte	.LASF6
 364 0056 02       		.uleb128 0x2
 365 0057 08       		.byte	0x8
 366 0058 07       		.byte	0x7
 367 0059 9F010000 		.4byte	.LASF7
 368 005d 03       		.uleb128 0x3
 369 005e 04       		.byte	0x4
 370 005f 05       		.byte	0x5
 371 0060 696E7400 		.ascii	"int\000"
 372 0064 02       		.uleb128 0x2
 373 0065 04       		.byte	0x4
ARM GAS  C:\Users\FRANKL~1\AppData\Local\Temp\ccQpYLXx.s 			page 12


 374 0066 07       		.byte	0x7
 375 0067 92010000 		.4byte	.LASF8
 376 006b 04       		.uleb128 0x4
 377 006c 41010000 		.4byte	.LASF9
 378 0070 02       		.byte	0x2
 379 0071 9201     		.2byte	0x192
 380 0073 2C000000 		.4byte	0x2c
 381 0077 04       		.uleb128 0x4
 382 0078 69010000 		.4byte	.LASF10
 383 007c 02       		.byte	0x2
 384 007d 9301     		.2byte	0x193
 385 007f 3A000000 		.4byte	0x3a
 386 0083 04       		.uleb128 0x4
 387 0084 8B010000 		.4byte	.LASF11
 388 0088 02       		.byte	0x2
 389 0089 9401     		.2byte	0x194
 390 008b 48000000 		.4byte	0x48
 391 008f 04       		.uleb128 0x4
 392 0090 24010000 		.4byte	.LASF12
 393 0094 02       		.byte	0x2
 394 0095 9601     		.2byte	0x196
 395 0097 33000000 		.4byte	0x33
 396 009b 02       		.uleb128 0x2
 397 009c 04       		.byte	0x4
 398 009d 04       		.byte	0x4
 399 009e 14000000 		.4byte	.LASF13
 400 00a2 02       		.uleb128 0x2
 401 00a3 08       		.byte	0x8
 402 00a4 04       		.byte	0x4
 403 00a5 55010000 		.4byte	.LASF14
 404 00a9 02       		.uleb128 0x2
 405 00aa 01       		.byte	0x1
 406 00ab 08       		.byte	0x8
 407 00ac E3010000 		.4byte	.LASF15
 408 00b0 04       		.uleb128 0x4
 409 00b1 00000000 		.4byte	.LASF16
 410 00b5 02       		.byte	0x2
 411 00b6 3402     		.2byte	0x234
 412 00b8 48000000 		.4byte	0x48
 413 00bc 04       		.uleb128 0x4
 414 00bd 1F010000 		.4byte	.LASF17
 415 00c1 02       		.byte	0x2
 416 00c2 3C02     		.2byte	0x23c
 417 00c4 C8000000 		.4byte	0xc8
 418 00c8 05       		.uleb128 0x5
 419 00c9 6B000000 		.4byte	0x6b
 420 00cd 02       		.uleb128 0x2
 421 00ce 08       		.byte	0x8
 422 00cf 04       		.byte	0x4
 423 00d0 18020000 		.4byte	.LASF18
 424 00d4 02       		.uleb128 0x2
 425 00d5 04       		.byte	0x4
 426 00d6 07       		.byte	0x7
 427 00d7 B6010000 		.4byte	.LASF19
 428 00db 06       		.uleb128 0x6
 429 00dc 75000000 		.4byte	.LASF20
 430 00e0 01       		.byte	0x1
ARM GAS  C:\Users\FRANKL~1\AppData\Local\Temp\ccQpYLXx.s 			page 13


 431 00e1 3B       		.byte	0x3b
 432 00e2 B0000000 		.4byte	0xb0
 433 00e6 00000000 		.4byte	.LFB0
 434 00ea 2A000000 		.4byte	.LFE0-.LFB0
 435 00ee 01       		.uleb128 0x1
 436 00ef 9C       		.byte	0x9c
 437 00f0 32010000 		.4byte	0x132
 438 00f4 07       		.uleb128 0x7
 439 00f5 41000000 		.4byte	.LASF22
 440 00f9 01       		.byte	0x1
 441 00fa 3D       		.byte	0x3d
 442 00fb B0000000 		.4byte	0xb0
 443 00ff 00000000 		.4byte	.LLST0
 444 0103 08       		.uleb128 0x8
 445 0104 06000000 		.4byte	.LVL1
 446 0108 8A020000 		.4byte	0x28a
 447 010c 08       		.uleb128 0x8
 448 010d 0A000000 		.4byte	.LVL2
 449 0111 95020000 		.4byte	0x295
 450 0115 09       		.uleb128 0x9
 451 0116 12000000 		.4byte	.LVL3
 452 011a A0020000 		.4byte	0x2a0
 453 011e 28010000 		.4byte	0x128
 454 0122 0A       		.uleb128 0xa
 455 0123 01       		.uleb128 0x1
 456 0124 50       		.byte	0x50
 457 0125 01       		.uleb128 0x1
 458 0126 31       		.byte	0x31
 459 0127 00       		.byte	0
 460 0128 08       		.uleb128 0x8
 461 0129 22000000 		.4byte	.LVL5
 462 012d AB020000 		.4byte	0x2ab
 463 0131 00       		.byte	0
 464 0132 0B       		.uleb128 0xb
 465 0133 0B020000 		.4byte	.LASF36
 466 0137 01       		.byte	0x1
 467 0138 6F       		.byte	0x6f
 468 0139 00000000 		.4byte	.LFB1
 469 013d 02000000 		.4byte	.LFE1-.LFB1
 470 0141 01       		.uleb128 0x1
 471 0142 9C       		.byte	0x9c
 472 0143 06       		.uleb128 0x6
 473 0144 47010000 		.4byte	.LASF21
 474 0148 01       		.byte	0x1
 475 0149 86       		.byte	0x86
 476 014a B0000000 		.4byte	0xb0
 477 014e 00000000 		.4byte	.LFB2
 478 0152 60000000 		.4byte	.LFE2-.LFB2
 479 0156 01       		.uleb128 0x1
 480 0157 9C       		.byte	0x9c
 481 0158 AB010000 		.4byte	0x1ab
 482 015c 0C       		.uleb128 0xc
 483 015d 69000000 		.4byte	.LASF24
 484 0161 01       		.byte	0x1
 485 0162 86       		.byte	0x86
 486 0163 AB010000 		.4byte	0x1ab
 487 0167 38000000 		.4byte	.LLST1
ARM GAS  C:\Users\FRANKL~1\AppData\Local\Temp\ccQpYLXx.s 			page 14


 488 016b 0D       		.uleb128 0xd
 489 016c 3C010000 		.4byte	.LASF23
 490 0170 01       		.byte	0x1
 491 0171 88       		.byte	0x88
 492 0172 B1010000 		.4byte	0x1b1
 493 0176 02       		.uleb128 0x2
 494 0177 91       		.byte	0x91
 495 0178 74       		.sleb128 -12
 496 0179 07       		.uleb128 0x7
 497 017a 41000000 		.4byte	.LASF22
 498 017e 01       		.byte	0x1
 499 017f 89       		.byte	0x89
 500 0180 B0000000 		.4byte	0xb0
 501 0184 A1000000 		.4byte	.LLST2
 502 0188 09       		.uleb128 0x9
 503 0189 20000000 		.4byte	.LVL10
 504 018d B6020000 		.4byte	0x2b6
 505 0191 A1010000 		.4byte	0x1a1
 506 0195 0A       		.uleb128 0xa
 507 0196 01       		.uleb128 0x1
 508 0197 50       		.byte	0x50
 509 0198 02       		.uleb128 0x2
 510 0199 91       		.byte	0x91
 511 019a 74       		.sleb128 -12
 512 019b 0A       		.uleb128 0xa
 513 019c 01       		.uleb128 0x1
 514 019d 51       		.byte	0x51
 515 019e 01       		.uleb128 0x1
 516 019f 32       		.byte	0x32
 517 01a0 00       		.byte	0
 518 01a1 08       		.uleb128 0x8
 519 01a2 56000000 		.4byte	.LVL17
 520 01a6 AB020000 		.4byte	0x2ab
 521 01aa 00       		.byte	0
 522 01ab 0E       		.uleb128 0xe
 523 01ac 04       		.byte	0x4
 524 01ad 8F000000 		.4byte	0x8f
 525 01b1 0F       		.uleb128 0xf
 526 01b2 6B000000 		.4byte	0x6b
 527 01b6 C1010000 		.4byte	0x1c1
 528 01ba 10       		.uleb128 0x10
 529 01bb D4000000 		.4byte	0xd4
 530 01bf 01       		.byte	0x1
 531 01c0 00       		.byte	0
 532 01c1 11       		.uleb128 0x11
 533 01c2 7A010000 		.4byte	.LASF37
 534 01c6 01       		.byte	0x1
 535 01c7 C6       		.byte	0xc6
 536 01c8 B0000000 		.4byte	0xb0
 537 01cc 00000000 		.4byte	.LFB3
 538 01d0 48000000 		.4byte	.LFE3-.LFB3
 539 01d4 01       		.uleb128 0x1
 540 01d5 9C       		.byte	0x9c
 541 01d6 33020000 		.4byte	0x233
 542 01da 0C       		.uleb128 0xc
 543 01db 69000000 		.4byte	.LASF24
 544 01df 01       		.byte	0x1
ARM GAS  C:\Users\FRANKL~1\AppData\Local\Temp\ccQpYLXx.s 			page 15


 545 01e0 C6       		.byte	0xc6
 546 01e1 AB010000 		.4byte	0x1ab
 547 01e5 BF000000 		.4byte	.LLST3
 548 01e9 12       		.uleb128 0x12
 549 01ea 757300   		.ascii	"us\000"
 550 01ed 01       		.byte	0x1
 551 01ee C8       		.byte	0xc8
 552 01ef 77000000 		.4byte	0x77
 553 01f3 EB000000 		.4byte	.LLST4
 554 01f7 07       		.uleb128 0x7
 555 01f8 41000000 		.4byte	.LASF22
 556 01fc 01       		.byte	0x1
 557 01fd C9       		.byte	0xc9
 558 01fe B0000000 		.4byte	0xb0
 559 0202 14010000 		.4byte	.LLST5
 560 0206 08       		.uleb128 0x8
 561 0207 08000000 		.4byte	.LVL20
 562 020b DB000000 		.4byte	0xdb
 563 020f 09       		.uleb128 0x9
 564 0210 28000000 		.4byte	.LVL23
 565 0214 43010000 		.4byte	0x143
 566 0218 23020000 		.4byte	0x223
 567 021c 0A       		.uleb128 0xa
 568 021d 01       		.uleb128 0x1
 569 021e 50       		.byte	0x50
 570 021f 02       		.uleb128 0x2
 571 0220 76       		.byte	0x76
 572 0221 00       		.sleb128 0
 573 0222 00       		.byte	0
 574 0223 13       		.uleb128 0x13
 575 0224 30000000 		.4byte	.LVL25
 576 0228 C1020000 		.4byte	0x2c1
 577 022c 0A       		.uleb128 0xa
 578 022d 01       		.uleb128 0x1
 579 022e 50       		.byte	0x50
 580 022f 01       		.uleb128 0x1
 581 0230 3A       		.byte	0x3a
 582 0231 00       		.byte	0
 583 0232 00       		.byte	0
 584 0233 06       		.uleb128 0x6
 585 0234 E8010000 		.4byte	.LASF25
 586 0238 01       		.byte	0x1
 587 0239 E9       		.byte	0xe9
 588 023a B0000000 		.4byte	0xb0
 589 023e 00000000 		.4byte	.LFB4
 590 0242 1E000000 		.4byte	.LFE4-.LFB4
 591 0246 01       		.uleb128 0x1
 592 0247 9C       		.byte	0x9c
 593 0248 8A020000 		.4byte	0x28a
 594 024c 0C       		.uleb128 0xc
 595 024d 69000000 		.4byte	.LASF24
 596 0251 01       		.byte	0x1
 597 0252 E9       		.byte	0xe9
 598 0253 AB010000 		.4byte	0x1ab
 599 0257 53010000 		.4byte	.LLST6
 600 025b 07       		.uleb128 0x7
 601 025c 41000000 		.4byte	.LASF22
ARM GAS  C:\Users\FRANKL~1\AppData\Local\Temp\ccQpYLXx.s 			page 16


 602 0260 01       		.byte	0x1
 603 0261 EB       		.byte	0xeb
 604 0262 B0000000 		.4byte	0xb0
 605 0266 71010000 		.4byte	.LLST7
 606 026a 07       		.uleb128 0x7
 607 026b 1A000000 		.4byte	.LASF26
 608 026f 01       		.byte	0x1
 609 0270 EC       		.byte	0xec
 610 0271 6B000000 		.4byte	0x6b
 611 0275 9A010000 		.4byte	.LLST8
 612 0279 13       		.uleb128 0x13
 613 027a 0E000000 		.4byte	.LVL35
 614 027e C1010000 		.4byte	0x1c1
 615 0282 0A       		.uleb128 0xa
 616 0283 01       		.uleb128 0x1
 617 0284 50       		.byte	0x50
 618 0285 02       		.uleb128 0x2
 619 0286 75       		.byte	0x75
 620 0287 00       		.sleb128 0
 621 0288 00       		.byte	0
 622 0289 00       		.byte	0
 623 028a 14       		.uleb128 0x14
 624 028b 09000000 		.4byte	.LASF27
 625 028f 09000000 		.4byte	.LASF27
 626 0293 03       		.byte	0x3
 627 0294 22       		.byte	0x22
 628 0295 14       		.uleb128 0x14
 629 0296 70010000 		.4byte	.LASF28
 630 029a 70010000 		.4byte	.LASF28
 631 029e 03       		.byte	0x3
 632 029f 2F       		.byte	0x2f
 633 02a0 14       		.uleb128 0x14
 634 02a1 5C010000 		.4byte	.LASF29
 635 02a5 5C010000 		.4byte	.LASF29
 636 02a9 03       		.byte	0x3
 637 02aa 2D       		.byte	0x2d
 638 02ab 14       		.uleb128 0x14
 639 02ac BF010000 		.4byte	.LASF30
 640 02b0 BF010000 		.4byte	.LASF30
 641 02b4 03       		.byte	0x3
 642 02b5 30       		.byte	0x30
 643 02b6 14       		.uleb128 0x14
 644 02b7 33000000 		.4byte	.LASF31
 645 02bb 33000000 		.4byte	.LASF31
 646 02bf 03       		.byte	0x3
 647 02c0 24       		.byte	0x24
 648 02c1 14       		.uleb128 0x14
 649 02c2 D9010000 		.4byte	.LASF32
 650 02c6 D9010000 		.4byte	.LASF32
 651 02ca 04       		.byte	0x4
 652 02cb 77       		.byte	0x77
 653 02cc 00       		.byte	0
 654              		.section	.debug_abbrev,"",%progbits
 655              	.Ldebug_abbrev0:
 656 0000 01       		.uleb128 0x1
 657 0001 11       		.uleb128 0x11
 658 0002 01       		.byte	0x1
ARM GAS  C:\Users\FRANKL~1\AppData\Local\Temp\ccQpYLXx.s 			page 17


 659 0003 25       		.uleb128 0x25
 660 0004 0E       		.uleb128 0xe
 661 0005 13       		.uleb128 0x13
 662 0006 0B       		.uleb128 0xb
 663 0007 03       		.uleb128 0x3
 664 0008 0E       		.uleb128 0xe
 665 0009 1B       		.uleb128 0x1b
 666 000a 0E       		.uleb128 0xe
 667 000b 55       		.uleb128 0x55
 668 000c 17       		.uleb128 0x17
 669 000d 11       		.uleb128 0x11
 670 000e 01       		.uleb128 0x1
 671 000f 10       		.uleb128 0x10
 672 0010 17       		.uleb128 0x17
 673 0011 00       		.byte	0
 674 0012 00       		.byte	0
 675 0013 02       		.uleb128 0x2
 676 0014 24       		.uleb128 0x24
 677 0015 00       		.byte	0
 678 0016 0B       		.uleb128 0xb
 679 0017 0B       		.uleb128 0xb
 680 0018 3E       		.uleb128 0x3e
 681 0019 0B       		.uleb128 0xb
 682 001a 03       		.uleb128 0x3
 683 001b 0E       		.uleb128 0xe
 684 001c 00       		.byte	0
 685 001d 00       		.byte	0
 686 001e 03       		.uleb128 0x3
 687 001f 24       		.uleb128 0x24
 688 0020 00       		.byte	0
 689 0021 0B       		.uleb128 0xb
 690 0022 0B       		.uleb128 0xb
 691 0023 3E       		.uleb128 0x3e
 692 0024 0B       		.uleb128 0xb
 693 0025 03       		.uleb128 0x3
 694 0026 08       		.uleb128 0x8
 695 0027 00       		.byte	0
 696 0028 00       		.byte	0
 697 0029 04       		.uleb128 0x4
 698 002a 16       		.uleb128 0x16
 699 002b 00       		.byte	0
 700 002c 03       		.uleb128 0x3
 701 002d 0E       		.uleb128 0xe
 702 002e 3A       		.uleb128 0x3a
 703 002f 0B       		.uleb128 0xb
 704 0030 3B       		.uleb128 0x3b
 705 0031 05       		.uleb128 0x5
 706 0032 49       		.uleb128 0x49
 707 0033 13       		.uleb128 0x13
 708 0034 00       		.byte	0
 709 0035 00       		.byte	0
 710 0036 05       		.uleb128 0x5
 711 0037 35       		.uleb128 0x35
 712 0038 00       		.byte	0
 713 0039 49       		.uleb128 0x49
 714 003a 13       		.uleb128 0x13
 715 003b 00       		.byte	0
ARM GAS  C:\Users\FRANKL~1\AppData\Local\Temp\ccQpYLXx.s 			page 18


 716 003c 00       		.byte	0
 717 003d 06       		.uleb128 0x6
 718 003e 2E       		.uleb128 0x2e
 719 003f 01       		.byte	0x1
 720 0040 3F       		.uleb128 0x3f
 721 0041 19       		.uleb128 0x19
 722 0042 03       		.uleb128 0x3
 723 0043 0E       		.uleb128 0xe
 724 0044 3A       		.uleb128 0x3a
 725 0045 0B       		.uleb128 0xb
 726 0046 3B       		.uleb128 0x3b
 727 0047 0B       		.uleb128 0xb
 728 0048 27       		.uleb128 0x27
 729 0049 19       		.uleb128 0x19
 730 004a 49       		.uleb128 0x49
 731 004b 13       		.uleb128 0x13
 732 004c 11       		.uleb128 0x11
 733 004d 01       		.uleb128 0x1
 734 004e 12       		.uleb128 0x12
 735 004f 06       		.uleb128 0x6
 736 0050 40       		.uleb128 0x40
 737 0051 18       		.uleb128 0x18
 738 0052 9742     		.uleb128 0x2117
 739 0054 19       		.uleb128 0x19
 740 0055 01       		.uleb128 0x1
 741 0056 13       		.uleb128 0x13
 742 0057 00       		.byte	0
 743 0058 00       		.byte	0
 744 0059 07       		.uleb128 0x7
 745 005a 34       		.uleb128 0x34
 746 005b 00       		.byte	0
 747 005c 03       		.uleb128 0x3
 748 005d 0E       		.uleb128 0xe
 749 005e 3A       		.uleb128 0x3a
 750 005f 0B       		.uleb128 0xb
 751 0060 3B       		.uleb128 0x3b
 752 0061 0B       		.uleb128 0xb
 753 0062 49       		.uleb128 0x49
 754 0063 13       		.uleb128 0x13
 755 0064 02       		.uleb128 0x2
 756 0065 17       		.uleb128 0x17
 757 0066 00       		.byte	0
 758 0067 00       		.byte	0
 759 0068 08       		.uleb128 0x8
 760 0069 898201   		.uleb128 0x4109
 761 006c 00       		.byte	0
 762 006d 11       		.uleb128 0x11
 763 006e 01       		.uleb128 0x1
 764 006f 31       		.uleb128 0x31
 765 0070 13       		.uleb128 0x13
 766 0071 00       		.byte	0
 767 0072 00       		.byte	0
 768 0073 09       		.uleb128 0x9
 769 0074 898201   		.uleb128 0x4109
 770 0077 01       		.byte	0x1
 771 0078 11       		.uleb128 0x11
 772 0079 01       		.uleb128 0x1
ARM GAS  C:\Users\FRANKL~1\AppData\Local\Temp\ccQpYLXx.s 			page 19


 773 007a 31       		.uleb128 0x31
 774 007b 13       		.uleb128 0x13
 775 007c 01       		.uleb128 0x1
 776 007d 13       		.uleb128 0x13
 777 007e 00       		.byte	0
 778 007f 00       		.byte	0
 779 0080 0A       		.uleb128 0xa
 780 0081 8A8201   		.uleb128 0x410a
 781 0084 00       		.byte	0
 782 0085 02       		.uleb128 0x2
 783 0086 18       		.uleb128 0x18
 784 0087 9142     		.uleb128 0x2111
 785 0089 18       		.uleb128 0x18
 786 008a 00       		.byte	0
 787 008b 00       		.byte	0
 788 008c 0B       		.uleb128 0xb
 789 008d 2E       		.uleb128 0x2e
 790 008e 00       		.byte	0
 791 008f 3F       		.uleb128 0x3f
 792 0090 19       		.uleb128 0x19
 793 0091 03       		.uleb128 0x3
 794 0092 0E       		.uleb128 0xe
 795 0093 3A       		.uleb128 0x3a
 796 0094 0B       		.uleb128 0xb
 797 0095 3B       		.uleb128 0x3b
 798 0096 0B       		.uleb128 0xb
 799 0097 27       		.uleb128 0x27
 800 0098 19       		.uleb128 0x19
 801 0099 11       		.uleb128 0x11
 802 009a 01       		.uleb128 0x1
 803 009b 12       		.uleb128 0x12
 804 009c 06       		.uleb128 0x6
 805 009d 40       		.uleb128 0x40
 806 009e 18       		.uleb128 0x18
 807 009f 9742     		.uleb128 0x2117
 808 00a1 19       		.uleb128 0x19
 809 00a2 00       		.byte	0
 810 00a3 00       		.byte	0
 811 00a4 0C       		.uleb128 0xc
 812 00a5 05       		.uleb128 0x5
 813 00a6 00       		.byte	0
 814 00a7 03       		.uleb128 0x3
 815 00a8 0E       		.uleb128 0xe
 816 00a9 3A       		.uleb128 0x3a
 817 00aa 0B       		.uleb128 0xb
 818 00ab 3B       		.uleb128 0x3b
 819 00ac 0B       		.uleb128 0xb
 820 00ad 49       		.uleb128 0x49
 821 00ae 13       		.uleb128 0x13
 822 00af 02       		.uleb128 0x2
 823 00b0 17       		.uleb128 0x17
 824 00b1 00       		.byte	0
 825 00b2 00       		.byte	0
 826 00b3 0D       		.uleb128 0xd
 827 00b4 34       		.uleb128 0x34
 828 00b5 00       		.byte	0
 829 00b6 03       		.uleb128 0x3
ARM GAS  C:\Users\FRANKL~1\AppData\Local\Temp\ccQpYLXx.s 			page 20


 830 00b7 0E       		.uleb128 0xe
 831 00b8 3A       		.uleb128 0x3a
 832 00b9 0B       		.uleb128 0xb
 833 00ba 3B       		.uleb128 0x3b
 834 00bb 0B       		.uleb128 0xb
 835 00bc 49       		.uleb128 0x49
 836 00bd 13       		.uleb128 0x13
 837 00be 02       		.uleb128 0x2
 838 00bf 18       		.uleb128 0x18
 839 00c0 00       		.byte	0
 840 00c1 00       		.byte	0
 841 00c2 0E       		.uleb128 0xe
 842 00c3 0F       		.uleb128 0xf
 843 00c4 00       		.byte	0
 844 00c5 0B       		.uleb128 0xb
 845 00c6 0B       		.uleb128 0xb
 846 00c7 49       		.uleb128 0x49
 847 00c8 13       		.uleb128 0x13
 848 00c9 00       		.byte	0
 849 00ca 00       		.byte	0
 850 00cb 0F       		.uleb128 0xf
 851 00cc 01       		.uleb128 0x1
 852 00cd 01       		.byte	0x1
 853 00ce 49       		.uleb128 0x49
 854 00cf 13       		.uleb128 0x13
 855 00d0 01       		.uleb128 0x1
 856 00d1 13       		.uleb128 0x13
 857 00d2 00       		.byte	0
 858 00d3 00       		.byte	0
 859 00d4 10       		.uleb128 0x10
 860 00d5 21       		.uleb128 0x21
 861 00d6 00       		.byte	0
 862 00d7 49       		.uleb128 0x49
 863 00d8 13       		.uleb128 0x13
 864 00d9 2F       		.uleb128 0x2f
 865 00da 0B       		.uleb128 0xb
 866 00db 00       		.byte	0
 867 00dc 00       		.byte	0
 868 00dd 11       		.uleb128 0x11
 869 00de 2E       		.uleb128 0x2e
 870 00df 01       		.byte	0x1
 871 00e0 03       		.uleb128 0x3
 872 00e1 0E       		.uleb128 0xe
 873 00e2 3A       		.uleb128 0x3a
 874 00e3 0B       		.uleb128 0xb
 875 00e4 3B       		.uleb128 0x3b
 876 00e5 0B       		.uleb128 0xb
 877 00e6 27       		.uleb128 0x27
 878 00e7 19       		.uleb128 0x19
 879 00e8 49       		.uleb128 0x49
 880 00e9 13       		.uleb128 0x13
 881 00ea 11       		.uleb128 0x11
 882 00eb 01       		.uleb128 0x1
 883 00ec 12       		.uleb128 0x12
 884 00ed 06       		.uleb128 0x6
 885 00ee 40       		.uleb128 0x40
 886 00ef 18       		.uleb128 0x18
ARM GAS  C:\Users\FRANKL~1\AppData\Local\Temp\ccQpYLXx.s 			page 21


 887 00f0 9742     		.uleb128 0x2117
 888 00f2 19       		.uleb128 0x19
 889 00f3 01       		.uleb128 0x1
 890 00f4 13       		.uleb128 0x13
 891 00f5 00       		.byte	0
 892 00f6 00       		.byte	0
 893 00f7 12       		.uleb128 0x12
 894 00f8 34       		.uleb128 0x34
 895 00f9 00       		.byte	0
 896 00fa 03       		.uleb128 0x3
 897 00fb 08       		.uleb128 0x8
 898 00fc 3A       		.uleb128 0x3a
 899 00fd 0B       		.uleb128 0xb
 900 00fe 3B       		.uleb128 0x3b
 901 00ff 0B       		.uleb128 0xb
 902 0100 49       		.uleb128 0x49
 903 0101 13       		.uleb128 0x13
 904 0102 02       		.uleb128 0x2
 905 0103 17       		.uleb128 0x17
 906 0104 00       		.byte	0
 907 0105 00       		.byte	0
 908 0106 13       		.uleb128 0x13
 909 0107 898201   		.uleb128 0x4109
 910 010a 01       		.byte	0x1
 911 010b 11       		.uleb128 0x11
 912 010c 01       		.uleb128 0x1
 913 010d 31       		.uleb128 0x31
 914 010e 13       		.uleb128 0x13
 915 010f 00       		.byte	0
 916 0110 00       		.byte	0
 917 0111 14       		.uleb128 0x14
 918 0112 2E       		.uleb128 0x2e
 919 0113 00       		.byte	0
 920 0114 3F       		.uleb128 0x3f
 921 0115 19       		.uleb128 0x19
 922 0116 3C       		.uleb128 0x3c
 923 0117 19       		.uleb128 0x19
 924 0118 6E       		.uleb128 0x6e
 925 0119 0E       		.uleb128 0xe
 926 011a 03       		.uleb128 0x3
 927 011b 0E       		.uleb128 0xe
 928 011c 3A       		.uleb128 0x3a
 929 011d 0B       		.uleb128 0xb
 930 011e 3B       		.uleb128 0x3b
 931 011f 0B       		.uleb128 0xb
 932 0120 00       		.byte	0
 933 0121 00       		.byte	0
 934 0122 00       		.byte	0
 935              		.section	.debug_loc,"",%progbits
 936              	.Ldebug_loc0:
 937              	.LLST0:
 938 0000 02000000 		.4byte	.LVL0
 939 0004 1E000000 		.4byte	.LVL4
 940 0008 0300     		.2byte	0x3
 941 000a 09       		.byte	0x9
 942 000b FF       		.byte	0xff
 943 000c 9F       		.byte	0x9f
ARM GAS  C:\Users\FRANKL~1\AppData\Local\Temp\ccQpYLXx.s 			page 22


 944 000d 1E000000 		.4byte	.LVL4
 945 0011 24000000 		.4byte	.LVL6
 946 0015 0100     		.2byte	0x1
 947 0017 54       		.byte	0x54
 948 0018 24000000 		.4byte	.LVL6
 949 001c 26000000 		.4byte	.LVL7
 950 0020 0300     		.2byte	0x3
 951 0022 09       		.byte	0x9
 952 0023 FF       		.byte	0xff
 953 0024 9F       		.byte	0x9f
 954 0025 26000000 		.4byte	.LVL7
 955 0029 2A000000 		.4byte	.LFE0
 956 002d 0100     		.2byte	0x1
 957 002f 54       		.byte	0x54
 958 0030 00000000 		.4byte	0
 959 0034 00000000 		.4byte	0
 960              	.LLST1:
 961 0038 00000000 		.4byte	.LVL8
 962 003c 1C000000 		.4byte	.LVL9
 963 0040 0100     		.2byte	0x1
 964 0042 50       		.byte	0x50
 965 0043 1C000000 		.4byte	.LVL9
 966 0047 34000000 		.4byte	.LVL11
 967 004b 0100     		.2byte	0x1
 968 004d 54       		.byte	0x54
 969 004e 34000000 		.4byte	.LVL11
 970 0052 36000000 		.4byte	.LVL12
 971 0056 0400     		.2byte	0x4
 972 0058 F3       		.byte	0xf3
 973 0059 01       		.uleb128 0x1
 974 005a 50       		.byte	0x50
 975 005b 9F       		.byte	0x9f
 976 005c 36000000 		.4byte	.LVL12
 977 0060 40000000 		.4byte	.LVL13
 978 0064 0100     		.2byte	0x1
 979 0066 54       		.byte	0x54
 980 0067 40000000 		.4byte	.LVL13
 981 006b 42000000 		.4byte	.LVL14
 982 006f 0400     		.2byte	0x4
 983 0071 F3       		.byte	0xf3
 984 0072 01       		.uleb128 0x1
 985 0073 50       		.byte	0x50
 986 0074 9F       		.byte	0x9f
 987 0075 42000000 		.4byte	.LVL14
 988 0079 4A000000 		.4byte	.LVL15
 989 007d 0100     		.2byte	0x1
 990 007f 50       		.byte	0x50
 991 0080 4A000000 		.4byte	.LVL15
 992 0084 4E000000 		.4byte	.LVL16
 993 0088 0100     		.2byte	0x1
 994 008a 54       		.byte	0x54
 995 008b 4E000000 		.4byte	.LVL16
 996 008f 60000000 		.4byte	.LFE2
 997 0093 0400     		.2byte	0x4
 998 0095 F3       		.byte	0xf3
 999 0096 01       		.uleb128 0x1
 1000 0097 50       		.byte	0x50
ARM GAS  C:\Users\FRANKL~1\AppData\Local\Temp\ccQpYLXx.s 			page 23


 1001 0098 9F       		.byte	0x9f
 1002 0099 00000000 		.4byte	0
 1003 009d 00000000 		.4byte	0
 1004              	.LLST2:
 1005 00a1 4E000000 		.4byte	.LVL16
 1006 00a5 5C000000 		.4byte	.LVL18
 1007 00a9 0100     		.2byte	0x1
 1008 00ab 54       		.byte	0x54
 1009 00ac 5C000000 		.4byte	.LVL18
 1010 00b0 60000000 		.4byte	.LFE2
 1011 00b4 0100     		.2byte	0x1
 1012 00b6 50       		.byte	0x50
 1013 00b7 00000000 		.4byte	0
 1014 00bb 00000000 		.4byte	0
 1015              	.LLST3:
 1016 00bf 00000000 		.4byte	.LVL19
 1017 00c3 07000000 		.4byte	.LVL20-1
 1018 00c7 0100     		.2byte	0x1
 1019 00c9 50       		.byte	0x50
 1020 00ca 07000000 		.4byte	.LVL20-1
 1021 00ce 42000000 		.4byte	.LVL31
 1022 00d2 0100     		.2byte	0x1
 1023 00d4 56       		.byte	0x56
 1024 00d5 42000000 		.4byte	.LVL31
 1025 00d9 48000000 		.4byte	.LFE3
 1026 00dd 0400     		.2byte	0x4
 1027 00df F3       		.byte	0xf3
 1028 00e0 01       		.uleb128 0x1
 1029 00e1 50       		.byte	0x50
 1030 00e2 9F       		.byte	0x9f
 1031 00e3 00000000 		.4byte	0
 1032 00e7 00000000 		.4byte	0
 1033              	.LLST4:
 1034 00eb 10000000 		.4byte	.LVL22
 1035 00ef 32000000 		.4byte	.LVL26
 1036 00f3 0100     		.2byte	0x1
 1037 00f5 54       		.byte	0x54
 1038 00f6 34000000 		.4byte	.LVL27
 1039 00fa 36000000 		.4byte	.LVL28
 1040 00fe 0100     		.2byte	0x1
 1041 0100 54       		.byte	0x54
 1042 0101 3A000000 		.4byte	.LVL29
 1043 0105 3E000000 		.4byte	.LVL30
 1044 0109 0100     		.2byte	0x1
 1045 010b 54       		.byte	0x54
 1046 010c 00000000 		.4byte	0
 1047 0110 00000000 		.4byte	0
 1048              	.LLST5:
 1049 0114 0A000000 		.4byte	.LVL21
 1050 0118 10000000 		.4byte	.LVL22
 1051 011c 0100     		.2byte	0x1
 1052 011e 50       		.byte	0x50
 1053 011f 10000000 		.4byte	.LVL22
 1054 0123 36000000 		.4byte	.LVL28
 1055 0127 0100     		.2byte	0x1
 1056 0129 55       		.byte	0x55
 1057 012a 36000000 		.4byte	.LVL28
ARM GAS  C:\Users\FRANKL~1\AppData\Local\Temp\ccQpYLXx.s 			page 24


 1058 012e 3A000000 		.4byte	.LVL29
 1059 0132 0100     		.2byte	0x1
 1060 0134 50       		.byte	0x50
 1061 0135 3A000000 		.4byte	.LVL29
 1062 0139 42000000 		.4byte	.LVL31
 1063 013d 0100     		.2byte	0x1
 1064 013f 55       		.byte	0x55
 1065 0140 42000000 		.4byte	.LVL31
 1066 0144 48000000 		.4byte	.LFE3
 1067 0148 0100     		.2byte	0x1
 1068 014a 50       		.byte	0x50
 1069 014b 00000000 		.4byte	0
 1070 014f 00000000 		.4byte	0
 1071              	.LLST6:
 1072 0153 00000000 		.4byte	.LVL32
 1073 0157 08000000 		.4byte	.LVL34
 1074 015b 0100     		.2byte	0x1
 1075 015d 50       		.byte	0x50
 1076 015e 08000000 		.4byte	.LVL34
 1077 0162 1E000000 		.4byte	.LFE4
 1078 0166 0100     		.2byte	0x1
 1079 0168 55       		.byte	0x55
 1080 0169 00000000 		.4byte	0
 1081 016d 00000000 		.4byte	0
 1082              	.LLST7:
 1083 0171 08000000 		.4byte	.LVL34
 1084 0175 0D000000 		.4byte	.LVL35-1
 1085 0179 0100     		.2byte	0x1
 1086 017b 53       		.byte	0x53
 1087 017c 0E000000 		.4byte	.LVL35
 1088 0180 16000000 		.4byte	.LVL37
 1089 0184 0100     		.2byte	0x1
 1090 0186 50       		.byte	0x50
 1091 0187 16000000 		.4byte	.LVL37
 1092 018b 1E000000 		.4byte	.LFE4
 1093 018f 0100     		.2byte	0x1
 1094 0191 53       		.byte	0x53
 1095 0192 00000000 		.4byte	0
 1096 0196 00000000 		.4byte	0
 1097              	.LLST8:
 1098 019a 04000000 		.4byte	.LVL33
 1099 019e 08000000 		.4byte	.LVL34
 1100 01a2 0200     		.2byte	0x2
 1101 01a4 32       		.byte	0x32
 1102 01a5 9F       		.byte	0x9f
 1103 01a6 08000000 		.4byte	.LVL34
 1104 01aa 14000000 		.4byte	.LVL36
 1105 01ae 0100     		.2byte	0x1
 1106 01b0 54       		.byte	0x54
 1107 01b1 16000000 		.4byte	.LVL37
 1108 01b5 1E000000 		.4byte	.LFE4
 1109 01b9 0100     		.2byte	0x1
 1110 01bb 54       		.byte	0x54
 1111 01bc 00000000 		.4byte	0
 1112 01c0 00000000 		.4byte	0
 1113              		.section	.debug_aranges,"",%progbits
 1114 0000 3C000000 		.4byte	0x3c
ARM GAS  C:\Users\FRANKL~1\AppData\Local\Temp\ccQpYLXx.s 			page 25


 1115 0004 0200     		.2byte	0x2
 1116 0006 00000000 		.4byte	.Ldebug_info0
 1117 000a 04       		.byte	0x4
 1118 000b 00       		.byte	0
 1119 000c 0000     		.2byte	0
 1120 000e 0000     		.2byte	0
 1121 0010 00000000 		.4byte	.LFB0
 1122 0014 2A000000 		.4byte	.LFE0-.LFB0
 1123 0018 00000000 		.4byte	.LFB1
 1124 001c 02000000 		.4byte	.LFE1-.LFB1
 1125 0020 00000000 		.4byte	.LFB2
 1126 0024 60000000 		.4byte	.LFE2-.LFB2
 1127 0028 00000000 		.4byte	.LFB3
 1128 002c 48000000 		.4byte	.LFE3-.LFB3
 1129 0030 00000000 		.4byte	.LFB4
 1130 0034 1E000000 		.4byte	.LFE4-.LFB4
 1131 0038 00000000 		.4byte	0
 1132 003c 00000000 		.4byte	0
 1133              		.section	.debug_ranges,"",%progbits
 1134              	.Ldebug_ranges0:
 1135 0000 00000000 		.4byte	.LFB0
 1136 0004 2A000000 		.4byte	.LFE0
 1137 0008 00000000 		.4byte	.LFB1
 1138 000c 02000000 		.4byte	.LFE1
 1139 0010 00000000 		.4byte	.LFB2
 1140 0014 60000000 		.4byte	.LFE2
 1141 0018 00000000 		.4byte	.LFB3
 1142 001c 48000000 		.4byte	.LFE3
 1143 0020 00000000 		.4byte	.LFB4
 1144 0024 1E000000 		.4byte	.LFE4
 1145 0028 00000000 		.4byte	0
 1146 002c 00000000 		.4byte	0
 1147              		.section	.debug_line,"",%progbits
 1148              	.Ldebug_line0:
 1149 0000 FF000000 		.section	.debug_str,"MS",%progbits,1
 1149      02005A00 
 1149      00000201 
 1149      FB0E0D00 
 1149      01010101 
 1150              	.LASF16:
 1151 0000 63797374 		.ascii	"cystatus\000"
 1151      61747573 
 1151      00
 1152              	.LASF27:
 1153 0009 43795370 		.ascii	"CySpcStart\000"
 1153      63537461 
 1153      727400
 1154              	.LASF13:
 1155 0014 666C6F61 		.ascii	"float\000"
 1155      7400
 1156              	.LASF26:
 1157 001a 636F756E 		.ascii	"count\000"
 1157      7400
 1158              	.LASF3:
 1159 0020 73686F72 		.ascii	"short unsigned int\000"
 1159      7420756E 
 1159      7369676E 
ARM GAS  C:\Users\FRANKL~1\AppData\Local\Temp\ccQpYLXx.s 			page 26


 1159      65642069 
 1159      6E7400
 1160              	.LASF31:
 1161 0033 43795370 		.ascii	"CySpcReadData\000"
 1161      63526561 
 1161      64446174 
 1161      6100
 1162              	.LASF22:
 1163 0041 73746174 		.ascii	"status\000"
 1163      757300
 1164              	.LASF34:
 1165 0048 47656E65 		.ascii	"Generated_Source\\PSoC5\\DieTemp.c\000"
 1165      72617465 
 1165      645F536F 
 1165      75726365 
 1165      5C50536F 
 1166              	.LASF24:
 1167 0069 74656D70 		.ascii	"temperature\000"
 1167      65726174 
 1167      75726500 
 1168              	.LASF20:
 1169 0075 44696554 		.ascii	"DieTemp_Start\000"
 1169      656D705F 
 1169      53746172 
 1169      7400
 1170              	.LASF1:
 1171 0083 756E7369 		.ascii	"unsigned char\000"
 1171      676E6564 
 1171      20636861 
 1171      7200
 1172              	.LASF33:
 1173 0091 474E5520 		.ascii	"GNU C11 5.4.1 20160609 (release) [ARM/embedded-5-br"
 1173      43313120 
 1173      352E342E 
 1173      31203230 
 1173      31363036 
 1174 00c4 616E6368 		.ascii	"anch revision 237715] -mcpu=cortex-m3 -mthumb -g -O"
 1174      20726576 
 1174      6973696F 
 1174      6E203233 
 1174      37373135 
 1175 00f7 67202D66 		.ascii	"g -ffunction-sections -ffat-lto-objects\000"
 1175      66756E63 
 1175      74696F6E 
 1175      2D736563 
 1175      74696F6E 
 1176              	.LASF17:
 1177 011f 72656738 		.ascii	"reg8\000"
 1177      00
 1178              	.LASF12:
 1179 0124 696E7431 		.ascii	"int16\000"
 1179      3600
 1180              	.LASF5:
 1181 012a 6C6F6E67 		.ascii	"long unsigned int\000"
 1181      20756E73 
 1181      69676E65 
 1181      6420696E 
ARM GAS  C:\Users\FRANKL~1\AppData\Local\Temp\ccQpYLXx.s 			page 27


 1181      7400
 1182              	.LASF23:
 1183 013c 74656D70 		.ascii	"temp\000"
 1183      00
 1184              	.LASF9:
 1185 0141 75696E74 		.ascii	"uint8\000"
 1185      3800
 1186              	.LASF21:
 1187 0147 44696554 		.ascii	"DieTemp_Query\000"
 1187      656D705F 
 1187      51756572 
 1187      7900
 1188              	.LASF14:
 1189 0155 646F7562 		.ascii	"double\000"
 1189      6C6500
 1190              	.LASF29:
 1191 015c 43795370 		.ascii	"CySpcGetTemp\000"
 1191      63476574 
 1191      54656D70 
 1191      00
 1192              	.LASF10:
 1193 0169 75696E74 		.ascii	"uint16\000"
 1193      313600
 1194              	.LASF28:
 1195 0170 43795370 		.ascii	"CySpcLock\000"
 1195      634C6F63 
 1195      6B00
 1196              	.LASF37:
 1197 017a 44696554 		.ascii	"DieTemp_GetTempT\000"
 1197      656D705F 
 1197      47657454 
 1197      656D7054 
 1197      00
 1198              	.LASF11:
 1199 018b 75696E74 		.ascii	"uint32\000"
 1199      333200
 1200              	.LASF8:
 1201 0192 756E7369 		.ascii	"unsigned int\000"
 1201      676E6564 
 1201      20696E74 
 1201      00
 1202              	.LASF7:
 1203 019f 6C6F6E67 		.ascii	"long long unsigned int\000"
 1203      206C6F6E 
 1203      6720756E 
 1203      7369676E 
 1203      65642069 
 1204              	.LASF19:
 1205 01b6 73697A65 		.ascii	"sizetype\000"
 1205      74797065 
 1205      00
 1206              	.LASF30:
 1207 01bf 43795370 		.ascii	"CySpcUnlock\000"
 1207      63556E6C 
 1207      6F636B00 
 1208              	.LASF6:
 1209 01cb 6C6F6E67 		.ascii	"long long int\000"
ARM GAS  C:\Users\FRANKL~1\AppData\Local\Temp\ccQpYLXx.s 			page 28


 1209      206C6F6E 
 1209      6720696E 
 1209      7400
 1210              	.LASF32:
 1211 01d9 43794465 		.ascii	"CyDelayUs\000"
 1211      6C617955 
 1211      7300
 1212              	.LASF15:
 1213 01e3 63686172 		.ascii	"char\000"
 1213      00
 1214              	.LASF25:
 1215 01e8 44696554 		.ascii	"DieTemp_GetTemp\000"
 1215      656D705F 
 1215      47657454 
 1215      656D7000 
 1216              	.LASF2:
 1217 01f8 73686F72 		.ascii	"short int\000"
 1217      7420696E 
 1217      7400
 1218              	.LASF4:
 1219 0202 6C6F6E67 		.ascii	"long int\000"
 1219      20696E74 
 1219      00
 1220              	.LASF36:
 1221 020b 44696554 		.ascii	"DieTemp_Stop\000"
 1221      656D705F 
 1221      53746F70 
 1221      00
 1222              	.LASF18:
 1223 0218 6C6F6E67 		.ascii	"long double\000"
 1223      20646F75 
 1223      626C6500 
 1224              	.LASF0:
 1225 0224 7369676E 		.ascii	"signed char\000"
 1225      65642063 
 1225      68617200 
 1226              	.LASF35:
 1227 0230 433A5C55 		.ascii	"C:\\Users\\FranklinLab_PC_1\\Documents\\Python Scri"
 1227      73657273 
 1227      5C467261 
 1227      6E6B6C69 
 1227      6E4C6162 
 1228 025f 7074735C 		.ascii	"pts\\CNT_IV\\PSoC\\Layout 2_14\\Version 4_Full\\Mas"
 1228      434E545F 
 1228      49565C50 
 1228      536F435C 
 1228      4C61796F 
 1229 028d 7465725C 		.ascii	"ter\\Master 1\\Design01.cydsn\000"
 1229      4D617374 
 1229      65722031 
 1229      5C446573 
 1229      69676E30 
 1230              		.ident	"GCC: (GNU Tools for ARM Embedded Processors) 5.4.1 20160609 (release) [ARM/embedded-5-bran
