This is pdfTeX, Version 3.14159265-2.6-1.40.18 (TeX Live 2017) (preloaded format=pdflatex 2017.5.23)  19 APR 2018 13:59
entering extended mode
 restricted \write18 enabled.
 %&-line parsing enabled.
**/Users/jaydoherty/Documents/myWorkspaces/Research/CNT_IV/b2912a/utilities/Dat
aPlotterUtility.py

(/Users/jaydoherty/Documents/myWorkspaces/Research/CNT_IV/b2912a/utilities/Data
PlotterUtility.py
LaTeX2e <2017-04-15>
Babel <3.10> and hyphenation patterns for 84 language(s) loaded.

! LaTeX Error: Missing \begin{document}.

See the LaTeX manual or LaTeX Companion for explanation.
Type  H <return>  for immediate help.
 ...                                              
                                                  
l.1 f
     rom matplotlib import pyplot as plt
? 
! Emergency stop.
 ...                                              
                                                  
l.1 f
     rom matplotlib import pyplot as plt
You're in trouble here.  Try typing  <return>  to proceed.
If that doesn't work, type  X <return>  to quit.

 
Here is how much of TeX's memory you used:
 8 strings out of 492995
 525 string characters out of 6132704
 54074 words of memory out of 5000000
 3658 multiletter control sequences out of 15000+600000
 3640 words of font info for 14 fonts, out of 8000000 for 9000
 1141 hyphenation exceptions out of 8191
 5i,0n,4p,134b,14s stack positions out of 5000i,500n,10000p,200000b,80000s
!  ==> Fatal error occurred, no output PDF file produced!
