ARM GAS  C:\Users\FRANKL~1\AppData\Local\Temp\cc5utpyL.s 			page 1


   1              		.syntax unified
   2              		.cpu cortex-m3
   3              		.fpu softvfp
   4              		.eabi_attribute 20, 1
   5              		.eabi_attribute 21, 1
   6              		.eabi_attribute 23, 3
   7              		.eabi_attribute 24, 1
   8              		.eabi_attribute 25, 1
   9              		.eabi_attribute 26, 1
  10              		.eabi_attribute 30, 1
  11              		.eabi_attribute 34, 1
  12              		.eabi_attribute 18, 4
  13              		.thumb
  14              		.syntax unified
  15              		.file	"cymetadata.c"
  16              		.text
  17              	.Ltext0:
  18              		.cfi_sections	.debug_frame
  19              		.global	cy_metadata
  20              		.global	cy_meta_flashprotect
  21              		.global	cy_meta_wonvl
  22              		.global	cy_meta_custnvl
  23              		.global	cy_meta_configecc
  24              		.section	.cyconfigecc,"a",%progbits
  25              		.align	2
  26              		.type	cy_meta_configecc, %object
  27              		.size	cy_meta_configecc, 2396
  28              	cy_meta_configecc:
  29 0000 01       		.byte	1
  30 0001 45       		.byte	69
  31 0002 00       		.byte	0
  32 0003 40       		.byte	64
  33 0004 02       		.byte	2
  34 0005 4F       		.byte	79
  35 0006 00       		.byte	0
  36 0007 40       		.byte	64
  37 0008 01       		.byte	1
  38 0009 52       		.byte	82
  39 000a 00       		.byte	0
  40 000b 40       		.byte	64
  41 000c 01       		.byte	1
  42 000d 5B       		.byte	91
  43 000e 00       		.byte	0
  44 000f 40       		.byte	64
  45 0010 04       		.byte	4
  46 0011 64       		.byte	100
  47 0012 00       		.byte	0
  48 0013 40       		.byte	64
  49 0014 02       		.byte	2
  50 0015 65       		.byte	101
  51 0016 00       		.byte	0
  52 0017 40       		.byte	64
  53 0018 02       		.byte	2
  54 0019 03       		.byte	3
  55 001a 01       		.byte	1
  56 001b 40       		.byte	64
  57 001c 04       		.byte	4
ARM GAS  C:\Users\FRANKL~1\AppData\Local\Temp\cc5utpyL.s 			page 2


  58 001d 04       		.byte	4
  59 001e 01       		.byte	1
  60 001f 40       		.byte	64
  61 0020 02       		.byte	2
  62 0021 05       		.byte	5
  63 0022 01       		.byte	1
  64 0023 40       		.byte	64
  65 0024 03       		.byte	3
  66 0025 07       		.byte	7
  67 0026 01       		.byte	1
  68 0027 40       		.byte	64
  69 0028 5E       		.byte	94
  70 0029 08       		.byte	8
  71 002a 01       		.byte	1
  72 002b 40       		.byte	64
  73 002c 49       		.byte	73
  74 002d 09       		.byte	9
  75 002e 01       		.byte	1
  76 002f 40       		.byte	64
  77 0030 54       		.byte	84
  78 0031 0A       		.byte	10
  79 0032 01       		.byte	1
  80 0033 40       		.byte	64
  81 0034 49       		.byte	73
  82 0035 0B       		.byte	11
  83 0036 01       		.byte	1
  84 0037 40       		.byte	64
  85 0038 22       		.byte	34
  86 0039 0C       		.byte	12
  87 003a 01       		.byte	1
  88 003b 40       		.byte	64
  89 003c 4E       		.byte	78
  90 003d 0D       		.byte	13
  91 003e 01       		.byte	1
  92 003f 40       		.byte	64
  93 0040 5E       		.byte	94
  94 0041 0E       		.byte	14
  95 0042 01       		.byte	1
  96 0043 40       		.byte	64
  97 0044 3F       		.byte	63
  98 0045 0F       		.byte	15
  99 0046 01       		.byte	1
 100 0047 40       		.byte	64
 101 0048 02       		.byte	2
 102 0049 15       		.byte	21
 103 004a 01       		.byte	1
 104 004b 40       		.byte	64
 105 004c 01       		.byte	1
 106 004d 17       		.byte	23
 107 004e 01       		.byte	1
 108 004f 40       		.byte	64
 109 0050 59       		.byte	89
 110 0051 18       		.byte	24
 111 0052 01       		.byte	1
 112 0053 40       		.byte	64
 113 0054 41       		.byte	65
 114 0055 19       		.byte	25
ARM GAS  C:\Users\FRANKL~1\AppData\Local\Temp\cc5utpyL.s 			page 3


 115 0056 01       		.byte	1
 116 0057 40       		.byte	64
 117 0058 4F       		.byte	79
 118 0059 1A       		.byte	26
 119 005a 01       		.byte	1
 120 005b 40       		.byte	64
 121 005c 45       		.byte	69
 122 005d 1B       		.byte	27
 123 005e 01       		.byte	1
 124 005f 40       		.byte	64
 125 0060 06       		.byte	6
 126 0061 40       		.byte	64
 127 0062 01       		.byte	1
 128 0063 40       		.byte	64
 129 0064 09       		.byte	9
 130 0065 41       		.byte	65
 131 0066 01       		.byte	1
 132 0067 40       		.byte	64
 133 0068 05       		.byte	5
 134 0069 42       		.byte	66
 135 006a 01       		.byte	1
 136 006b 40       		.byte	64
 137 006c 05       		.byte	5
 138 006d 43       		.byte	67
 139 006e 01       		.byte	1
 140 006f 40       		.byte	64
 141 0070 06       		.byte	6
 142 0071 44       		.byte	68
 143 0072 01       		.byte	1
 144 0073 40       		.byte	64
 145 0074 09       		.byte	9
 146 0075 45       		.byte	69
 147 0076 01       		.byte	1
 148 0077 40       		.byte	64
 149 0078 06       		.byte	6
 150 0079 46       		.byte	70
 151 007a 01       		.byte	1
 152 007b 40       		.byte	64
 153 007c 0B       		.byte	11
 154 007d 47       		.byte	71
 155 007e 01       		.byte	1
 156 007f 40       		.byte	64
 157 0080 05       		.byte	5
 158 0081 48       		.byte	72
 159 0082 01       		.byte	1
 160 0083 40       		.byte	64
 161 0084 03       		.byte	3
 162 0085 49       		.byte	73
 163 0086 01       		.byte	1
 164 0087 40       		.byte	64
 165 0088 07       		.byte	7
 166 0089 4C       		.byte	76
 167 008a 01       		.byte	1
 168 008b 40       		.byte	64
 169 008c 0D       		.byte	13
 170 008d 4D       		.byte	77
 171 008e 01       		.byte	1
ARM GAS  C:\Users\FRANKL~1\AppData\Local\Temp\cc5utpyL.s 			page 4


 172 008f 40       		.byte	64
 173 0090 09       		.byte	9
 174 0091 50       		.byte	80
 175 0092 01       		.byte	1
 176 0093 40       		.byte	64
 177 0094 02       		.byte	2
 178 0095 51       		.byte	81
 179 0096 01       		.byte	1
 180 0097 40       		.byte	64
 181 0098 7E       		.byte	126
 182 0099 02       		.byte	2
 183 009a 01       		.byte	1
 184 009b 80       		.byte	-128
 185 009c 0A       		.byte	10
 186 009d 4B       		.byte	75
 187 009e 7C       		.byte	124
 188 009f 40       		.byte	64
 189 00a0 27       		.byte	39
 190 00a1 21       		.byte	33
 191 00a2 28       		.byte	40
 192 00a3 04       		.byte	4
 193 00a4 2C       		.byte	44
 194 00a5 0F       		.byte	15
 195 00a6 3C       		.byte	60
 196 00a7 08       		.byte	8
 197 00a8 89       		.byte	-119
 198 00a9 0F       		.byte	15
 199 00aa 88       		.byte	-120
 200 00ab 38       		.byte	56
 201 00ac 8B       		.byte	-117
 202 00ad 72       		.byte	114
 203 00ae E6       		.byte	-26
 204 00af 02       		.byte	2
 205 00b0 EE       		.byte	-18
 206 00b1 02       		.byte	2
 207 00b2 38       		.byte	56
 208 00b3 88       		.byte	-120
 209 00b4 3E       		.byte	62
 210 00b5 44       		.byte	68
 211 00b6 58       		.byte	88
 212 00b7 04       		.byte	4
 213 00b8 5F       		.byte	95
 214 00b9 01       		.byte	1
 215 00ba 18       		.byte	24
 216 00bb 01       		.byte	1
 217 00bc 1B       		.byte	27
 218 00bd 04       		.byte	4
 219 00be AB       		.byte	-85
 220 00bf 04       		.byte	4
 221 00c0 B4       		.byte	-76
 222 00c1 01       		.byte	1
 223 00c2 EE       		.byte	-18
 224 00c3 03       		.byte	3
 225 00c4 05       		.byte	5
 226 00c5 12       		.byte	18
 227 00c6 07       		.byte	7
 228 00c7 05       		.byte	5
ARM GAS  C:\Users\FRANKL~1\AppData\Local\Temp\cc5utpyL.s 			page 5


 229 00c8 0D       		.byte	13
 230 00c9 20       		.byte	32
 231 00ca 19       		.byte	25
 232 00cb 04       		.byte	4
 233 00cc 1B       		.byte	27
 234 00cd 18       		.byte	24
 235 00ce 21       		.byte	33
 236 00cf 09       		.byte	9
 237 00d0 23       		.byte	35
 238 00d1 06       		.byte	6
 239 00d2 24       		.byte	36
 240 00d3 01       		.byte	1
 241 00d4 25       		.byte	37
 242 00d5 3F       		.byte	63
 243 00d6 29       		.byte	41
 244 00d7 3F       		.byte	63
 245 00d8 31       		.byte	49
 246 00d9 20       		.byte	32
 247 00da 33       		.byte	51
 248 00db 03       		.byte	3
 249 00dc 35       		.byte	53
 250 00dd 1C       		.byte	28
 251 00de 36       		.byte	54
 252 00df 01       		.byte	1
 253 00e0 40       		.byte	64
 254 00e1 51       		.byte	81
 255 00e2 44       		.byte	68
 256 00e3 06       		.byte	6
 257 00e4 45       		.byte	69
 258 00e5 D0       		.byte	-48
 259 00e6 46       		.byte	70
 260 00e7 0B       		.byte	11
 261 00e8 48       		.byte	72
 262 00e9 06       		.byte	6
 263 00ea 49       		.byte	73
 264 00eb FF       		.byte	-1
 265 00ec 4A       		.byte	74
 266 00ed 7F       		.byte	127
 267 00ee 4B       		.byte	75
 268 00ef FF       		.byte	-1
 269 00f0 4C       		.byte	76
 270 00f1 42       		.byte	66
 271 00f2 4D       		.byte	77
 272 00f3 A0       		.byte	-96
 273 00f4 4E       		.byte	78
 274 00f5 70       		.byte	112
 275 00f6 50       		.byte	80
 276 00f7 0C       		.byte	12
 277 00f8 58       		.byte	88
 278 00f9 04       		.byte	4
 279 00fa 59       		.byte	89
 280 00fb 04       		.byte	4
 281 00fc 5A       		.byte	90
 282 00fd 04       		.byte	4
 283 00fe 5C       		.byte	92
 284 00ff 21       		.byte	33
 285 0100 5D       		.byte	93
ARM GAS  C:\Users\FRANKL~1\AppData\Local\Temp\cc5utpyL.s 			page 6


 286 0101 01       		.byte	1
 287 0102 5F       		.byte	95
 288 0103 01       		.byte	1
 289 0104 61       		.byte	97
 290 0105 09       		.byte	9
 291 0106 62       		.byte	98
 292 0107 40       		.byte	64
 293 0108 63       		.byte	99
 294 0109 09       		.byte	9
 295 010a 64       		.byte	100
 296 010b 30       		.byte	48
 297 010c 65       		.byte	101
 298 010d 09       		.byte	9
 299 010e 80       		.byte	-128
 300 010f 3F       		.byte	63
 301 0110 84       		.byte	-124
 302 0111 22       		.byte	34
 303 0112 88       		.byte	-120
 304 0113 22       		.byte	34
 305 0114 89       		.byte	-119
 306 0115 04       		.byte	4
 307 0116 8A       		.byte	-118
 308 0117 18       		.byte	24
 309 0118 8B       		.byte	-117
 310 0119 08       		.byte	8
 311 011a 8C       		.byte	-116
 312 011b 32       		.byte	50
 313 011c 8D       		.byte	-115
 314 011d 0E       		.byte	14
 315 011e 8E       		.byte	-114
 316 011f 08       		.byte	8
 317 0120 90       		.byte	-112
 318 0121 01       		.byte	1
 319 0122 91       		.byte	-111
 320 0123 01       		.byte	1
 321 0124 94       		.byte	-108
 322 0125 06       		.byte	6
 323 0126 95       		.byte	-107
 324 0127 0E       		.byte	14
 325 0128 98       		.byte	-104
 326 0129 1C       		.byte	28
 327 012a 9A       		.byte	-102
 328 012b 22       		.byte	34
 329 012c 9B       		.byte	-101
 330 012d 01       		.byte	1
 331 012e 9C       		.byte	-100
 332 012f 2A       		.byte	42
 333 0130 9E       		.byte	-98
 334 0131 10       		.byte	16
 335 0132 9F       		.byte	-97
 336 0133 08       		.byte	8
 337 0134 A0       		.byte	-96
 338 0135 04       		.byte	4
 339 0136 A1       		.byte	-95
 340 0137 01       		.byte	1
 341 0138 A4       		.byte	-92
 342 0139 01       		.byte	1
ARM GAS  C:\Users\FRANKL~1\AppData\Local\Temp\cc5utpyL.s 			page 7


 343 013a A6       		.byte	-90
 344 013b 1E       		.byte	30
 345 013c A8       		.byte	-88
 346 013d 18       		.byte	24
 347 013e AA       		.byte	-86
 348 013f 06       		.byte	6
 349 0140 AB       		.byte	-85
 350 0141 0A       		.byte	10
 351 0142 AE       		.byte	-82
 352 0143 40       		.byte	64
 353 0144 B0       		.byte	-80
 354 0145 1F       		.byte	31
 355 0146 B3       		.byte	-77
 356 0147 06       		.byte	6
 357 0148 B4       		.byte	-76
 358 0149 60       		.byte	96
 359 014a B5       		.byte	-75
 360 014b 01       		.byte	1
 361 014c B7       		.byte	-73
 362 014d 08       		.byte	8
 363 014e B8       		.byte	-72
 364 014f 02       		.byte	2
 365 0150 B9       		.byte	-71
 366 0151 08       		.byte	8
 367 0152 BF       		.byte	-65
 368 0153 44       		.byte	68
 369 0154 C0       		.byte	-64
 370 0155 42       		.byte	66
 371 0156 C1       		.byte	-63
 372 0157 06       		.byte	6
 373 0158 C5       		.byte	-59
 374 0159 BE       		.byte	-66
 375 015a C6       		.byte	-58
 376 015b 0C       		.byte	12
 377 015c C8       		.byte	-56
 378 015d 07       		.byte	7
 379 015e C9       		.byte	-55
 380 015f FF       		.byte	-1
 381 0160 CA       		.byte	-54
 382 0161 FF       		.byte	-1
 383 0162 CB       		.byte	-53
 384 0163 FF       		.byte	-1
 385 0164 CE       		.byte	-50
 386 0165 F0       		.byte	-16
 387 0166 CF       		.byte	-49
 388 0167 44       		.byte	68
 389 0168 D0       		.byte	-48
 390 0169 0C       		.byte	12
 391 016a D4       		.byte	-44
 392 016b 01       		.byte	1
 393 016c D8       		.byte	-40
 394 016d 04       		.byte	4
 395 016e D9       		.byte	-39
 396 016f 04       		.byte	4
 397 0170 DA       		.byte	-38
 398 0171 04       		.byte	4
 399 0172 DB       		.byte	-37
ARM GAS  C:\Users\FRANKL~1\AppData\Local\Temp\cc5utpyL.s 			page 8


 400 0173 04       		.byte	4
 401 0174 DC       		.byte	-36
 402 0175 11       		.byte	17
 403 0176 DD       		.byte	-35
 404 0177 22       		.byte	34
 405 0178 DF       		.byte	-33
 406 0179 01       		.byte	1
 407 017a E6       		.byte	-26
 408 017b C0       		.byte	-64
 409 017c EA       		.byte	-22
 410 017d 40       		.byte	64
 411 017e EB       		.byte	-21
 412 017f 02       		.byte	2
 413 0180 01       		.byte	1
 414 0181 08       		.byte	8
 415 0182 02       		.byte	2
 416 0183 09       		.byte	9
 417 0184 03       		.byte	3
 418 0185 80       		.byte	-128
 419 0186 08       		.byte	8
 420 0187 10       		.byte	16
 421 0188 0A       		.byte	10
 422 0189 60       		.byte	96
 423 018a 0B       		.byte	11
 424 018b 02       		.byte	2
 425 018c 12       		.byte	18
 426 018d 64       		.byte	100
 427 018e 13       		.byte	19
 428 018f 40       		.byte	64
 429 0190 17       		.byte	23
 430 0191 04       		.byte	4
 431 0192 1A       		.byte	26
 432 0193 40       		.byte	64
 433 0194 1B       		.byte	27
 434 0195 10       		.byte	16
 435 0196 1F       		.byte	31
 436 0197 80       		.byte	-128
 437 0198 20       		.byte	32
 438 0199 08       		.byte	8
 439 019a 21       		.byte	33
 440 019b 08       		.byte	8
 441 019c 22       		.byte	34
 442 019d 50       		.byte	80
 443 019e 25       		.byte	37
 444 019f 05       		.byte	5
 445 01a0 26       		.byte	38
 446 01a1 10       		.byte	16
 447 01a2 28       		.byte	40
 448 01a3 18       		.byte	24
 449 01a4 2A       		.byte	42
 450 01a5 10       		.byte	16
 451 01a6 2B       		.byte	43
 452 01a7 90       		.byte	-112
 453 01a8 2D       		.byte	45
 454 01a9 04       		.byte	4
 455 01aa 2F       		.byte	47
 456 01ab 48       		.byte	72
ARM GAS  C:\Users\FRANKL~1\AppData\Local\Temp\cc5utpyL.s 			page 9


 457 01ac 30       		.byte	48
 458 01ad 08       		.byte	8
 459 01ae 32       		.byte	50
 460 01af 95       		.byte	-107
 461 01b0 36       		.byte	54
 462 01b1 10       		.byte	16
 463 01b2 38       		.byte	56
 464 01b3 80       		.byte	-128
 465 01b4 39       		.byte	57
 466 01b5 20       		.byte	32
 467 01b6 3A       		.byte	58
 468 01b7 80       		.byte	-128
 469 01b8 3D       		.byte	61
 470 01b9 88       		.byte	-120
 471 01ba 40       		.byte	64
 472 01bb 08       		.byte	8
 473 01bc 41       		.byte	65
 474 01bd 08       		.byte	8
 475 01be 42       		.byte	66
 476 01bf A0       		.byte	-96
 477 01c0 47       		.byte	71
 478 01c1 40       		.byte	64
 479 01c2 48       		.byte	72
 480 01c3 98       		.byte	-104
 481 01c4 4D       		.byte	77
 482 01c5 01       		.byte	1
 483 01c6 4E       		.byte	78
 484 01c7 01       		.byte	1
 485 01c8 4F       		.byte	79
 486 01c9 10       		.byte	16
 487 01ca 52       		.byte	82
 488 01cb 80       		.byte	-128
 489 01cc 56       		.byte	86
 490 01cd 40       		.byte	64
 491 01ce 59       		.byte	89
 492 01cf 14       		.byte	20
 493 01d0 5A       		.byte	90
 494 01d1 81       		.byte	-127
 495 01d2 82       		.byte	-126
 496 01d3 40       		.byte	64
 497 01d4 91       		.byte	-111
 498 01d5 08       		.byte	8
 499 01d6 92       		.byte	-110
 500 01d7 02       		.byte	2
 501 01d8 93       		.byte	-109
 502 01d9 52       		.byte	82
 503 01da 95       		.byte	-107
 504 01db 01       		.byte	1
 505 01dc 96       		.byte	-106
 506 01dd 04       		.byte	4
 507 01de 97       		.byte	-105
 508 01df 04       		.byte	4
 509 01e0 98       		.byte	-104
 510 01e1 02       		.byte	2
 511 01e2 99       		.byte	-103
 512 01e3 08       		.byte	8
 513 01e4 9A       		.byte	-102
ARM GAS  C:\Users\FRANKL~1\AppData\Local\Temp\cc5utpyL.s 			page 10


 514 01e5 15       		.byte	21
 515 01e6 9B       		.byte	-101
 516 01e7 44       		.byte	68
 517 01e8 9C       		.byte	-100
 518 01e9 10       		.byte	16
 519 01ea 9E       		.byte	-98
 520 01eb 20       		.byte	32
 521 01ec A0       		.byte	-96
 522 01ed 20       		.byte	32
 523 01ee A2       		.byte	-94
 524 01ef 28       		.byte	40
 525 01f0 A4       		.byte	-92
 526 01f1 04       		.byte	4
 527 01f2 A7       		.byte	-89
 528 01f3 80       		.byte	-128
 529 01f4 B0       		.byte	-80
 530 01f5 0C       		.byte	12
 531 01f6 B1       		.byte	-79
 532 01f7 09       		.byte	9
 533 01f8 B2       		.byte	-78
 534 01f9 82       		.byte	-126
 535 01fa C0       		.byte	-64
 536 01fb 0F       		.byte	15
 537 01fc C2       		.byte	-62
 538 01fd 0F       		.byte	15
 539 01fe C4       		.byte	-60
 540 01ff 2F       		.byte	47
 541 0200 CA       		.byte	-54
 542 0201 E5       		.byte	-27
 543 0202 CC       		.byte	-52
 544 0203 2F       		.byte	47
 545 0204 CE       		.byte	-50
 546 0205 5C       		.byte	92
 547 0206 D0       		.byte	-48
 548 0207 15       		.byte	21
 549 0208 D2       		.byte	-46
 550 0209 34       		.byte	52
 551 020a D6       		.byte	-42
 552 020b 0F       		.byte	15
 553 020c E0       		.byte	-32
 554 020d 04       		.byte	4
 555 020e EC       		.byte	-20
 556 020f 10       		.byte	16
 557 0210 EE       		.byte	-18
 558 0211 03       		.byte	3
 559 0212 01       		.byte	1
 560 0213 03       		.byte	3
 561 0214 05       		.byte	5
 562 0215 01       		.byte	1
 563 0216 06       		.byte	6
 564 0217 10       		.byte	16
 565 0218 08       		.byte	8
 566 0219 02       		.byte	2
 567 021a 09       		.byte	9
 568 021b 01       		.byte	1
 569 021c 0A       		.byte	10
 570 021d 05       		.byte	5
ARM GAS  C:\Users\FRANKL~1\AppData\Local\Temp\cc5utpyL.s 			page 11


 571 021e 0C       		.byte	12
 572 021f 01       		.byte	1
 573 0220 0D       		.byte	13
 574 0221 10       		.byte	16
 575 0222 0E       		.byte	14
 576 0223 0E       		.byte	14
 577 0224 0F       		.byte	15
 578 0225 07       		.byte	7
 579 0226 10       		.byte	16
 580 0227 03       		.byte	3
 581 0228 11       		.byte	17
 582 0229 08       		.byte	8
 583 022a 12       		.byte	18
 584 022b 24       		.byte	36
 585 022c 13       		.byte	19
 586 022d 07       		.byte	7
 587 022e 15       		.byte	21
 588 022f C0       		.byte	-64
 589 0230 17       		.byte	23
 590 0231 07       		.byte	7
 591 0232 18       		.byte	24
 592 0233 27       		.byte	39
 593 0234 19       		.byte	25
 594 0235 3A       		.byte	58
 595 0236 1B       		.byte	27
 596 0237 04       		.byte	4
 597 0238 1C       		.byte	28
 598 0239 30       		.byte	48
 599 023a 1D       		.byte	29
 600 023b FF       		.byte	-1
 601 023c 20       		.byte	32
 602 023d 31       		.byte	49
 603 023e 21       		.byte	33
 604 023f 22       		.byte	34
 605 0240 22       		.byte	34
 606 0241 08       		.byte	8
 607 0242 23       		.byte	35
 608 0243 05       		.byte	5
 609 0244 25       		.byte	37
 610 0245 05       		.byte	5
 611 0246 27       		.byte	39
 612 0247 78       		.byte	120
 613 0248 28       		.byte	40
 614 0249 27       		.byte	39
 615 024a 29       		.byte	41
 616 024b 03       		.byte	3
 617 024c 2C       		.byte	44
 618 024d 06       		.byte	6
 619 024e 2D       		.byte	45
 620 024f 01       		.byte	1
 621 0250 2E       		.byte	46
 622 0251 21       		.byte	33
 623 0252 30       		.byte	48
 624 0253 0F       		.byte	15
 625 0254 31       		.byte	49
 626 0255 7F       		.byte	127
 627 0256 34       		.byte	52
ARM GAS  C:\Users\FRANKL~1\AppData\Local\Temp\cc5utpyL.s 			page 12


 628 0257 30       		.byte	48
 629 0258 35       		.byte	53
 630 0259 80       		.byte	-128
 631 025a 39       		.byte	57
 632 025b 20       		.byte	32
 633 025c 3A       		.byte	58
 634 025d 02       		.byte	2
 635 025e 3F       		.byte	63
 636 025f 01       		.byte	1
 637 0260 58       		.byte	88
 638 0261 04       		.byte	4
 639 0262 59       		.byte	89
 640 0263 04       		.byte	4
 641 0264 5C       		.byte	92
 642 0265 11       		.byte	17
 643 0266 5F       		.byte	95
 644 0267 01       		.byte	1
 645 0268 80       		.byte	-128
 646 0269 04       		.byte	4
 647 026a 82       		.byte	-126
 648 026b E0       		.byte	-32
 649 026c 83       		.byte	-125
 650 026d 01       		.byte	1
 651 026e 85       		.byte	-123
 652 026f 02       		.byte	2
 653 0270 86       		.byte	-122
 654 0271 FF       		.byte	-1
 655 0272 88       		.byte	-120
 656 0273 5D       		.byte	93
 657 0274 8A       		.byte	-118
 658 0275 A2       		.byte	-94
 659 0276 8B       		.byte	-117
 660 0277 02       		.byte	2
 661 0278 8D       		.byte	-115
 662 0279 CC       		.byte	-52
 663 027a 8E       		.byte	-114
 664 027b 02       		.byte	2
 665 027c 8F       		.byte	-113
 666 027d 13       		.byte	19
 667 027e 91       		.byte	-111
 668 027f A5       		.byte	-91
 669 0280 92       		.byte	-110
 670 0281 08       		.byte	8
 671 0282 93       		.byte	-109
 672 0283 4A       		.byte	74
 673 0284 94       		.byte	-108
 674 0285 0D       		.byte	13
 675 0286 97       		.byte	-105
 676 0287 B5       		.byte	-75
 677 0288 98       		.byte	-104
 678 0289 40       		.byte	64
 679 028a 99       		.byte	-103
 680 028b A9       		.byte	-87
 681 028c 9A       		.byte	-102
 682 028d 1D       		.byte	29
 683 028e 9B       		.byte	-101
 684 028f 54       		.byte	84
ARM GAS  C:\Users\FRANKL~1\AppData\Local\Temp\cc5utpyL.s 			page 13


 685 0290 9C       		.byte	-100
 686 0291 E2       		.byte	-30
 687 0292 9D       		.byte	-99
 688 0293 FF       		.byte	-1
 689 0294 A0       		.byte	-96
 690 0295 01       		.byte	1
 691 0296 A3       		.byte	-93
 692 0297 04       		.byte	4
 693 0298 A4       		.byte	-92
 694 0299 3D       		.byte	61
 695 029a A5       		.byte	-91
 696 029b 1A       		.byte	26
 697 029c A6       		.byte	-90
 698 029d C2       		.byte	-62
 699 029e A7       		.byte	-89
 700 029f 60       		.byte	96
 701 02a0 A8       		.byte	-88
 702 02a1 01       		.byte	1
 703 02a2 A9       		.byte	-87
 704 02a3 04       		.byte	4
 705 02a4 AC       		.byte	-84
 706 02a5 92       		.byte	-110
 707 02a6 AD       		.byte	-83
 708 02a7 4D       		.byte	77
 709 02a8 AE       		.byte	-82
 710 02a9 60       		.byte	96
 711 02aa AF       		.byte	-81
 712 02ab 92       		.byte	-110
 713 02ac B3       		.byte	-77
 714 02ad FF       		.byte	-1
 715 02ae B6       		.byte	-74
 716 02af FF       		.byte	-1
 717 02b0 BE       		.byte	-66
 718 02b1 40       		.byte	64
 719 02b2 BF       		.byte	-65
 720 02b3 04       		.byte	4
 721 02b4 D8       		.byte	-40
 722 02b5 04       		.byte	4
 723 02b6 D9       		.byte	-39
 724 02b7 04       		.byte	4
 725 02b8 DF       		.byte	-33
 726 02b9 01       		.byte	1
 727 02ba 02       		.byte	2
 728 02bb 08       		.byte	8
 729 02bc 03       		.byte	3
 730 02bd 22       		.byte	34
 731 02be 05       		.byte	5
 732 02bf 15       		.byte	21
 733 02c0 06       		.byte	6
 734 02c1 06       		.byte	6
 735 02c2 08       		.byte	8
 736 02c3 10       		.byte	16
 737 02c4 09       		.byte	9
 738 02c5 02       		.byte	2
 739 02c6 0A       		.byte	10
 740 02c7 02       		.byte	2
 741 02c8 0C       		.byte	12
ARM GAS  C:\Users\FRANKL~1\AppData\Local\Temp\cc5utpyL.s 			page 14


 742 02c9 84       		.byte	-124
 743 02ca 0D       		.byte	13
 744 02cb 01       		.byte	1
 745 02cc 0E       		.byte	14
 746 02cd 08       		.byte	8
 747 02ce 10       		.byte	16
 748 02cf 80       		.byte	-128
 749 02d0 12       		.byte	18
 750 02d1 05       		.byte	5
 751 02d2 14       		.byte	20
 752 02d3 10       		.byte	16
 753 02d4 15       		.byte	21
 754 02d5 50       		.byte	80
 755 02d6 16       		.byte	22
 756 02d7 81       		.byte	-127
 757 02d8 18       		.byte	24
 758 02d9 08       		.byte	8
 759 02da 1B       		.byte	27
 760 02db 22       		.byte	34
 761 02dc 1E       		.byte	30
 762 02dd 01       		.byte	1
 763 02de 22       		.byte	34
 764 02df 20       		.byte	32
 765 02e0 23       		.byte	35
 766 02e1 40       		.byte	64
 767 02e2 25       		.byte	37
 768 02e3 04       		.byte	4
 769 02e4 28       		.byte	40
 770 02e5 14       		.byte	20
 771 02e6 29       		.byte	41
 772 02e7 01       		.byte	1
 773 02e8 2A       		.byte	42
 774 02e9 80       		.byte	-128
 775 02ea 2C       		.byte	44
 776 02eb 18       		.byte	24
 777 02ec 2E       		.byte	46
 778 02ed 02       		.byte	2
 779 02ee 2F       		.byte	47
 780 02ef 01       		.byte	1
 781 02f0 30       		.byte	48
 782 02f1 80       		.byte	-128
 783 02f2 31       		.byte	49
 784 02f3 16       		.byte	22
 785 02f4 32       		.byte	50
 786 02f5 80       		.byte	-128
 787 02f6 33       		.byte	51
 788 02f7 80       		.byte	-128
 789 02f8 34       		.byte	52
 790 02f9 80       		.byte	-128
 791 02fa 35       		.byte	53
 792 02fb 15       		.byte	21
 793 02fc 36       		.byte	54
 794 02fd 80       		.byte	-128
 795 02fe 39       		.byte	57
 796 02ff 56       		.byte	86
 797 0300 3C       		.byte	60
 798 0301 0A       		.byte	10
ARM GAS  C:\Users\FRANKL~1\AppData\Local\Temp\cc5utpyL.s 			page 15


 799 0302 3D       		.byte	61
 800 0303 50       		.byte	80
 801 0304 3F       		.byte	63
 802 0305 08       		.byte	8
 803 0306 88       		.byte	-120
 804 0307 04       		.byte	4
 805 0308 89       		.byte	-119
 806 0309 01       		.byte	1
 807 030a 8D       		.byte	-115
 808 030b 01       		.byte	1
 809 030c 8E       		.byte	-114
 810 030d 0C       		.byte	12
 811 030e 8F       		.byte	-113
 812 030f 01       		.byte	1
 813 0310 91       		.byte	-111
 814 0311 1C       		.byte	28
 815 0312 92       		.byte	-110
 816 0313 02       		.byte	2
 817 0314 93       		.byte	-109
 818 0315 12       		.byte	18
 819 0316 94       		.byte	-108
 820 0317 08       		.byte	8
 821 0318 95       		.byte	-107
 822 0319 01       		.byte	1
 823 031a 96       		.byte	-106
 824 031b 05       		.byte	5
 825 031c 97       		.byte	-105
 826 031d 04       		.byte	4
 827 031e 98       		.byte	-104
 828 031f 02       		.byte	2
 829 0320 99       		.byte	-103
 830 0321 15       		.byte	21
 831 0322 9A       		.byte	-102
 832 0323 93       		.byte	-109
 833 0324 9B       		.byte	-101
 834 0325 44       		.byte	68
 835 0326 9C       		.byte	-100
 836 0327 90       		.byte	-112
 837 0328 9E       		.byte	-98
 838 0329 20       		.byte	32
 839 032a A0       		.byte	-96
 840 032b 21       		.byte	33
 841 032c A1       		.byte	-95
 842 032d 02       		.byte	2
 843 032e A4       		.byte	-92
 844 032f 80       		.byte	-128
 845 0330 A5       		.byte	-91
 846 0331 04       		.byte	4
 847 0332 A7       		.byte	-89
 848 0333 06       		.byte	6
 849 0334 A8       		.byte	-88
 850 0335 24       		.byte	36
 851 0336 AA       		.byte	-86
 852 0337 40       		.byte	64
 853 0338 AB       		.byte	-85
 854 0339 80       		.byte	-128
 855 033a B0       		.byte	-80
ARM GAS  C:\Users\FRANKL~1\AppData\Local\Temp\cc5utpyL.s 			page 16


 856 033b 04       		.byte	4
 857 033c B2       		.byte	-78
 858 033d 01       		.byte	1
 859 033e B3       		.byte	-77
 860 033f 0A       		.byte	10
 861 0340 C0       		.byte	-64
 862 0341 F7       		.byte	-9
 863 0342 C2       		.byte	-62
 864 0343 FB       		.byte	-5
 865 0344 C4       		.byte	-60
 866 0345 FB       		.byte	-5
 867 0346 CA       		.byte	-54
 868 0347 FF       		.byte	-1
 869 0348 CC       		.byte	-52
 870 0349 FF       		.byte	-1
 871 034a CE       		.byte	-50
 872 034b FF       		.byte	-1
 873 034c 80       		.byte	-128
 874 034d 20       		.byte	32
 875 034e 82       		.byte	-126
 876 034f C0       		.byte	-64
 877 0350 84       		.byte	-124
 878 0351 08       		.byte	8
 879 0352 86       		.byte	-122
 880 0353 65       		.byte	101
 881 0354 88       		.byte	-120
 882 0355 01       		.byte	1
 883 0356 8A       		.byte	-118
 884 0357 64       		.byte	100
 885 0358 8B       		.byte	-117
 886 0359 01       		.byte	1
 887 035a 8C       		.byte	-116
 888 035b 60       		.byte	96
 889 035c 8E       		.byte	-114
 890 035d 02       		.byte	2
 891 035e 90       		.byte	-112
 892 035f 05       		.byte	5
 893 0360 92       		.byte	-110
 894 0361 6A       		.byte	106
 895 0362 98       		.byte	-104
 896 0363 06       		.byte	6
 897 0364 9A       		.byte	-102
 898 0365 60       		.byte	96
 899 0366 9C       		.byte	-100
 900 0367 2F       		.byte	47
 901 0368 9E       		.byte	-98
 902 0369 80       		.byte	-128
 903 036a A0       		.byte	-96
 904 036b 01       		.byte	1
 905 036c A2       		.byte	-94
 906 036d 02       		.byte	2
 907 036e A6       		.byte	-90
 908 036f 10       		.byte	16
 909 0370 A8       		.byte	-88
 910 0371 40       		.byte	64
 911 0372 AA       		.byte	-86
 912 0373 20       		.byte	32
ARM GAS  C:\Users\FRANKL~1\AppData\Local\Temp\cc5utpyL.s 			page 17


 913 0374 AC       		.byte	-84
 914 0375 61       		.byte	97
 915 0376 AE       		.byte	-82
 916 0377 02       		.byte	2
 917 0378 B0       		.byte	-80
 918 0379 1F       		.byte	31
 919 037a B3       		.byte	-77
 920 037b 01       		.byte	1
 921 037c B6       		.byte	-74
 922 037d E0       		.byte	-32
 923 037e BA       		.byte	-70
 924 037f 80       		.byte	-128
 925 0380 D4       		.byte	-44
 926 0381 20       		.byte	32
 927 0382 D6       		.byte	-42
 928 0383 04       		.byte	4
 929 0384 D8       		.byte	-40
 930 0385 04       		.byte	4
 931 0386 D9       		.byte	-39
 932 0387 04       		.byte	4
 933 0388 DB       		.byte	-37
 934 0389 04       		.byte	4
 935 038a DC       		.byte	-36
 936 038b 11       		.byte	17
 937 038c DD       		.byte	-35
 938 038d 10       		.byte	16
 939 038e DF       		.byte	-33
 940 038f 01       		.byte	1
 941 0390 00       		.byte	0
 942 0391 84       		.byte	-124
 943 0392 01       		.byte	1
 944 0393 20       		.byte	32
 945 0394 03       		.byte	3
 946 0395 80       		.byte	-128
 947 0396 04       		.byte	4
 948 0397 84       		.byte	-124
 949 0398 05       		.byte	5
 950 0399 15       		.byte	21
 951 039a 06       		.byte	6
 952 039b 01       		.byte	1
 953 039c 08       		.byte	8
 954 039d 90       		.byte	-112
 955 039e 0A       		.byte	10
 956 039f 40       		.byte	64
 957 03a0 0D       		.byte	13
 958 03a1 02       		.byte	2
 959 03a2 0E       		.byte	14
 960 03a3 25       		.byte	37
 961 03a4 10       		.byte	16
 962 03a5 08       		.byte	8
 963 03a6 11       		.byte	17
 964 03a7 09       		.byte	9
 965 03a8 12       		.byte	18
 966 03a9 01       		.byte	1
 967 03aa 14       		.byte	20
 968 03ab 92       		.byte	-110
 969 03ac 15       		.byte	21
ARM GAS  C:\Users\FRANKL~1\AppData\Local\Temp\cc5utpyL.s 			page 18


 970 03ad 80       		.byte	-128
 971 03ae 17       		.byte	23
 972 03af 08       		.byte	8
 973 03b0 19       		.byte	25
 974 03b1 01       		.byte	1
 975 03b2 1A       		.byte	26
 976 03b3 40       		.byte	64
 977 03b4 1B       		.byte	27
 978 03b5 80       		.byte	-128
 979 03b6 1C       		.byte	28
 980 03b7 80       		.byte	-128
 981 03b8 1D       		.byte	29
 982 03b9 02       		.byte	2
 983 03ba 1E       		.byte	30
 984 03bb 08       		.byte	8
 985 03bc 1F       		.byte	31
 986 03bd 11       		.byte	17
 987 03be 21       		.byte	33
 988 03bf 04       		.byte	4
 989 03c0 24       		.byte	36
 990 03c1 04       		.byte	4
 991 03c2 25       		.byte	37
 992 03c3 10       		.byte	16
 993 03c4 26       		.byte	38
 994 03c5 80       		.byte	-128
 995 03c6 27       		.byte	39
 996 03c7 51       		.byte	81
 997 03c8 2C       		.byte	44
 998 03c9 80       		.byte	-128
 999 03ca 2F       		.byte	47
 1000 03cb 19       		.byte	25
 1001 03cc 35       		.byte	53
 1002 03cd 11       		.byte	17
 1003 03ce 36       		.byte	54
 1004 03cf 80       		.byte	-128
 1005 03d0 37       		.byte	55
 1006 03d1 08       		.byte	8
 1007 03d2 3B       		.byte	59
 1008 03d3 10       		.byte	16
 1009 03d4 3F       		.byte	63
 1010 03d5 82       		.byte	-126
 1011 03d6 45       		.byte	69
 1012 03d7 40       		.byte	64
 1013 03d8 47       		.byte	71
 1014 03d9 10       		.byte	16
 1015 03da 56       		.byte	86
 1016 03db 08       		.byte	8
 1017 03dc 57       		.byte	87
 1018 03dd 40       		.byte	64
 1019 03de 58       		.byte	88
 1020 03df 24       		.byte	36
 1021 03e0 5A       		.byte	90
 1022 03e1 80       		.byte	-128
 1023 03e2 5B       		.byte	91
 1024 03e3 01       		.byte	1
 1025 03e4 61       		.byte	97
 1026 03e5 80       		.byte	-128
ARM GAS  C:\Users\FRANKL~1\AppData\Local\Temp\cc5utpyL.s 			page 19


 1027 03e6 63       		.byte	99
 1028 03e7 44       		.byte	68
 1029 03e8 87       		.byte	-121
 1030 03e9 40       		.byte	64
 1031 03ea 90       		.byte	-112
 1032 03eb 80       		.byte	-128
 1033 03ec 91       		.byte	-111
 1034 03ed 94       		.byte	-108
 1035 03ee 92       		.byte	-110
 1036 03ef 02       		.byte	2
 1037 03f0 93       		.byte	-109
 1038 03f1 10       		.byte	16
 1039 03f2 94       		.byte	-108
 1040 03f3 04       		.byte	4
 1041 03f4 95       		.byte	-107
 1042 03f5 01       		.byte	1
 1043 03f6 97       		.byte	-105
 1044 03f7 02       		.byte	2
 1045 03f8 99       		.byte	-103
 1046 03f9 30       		.byte	48
 1047 03fa 9A       		.byte	-102
 1048 03fb 92       		.byte	-110
 1049 03fc 9B       		.byte	-101
 1050 03fd 04       		.byte	4
 1051 03fe 9C       		.byte	-100
 1052 03ff 90       		.byte	-112
 1053 0400 9D       		.byte	-99
 1054 0401 01       		.byte	1
 1055 0402 9E       		.byte	-98
 1056 0403 28       		.byte	40
 1057 0404 A0       		.byte	-96
 1058 0405 29       		.byte	41
 1059 0406 A1       		.byte	-95
 1060 0407 C0       		.byte	-64
 1061 0408 A2       		.byte	-94
 1062 0409 10       		.byte	16
 1063 040a A3       		.byte	-93
 1064 040b 01       		.byte	1
 1065 040c A5       		.byte	-91
 1066 040d 12       		.byte	18
 1067 040e A6       		.byte	-90
 1068 040f 04       		.byte	4
 1069 0410 A7       		.byte	-89
 1070 0411 04       		.byte	4
 1071 0412 B0       		.byte	-80
 1072 0413 08       		.byte	8
 1073 0414 B4       		.byte	-76
 1074 0415 24       		.byte	36
 1075 0416 B6       		.byte	-74
 1076 0417 84       		.byte	-124
 1077 0418 C0       		.byte	-64
 1078 0419 FF       		.byte	-1
 1079 041a C2       		.byte	-62
 1080 041b FB       		.byte	-5
 1081 041c C4       		.byte	-60
 1082 041d BF       		.byte	-65
 1083 041e CA       		.byte	-54
ARM GAS  C:\Users\FRANKL~1\AppData\Local\Temp\cc5utpyL.s 			page 20


 1084 041f F0       		.byte	-16
 1085 0420 CC       		.byte	-52
 1086 0421 F0       		.byte	-16
 1087 0422 CE       		.byte	-50
 1088 0423 94       		.byte	-108
 1089 0424 D0       		.byte	-48
 1090 0425 30       		.byte	48
 1091 0426 D6       		.byte	-42
 1092 0427 0F       		.byte	15
 1093 0428 D8       		.byte	-40
 1094 0429 0D       		.byte	13
 1095 042a EE       		.byte	-18
 1096 042b 02       		.byte	2
 1097 042c 05       		.byte	5
 1098 042d 01       		.byte	1
 1099 042e 07       		.byte	7
 1100 042f 02       		.byte	2
 1101 0430 08       		.byte	8
 1102 0431 33       		.byte	51
 1103 0432 0A       		.byte	10
 1104 0433 0C       		.byte	12
 1105 0434 0C       		.byte	12
 1106 0435 46       		.byte	70
 1107 0436 0E       		.byte	14
 1108 0437 A9       		.byte	-87
 1109 0438 10       		.byte	16
 1110 0439 40       		.byte	64
 1111 043a 12       		.byte	18
 1112 043b 13       		.byte	19
 1113 043c 17       		.byte	23
 1114 043d 08       		.byte	8
 1115 043e 18       		.byte	24
 1116 043f 0E       		.byte	14
 1117 0440 1A       		.byte	26
 1118 0441 30       		.byte	48
 1119 0442 1C       		.byte	28
 1120 0443 FF       		.byte	-1
 1121 0444 22       		.byte	34
 1122 0445 01       		.byte	1
 1123 0446 25       		.byte	37
 1124 0447 01       		.byte	1
 1125 0448 27       		.byte	39
 1126 0449 06       		.byte	6
 1127 044a 28       		.byte	40
 1128 044b 80       		.byte	-128
 1129 044c 2A       		.byte	42
 1130 044d 56       		.byte	86
 1131 044e 2C       		.byte	44
 1132 044f 2A       		.byte	42
 1133 0450 2E       		.byte	46
 1134 0451 54       		.byte	84
 1135 0452 30       		.byte	48
 1136 0453 FF       		.byte	-1
 1137 0454 33       		.byte	51
 1138 0455 08       		.byte	8
 1139 0456 35       		.byte	53
 1140 0457 03       		.byte	3
ARM GAS  C:\Users\FRANKL~1\AppData\Local\Temp\cc5utpyL.s 			page 21


 1141 0458 37       		.byte	55
 1142 0459 04       		.byte	4
 1143 045a 40       		.byte	64
 1144 045b 03       		.byte	3
 1145 045c 45       		.byte	69
 1146 045d 04       		.byte	4
 1147 045e 49       		.byte	73
 1148 045f FF       		.byte	-1
 1149 0460 4A       		.byte	74
 1150 0461 07       		.byte	7
 1151 0462 4B       		.byte	75
 1152 0463 FF       		.byte	-1
 1153 0464 4C       		.byte	76
 1154 0465 40       		.byte	64
 1155 0466 4D       		.byte	77
 1156 0467 20       		.byte	32
 1157 0468 4E       		.byte	78
 1158 0469 F0       		.byte	-16
 1159 046a 4F       		.byte	79
 1160 046b 05       		.byte	5
 1161 046c 50       		.byte	80
 1162 046d 08       		.byte	8
 1163 046e 58       		.byte	88
 1164 046f 04       		.byte	4
 1165 0470 59       		.byte	89
 1166 0471 04       		.byte	4
 1167 0472 5A       		.byte	90
 1168 0473 04       		.byte	4
 1169 0474 5C       		.byte	92
 1170 0475 11       		.byte	17
 1171 0476 5D       		.byte	93
 1172 0477 02       		.byte	2
 1173 0478 5F       		.byte	95
 1174 0479 01       		.byte	1
 1175 047a 60       		.byte	96
 1176 047b 40       		.byte	64
 1177 047c 61       		.byte	97
 1178 047d A8       		.byte	-88
 1179 047e 62       		.byte	98
 1180 047f 40       		.byte	64
 1181 0480 63       		.byte	99
 1182 0481 20       		.byte	32
 1183 0482 80       		.byte	-128
 1184 0483 42       		.byte	66
 1185 0484 82       		.byte	-126
 1186 0485 09       		.byte	9
 1187 0486 83       		.byte	-125
 1188 0487 40       		.byte	64
 1189 0488 84       		.byte	-124
 1190 0489 01       		.byte	1
 1191 048a 85       		.byte	-123
 1192 048b 04       		.byte	4
 1193 048c 87       		.byte	-121
 1194 048d 08       		.byte	8
 1195 048e 88       		.byte	-120
 1196 048f 40       		.byte	64
 1197 0490 89       		.byte	-119
ARM GAS  C:\Users\FRANKL~1\AppData\Local\Temp\cc5utpyL.s 			page 22


 1198 0491 50       		.byte	80
 1199 0492 8A       		.byte	-118
 1200 0493 14       		.byte	20
 1201 0494 8B       		.byte	-117
 1202 0495 01       		.byte	1
 1203 0496 8C       		.byte	-116
 1204 0497 40       		.byte	64
 1205 0498 8D       		.byte	-115
 1206 0499 40       		.byte	64
 1207 049a 8E       		.byte	-114
 1208 049b 0B       		.byte	11
 1209 049c 8F       		.byte	-113
 1210 049d 18       		.byte	24
 1211 049e 90       		.byte	-112
 1212 049f 48       		.byte	72
 1213 04a0 91       		.byte	-111
 1214 04a1 40       		.byte	64
 1215 04a2 92       		.byte	-110
 1216 04a3 02       		.byte	2
 1217 04a4 93       		.byte	-109
 1218 04a5 08       		.byte	8
 1219 04a6 94       		.byte	-108
 1220 04a7 90       		.byte	-112
 1221 04a8 96       		.byte	-106
 1222 04a9 0B       		.byte	11
 1223 04aa 97       		.byte	-105
 1224 04ab 20       		.byte	32
 1225 04ac 98       		.byte	-104
 1226 04ad 03       		.byte	3
 1227 04ae 99       		.byte	-103
 1228 04af 80       		.byte	-128
 1229 04b0 9C       		.byte	-100
 1230 04b1 1F       		.byte	31
 1231 04b2 9D       		.byte	-99
 1232 04b3 3F       		.byte	63
 1233 04b4 A0       		.byte	-96
 1234 04b5 03       		.byte	3
 1235 04b6 A2       		.byte	-94
 1236 04b7 20       		.byte	32
 1237 04b8 A4       		.byte	-92
 1238 04b9 4F       		.byte	79
 1239 04ba A5       		.byte	-91
 1240 04bb 0F       		.byte	15
 1241 04bc A9       		.byte	-87
 1242 04bd 50       		.byte	80
 1243 04be AA       		.byte	-86
 1244 04bf 01       		.byte	1
 1245 04c0 AB       		.byte	-85
 1246 04c1 02       		.byte	2
 1247 04c2 AC       		.byte	-84
 1248 04c3 01       		.byte	1
 1249 04c4 AD       		.byte	-83
 1250 04c5 40       		.byte	64
 1251 04c6 AF       		.byte	-81
 1252 04c7 14       		.byte	20
 1253 04c8 B0       		.byte	-80
 1254 04c9 E0       		.byte	-32
ARM GAS  C:\Users\FRANKL~1\AppData\Local\Temp\cc5utpyL.s 			page 23


 1255 04ca B4       		.byte	-76
 1256 04cb 1F       		.byte	31
 1257 04cc B5       		.byte	-75
 1258 04cd 3F       		.byte	63
 1259 04ce B6       		.byte	-74
 1260 04cf 40       		.byte	64
 1261 04d0 B7       		.byte	-73
 1262 04d1 C0       		.byte	-64
 1263 04d2 B8       		.byte	-72
 1264 04d3 82       		.byte	-126
 1265 04d4 B9       		.byte	-71
 1266 04d5 A0       		.byte	-96
 1267 04d6 BE       		.byte	-66
 1268 04d7 41       		.byte	65
 1269 04d8 BF       		.byte	-65
 1270 04d9 40       		.byte	64
 1271 04da D2       		.byte	-46
 1272 04db F6       		.byte	-10
 1273 04dc D8       		.byte	-40
 1274 04dd 04       		.byte	4
 1275 04de D9       		.byte	-39
 1276 04df 04       		.byte	4
 1277 04e0 DB       		.byte	-37
 1278 04e1 04       		.byte	4
 1279 04e2 DC       		.byte	-36
 1280 04e3 11       		.byte	17
 1281 04e4 DD       		.byte	-35
 1282 04e5 10       		.byte	16
 1283 04e6 DF       		.byte	-33
 1284 04e7 01       		.byte	1
 1285 04e8 01       		.byte	1
 1286 04e9 20       		.byte	32
 1287 04ea 02       		.byte	2
 1288 04eb 01       		.byte	1
 1289 04ec 04       		.byte	4
 1290 04ed 80       		.byte	-128
 1291 04ee 05       		.byte	5
 1292 04ef 31       		.byte	49
 1293 04f0 06       		.byte	6
 1294 04f1 01       		.byte	1
 1295 04f2 07       		.byte	7
 1296 04f3 20       		.byte	32
 1297 04f4 08       		.byte	8
 1298 04f5 90       		.byte	-112
 1299 04f6 09       		.byte	9
 1300 04f7 02       		.byte	2
 1301 04f8 0C       		.byte	12
 1302 04f9 44       		.byte	68
 1303 04fa 0D       		.byte	13
 1304 04fb 02       		.byte	2
 1305 04fc 0F       		.byte	15
 1306 04fd 08       		.byte	8
 1307 04fe 10       		.byte	16
 1308 04ff 04       		.byte	4
 1309 0500 11       		.byte	17
 1310 0501 21       		.byte	33
 1311 0502 12       		.byte	18
ARM GAS  C:\Users\FRANKL~1\AppData\Local\Temp\cc5utpyL.s 			page 24


 1312 0503 02       		.byte	2
 1313 0504 14       		.byte	20
 1314 0505 10       		.byte	16
 1315 0506 15       		.byte	21
 1316 0507 41       		.byte	65
 1317 0508 17       		.byte	23
 1318 0509 10       		.byte	16
 1319 050a 18       		.byte	24
 1320 050b 80       		.byte	-128
 1321 050c 1A       		.byte	26
 1322 050d 40       		.byte	64
 1323 050e 1B       		.byte	27
 1324 050f 01       		.byte	1
 1325 0510 1D       		.byte	29
 1326 0511 90       		.byte	-112
 1327 0512 1F       		.byte	31
 1328 0513 02       		.byte	2
 1329 0514 21       		.byte	33
 1330 0515 40       		.byte	64
 1331 0516 22       		.byte	34
 1332 0517 20       		.byte	32
 1333 0518 23       		.byte	35
 1334 0519 10       		.byte	16
 1335 051a 24       		.byte	36
 1336 051b 08       		.byte	8
 1337 051c 25       		.byte	37
 1338 051d 40       		.byte	64
 1339 051e 26       		.byte	38
 1340 051f 10       		.byte	16
 1341 0520 28       		.byte	40
 1342 0521 20       		.byte	32
 1343 0522 2D       		.byte	45
 1344 0523 20       		.byte	32
 1345 0524 2E       		.byte	46
 1346 0525 08       		.byte	8
 1347 0526 2F       		.byte	47
 1348 0527 01       		.byte	1
 1349 0528 30       		.byte	48
 1350 0529 08       		.byte	8
 1351 052a 32       		.byte	50
 1352 052b 01       		.byte	1
 1353 052c 33       		.byte	51
 1354 052d 02       		.byte	2
 1355 052e 34       		.byte	52
 1356 052f C0       		.byte	-64
 1357 0530 35       		.byte	53
 1358 0531 01       		.byte	1
 1359 0532 36       		.byte	54
 1360 0533 26       		.byte	38
 1361 0534 38       		.byte	56
 1362 0535 08       		.byte	8
 1363 0536 39       		.byte	57
 1364 0537 40       		.byte	64
 1365 0538 3A       		.byte	58
 1366 0539 80       		.byte	-128
 1367 053a 3C       		.byte	60
 1368 053b 04       		.byte	4
ARM GAS  C:\Users\FRANKL~1\AppData\Local\Temp\cc5utpyL.s 			page 25


 1369 053c 3D       		.byte	61
 1370 053d 01       		.byte	1
 1371 053e 3E       		.byte	62
 1372 053f 50       		.byte	80
 1373 0540 42       		.byte	66
 1374 0541 20       		.byte	32
 1375 0542 48       		.byte	72
 1376 0543 20       		.byte	32
 1377 0544 52       		.byte	82
 1378 0545 10       		.byte	16
 1379 0546 58       		.byte	88
 1380 0547 10       		.byte	16
 1381 0548 5A       		.byte	90
 1382 0549 10       		.byte	16
 1383 054a 5D       		.byte	93
 1384 054b 10       		.byte	16
 1385 054c 5F       		.byte	95
 1386 054d 20       		.byte	32
 1387 054e 6D       		.byte	109
 1388 054f 04       		.byte	4
 1389 0550 6F       		.byte	111
 1390 0551 14       		.byte	20
 1391 0552 74       		.byte	116
 1392 0553 01       		.byte	1
 1393 0554 76       		.byte	118
 1394 0555 06       		.byte	6
 1395 0556 77       		.byte	119
 1396 0557 20       		.byte	32
 1397 0558 C0       		.byte	-64
 1398 0559 F3       		.byte	-13
 1399 055a C2       		.byte	-62
 1400 055b FB       		.byte	-5
 1401 055c C4       		.byte	-60
 1402 055d FB       		.byte	-5
 1403 055e CA       		.byte	-54
 1404 055f 72       		.byte	114
 1405 0560 CC       		.byte	-52
 1406 0561 F2       		.byte	-14
 1407 0562 CE       		.byte	-50
 1408 0563 F2       		.byte	-14
 1409 0564 D0       		.byte	-48
 1410 0565 02       		.byte	2
 1411 0566 EC       		.byte	-20
 1412 0567 10       		.byte	16
 1413 0568 EE       		.byte	-18
 1414 0569 08       		.byte	8
 1415 056a EE       		.byte	-18
 1416 056b 04       		.byte	4
 1417 056c 04       		.byte	4
 1418 056d 01       		.byte	1
 1419 056e 07       		.byte	7
 1420 056f 02       		.byte	2
 1421 0570 0A       		.byte	10
 1422 0571 08       		.byte	8
 1423 0572 12       		.byte	18
 1424 0573 02       		.byte	2
 1425 0574 14       		.byte	20
ARM GAS  C:\Users\FRANKL~1\AppData\Local\Temp\cc5utpyL.s 			page 26


 1426 0575 01       		.byte	1
 1427 0576 1A       		.byte	26
 1428 0577 08       		.byte	8
 1429 0578 1B       		.byte	27
 1430 0579 01       		.byte	1
 1431 057a 1E       		.byte	30
 1432 057b 02       		.byte	2
 1433 057c 24       		.byte	36
 1434 057d 01       		.byte	1
 1435 057e 28       		.byte	40
 1436 057f 01       		.byte	1
 1437 0580 2E       		.byte	46
 1438 0581 04       		.byte	4
 1439 0582 2F       		.byte	47
 1440 0583 02       		.byte	2
 1441 0584 30       		.byte	48
 1442 0585 02       		.byte	2
 1443 0586 31       		.byte	49
 1444 0587 03       		.byte	3
 1445 0588 32       		.byte	50
 1446 0589 08       		.byte	8
 1447 058a 34       		.byte	52
 1448 058b 04       		.byte	4
 1449 058c 36       		.byte	54
 1450 058d 01       		.byte	1
 1451 058e 3B       		.byte	59
 1452 058f 08       		.byte	8
 1453 0590 3E       		.byte	62
 1454 0591 45       		.byte	69
 1455 0592 3F       		.byte	63
 1456 0593 01       		.byte	1
 1457 0594 40       		.byte	64
 1458 0595 24       		.byte	36
 1459 0596 41       		.byte	65
 1460 0597 06       		.byte	6
 1461 0598 42       		.byte	66
 1462 0599 05       		.byte	5
 1463 059a 44       		.byte	68
 1464 059b 01       		.byte	1
 1465 059c 45       		.byte	69
 1466 059d C0       		.byte	-64
 1467 059e 47       		.byte	71
 1468 059f 0E       		.byte	14
 1469 05a0 48       		.byte	72
 1470 05a1 12       		.byte	18
 1471 05a2 49       		.byte	73
 1472 05a3 FF       		.byte	-1
 1473 05a4 4A       		.byte	74
 1474 05a5 FF       		.byte	-1
 1475 05a6 4B       		.byte	75
 1476 05a7 FF       		.byte	-1
 1477 05a8 4C       		.byte	76
 1478 05a9 62       		.byte	98
 1479 05aa 4D       		.byte	77
 1480 05ab A0       		.byte	-96
 1481 05ac 4E       		.byte	78
 1482 05ad F0       		.byte	-16
ARM GAS  C:\Users\FRANKL~1\AppData\Local\Temp\cc5utpyL.s 			page 27


 1483 05ae 4F       		.byte	79
 1484 05af 41       		.byte	65
 1485 05b0 50       		.byte	80
 1486 05b1 0C       		.byte	12
 1487 05b2 54       		.byte	84
 1488 05b3 18       		.byte	24
 1489 05b4 58       		.byte	88
 1490 05b5 04       		.byte	4
 1491 05b6 59       		.byte	89
 1492 05b7 04       		.byte	4
 1493 05b8 5A       		.byte	90
 1494 05b9 04       		.byte	4
 1495 05ba 5B       		.byte	91
 1496 05bb 04       		.byte	4
 1497 05bc 5C       		.byte	92
 1498 05bd 21       		.byte	33
 1499 05be 5D       		.byte	93
 1500 05bf 22       		.byte	34
 1501 05c0 5F       		.byte	95
 1502 05c1 01       		.byte	1
 1503 05c2 66       		.byte	102
 1504 05c3 40       		.byte	64
 1505 05c4 67       		.byte	103
 1506 05c5 02       		.byte	2
 1507 05c6 69       		.byte	105
 1508 05c7 10       		.byte	16
 1509 05c8 6A       		.byte	106
 1510 05c9 30       		.byte	48
 1511 05ca 6B       		.byte	107
 1512 05cb 10       		.byte	16
 1513 05cc 6D       		.byte	109
 1514 05cd 10       		.byte	16
 1515 05ce 6E       		.byte	110
 1516 05cf 10       		.byte	16
 1517 05d0 6F       		.byte	111
 1518 05d1 12       		.byte	18
 1519 05d2 81       		.byte	-127
 1520 05d3 01       		.byte	1
 1521 05d4 83       		.byte	-125
 1522 05d5 06       		.byte	6
 1523 05d6 85       		.byte	-123
 1524 05d7 01       		.byte	1
 1525 05d8 87       		.byte	-121
 1526 05d9 32       		.byte	50
 1527 05da 88       		.byte	-120
 1528 05db 40       		.byte	64
 1529 05dc 8C       		.byte	-116
 1530 05dd 20       		.byte	32
 1531 05de 8D       		.byte	-115
 1532 05df 12       		.byte	18
 1533 05e0 8E       		.byte	-114
 1534 05e1 03       		.byte	3
 1535 05e2 8F       		.byte	-113
 1536 05e3 01       		.byte	1
 1537 05e4 90       		.byte	-112
 1538 05e5 10       		.byte	16
 1539 05e6 92       		.byte	-110
ARM GAS  C:\Users\FRANKL~1\AppData\Local\Temp\cc5utpyL.s 			page 28


 1540 05e7 0C       		.byte	12
 1541 05e8 94       		.byte	-108
 1542 05e9 1C       		.byte	28
 1543 05ea 96       		.byte	-106
 1544 05eb 02       		.byte	2
 1545 05ec 97       		.byte	-105
 1546 05ed 13       		.byte	19
 1547 05ee 98       		.byte	-104
 1548 05ef 0C       		.byte	12
 1549 05f0 9A       		.byte	-102
 1550 05f1 11       		.byte	17
 1551 05f2 9B       		.byte	-101
 1552 05f3 1B       		.byte	27
 1553 05f4 9C       		.byte	-100
 1554 05f5 09       		.byte	9
 1555 05f6 9E       		.byte	-98
 1556 05f7 10       		.byte	16
 1557 05f8 A0       		.byte	-96
 1558 05f9 14       		.byte	20
 1559 05fa A1       		.byte	-95
 1560 05fb 01       		.byte	1
 1561 05fc A3       		.byte	-93
 1562 05fd 04       		.byte	4
 1563 05fe A4       		.byte	-92
 1564 05ff 10       		.byte	16
 1565 0600 AF       		.byte	-81
 1566 0601 13       		.byte	19
 1567 0602 B0       		.byte	-80
 1568 0603 1F       		.byte	31
 1569 0604 B1       		.byte	-79
 1570 0605 07       		.byte	7
 1571 0606 B2       		.byte	-78
 1572 0607 40       		.byte	64
 1573 0608 B3       		.byte	-77
 1574 0609 08       		.byte	8
 1575 060a B4       		.byte	-76
 1576 060b 20       		.byte	32
 1577 060c B5       		.byte	-75
 1578 060d 10       		.byte	16
 1579 060e B7       		.byte	-73
 1580 060f 20       		.byte	32
 1581 0610 BB       		.byte	-69
 1582 0611 02       		.byte	2
 1583 0612 BE       		.byte	-66
 1584 0613 14       		.byte	20
 1585 0614 BF       		.byte	-65
 1586 0615 10       		.byte	16
 1587 0616 D8       		.byte	-40
 1588 0617 04       		.byte	4
 1589 0618 D9       		.byte	-39
 1590 0619 04       		.byte	4
 1591 061a DC       		.byte	-36
 1592 061b 12       		.byte	18
 1593 061c DF       		.byte	-33
 1594 061d 01       		.byte	1
 1595 061e 00       		.byte	0
 1596 061f 60       		.byte	96
ARM GAS  C:\Users\FRANKL~1\AppData\Local\Temp\cc5utpyL.s 			page 29


 1597 0620 06       		.byte	6
 1598 0621 04       		.byte	4
 1599 0622 07       		.byte	7
 1600 0623 10       		.byte	16
 1601 0624 0A       		.byte	10
 1602 0625 AA       		.byte	-86
 1603 0626 0D       		.byte	13
 1604 0627 20       		.byte	32
 1605 0628 0E       		.byte	14
 1606 0629 90       		.byte	-112
 1607 062a 0F       		.byte	15
 1608 062b 42       		.byte	66
 1609 062c 10       		.byte	16
 1610 062d A0       		.byte	-96
 1611 062e 14       		.byte	20
 1612 062f 02       		.byte	2
 1613 0630 17       		.byte	23
 1614 0631 24       		.byte	36
 1615 0632 18       		.byte	24
 1616 0633 40       		.byte	64
 1617 0634 19       		.byte	25
 1618 0635 04       		.byte	4
 1619 0636 1B       		.byte	27
 1620 0637 20       		.byte	32
 1621 0638 1D       		.byte	29
 1622 0639 10       		.byte	16
 1623 063a 1E       		.byte	30
 1624 063b 05       		.byte	5
 1625 063c 1F       		.byte	31
 1626 063d 05       		.byte	5
 1627 063e 21       		.byte	33
 1628 063f 49       		.byte	73
 1629 0640 23       		.byte	35
 1630 0641 04       		.byte	4
 1631 0642 26       		.byte	38
 1632 0643 0C       		.byte	12
 1633 0644 27       		.byte	39
 1634 0645 60       		.byte	96
 1635 0646 28       		.byte	40
 1636 0647 02       		.byte	2
 1637 0648 2B       		.byte	43
 1638 0649 80       		.byte	-128
 1639 064a 2D       		.byte	45
 1640 064b 80       		.byte	-128
 1641 064c 31       		.byte	49
 1642 064d 18       		.byte	24
 1643 064e 36       		.byte	54
 1644 064f 10       		.byte	16
 1645 0650 39       		.byte	57
 1646 0651 8A       		.byte	-118
 1647 0652 3D       		.byte	61
 1648 0653 08       		.byte	8
 1649 0654 44       		.byte	68
 1650 0655 40       		.byte	64
 1651 0656 45       		.byte	69
 1652 0657 01       		.byte	1
 1653 0658 47       		.byte	71
ARM GAS  C:\Users\FRANKL~1\AppData\Local\Temp\cc5utpyL.s 			page 30


 1654 0659 50       		.byte	80
 1655 065a 4E       		.byte	78
 1656 065b 08       		.byte	8
 1657 065c 4F       		.byte	79
 1658 065d 42       		.byte	66
 1659 065e 56       		.byte	86
 1660 065f 04       		.byte	4
 1661 0660 5F       		.byte	95
 1662 0661 01       		.byte	1
 1663 0662 67       		.byte	103
 1664 0663 0A       		.byte	10
 1665 0664 8B       		.byte	-117
 1666 0665 20       		.byte	32
 1667 0666 91       		.byte	-111
 1668 0667 08       		.byte	8
 1669 0668 94       		.byte	-108
 1670 0669 80       		.byte	-128
 1671 066a 95       		.byte	-107
 1672 066b 24       		.byte	36
 1673 066c 96       		.byte	-106
 1674 066d 0C       		.byte	12
 1675 066e 97       		.byte	-105
 1676 066f 84       		.byte	-124
 1677 0670 98       		.byte	-104
 1678 0671 02       		.byte	2
 1679 0672 9A       		.byte	-102
 1680 0673 10       		.byte	16
 1681 0674 9D       		.byte	-99
 1682 0675 04       		.byte	4
 1683 0676 A0       		.byte	-96
 1684 0677 B0       		.byte	-80
 1685 0678 A1       		.byte	-95
 1686 0679 05       		.byte	5
 1687 067a A2       		.byte	-94
 1688 067b 90       		.byte	-112
 1689 067c A3       		.byte	-93
 1690 067d 80       		.byte	-128
 1691 067e A5       		.byte	-91
 1692 067f 40       		.byte	64
 1693 0680 A7       		.byte	-89
 1694 0681 08       		.byte	8
 1695 0682 AC       		.byte	-84
 1696 0683 10       		.byte	16
 1697 0684 AE       		.byte	-82
 1698 0685 01       		.byte	1
 1699 0686 B5       		.byte	-75
 1700 0687 10       		.byte	16
 1701 0688 B6       		.byte	-74
 1702 0689 80       		.byte	-128
 1703 068a C0       		.byte	-64
 1704 068b 63       		.byte	99
 1705 068c C2       		.byte	-62
 1706 068d FF       		.byte	-1
 1707 068e C4       		.byte	-60
 1708 068f EC       		.byte	-20
 1709 0690 CA       		.byte	-54
 1710 0691 19       		.byte	25
ARM GAS  C:\Users\FRANKL~1\AppData\Local\Temp\cc5utpyL.s 			page 31


 1711 0692 CC       		.byte	-52
 1712 0693 26       		.byte	38
 1713 0694 CE       		.byte	-50
 1714 0695 4B       		.byte	75
 1715 0696 D0       		.byte	-48
 1716 0697 B0       		.byte	-80
 1717 0698 D2       		.byte	-46
 1718 0699 30       		.byte	48
 1719 069a D6       		.byte	-42
 1720 069b 80       		.byte	-128
 1721 069c D8       		.byte	-40
 1722 069d 30       		.byte	48
 1723 069e EE       		.byte	-18
 1724 069f 04       		.byte	4
 1725 06a0 09       		.byte	9
 1726 06a1 1C       		.byte	28
 1727 06a2 0B       		.byte	11
 1728 06a3 03       		.byte	3
 1729 06a4 0D       		.byte	13
 1730 06a5 01       		.byte	1
 1731 06a6 0F       		.byte	15
 1732 06a7 16       		.byte	22
 1733 06a8 10       		.byte	16
 1734 06a9 13       		.byte	19
 1735 06aa 12       		.byte	18
 1736 06ab 0C       		.byte	12
 1737 06ac 13       		.byte	19
 1738 06ad 1C       		.byte	28
 1739 06ae 14       		.byte	20
 1740 06af 0A       		.byte	10
 1741 06b0 15       		.byte	21
 1742 06b1 01       		.byte	1
 1743 06b2 16       		.byte	22
 1744 06b3 14       		.byte	20
 1745 06b4 17       		.byte	23
 1746 06b5 0E       		.byte	14
 1747 06b6 18       		.byte	24
 1748 06b7 13       		.byte	19
 1749 06b8 1A       		.byte	26
 1750 06b9 04       		.byte	4
 1751 06ba 1B       		.byte	27
 1752 06bb 08       		.byte	8
 1753 06bc 1E       		.byte	30
 1754 06bd 08       		.byte	8
 1755 06be 20       		.byte	32
 1756 06bf 03       		.byte	3
 1757 06c0 22       		.byte	34
 1758 06c1 04       		.byte	4
 1759 06c2 24       		.byte	36
 1760 06c3 20       		.byte	32
 1761 06c4 26       		.byte	38
 1762 06c5 05       		.byte	5
 1763 06c6 2B       		.byte	43
 1764 06c7 03       		.byte	3
 1765 06c8 30       		.byte	48
 1766 06c9 0F       		.byte	15
 1767 06ca 33       		.byte	51
ARM GAS  C:\Users\FRANKL~1\AppData\Local\Temp\cc5utpyL.s 			page 32


 1768 06cb 1A       		.byte	26
 1769 06cc 35       		.byte	53
 1770 06cd 0F       		.byte	15
 1771 06ce 36       		.byte	54
 1772 06cf 30       		.byte	48
 1773 06d0 38       		.byte	56
 1774 06d1 80       		.byte	-128
 1775 06d2 3A       		.byte	58
 1776 06d3 02       		.byte	2
 1777 06d4 3B       		.byte	59
 1778 06d5 28       		.byte	40
 1779 06d6 58       		.byte	88
 1780 06d7 04       		.byte	4
 1781 06d8 59       		.byte	89
 1782 06d9 04       		.byte	4
 1783 06da 5C       		.byte	92
 1784 06db 22       		.byte	34
 1785 06dc 5F       		.byte	95
 1786 06dd 01       		.byte	1
 1787 06de 81       		.byte	-127
 1788 06df 08       		.byte	8
 1789 06e0 82       		.byte	-126
 1790 06e1 04       		.byte	4
 1791 06e2 84       		.byte	-124
 1792 06e3 18       		.byte	24
 1793 06e4 85       		.byte	-123
 1794 06e5 04       		.byte	4
 1795 06e6 88       		.byte	-120
 1796 06e7 08       		.byte	8
 1797 06e8 89       		.byte	-119
 1798 06e9 0C       		.byte	12
 1799 06ea 8C       		.byte	-116
 1800 06eb 44       		.byte	68
 1801 06ec 8D       		.byte	-115
 1802 06ed 40       		.byte	64
 1803 06ee 90       		.byte	-112
 1804 06ef 80       		.byte	-128
 1805 06f0 91       		.byte	-111
 1806 06f1 72       		.byte	114
 1807 06f2 93       		.byte	-109
 1808 06f3 0C       		.byte	12
 1809 06f4 94       		.byte	-108
 1810 06f5 C0       		.byte	-64
 1811 06f6 95       		.byte	-107
 1812 06f7 6C       		.byte	108
 1813 06f8 97       		.byte	-105
 1814 06f9 12       		.byte	18
 1815 06fa 98       		.byte	-104
 1816 06fb FF       		.byte	-1
 1817 06fc 99       		.byte	-103
 1818 06fd 60       		.byte	96
 1819 06fe 9C       		.byte	-100
 1820 06ff 10       		.byte	16
 1821 0700 A2       		.byte	-94
 1822 0701 C3       		.byte	-61
 1823 0702 A3       		.byte	-93
 1824 0703 72       		.byte	114
ARM GAS  C:\Users\FRANKL~1\AppData\Local\Temp\cc5utpyL.s 			page 33


 1825 0704 A4       		.byte	-92
 1826 0705 1C       		.byte	28
 1827 0706 A5       		.byte	-91
 1828 0707 7E       		.byte	126
 1829 0708 A6       		.byte	-90
 1830 0709 E1       		.byte	-31
 1831 070a A8       		.byte	-88
 1832 070b 1C       		.byte	28
 1833 070c A9       		.byte	-87
 1834 070d 0E       		.byte	14
 1835 070e AA       		.byte	-86
 1836 070f E2       		.byte	-30
 1837 0710 AB       		.byte	-85
 1838 0711 70       		.byte	112
 1839 0712 AC       		.byte	-84
 1840 0713 E7       		.byte	-25
 1841 0714 AD       		.byte	-83
 1842 0715 20       		.byte	32
 1843 0716 AE       		.byte	-82
 1844 0717 18       		.byte	24
 1845 0718 AF       		.byte	-81
 1846 0719 01       		.byte	1
 1847 071a B0       		.byte	-80
 1848 071b C0       		.byte	-64
 1849 071c B1       		.byte	-79
 1850 071d 01       		.byte	1
 1851 071e B2       		.byte	-78
 1852 071f 1F       		.byte	31
 1853 0720 B3       		.byte	-77
 1854 0721 6C       		.byte	108
 1855 0722 B4       		.byte	-76
 1856 0723 20       		.byte	32
 1857 0724 B5       		.byte	-75
 1858 0725 1C       		.byte	28
 1859 0726 B7       		.byte	-73
 1860 0727 0E       		.byte	14
 1861 0728 B8       		.byte	-72
 1862 0729 20       		.byte	32
 1863 072a BA       		.byte	-70
 1864 072b 08       		.byte	8
 1865 072c BB       		.byte	-69
 1866 072d 28       		.byte	40
 1867 072e D6       		.byte	-42
 1868 072f 02       		.byte	2
 1869 0730 D7       		.byte	-41
 1870 0731 13       		.byte	19
 1871 0732 D8       		.byte	-40
 1872 0733 04       		.byte	4
 1873 0734 D9       		.byte	-39
 1874 0735 04       		.byte	4
 1875 0736 DB       		.byte	-37
 1876 0737 04       		.byte	4
 1877 0738 DC       		.byte	-36
 1878 0739 22       		.byte	34
 1879 073a DD       		.byte	-35
 1880 073b 20       		.byte	32
 1881 073c DF       		.byte	-33
ARM GAS  C:\Users\FRANKL~1\AppData\Local\Temp\cc5utpyL.s 			page 34


 1882 073d 01       		.byte	1
 1883 073e 05       		.byte	5
 1884 073f 80       		.byte	-128
 1885 0740 06       		.byte	6
 1886 0741 20       		.byte	32
 1887 0742 07       		.byte	7
 1888 0743 48       		.byte	72
 1889 0744 0A       		.byte	10
 1890 0745 AA       		.byte	-86
 1891 0746 0C       		.byte	12
 1892 0747 10       		.byte	16
 1893 0748 0E       		.byte	14
 1894 0749 28       		.byte	40
 1895 074a 0F       		.byte	15
 1896 074b 82       		.byte	-126
 1897 074c 12       		.byte	18
 1898 074d 90       		.byte	-112
 1899 074e 14       		.byte	20
 1900 074f 45       		.byte	69
 1901 0750 17       		.byte	23
 1902 0751 04       		.byte	4
 1903 0752 18       		.byte	24
 1904 0753 80       		.byte	-128
 1905 0754 1A       		.byte	26
 1906 0755 82       		.byte	-126
 1907 0756 1D       		.byte	29
 1908 0757 20       		.byte	32
 1909 0758 1E       		.byte	30
 1910 0759 10       		.byte	16
 1911 075a 1F       		.byte	31
 1912 075b 01       		.byte	1
 1913 075c 21       		.byte	33
 1914 075d 10       		.byte	16
 1915 075e 22       		.byte	34
 1916 075f 14       		.byte	20
 1917 0760 26       		.byte	38
 1918 0761 40       		.byte	64
 1919 0762 27       		.byte	39
 1920 0763 54       		.byte	84
 1921 0764 2A       		.byte	42
 1922 0765 10       		.byte	16
 1923 0766 2C       		.byte	44
 1924 0767 54       		.byte	84
 1925 0768 2D       		.byte	45
 1926 0769 80       		.byte	-128
 1927 076a 2E       		.byte	46
 1928 076b 10       		.byte	16
 1929 076c 30       		.byte	48
 1930 076d 20       		.byte	32
 1931 076e 32       		.byte	50
 1932 076f 05       		.byte	5
 1933 0770 34       		.byte	52
 1934 0771 01       		.byte	1
 1935 0772 35       		.byte	53
 1936 0773 01       		.byte	1
 1937 0774 36       		.byte	54
 1938 0775 10       		.byte	16
ARM GAS  C:\Users\FRANKL~1\AppData\Local\Temp\cc5utpyL.s 			page 35


 1939 0776 37       		.byte	55
 1940 0777 04       		.byte	4
 1941 0778 38       		.byte	56
 1942 0779 80       		.byte	-128
 1943 077a 39       		.byte	57
 1944 077b 20       		.byte	32
 1945 077c 3E       		.byte	62
 1946 077d 2A       		.byte	42
 1947 077e 3F       		.byte	63
 1948 077f 82       		.byte	-126
 1949 0780 5E       		.byte	94
 1950 0781 01       		.byte	1
 1951 0782 67       		.byte	103
 1952 0783 03       		.byte	3
 1953 0784 6D       		.byte	109
 1954 0785 84       		.byte	-124
 1955 0786 6F       		.byte	111
 1956 0787 08       		.byte	8
 1957 0788 76       		.byte	118
 1958 0789 2A       		.byte	42
 1959 078a 77       		.byte	119
 1960 078b 08       		.byte	8
 1961 078c 81       		.byte	-127
 1962 078d 01       		.byte	1
 1963 078e 83       		.byte	-125
 1964 078f 10       		.byte	16
 1965 0790 89       		.byte	-119
 1966 0791 80       		.byte	-128
 1967 0792 8B       		.byte	-117
 1968 0793 40       		.byte	64
 1969 0794 92       		.byte	-110
 1970 0795 01       		.byte	1
 1971 0796 94       		.byte	-108
 1972 0797 80       		.byte	-128
 1973 0798 95       		.byte	-107
 1974 0799 24       		.byte	36
 1975 079a 96       		.byte	-106
 1976 079b BA       		.byte	-70
 1977 079c 97       		.byte	-105
 1978 079d 81       		.byte	-127
 1979 079e 98       		.byte	-104
 1980 079f 40       		.byte	64
 1981 07a0 9A       		.byte	-102
 1982 07a1 10       		.byte	16
 1983 07a2 9D       		.byte	-99
 1984 07a3 80       		.byte	-128
 1985 07a4 9F       		.byte	-97
 1986 07a5 14       		.byte	20
 1987 07a6 A0       		.byte	-96
 1988 07a7 20       		.byte	32
 1989 07a8 A2       		.byte	-94
 1990 07a9 94       		.byte	-108
 1991 07aa A3       		.byte	-93
 1992 07ab 40       		.byte	64
 1993 07ac A5       		.byte	-91
 1994 07ad 60       		.byte	96
 1995 07ae A6       		.byte	-90
ARM GAS  C:\Users\FRANKL~1\AppData\Local\Temp\cc5utpyL.s 			page 36


 1996 07af 40       		.byte	64
 1997 07b0 A7       		.byte	-89
 1998 07b1 08       		.byte	8
 1999 07b2 B5       		.byte	-75
 2000 07b3 04       		.byte	4
 2001 07b4 B7       		.byte	-73
 2002 07b5 40       		.byte	64
 2003 07b6 C0       		.byte	-64
 2004 07b7 F0       		.byte	-16
 2005 07b8 C2       		.byte	-62
 2006 07b9 FF       		.byte	-1
 2007 07ba C4       		.byte	-60
 2008 07bb FC       		.byte	-4
 2009 07bc CA       		.byte	-54
 2010 07bd F4       		.byte	-12
 2011 07be CC       		.byte	-52
 2012 07bf E7       		.byte	-25
 2013 07c0 CE       		.byte	-50
 2014 07c1 FC       		.byte	-4
 2015 07c2 D6       		.byte	-42
 2016 07c3 80       		.byte	-128
 2017 07c4 EC       		.byte	-20
 2018 07c5 10       		.byte	16
 2019 07c6 EE       		.byte	-18
 2020 07c7 08       		.byte	8
 2021 07c8 33       		.byte	51
 2022 07c9 28       		.byte	40
 2023 07ca 34       		.byte	52
 2024 07cb 02       		.byte	2
 2025 07cc 37       		.byte	55
 2026 07cd 40       		.byte	64
 2027 07ce 3B       		.byte	59
 2028 07cf 40       		.byte	64
 2029 07d0 CC       		.byte	-52
 2030 07d1 F0       		.byte	-16
 2031 07d2 CE       		.byte	-50
 2032 07d3 10       		.byte	16
 2033 07d4 33       		.byte	51
 2034 07d5 80       		.byte	-128
 2035 07d6 87       		.byte	-121
 2036 07d7 08       		.byte	8
 2037 07d8 97       		.byte	-105
 2038 07d9 40       		.byte	64
 2039 07da 9F       		.byte	-97
 2040 07db 40       		.byte	64
 2041 07dc A7       		.byte	-89
 2042 07dd 28       		.byte	40
 2043 07de AC       		.byte	-84
 2044 07df 02       		.byte	2
 2045 07e0 CC       		.byte	-52
 2046 07e1 10       		.byte	16
 2047 07e2 E6       		.byte	-26
 2048 07e3 40       		.byte	64
 2049 07e4 EE       		.byte	-18
 2050 07e5 40       		.byte	64
 2051 07e6 62       		.byte	98
 2052 07e7 80       		.byte	-128
ARM GAS  C:\Users\FRANKL~1\AppData\Local\Temp\cc5utpyL.s 			page 37


 2053 07e8 97       		.byte	-105
 2054 07e9 40       		.byte	64
 2055 07ea 9F       		.byte	-97
 2056 07eb 40       		.byte	64
 2057 07ec A7       		.byte	-89
 2058 07ed A0       		.byte	-96
 2059 07ee D6       		.byte	-42
 2060 07ef 40       		.byte	64
 2061 07f0 A7       		.byte	-89
 2062 07f1 A0       		.byte	-96
 2063 07f2 AA       		.byte	-86
 2064 07f3 80       		.byte	-128
 2065 07f4 AB       		.byte	-85
 2066 07f5 40       		.byte	64
 2067 07f6 AF       		.byte	-81
 2068 07f7 40       		.byte	64
 2069 07f8 EE       		.byte	-18
 2070 07f9 E0       		.byte	-32
 2071 07fa 12       		.byte	18
 2072 07fb 80       		.byte	-128
 2073 07fc 16       		.byte	22
 2074 07fd 10       		.byte	16
 2075 07fe 77       		.byte	119
 2076 07ff 40       		.byte	64
 2077 0800 7C       		.byte	124
 2078 0801 01       		.byte	1
 2079 0802 C4       		.byte	-60
 2080 0803 0C       		.byte	12
 2081 0804 DE       		.byte	-34
 2082 0805 05       		.byte	5
 2083 0806 94       		.byte	-108
 2084 0807 01       		.byte	1
 2085 0808 97       		.byte	-105
 2086 0809 20       		.byte	32
 2087 080a AF       		.byte	-81
 2088 080b 10       		.byte	16
 2089 080c B2       		.byte	-78
 2090 080d 10       		.byte	16
 2091 080e B6       		.byte	-74
 2092 080f 80       		.byte	-128
 2093 0810 B7       		.byte	-73
 2094 0811 40       		.byte	64
 2095 0812 E8       		.byte	-24
 2096 0813 08       		.byte	8
 2097 0814 EA       		.byte	-22
 2098 0815 02       		.byte	2
 2099 0816 EE       		.byte	-18
 2100 0817 04       		.byte	4
 2101 0818 1A       		.byte	26
 2102 0819 80       		.byte	-128
 2103 081a 45       		.byte	69
 2104 081b 08       		.byte	8
 2105 081c 94       		.byte	-108
 2106 081d 01       		.byte	1
 2107 081e 97       		.byte	-105
 2108 081f 20       		.byte	32
 2109 0820 C6       		.byte	-58
ARM GAS  C:\Users\FRANKL~1\AppData\Local\Temp\cc5utpyL.s 			page 38


 2110 0821 08       		.byte	8
 2111 0822 D0       		.byte	-48
 2112 0823 01       		.byte	1
 2113 0824 0B       		.byte	11
 2114 0825 22       		.byte	34
 2115 0826 0E       		.byte	14
 2116 0827 80       		.byte	-128
 2117 0828 82       		.byte	-126
 2118 0829 20       		.byte	32
 2119 082a 97       		.byte	-105
 2120 082b 20       		.byte	32
 2121 082c A5       		.byte	-91
 2122 082d 08       		.byte	8
 2123 082e A6       		.byte	-90
 2124 082f 40       		.byte	64
 2125 0830 AA       		.byte	-86
 2126 0831 40       		.byte	64
 2127 0832 AE       		.byte	-82
 2128 0833 40       		.byte	64
 2129 0834 B4       		.byte	-76
 2130 0835 01       		.byte	1
 2131 0836 C2       		.byte	-62
 2132 0837 0E       		.byte	14
 2133 0838 EC       		.byte	-20
 2134 0839 08       		.byte	8
 2135 083a 25       		.byte	37
 2136 083b 10       		.byte	16
 2137 083c A7       		.byte	-89
 2138 083d 20       		.byte	32
 2139 083e AB       		.byte	-85
 2140 083f 80       		.byte	-128
 2141 0840 C8       		.byte	-56
 2142 0841 20       		.byte	32
 2143 0842 EE       		.byte	-18
 2144 0843 20       		.byte	32
 2145 0844 AF       		.byte	-81
 2146 0845 20       		.byte	32
 2147 0846 B5       		.byte	-75
 2148 0847 10       		.byte	16
 2149 0848 EE       		.byte	-18
 2150 0849 10       		.byte	16
 2151 084a 1F       		.byte	31
 2152 084b 80       		.byte	-128
 2153 084c 88       		.byte	-120
 2154 084d 01       		.byte	1
 2155 084e 9A       		.byte	-102
 2156 084f 20       		.byte	32
 2157 0850 A5       		.byte	-91
 2158 0851 08       		.byte	8
 2159 0852 AB       		.byte	-85
 2160 0853 01       		.byte	1
 2161 0854 C6       		.byte	-58
 2162 0855 01       		.byte	1
 2163 0856 E0       		.byte	-32
 2164 0857 01       		.byte	1
 2165 0858 15       		.byte	21
 2166 0859 01       		.byte	1
ARM GAS  C:\Users\FRANKL~1\AppData\Local\Temp\cc5utpyL.s 			page 39


 2167 085a 72       		.byte	114
 2168 085b 20       		.byte	32
 2169 085c 74       		.byte	116
 2170 085d 01       		.byte	1
 2171 085e 89       		.byte	-119
 2172 085f 01       		.byte	1
 2173 0860 9A       		.byte	-102
 2174 0861 20       		.byte	32
 2175 0862 A0       		.byte	-96
 2176 0863 01       		.byte	1
 2177 0864 AF       		.byte	-81
 2178 0865 80       		.byte	-128
 2179 0866 B5       		.byte	-75
 2180 0867 08       		.byte	8
 2181 0868 C4       		.byte	-60
 2182 0869 04       		.byte	4
 2183 086a DC       		.byte	-36
 2184 086b 01       		.byte	1
 2185 086c DE       		.byte	-34
 2186 086d 04       		.byte	4
 2187 086e E6       		.byte	-26
 2188 086f 01       		.byte	1
 2189 0870 EC       		.byte	-20
 2190 0871 08       		.byte	8
 2191 0872 00       		.byte	0
 2192 0873 06       		.byte	6
 2193 0874 01       		.byte	1
 2194 0875 01       		.byte	1
 2195 0876 0C       		.byte	12
 2196 0877 06       		.byte	6
 2197 0878 0D       		.byte	13
 2198 0879 01       		.byte	1
 2199 087a 0E       		.byte	14
 2200 087b 06       		.byte	6
 2201 087c 10       		.byte	16
 2202 087d 06       		.byte	6
 2203 087e 11       		.byte	17
 2204 087f 01       		.byte	1
 2205 0880 1C       		.byte	28
 2206 0881 06       		.byte	6
 2207 0882 1D       		.byte	29
 2208 0883 01       		.byte	1
 2209 0884 00       		.byte	0
 2210 0885 BF       		.byte	-65
 2211 0886 01       		.byte	1
 2212 0887 0A       		.byte	10
 2213 0888 50       		.byte	80
 2214 0889 60       		.byte	96
 2215 088a 00       		.byte	0
 2216 088b 00       		.byte	0
 2217 088c B0       		.byte	-80
 2218 088d 00       		.byte	0
 2219 088e 00       		.byte	0
 2220 088f 00       		.byte	0
 2221 0890 00       		.byte	0
 2222 0891 04       		.byte	4
 2223 0892 40       		.byte	64
ARM GAS  C:\Users\FRANKL~1\AppData\Local\Temp\cc5utpyL.s 			page 40


 2224 0893 01       		.byte	1
 2225 0894 78       		.byte	120
 2226 0895 00       		.byte	0
 2227 0896 01       		.byte	1
 2228 0897 00       		.byte	0
 2229 0898 00       		.byte	0
 2230 0899 00       		.byte	0
 2231 089a 11       		.byte	17
 2232 089b 00       		.byte	0
 2233 089c 00       		.byte	0
 2234 089d 90       		.byte	-112
 2235 089e 40       		.byte	64
 2236 089f 00       		.byte	0
 2237 08a0 00       		.byte	0
 2238 08a1 04       		.byte	4
 2239 08a2 23       		.byte	35
 2240 08a3 01       		.byte	1
 2241 08a4 00       		.byte	0
 2242 08a5 25       		.byte	37
 2243 08a6 78       		.byte	120
 2244 08a7 40       		.byte	64
 2245 08a8 00       		.byte	0
 2246 08a9 25       		.byte	37
 2247 08aa 78       		.byte	120
 2248 08ab 40       		.byte	64
 2249 08ac 00       		.byte	0
 2250 08ad 01       		.byte	1
 2251 08ae 04       		.byte	4
 2252 08af 0E       		.byte	14
 2253 08b0 00       		.byte	0
 2254 08b1 81       		.byte	-127
 2255 08b2 02       		.byte	2
 2256 08b3 08       		.byte	8
 2257 08b4 00       		.byte	0
 2258 08b5 90       		.byte	-112
 2259 08b6 09       		.byte	9
 2260 08b7 00       		.byte	0
 2261 08b8 00       		.byte	0
 2262 08b9 01       		.byte	1
 2263 08ba 00       		.byte	0
 2264 08bb 02       		.byte	2
 2265 08bc 78       		.byte	120
 2266 08bd 05       		.byte	5
 2267 08be 00       		.byte	0
 2268 08bf 00       		.byte	0
 2269 08c0 07       		.byte	7
 2270 08c1 70       		.byte	112
 2271 08c2 00       		.byte	0
 2272 08c3 10       		.byte	16
 2273 08c4 78       		.byte	120
 2274 08c5 80       		.byte	-128
 2275 08c6 00       		.byte	0
 2276 08c7 0F       		.byte	15
 2277 08c8 00       		.byte	0
 2278 08c9 2A       		.byte	42
 2279 08ca 02       		.byte	2
 2280 08cb 80       		.byte	-128
ARM GAS  C:\Users\FRANKL~1\AppData\Local\Temp\cc5utpyL.s 			page 41


 2281 08cc 00       		.byte	0
 2282 08cd 00       		.byte	0
 2283 08ce 10       		.byte	16
 2284 08cf 05       		.byte	5
 2285 08d0 21       		.byte	33
 2286 08d1 00       		.byte	0
 2287 08d2 00       		.byte	0
 2288 08d3 00       		.byte	0
 2289 08d4 00       		.byte	0
 2290 08d5 00       		.byte	0
 2291 08d6 02       		.byte	2
 2292 08d7 05       		.byte	5
 2293 08d8 14       		.byte	20
 2294 08d9 FF       		.byte	-1
 2295 08da FF       		.byte	-1
 2296 08db FF       		.byte	-1
 2297 08dc 42       		.byte	66
 2298 08dd A0       		.byte	-96
 2299 08de 70       		.byte	112
 2300 08df 00       		.byte	0
 2301 08e0 08       		.byte	8
 2302 08e1 10       		.byte	16
 2303 08e2 00       		.byte	0
 2304 08e3 00       		.byte	0
 2305 08e4 00       		.byte	0
 2306 08e5 00       		.byte	0
 2307 08e6 00       		.byte	0
 2308 08e7 00       		.byte	0
 2309 08e8 04       		.byte	4
 2310 08e9 04       		.byte	4
 2311 08ea 04       		.byte	4
 2312 08eb 00       		.byte	0
 2313 08ec 11       		.byte	17
 2314 08ed 01       		.byte	1
 2315 08ee 00       		.byte	0
 2316 08ef 01       		.byte	1
 2317 08f0 00       		.byte	0
 2318 08f1 48       		.byte	72
 2319 08f2 40       		.byte	64
 2320 08f3 48       		.byte	72
 2321 08f4 80       		.byte	-128
 2322 08f5 48       		.byte	72
 2323 08f6 80       		.byte	-128
 2324 08f7 48       		.byte	72
 2325 08f8 00       		.byte	0
 2326 08f9 00       		.byte	0
 2327 08fa 00       		.byte	0
 2328 08fb 00       		.byte	0
 2329 08fc 00       		.byte	0
 2330 08fd 00       		.byte	0
 2331 08fe 00       		.byte	0
 2332 08ff 00       		.byte	0
 2333 0900 00       		.byte	0
 2334 0901 00       		.byte	0
 2335 0902 00       		.byte	0
 2336 0903 00       		.byte	0
 2337 0904 00       		.byte	0
ARM GAS  C:\Users\FRANKL~1\AppData\Local\Temp\cc5utpyL.s 			page 42


 2338 0905 00       		.byte	0
 2339 0906 00       		.byte	0
 2340 0907 00       		.byte	0
 2341 0908 00       		.byte	0
 2342 0909 00       		.byte	0
 2343 090a 00       		.byte	0
 2344 090b 00       		.byte	0
 2345 090c 00       		.byte	0
 2346 090d 00       		.byte	0
 2347 090e 00       		.byte	0
 2348 090f 00       		.byte	0
 2349 0910 70       		.byte	112
 2350 0911 00       		.byte	0
 2351 0912 80       		.byte	-128
 2352 0913 40       		.byte	64
 2353 0914 70       		.byte	112
 2354 0915 00       		.byte	0
 2355 0916 70       		.byte	112
 2356 0917 00       		.byte	0
 2357 0918 00       		.byte	0
 2358 0919 00       		.byte	0
 2359 091a 00       		.byte	0
 2360 091b 00       		.byte	0
 2361 091c 40       		.byte	64
 2362 091d 00       		.byte	0
 2363 091e 00       		.byte	0
 2364 091f 00       		.byte	0
 2365 0920 00       		.byte	0
 2366 0921 00       		.byte	0
 2367 0922 00       		.byte	0
 2368 0923 00       		.byte	0
 2369 0924 C8       		.byte	-56
 2370 0925 00       		.byte	0
 2371 0926 00       		.byte	0
 2372 0927 00       		.byte	0
 2373 0928 00       		.byte	0
 2374 0929 03       		.byte	3
 2375 092a 03       		.byte	3
 2376 092b 00       		.byte	0
 2377 092c 00       		.byte	0
 2378 092d 00       		.byte	0
 2379 092e A8       		.byte	-88
 2380 092f 00       		.byte	0
 2381 0930 00       		.byte	0
 2382 0931 00       		.byte	0
 2383 0932 00       		.byte	0
 2384 0933 00       		.byte	0
 2385 0934 00       		.byte	0
 2386 0935 00       		.byte	0
 2387 0936 02       		.byte	2
 2388 0937 00       		.byte	0
 2389 0938 00       		.byte	0
 2390 0939 00       		.byte	0
 2391 093a 00       		.byte	0
 2392 093b 00       		.byte	0
 2393 093c 00       		.byte	0
 2394 093d 00       		.byte	0
ARM GAS  C:\Users\FRANKL~1\AppData\Local\Temp\cc5utpyL.s 			page 43


 2395 093e 01       		.byte	1
 2396 093f 00       		.byte	0
 2397 0940 00       		.byte	0
 2398 0941 00       		.byte	0
 2399 0942 00       		.byte	0
 2400 0943 00       		.byte	0
 2401 0944 00       		.byte	0
 2402 0945 00       		.byte	0
 2403 0946 10       		.byte	16
 2404 0947 00       		.byte	0
 2405 0948 00       		.byte	0
 2406 0949 00       		.byte	0
 2407 094a 00       		.byte	0
 2408 094b 00       		.byte	0
 2409 094c 00       		.byte	0
 2410 094d 00       		.byte	0
 2411 094e 08       		.byte	8
 2412 094f 00       		.byte	0
 2413 0950 0C       		.byte	12
 2414 0951 00       		.byte	0
 2415 0952 18       		.byte	24
 2416 0953 01       		.byte	1
 2417 0954 0C       		.byte	12
 2418 0955 00       		.byte	0
 2419 0956 18       		.byte	24
 2420 0957 01       		.byte	1
 2421 0958 BB       		.byte	-69
 2422 0959 00       		.byte	0
 2423 095a 18       		.byte	24
 2424 095b 01       		.byte	1
 2425              		.section	.cywolatch,"a",%progbits
 2426              		.align	2
 2427              		.type	cy_meta_wonvl, %object
 2428              		.size	cy_meta_wonvl, 4
 2429              	cy_meta_wonvl:
 2430 0000 BC       		.byte	-68
 2431 0001 90       		.byte	-112
 2432 0002 AC       		.byte	-84
 2433 0003 AF       		.byte	-81
 2434              		.section	.cycustnvl,"a",%progbits
 2435              		.align	2
 2436              		.type	cy_meta_custnvl, %object
 2437              		.size	cy_meta_custnvl, 4
 2438              	cy_meta_custnvl:
 2439 0000 00       		.byte	0
 2440 0001 00       		.byte	0
 2441 0002 40       		.byte	64
 2442 0003 05       		.byte	5
 2443              		.section	.cymeta,"a",%progbits
 2444              		.align	2
 2445              		.type	cy_metadata, %object
 2446              		.size	cy_metadata, 12
 2447              	cy_metadata:
 2448 0000 00       		.byte	0
 2449 0001 01       		.byte	1
 2450 0002 2E       		.byte	46
 2451 0003 12       		.byte	18
ARM GAS  C:\Users\FRANKL~1\AppData\Local\Temp\cc5utpyL.s 			page 44


 2452 0004 00       		.byte	0
 2453 0005 69       		.byte	105
 2454 0006 00       		.byte	0
 2455 0007 01       		.byte	1
 2456 0008 00       		.byte	0
 2457 0009 00       		.byte	0
 2458 000a 00       		.byte	0
 2459 000b 00       		.byte	0
 2460              		.section	.cyflashprotect,"a",%progbits
 2461              		.align	2
 2462              		.type	cy_meta_flashprotect, %object
 2463              		.size	cy_meta_flashprotect, 256
 2464              	cy_meta_flashprotect:
 2465 0000 00000000 		.space	256
 2465      00000000 
 2465      00000000 
 2465      00000000 
 2465      00000000 
 2466              		.text
 2467              	.Letext0:
 2468              		.file 1 "c:\\program files (x86)\\cypress\\psoc creator\\4.1\\psoc creator\\import\\gnu\\arm\\5.4.
 2469              		.file 2 "c:\\program files (x86)\\cypress\\psoc creator\\4.1\\psoc creator\\import\\gnu\\arm\\5.4.
 2470              		.file 3 "Generated_Source\\PSoC5\\cymetadata.c"
 2471              		.section	.debug_info,"",%progbits
 2472              	.Ldebug_info0:
 2473 0000 35010000 		.4byte	0x135
 2474 0004 0400     		.2byte	0x4
 2475 0006 00000000 		.4byte	.Ldebug_abbrev0
 2476 000a 04       		.byte	0x4
 2477 000b 01       		.uleb128 0x1
 2478 000c 24000000 		.4byte	.LASF17
 2479 0010 0C       		.byte	0xc
 2480 0011 F2010000 		.4byte	.LASF18
 2481 0015 5F010000 		.4byte	.LASF19
 2482 0019 00000000 		.4byte	.Ldebug_line0
 2483 001d 02       		.uleb128 0x2
 2484 001e 01       		.byte	0x1
 2485 001f 06       		.byte	0x6
 2486 0020 E6010000 		.4byte	.LASF0
 2487 0024 03       		.uleb128 0x3
 2488 0025 00000000 		.4byte	.LASF9
 2489 0029 01       		.byte	0x1
 2490 002a 1D       		.byte	0x1d
 2491 002b 2F000000 		.4byte	0x2f
 2492 002f 02       		.uleb128 0x2
 2493 0030 01       		.byte	0x1
 2494 0031 08       		.byte	0x8
 2495 0032 16000000 		.4byte	.LASF1
 2496 0036 02       		.uleb128 0x2
 2497 0037 02       		.byte	0x2
 2498 0038 05       		.byte	0x5
 2499 0039 D3010000 		.4byte	.LASF2
 2500 003d 02       		.uleb128 0x2
 2501 003e 02       		.byte	0x2
 2502 003f 07       		.byte	0x7
 2503 0040 C4000000 		.4byte	.LASF3
 2504 0044 02       		.uleb128 0x2
ARM GAS  C:\Users\FRANKL~1\AppData\Local\Temp\cc5utpyL.s 			page 45


 2505 0045 04       		.byte	0x4
 2506 0046 05       		.byte	0x5
 2507 0047 DD010000 		.4byte	.LASF4
 2508 004b 02       		.uleb128 0x2
 2509 004c 04       		.byte	0x4
 2510 004d 07       		.byte	0x7
 2511 004e B2000000 		.4byte	.LASF5
 2512 0052 02       		.uleb128 0x2
 2513 0053 08       		.byte	0x8
 2514 0054 05       		.byte	0x5
 2515 0055 51010000 		.4byte	.LASF6
 2516 0059 02       		.uleb128 0x2
 2517 005a 08       		.byte	0x8
 2518 005b 07       		.byte	0x7
 2519 005c 06010000 		.4byte	.LASF7
 2520 0060 04       		.uleb128 0x4
 2521 0061 04       		.byte	0x4
 2522 0062 05       		.byte	0x5
 2523 0063 696E7400 		.ascii	"int\000"
 2524 0067 02       		.uleb128 0x2
 2525 0068 04       		.byte	0x4
 2526 0069 07       		.byte	0x7
 2527 006a F9000000 		.4byte	.LASF8
 2528 006e 03       		.uleb128 0x3
 2529 006f 1D010000 		.4byte	.LASF10
 2530 0073 02       		.byte	0x2
 2531 0074 18       		.byte	0x18
 2532 0075 24000000 		.4byte	0x24
 2533 0079 05       		.uleb128 0x5
 2534 007a 91000000 		.4byte	0x91
 2535 007e 8A000000 		.4byte	0x8a
 2536 0082 06       		.uleb128 0x6
 2537 0083 8A000000 		.4byte	0x8a
 2538 0087 5B09     		.2byte	0x95b
 2539 0089 00       		.byte	0
 2540 008a 02       		.uleb128 0x2
 2541 008b 04       		.byte	0x4
 2542 008c 07       		.byte	0x7
 2543 008d 48010000 		.4byte	.LASF11
 2544 0091 07       		.uleb128 0x7
 2545 0092 6E000000 		.4byte	0x6e
 2546 0096 08       		.uleb128 0x8
 2547 0097 E7000000 		.4byte	.LASF12
 2548 009b 03       		.byte	0x3
 2549 009c 1F       		.byte	0x1f
 2550 009d A7000000 		.4byte	0xa7
 2551 00a1 05       		.uleb128 0x5
 2552 00a2 03       		.byte	0x3
 2553 00a3 00000000 		.4byte	cy_meta_configecc
 2554 00a7 07       		.uleb128 0x7
 2555 00a8 79000000 		.4byte	0x79
 2556 00ac 05       		.uleb128 0x5
 2557 00ad 91000000 		.4byte	0x91
 2558 00b1 BC000000 		.4byte	0xbc
 2559 00b5 09       		.uleb128 0x9
 2560 00b6 8A000000 		.4byte	0x8a
 2561 00ba 03       		.byte	0x3
ARM GAS  C:\Users\FRANKL~1\AppData\Local\Temp\cc5utpyL.s 			page 46


 2562 00bb 00       		.byte	0
 2563 00bc 0A       		.uleb128 0xa
 2564 00bd D7000000 		.4byte	.LASF13
 2565 00c1 03       		.byte	0x3
 2566 00c2 5801     		.2byte	0x158
 2567 00c4 CE000000 		.4byte	0xce
 2568 00c8 05       		.uleb128 0x5
 2569 00c9 03       		.byte	0x3
 2570 00ca 00000000 		.4byte	cy_meta_custnvl
 2571 00ce 07       		.uleb128 0x7
 2572 00cf AC000000 		.4byte	0xac
 2573 00d3 0A       		.uleb128 0xa
 2574 00d4 3A010000 		.4byte	.LASF14
 2575 00d8 03       		.byte	0x3
 2576 00d9 6601     		.2byte	0x166
 2577 00db E5000000 		.4byte	0xe5
 2578 00df 05       		.uleb128 0x5
 2579 00e0 03       		.byte	0x3
 2580 00e1 00000000 		.4byte	cy_meta_wonvl
 2581 00e5 07       		.uleb128 0x7
 2582 00e6 AC000000 		.4byte	0xac
 2583 00ea 05       		.uleb128 0x5
 2584 00eb 91000000 		.4byte	0x91
 2585 00ef FA000000 		.4byte	0xfa
 2586 00f3 09       		.uleb128 0x9
 2587 00f4 8A000000 		.4byte	0x8a
 2588 00f8 FF       		.byte	0xff
 2589 00f9 00       		.byte	0
 2590 00fa 0A       		.uleb128 0xa
 2591 00fb 25010000 		.4byte	.LASF15
 2592 00ff 03       		.byte	0x3
 2593 0100 7401     		.2byte	0x174
 2594 0102 0C010000 		.4byte	0x10c
 2595 0106 05       		.uleb128 0x5
 2596 0107 03       		.byte	0x3
 2597 0108 00000000 		.4byte	cy_meta_flashprotect
 2598 010c 07       		.uleb128 0x7
 2599 010d EA000000 		.4byte	0xea
 2600 0111 05       		.uleb128 0x5
 2601 0112 91000000 		.4byte	0x91
 2602 0116 21010000 		.4byte	0x121
 2603 011a 09       		.uleb128 0x9
 2604 011b 8A000000 		.4byte	0x8a
 2605 011f 0B       		.byte	0xb
 2606 0120 00       		.byte	0
 2607 0121 0A       		.uleb128 0xa
 2608 0122 0A000000 		.4byte	.LASF16
 2609 0126 03       		.byte	0x3
 2610 0127 A101     		.2byte	0x1a1
 2611 0129 33010000 		.4byte	0x133
 2612 012d 05       		.uleb128 0x5
 2613 012e 03       		.byte	0x3
 2614 012f 00000000 		.4byte	cy_metadata
 2615 0133 07       		.uleb128 0x7
 2616 0134 11010000 		.4byte	0x111
 2617 0138 00       		.byte	0
 2618              		.section	.debug_abbrev,"",%progbits
ARM GAS  C:\Users\FRANKL~1\AppData\Local\Temp\cc5utpyL.s 			page 47


 2619              	.Ldebug_abbrev0:
 2620 0000 01       		.uleb128 0x1
 2621 0001 11       		.uleb128 0x11
 2622 0002 01       		.byte	0x1
 2623 0003 25       		.uleb128 0x25
 2624 0004 0E       		.uleb128 0xe
 2625 0005 13       		.uleb128 0x13
 2626 0006 0B       		.uleb128 0xb
 2627 0007 03       		.uleb128 0x3
 2628 0008 0E       		.uleb128 0xe
 2629 0009 1B       		.uleb128 0x1b
 2630 000a 0E       		.uleb128 0xe
 2631 000b 10       		.uleb128 0x10
 2632 000c 17       		.uleb128 0x17
 2633 000d 00       		.byte	0
 2634 000e 00       		.byte	0
 2635 000f 02       		.uleb128 0x2
 2636 0010 24       		.uleb128 0x24
 2637 0011 00       		.byte	0
 2638 0012 0B       		.uleb128 0xb
 2639 0013 0B       		.uleb128 0xb
 2640 0014 3E       		.uleb128 0x3e
 2641 0015 0B       		.uleb128 0xb
 2642 0016 03       		.uleb128 0x3
 2643 0017 0E       		.uleb128 0xe
 2644 0018 00       		.byte	0
 2645 0019 00       		.byte	0
 2646 001a 03       		.uleb128 0x3
 2647 001b 16       		.uleb128 0x16
 2648 001c 00       		.byte	0
 2649 001d 03       		.uleb128 0x3
 2650 001e 0E       		.uleb128 0xe
 2651 001f 3A       		.uleb128 0x3a
 2652 0020 0B       		.uleb128 0xb
 2653 0021 3B       		.uleb128 0x3b
 2654 0022 0B       		.uleb128 0xb
 2655 0023 49       		.uleb128 0x49
 2656 0024 13       		.uleb128 0x13
 2657 0025 00       		.byte	0
 2658 0026 00       		.byte	0
 2659 0027 04       		.uleb128 0x4
 2660 0028 24       		.uleb128 0x24
 2661 0029 00       		.byte	0
 2662 002a 0B       		.uleb128 0xb
 2663 002b 0B       		.uleb128 0xb
 2664 002c 3E       		.uleb128 0x3e
 2665 002d 0B       		.uleb128 0xb
 2666 002e 03       		.uleb128 0x3
 2667 002f 08       		.uleb128 0x8
 2668 0030 00       		.byte	0
 2669 0031 00       		.byte	0
 2670 0032 05       		.uleb128 0x5
 2671 0033 01       		.uleb128 0x1
 2672 0034 01       		.byte	0x1
 2673 0035 49       		.uleb128 0x49
 2674 0036 13       		.uleb128 0x13
 2675 0037 01       		.uleb128 0x1
ARM GAS  C:\Users\FRANKL~1\AppData\Local\Temp\cc5utpyL.s 			page 48


 2676 0038 13       		.uleb128 0x13
 2677 0039 00       		.byte	0
 2678 003a 00       		.byte	0
 2679 003b 06       		.uleb128 0x6
 2680 003c 21       		.uleb128 0x21
 2681 003d 00       		.byte	0
 2682 003e 49       		.uleb128 0x49
 2683 003f 13       		.uleb128 0x13
 2684 0040 2F       		.uleb128 0x2f
 2685 0041 05       		.uleb128 0x5
 2686 0042 00       		.byte	0
 2687 0043 00       		.byte	0
 2688 0044 07       		.uleb128 0x7
 2689 0045 26       		.uleb128 0x26
 2690 0046 00       		.byte	0
 2691 0047 49       		.uleb128 0x49
 2692 0048 13       		.uleb128 0x13
 2693 0049 00       		.byte	0
 2694 004a 00       		.byte	0
 2695 004b 08       		.uleb128 0x8
 2696 004c 34       		.uleb128 0x34
 2697 004d 00       		.byte	0
 2698 004e 03       		.uleb128 0x3
 2699 004f 0E       		.uleb128 0xe
 2700 0050 3A       		.uleb128 0x3a
 2701 0051 0B       		.uleb128 0xb
 2702 0052 3B       		.uleb128 0x3b
 2703 0053 0B       		.uleb128 0xb
 2704 0054 49       		.uleb128 0x49
 2705 0055 13       		.uleb128 0x13
 2706 0056 3F       		.uleb128 0x3f
 2707 0057 19       		.uleb128 0x19
 2708 0058 02       		.uleb128 0x2
 2709 0059 18       		.uleb128 0x18
 2710 005a 00       		.byte	0
 2711 005b 00       		.byte	0
 2712 005c 09       		.uleb128 0x9
 2713 005d 21       		.uleb128 0x21
 2714 005e 00       		.byte	0
 2715 005f 49       		.uleb128 0x49
 2716 0060 13       		.uleb128 0x13
 2717 0061 2F       		.uleb128 0x2f
 2718 0062 0B       		.uleb128 0xb
 2719 0063 00       		.byte	0
 2720 0064 00       		.byte	0
 2721 0065 0A       		.uleb128 0xa
 2722 0066 34       		.uleb128 0x34
 2723 0067 00       		.byte	0
 2724 0068 03       		.uleb128 0x3
 2725 0069 0E       		.uleb128 0xe
 2726 006a 3A       		.uleb128 0x3a
 2727 006b 0B       		.uleb128 0xb
 2728 006c 3B       		.uleb128 0x3b
 2729 006d 05       		.uleb128 0x5
 2730 006e 49       		.uleb128 0x49
 2731 006f 13       		.uleb128 0x13
 2732 0070 3F       		.uleb128 0x3f
ARM GAS  C:\Users\FRANKL~1\AppData\Local\Temp\cc5utpyL.s 			page 49


 2733 0071 19       		.uleb128 0x19
 2734 0072 02       		.uleb128 0x2
 2735 0073 18       		.uleb128 0x18
 2736 0074 00       		.byte	0
 2737 0075 00       		.byte	0
 2738 0076 00       		.byte	0
 2739              		.section	.debug_aranges,"",%progbits
 2740 0000 14000000 		.4byte	0x14
 2741 0004 0200     		.2byte	0x2
 2742 0006 00000000 		.4byte	.Ldebug_info0
 2743 000a 04       		.byte	0x4
 2744 000b 00       		.byte	0
 2745 000c 0000     		.2byte	0
 2746 000e 0000     		.2byte	0
 2747 0010 00000000 		.4byte	0
 2748 0014 00000000 		.4byte	0
 2749              		.section	.debug_line,"",%progbits
 2750              	.Ldebug_line0:
 2751 0000 3D010000 		.section	.debug_str,"MS",%progbits,1
 2751      02003701 
 2751      00000201 
 2751      FB0E0D00 
 2751      01010101 
 2752              	.LASF9:
 2753 0000 5F5F7569 		.ascii	"__uint8_t\000"
 2753      6E74385F 
 2753      7400
 2754              	.LASF16:
 2755 000a 63795F6D 		.ascii	"cy_metadata\000"
 2755      65746164 
 2755      61746100 
 2756              	.LASF1:
 2757 0016 756E7369 		.ascii	"unsigned char\000"
 2757      676E6564 
 2757      20636861 
 2757      7200
 2758              	.LASF17:
 2759 0024 474E5520 		.ascii	"GNU C11 5.4.1 20160609 (release) [ARM/embedded-5-br"
 2759      43313120 
 2759      352E342E 
 2759      31203230 
 2759      31363036 
 2760 0057 616E6368 		.ascii	"anch revision 237715] -mcpu=cortex-m3 -mthumb -g -O"
 2760      20726576 
 2760      6973696F 
 2760      6E203233 
 2760      37373135 
 2761 008a 67202D66 		.ascii	"g -ffunction-sections -ffat-lto-objects\000"
 2761      66756E63 
 2761      74696F6E 
 2761      2D736563 
 2761      74696F6E 
 2762              	.LASF5:
 2763 00b2 6C6F6E67 		.ascii	"long unsigned int\000"
 2763      20756E73 
 2763      69676E65 
 2763      6420696E 
ARM GAS  C:\Users\FRANKL~1\AppData\Local\Temp\cc5utpyL.s 			page 50


 2763      7400
 2764              	.LASF3:
 2765 00c4 73686F72 		.ascii	"short unsigned int\000"
 2765      7420756E 
 2765      7369676E 
 2765      65642069 
 2765      6E7400
 2766              	.LASF13:
 2767 00d7 63795F6D 		.ascii	"cy_meta_custnvl\000"
 2767      6574615F 
 2767      63757374 
 2767      6E766C00 
 2768              	.LASF12:
 2769 00e7 63795F6D 		.ascii	"cy_meta_configecc\000"
 2769      6574615F 
 2769      636F6E66 
 2769      69676563 
 2769      6300
 2770              	.LASF8:
 2771 00f9 756E7369 		.ascii	"unsigned int\000"
 2771      676E6564 
 2771      20696E74 
 2771      00
 2772              	.LASF7:
 2773 0106 6C6F6E67 		.ascii	"long long unsigned int\000"
 2773      206C6F6E 
 2773      6720756E 
 2773      7369676E 
 2773      65642069 
 2774              	.LASF10:
 2775 011d 75696E74 		.ascii	"uint8_t\000"
 2775      385F7400 
 2776              	.LASF15:
 2777 0125 63795F6D 		.ascii	"cy_meta_flashprotect\000"
 2777      6574615F 
 2777      666C6173 
 2777      6870726F 
 2777      74656374 
 2778              	.LASF14:
 2779 013a 63795F6D 		.ascii	"cy_meta_wonvl\000"
 2779      6574615F 
 2779      776F6E76 
 2779      6C00
 2780              	.LASF11:
 2781 0148 73697A65 		.ascii	"sizetype\000"
 2781      74797065 
 2781      00
 2782              	.LASF6:
 2783 0151 6C6F6E67 		.ascii	"long long int\000"
 2783      206C6F6E 
 2783      6720696E 
 2783      7400
 2784              	.LASF19:
 2785 015f 433A5C55 		.ascii	"C:\\Users\\FranklinLab_PC_1\\Documents\\Python Scri"
 2785      73657273 
 2785      5C467261 
 2785      6E6B6C69 
ARM GAS  C:\Users\FRANKL~1\AppData\Local\Temp\cc5utpyL.s 			page 51


 2785      6E4C6162 
 2786 018e 7074735C 		.ascii	"pts\\CNT_IV\\PSoC\\Layout 2_14\\Version 2\\Master\\"
 2786      434E545F 
 2786      49565C50 
 2786      536F435C 
 2786      4C61796F 
 2787 01bb 4D617374 		.ascii	"Master 1\\Design01.cydsn\000"
 2787      65722031 
 2787      5C446573 
 2787      69676E30 
 2787      312E6379 
 2788              	.LASF2:
 2789 01d3 73686F72 		.ascii	"short int\000"
 2789      7420696E 
 2789      7400
 2790              	.LASF4:
 2791 01dd 6C6F6E67 		.ascii	"long int\000"
 2791      20696E74 
 2791      00
 2792              	.LASF0:
 2793 01e6 7369676E 		.ascii	"signed char\000"
 2793      65642063 
 2793      68617200 
 2794              	.LASF18:
 2795 01f2 47656E65 		.ascii	"Generated_Source\\PSoC5\\cymetadata.c\000"
 2795      72617465 
 2795      645F536F 
 2795      75726365 
 2795      5C50536F 
 2796              		.ident	"GCC: (GNU Tools for ARM Embedded Processors) 5.4.1 20160609 (release) [ARM/embedded-5-bran
