ARM GAS  C:\Users\Noyce\AppData\Local\Temp\cc0ZEo7A.s 			page 1


   1              		.syntax unified
   2              		.cpu cortex-m3
   3              		.fpu softvfp
   4              		.eabi_attribute 20, 1
   5              		.eabi_attribute 21, 1
   6              		.eabi_attribute 23, 3
   7              		.eabi_attribute 24, 1
   8              		.eabi_attribute 25, 1
   9              		.eabi_attribute 26, 1
  10              		.eabi_attribute 30, 1
  11              		.eabi_attribute 34, 1
  12              		.eabi_attribute 18, 4
  13              		.thumb
  14              		.syntax unified
  15              		.file	"USBUART_descr.c"
  16              		.text
  17              	.Ltext0:
  18              		.cfi_sections	.debug_frame
  19              		.comm	USBUART_idSerialNumberStringDescriptor,34,4
  20              		.global	USBUART_TABLE
  21              		.global	USBUART_DEVICE0_TABLE
  22              		.global	USBUART_DEVICE0_CONFIGURATION0_TABLE
  23              		.global	USBUART_DEVICE0_CONFIGURATION0_INTERFACE_CLASS
  24              		.global	USBUART_DEVICE0_CONFIGURATION0_EP_SETTINGS_TABLE
  25              		.global	USBUART_SN_STRING_DESCRIPTOR
  26              		.global	USBUART_STRING_DESCRIPTORS
  27              		.global	USBUART_DEVICE0_CONFIGURATION0_DESCR
  28              		.global	USBUART_DEVICE0_DESCR
  29              		.section	.rodata
  30              		.align	2
  31              		.type	USBUART_TABLE, %object
  32              		.size	USBUART_TABLE, 8
  33              	USBUART_TABLE:
  34 0000 01       		.byte	1
  35 0001 000000   		.space	3
  36 0004 00000000 		.word	USBUART_DEVICE0_TABLE
  37              		.type	USBUART_DEVICE0_TABLE, %object
  38              		.size	USBUART_DEVICE0_TABLE, 24
  39              	USBUART_DEVICE0_TABLE:
  40 0008 01       		.byte	1
  41 0009 000000   		.space	3
  42 000c 00000000 		.word	USBUART_DEVICE0_DESCR
  43 0010 00       		.byte	0
  44 0011 000000   		.space	3
  45 0014 00000000 		.word	0
  46 0018 01       		.byte	1
  47 0019 000000   		.space	3
  48 001c 00000000 		.word	USBUART_DEVICE0_CONFIGURATION0_TABLE
  49              		.type	USBUART_DEVICE0_CONFIGURATION0_TABLE, %object
  50              		.size	USBUART_DEVICE0_CONFIGURATION0_TABLE, 40
  51              	USBUART_DEVICE0_CONFIGURATION0_TABLE:
  52 0020 01       		.byte	1
  53 0021 000000   		.space	3
  54 0024 00000000 		.word	USBUART_DEVICE0_CONFIGURATION0_DESCR
  55 0028 03       		.byte	3
  56 0029 000000   		.space	3
  57 002c 00000000 		.word	USBUART_DEVICE0_CONFIGURATION0_EP_SETTINGS_TABLE
ARM GAS  C:\Users\Noyce\AppData\Local\Temp\cc0ZEo7A.s 			page 2


  58 0030 00       		.byte	0
  59 0031 000000   		.space	3
  60 0034 00000000 		.word	0
  61 0038 00       		.byte	0
  62 0039 000000   		.space	3
  63 003c 00000000 		.word	0
  64 0040 00       		.byte	0
  65 0041 000000   		.space	3
  66 0044 00000000 		.word	USBUART_DEVICE0_CONFIGURATION0_INTERFACE_CLASS
  67              		.type	USBUART_DEVICE0_CONFIGURATION0_INTERFACE_CLASS, %object
  68              		.size	USBUART_DEVICE0_CONFIGURATION0_INTERFACE_CLASS, 2
  69              	USBUART_DEVICE0_CONFIGURATION0_INTERFACE_CLASS:
  70 0048 02       		.byte	2
  71 0049 0A       		.byte	10
  72 004a 0000     		.space	2
  73              		.type	USBUART_DEVICE0_CONFIGURATION0_EP_SETTINGS_TABLE, %object
  74              		.size	USBUART_DEVICE0_CONFIGURATION0_EP_SETTINGS_TABLE, 24
  75              	USBUART_DEVICE0_CONFIGURATION0_EP_SETTINGS_TABLE:
  76 004c 00       		.byte	0
  77 004d 00       		.byte	0
  78 004e 81       		.byte	-127
  79 004f 03       		.byte	3
  80 0050 0800     		.short	8
  81 0052 02       		.byte	2
  82 0053 00       		.space	1
  83 0054 01       		.byte	1
  84 0055 00       		.byte	0
  85 0056 82       		.byte	-126
  86 0057 02       		.byte	2
  87 0058 4000     		.short	64
  88 005a 0A       		.byte	10
  89 005b 00       		.space	1
  90 005c 01       		.byte	1
  91 005d 00       		.byte	0
  92 005e 03       		.byte	3
  93 005f 02       		.byte	2
  94 0060 4000     		.short	64
  95 0062 0A       		.byte	10
  96 0063 00       		.space	1
  97              		.type	USBUART_SN_STRING_DESCRIPTOR, %object
  98              		.size	USBUART_SN_STRING_DESCRIPTOR, 2
  99              	USBUART_SN_STRING_DESCRIPTOR:
 100 0064 02       		.byte	2
 101 0065 03       		.byte	3
 102 0066 0000     		.space	2
 103              		.type	USBUART_STRING_DESCRIPTORS, %object
 104              		.size	USBUART_STRING_DESCRIPTORS, 203
 105              	USBUART_STRING_DESCRIPTORS:
 106 0068 04       		.byte	4
 107 0069 03       		.byte	3
 108 006a 09       		.byte	9
 109 006b 04       		.byte	4
 110 006c 2C       		.byte	44
 111 006d 03       		.byte	3
 112 006e 43       		.byte	67
 113 006f 00       		.byte	0
 114 0070 79       		.byte	121
ARM GAS  C:\Users\Noyce\AppData\Local\Temp\cc0ZEo7A.s 			page 3


 115 0071 00       		.byte	0
 116 0072 70       		.byte	112
 117 0073 00       		.byte	0
 118 0074 72       		.byte	114
 119 0075 00       		.byte	0
 120 0076 65       		.byte	101
 121 0077 00       		.byte	0
 122 0078 73       		.byte	115
 123 0079 00       		.byte	0
 124 007a 73       		.byte	115
 125 007b 00       		.byte	0
 126 007c 20       		.byte	32
 127 007d 00       		.byte	0
 128 007e 53       		.byte	83
 129 007f 00       		.byte	0
 130 0080 65       		.byte	101
 131 0081 00       		.byte	0
 132 0082 6D       		.byte	109
 133 0083 00       		.byte	0
 134 0084 69       		.byte	105
 135 0085 00       		.byte	0
 136 0086 63       		.byte	99
 137 0087 00       		.byte	0
 138 0088 6F       		.byte	111
 139 0089 00       		.byte	0
 140 008a 6E       		.byte	110
 141 008b 00       		.byte	0
 142 008c 64       		.byte	100
 143 008d 00       		.byte	0
 144 008e 75       		.byte	117
 145 008f 00       		.byte	0
 146 0090 63       		.byte	99
 147 0091 00       		.byte	0
 148 0092 74       		.byte	116
 149 0093 00       		.byte	0
 150 0094 6F       		.byte	111
 151 0095 00       		.byte	0
 152 0096 72       		.byte	114
 153 0097 00       		.byte	0
 154 0098 10       		.byte	16
 155 0099 03       		.byte	3
 156 009a 55       		.byte	85
 157 009b 00       		.byte	0
 158 009c 53       		.byte	83
 159 009d 00       		.byte	0
 160 009e 42       		.byte	66
 161 009f 00       		.byte	0
 162 00a0 55       		.byte	85
 163 00a1 00       		.byte	0
 164 00a2 41       		.byte	65
 165 00a3 00       		.byte	0
 166 00a4 52       		.byte	82
 167 00a5 00       		.byte	0
 168 00a6 54       		.byte	84
 169 00a7 00       		.byte	0
 170 00a8 38       		.byte	56
 171 00a9 03       		.byte	3
ARM GAS  C:\Users\Noyce\AppData\Local\Temp\cc0ZEo7A.s 			page 4


 172 00aa 43       		.byte	67
 173 00ab 00       		.byte	0
 174 00ac 44       		.byte	68
 175 00ad 00       		.byte	0
 176 00ae 43       		.byte	67
 177 00af 00       		.byte	0
 178 00b0 20       		.byte	32
 179 00b1 00       		.byte	0
 180 00b2 43       		.byte	67
 181 00b3 00       		.byte	0
 182 00b4 6F       		.byte	111
 183 00b5 00       		.byte	0
 184 00b6 6D       		.byte	109
 185 00b7 00       		.byte	0
 186 00b8 6D       		.byte	109
 187 00b9 00       		.byte	0
 188 00ba 75       		.byte	117
 189 00bb 00       		.byte	0
 190 00bc 6E       		.byte	110
 191 00bd 00       		.byte	0
 192 00be 69       		.byte	105
 193 00bf 00       		.byte	0
 194 00c0 63       		.byte	99
 195 00c1 00       		.byte	0
 196 00c2 61       		.byte	97
 197 00c3 00       		.byte	0
 198 00c4 74       		.byte	116
 199 00c5 00       		.byte	0
 200 00c6 69       		.byte	105
 201 00c7 00       		.byte	0
 202 00c8 6F       		.byte	111
 203 00c9 00       		.byte	0
 204 00ca 6E       		.byte	110
 205 00cb 00       		.byte	0
 206 00cc 20       		.byte	32
 207 00cd 00       		.byte	0
 208 00ce 49       		.byte	73
 209 00cf 00       		.byte	0
 210 00d0 6E       		.byte	110
 211 00d1 00       		.byte	0
 212 00d2 74       		.byte	116
 213 00d3 00       		.byte	0
 214 00d4 65       		.byte	101
 215 00d5 00       		.byte	0
 216 00d6 72       		.byte	114
 217 00d7 00       		.byte	0
 218 00d8 66       		.byte	102
 219 00d9 00       		.byte	0
 220 00da 61       		.byte	97
 221 00db 00       		.byte	0
 222 00dc 63       		.byte	99
 223 00dd 00       		.byte	0
 224 00de 65       		.byte	101
 225 00df 00       		.byte	0
 226 00e0 26       		.byte	38
 227 00e1 03       		.byte	3
 228 00e2 43       		.byte	67
ARM GAS  C:\Users\Noyce\AppData\Local\Temp\cc0ZEo7A.s 			page 5


 229 00e3 00       		.byte	0
 230 00e4 44       		.byte	68
 231 00e5 00       		.byte	0
 232 00e6 43       		.byte	67
 233 00e7 00       		.byte	0
 234 00e8 20       		.byte	32
 235 00e9 00       		.byte	0
 236 00ea 44       		.byte	68
 237 00eb 00       		.byte	0
 238 00ec 61       		.byte	97
 239 00ed 00       		.byte	0
 240 00ee 74       		.byte	116
 241 00ef 00       		.byte	0
 242 00f0 61       		.byte	97
 243 00f1 00       		.byte	0
 244 00f2 20       		.byte	32
 245 00f3 00       		.byte	0
 246 00f4 49       		.byte	73
 247 00f5 00       		.byte	0
 248 00f6 6E       		.byte	110
 249 00f7 00       		.byte	0
 250 00f8 74       		.byte	116
 251 00f9 00       		.byte	0
 252 00fa 65       		.byte	101
 253 00fb 00       		.byte	0
 254 00fc 72       		.byte	114
 255 00fd 00       		.byte	0
 256 00fe 66       		.byte	102
 257 00ff 00       		.byte	0
 258 0100 61       		.byte	97
 259 0101 00       		.byte	0
 260 0102 63       		.byte	99
 261 0103 00       		.byte	0
 262 0104 65       		.byte	101
 263 0105 00       		.byte	0
 264 0106 1A       		.byte	26
 265 0107 03       		.byte	3
 266 0108 53       		.byte	83
 267 0109 00       		.byte	0
 268 010a 74       		.byte	116
 269 010b 00       		.byte	0
 270 010c 65       		.byte	101
 271 010d 00       		.byte	0
 272 010e 76       		.byte	118
 273 010f 00       		.byte	0
 274 0110 65       		.byte	101
 275 0111 00       		.byte	0
 276 0112 6E       		.byte	110
 277 0113 00       		.byte	0
 278 0114 20       		.byte	32
 279 0115 00       		.byte	0
 280 0116 4E       		.byte	78
 281 0117 00       		.byte	0
 282 0118 6F       		.byte	111
 283 0119 00       		.byte	0
 284 011a 79       		.byte	121
 285 011b 00       		.byte	0
ARM GAS  C:\Users\Noyce\AppData\Local\Temp\cc0ZEo7A.s 			page 6


 286 011c 63       		.byte	99
 287 011d 00       		.byte	0
 288 011e 65       		.byte	101
 289 011f 00       		.byte	0
 290 0120 12       		.byte	18
 291 0121 03       		.byte	3
 292 0122 50       		.byte	80
 293 0123 00       		.byte	0
 294 0124 43       		.byte	67
 295 0125 00       		.byte	0
 296 0126 42       		.byte	66
 297 0127 00       		.byte	0
 298 0128 20       		.byte	32
 299 0129 00       		.byte	0
 300 012a 32       		.byte	50
 301 012b 00       		.byte	0
 302 012c 5F       		.byte	95
 303 012d 00       		.byte	0
 304 012e 31       		.byte	49
 305 012f 00       		.byte	0
 306 0130 34       		.byte	52
 307 0131 00       		.byte	0
 308 0132 00       		.byte	0
 309 0133 00       		.space	1
 310              		.type	USBUART_DEVICE0_CONFIGURATION0_DESCR, %object
 311              		.size	USBUART_DEVICE0_CONFIGURATION0_DESCR, 67
 312              	USBUART_DEVICE0_CONFIGURATION0_DESCR:
 313 0134 09       		.byte	9
 314 0135 02       		.byte	2
 315 0136 43       		.byte	67
 316 0137 00       		.byte	0
 317 0138 02       		.byte	2
 318 0139 01       		.byte	1
 319 013a 01       		.byte	1
 320 013b 80       		.byte	-128
 321 013c 32       		.byte	50
 322 013d 09       		.byte	9
 323 013e 04       		.byte	4
 324 013f 00       		.byte	0
 325 0140 00       		.byte	0
 326 0141 01       		.byte	1
 327 0142 02       		.byte	2
 328 0143 02       		.byte	2
 329 0144 01       		.byte	1
 330 0145 03       		.byte	3
 331 0146 05       		.byte	5
 332 0147 24       		.byte	36
 333 0148 00       		.byte	0
 334 0149 10       		.byte	16
 335 014a 01       		.byte	1
 336 014b 04       		.byte	4
 337 014c 24       		.byte	36
 338 014d 02       		.byte	2
 339 014e 02       		.byte	2
 340 014f 05       		.byte	5
 341 0150 24       		.byte	36
 342 0151 06       		.byte	6
ARM GAS  C:\Users\Noyce\AppData\Local\Temp\cc0ZEo7A.s 			page 7


 343 0152 00       		.byte	0
 344 0153 01       		.byte	1
 345 0154 05       		.byte	5
 346 0155 24       		.byte	36
 347 0156 01       		.byte	1
 348 0157 00       		.byte	0
 349 0158 01       		.byte	1
 350 0159 07       		.byte	7
 351 015a 05       		.byte	5
 352 015b 81       		.byte	-127
 353 015c 03       		.byte	3
 354 015d 08       		.byte	8
 355 015e 00       		.byte	0
 356 015f 0A       		.byte	10
 357 0160 09       		.byte	9
 358 0161 04       		.byte	4
 359 0162 01       		.byte	1
 360 0163 00       		.byte	0
 361 0164 02       		.byte	2
 362 0165 0A       		.byte	10
 363 0166 00       		.byte	0
 364 0167 00       		.byte	0
 365 0168 04       		.byte	4
 366 0169 07       		.byte	7
 367 016a 05       		.byte	5
 368 016b 82       		.byte	-126
 369 016c 02       		.byte	2
 370 016d 40       		.byte	64
 371 016e 00       		.byte	0
 372 016f 00       		.byte	0
 373 0170 07       		.byte	7
 374 0171 05       		.byte	5
 375 0172 03       		.byte	3
 376 0173 02       		.byte	2
 377 0174 40       		.byte	64
 378 0175 00       		.byte	0
 379 0176 00       		.byte	0
 380 0177 00       		.space	1
 381              		.type	USBUART_DEVICE0_DESCR, %object
 382              		.size	USBUART_DEVICE0_DESCR, 18
 383              	USBUART_DEVICE0_DESCR:
 384 0178 12       		.byte	18
 385 0179 01       		.byte	1
 386 017a 00       		.byte	0
 387 017b 02       		.byte	2
 388 017c 02       		.byte	2
 389 017d 00       		.byte	0
 390 017e 00       		.byte	0
 391 017f 08       		.byte	8
 392 0180 B4       		.byte	-76
 393 0181 04       		.byte	4
 394 0182 08       		.byte	8
 395 0183 00       		.byte	0
 396 0184 01       		.byte	1
 397 0185 00       		.byte	0
 398 0186 05       		.byte	5
 399 0187 06       		.byte	6
ARM GAS  C:\Users\Noyce\AppData\Local\Temp\cc0ZEo7A.s 			page 8


 400 0188 80       		.byte	-128
 401 0189 01       		.byte	1
 402              		.text
 403              	.Letext0:
 404              		.file 1 "Generated_Source\\PSoC5\\cytypes.h"
 405              		.file 2 "Generated_Source\\PSoC5\\USBUART.h"
 406              		.file 3 "Generated_Source\\PSoC5\\USBUART_descr.c"
 407              		.section	.debug_info,"",%progbits
 408              	.Ldebug_info0:
 409 0000 A1020000 		.4byte	0x2a1
 410 0004 0400     		.2byte	0x4
 411 0006 00000000 		.4byte	.Ldebug_abbrev0
 412 000a 04       		.byte	0x4
 413 000b 01       		.uleb128 0x1
 414 000c FF000000 		.4byte	.LASF35
 415 0010 0C       		.byte	0xc
 416 0011 86000000 		.4byte	.LASF36
 417 0015 8D010000 		.4byte	.LASF37
 418 0019 00000000 		.4byte	.Ldebug_line0
 419 001d 02       		.uleb128 0x2
 420 001e 01       		.byte	0x1
 421 001f 06       		.byte	0x6
 422 0020 04030000 		.4byte	.LASF0
 423 0024 02       		.uleb128 0x2
 424 0025 01       		.byte	0x1
 425 0026 08       		.byte	0x8
 426 0027 F1000000 		.4byte	.LASF1
 427 002b 02       		.uleb128 0x2
 428 002c 02       		.byte	0x2
 429 002d 05       		.byte	0x5
 430 002e D5020000 		.4byte	.LASF2
 431 0032 02       		.uleb128 0x2
 432 0033 02       		.byte	0x2
 433 0034 07       		.byte	0x7
 434 0035 10030000 		.4byte	.LASF3
 435 0039 02       		.uleb128 0x2
 436 003a 04       		.byte	0x4
 437 003b 05       		.byte	0x5
 438 003c EF020000 		.4byte	.LASF4
 439 0040 02       		.uleb128 0x2
 440 0041 04       		.byte	0x4
 441 0042 07       		.byte	0x7
 442 0043 F8010000 		.4byte	.LASF5
 443 0047 02       		.uleb128 0x2
 444 0048 08       		.byte	0x8
 445 0049 05       		.byte	0x5
 446 004a A9020000 		.4byte	.LASF6
 447 004e 02       		.uleb128 0x2
 448 004f 08       		.byte	0x8
 449 0050 07       		.byte	0x7
 450 0051 5D020000 		.4byte	.LASF7
 451 0055 03       		.uleb128 0x3
 452 0056 04       		.byte	0x4
 453 0057 05       		.byte	0x5
 454 0058 696E7400 		.ascii	"int\000"
 455 005c 02       		.uleb128 0x2
 456 005d 04       		.byte	0x4
ARM GAS  C:\Users\Noyce\AppData\Local\Temp\cc0ZEo7A.s 			page 9


 457 005e 07       		.byte	0x7
 458 005f 42020000 		.4byte	.LASF8
 459 0063 04       		.uleb128 0x4
 460 0064 DF020000 		.4byte	.LASF9
 461 0068 01       		.byte	0x1
 462 0069 9201     		.2byte	0x192
 463 006b 24000000 		.4byte	0x24
 464 006f 04       		.uleb128 0x4
 465 0070 3B020000 		.4byte	.LASF10
 466 0074 01       		.byte	0x1
 467 0075 9301     		.2byte	0x193
 468 0077 32000000 		.4byte	0x32
 469 007b 02       		.uleb128 0x2
 470 007c 04       		.byte	0x4
 471 007d 04       		.byte	0x4
 472 007e C3000000 		.4byte	.LASF11
 473 0082 02       		.uleb128 0x2
 474 0083 08       		.byte	0x8
 475 0084 04       		.byte	0x4
 476 0085 34020000 		.4byte	.LASF12
 477 0089 02       		.uleb128 0x2
 478 008a 01       		.byte	0x1
 479 008b 08       		.byte	0x8
 480 008c B7020000 		.4byte	.LASF13
 481 0090 02       		.uleb128 0x2
 482 0091 08       		.byte	0x8
 483 0092 04       		.byte	0x4
 484 0093 F8020000 		.4byte	.LASF14
 485 0097 02       		.uleb128 0x2
 486 0098 04       		.byte	0x4
 487 0099 07       		.byte	0x7
 488 009a A0020000 		.4byte	.LASF15
 489 009e 05       		.uleb128 0x5
 490 009f 08       		.byte	0x8
 491 00a0 02       		.byte	0x2
 492 00a1 9A       		.byte	0x9a
 493 00a2 EF000000 		.4byte	0xef
 494 00a6 06       		.uleb128 0x6
 495 00a7 E5020000 		.4byte	.LASF16
 496 00ab 02       		.byte	0x2
 497 00ac 9C       		.byte	0x9c
 498 00ad 63000000 		.4byte	0x63
 499 00b1 00       		.byte	0
 500 00b2 06       		.uleb128 0x6
 501 00b3 E6000000 		.4byte	.LASF17
 502 00b7 02       		.byte	0x2
 503 00b8 9D       		.byte	0x9d
 504 00b9 63000000 		.4byte	0x63
 505 00bd 01       		.byte	0x1
 506 00be 06       		.uleb128 0x6
 507 00bf 0A020000 		.4byte	.LASF18
 508 00c3 02       		.byte	0x2
 509 00c4 9E       		.byte	0x9e
 510 00c5 63000000 		.4byte	0x63
 511 00c9 02       		.byte	0x2
 512 00ca 06       		.uleb128 0x6
 513 00cb 2F000000 		.4byte	.LASF19
ARM GAS  C:\Users\Noyce\AppData\Local\Temp\cc0ZEo7A.s 			page 10


 514 00cf 02       		.byte	0x2
 515 00d0 9F       		.byte	0x9f
 516 00d1 63000000 		.4byte	0x63
 517 00d5 03       		.byte	0x3
 518 00d6 06       		.uleb128 0x6
 519 00d7 BC020000 		.4byte	.LASF20
 520 00db 02       		.byte	0x2
 521 00dc A0       		.byte	0xa0
 522 00dd 6F000000 		.4byte	0x6f
 523 00e1 04       		.byte	0x4
 524 00e2 06       		.uleb128 0x6
 525 00e3 39030000 		.4byte	.LASF21
 526 00e7 02       		.byte	0x2
 527 00e8 A1       		.byte	0xa1
 528 00e9 63000000 		.4byte	0x63
 529 00ed 06       		.byte	0x6
 530 00ee 00       		.byte	0
 531 00ef 07       		.uleb128 0x7
 532 00f0 DC010000 		.4byte	.LASF22
 533 00f4 02       		.byte	0x2
 534 00f5 A2       		.byte	0xa2
 535 00f6 9E000000 		.4byte	0x9e
 536 00fa 05       		.uleb128 0x5
 537 00fb 08       		.byte	0x8
 538 00fc 02       		.byte	0x2
 539 00fd B1       		.byte	0xb1
 540 00fe 19010000 		.4byte	0x119
 541 0102 08       		.uleb128 0x8
 542 0103 6300     		.ascii	"c\000"
 543 0105 02       		.byte	0x2
 544 0106 B3       		.byte	0xb3
 545 0107 63000000 		.4byte	0x63
 546 010b 00       		.byte	0
 547 010c 06       		.uleb128 0x6
 548 010d 99020000 		.4byte	.LASF23
 549 0111 02       		.byte	0x2
 550 0112 B4       		.byte	0xb4
 551 0113 19010000 		.4byte	0x119
 552 0117 04       		.byte	0x4
 553 0118 00       		.byte	0
 554 0119 09       		.uleb128 0x9
 555 011a 04       		.byte	0x4
 556 011b 1F010000 		.4byte	0x11f
 557 011f 0A       		.uleb128 0xa
 558 0120 07       		.uleb128 0x7
 559 0121 4F020000 		.4byte	.LASF24
 560 0125 02       		.byte	0x2
 561 0126 B5       		.byte	0xb5
 562 0127 FA000000 		.4byte	0xfa
 563 012b 0B       		.uleb128 0xb
 564 012c 3B010000 		.4byte	0x13b
 565 0130 3B010000 		.4byte	0x13b
 566 0134 0C       		.uleb128 0xc
 567 0135 97000000 		.4byte	0x97
 568 0139 11       		.byte	0x11
 569 013a 00       		.byte	0
 570 013b 0D       		.uleb128 0xd
ARM GAS  C:\Users\Noyce\AppData\Local\Temp\cc0ZEo7A.s 			page 11


 571 013c 63000000 		.4byte	0x63
 572 0140 0E       		.uleb128 0xe
 573 0141 AD000000 		.4byte	.LASF25
 574 0145 03       		.byte	0x3
 575 0146 24       		.byte	0x24
 576 0147 51010000 		.4byte	0x151
 577 014b 05       		.uleb128 0x5
 578 014c 03       		.byte	0x3
 579 014d 00000000 		.4byte	USBUART_DEVICE0_DESCR
 580 0151 0D       		.uleb128 0xd
 581 0152 2B010000 		.4byte	0x12b
 582 0156 0B       		.uleb128 0xb
 583 0157 3B010000 		.4byte	0x13b
 584 015b 66010000 		.4byte	0x166
 585 015f 0C       		.uleb128 0xc
 586 0160 97000000 		.4byte	0x97
 587 0164 42       		.byte	0x42
 588 0165 00       		.byte	0
 589 0166 0E       		.uleb128 0xe
 590 0167 74020000 		.4byte	.LASF26
 591 016b 03       		.byte	0x3
 592 016c 37       		.byte	0x37
 593 016d 77010000 		.4byte	0x177
 594 0171 05       		.uleb128 0x5
 595 0172 03       		.byte	0x3
 596 0173 00000000 		.4byte	USBUART_DEVICE0_CONFIGURATION0_DESCR
 597 0177 0D       		.uleb128 0xd
 598 0178 56010000 		.4byte	0x156
 599 017c 0B       		.uleb128 0xb
 600 017d 8C010000 		.4byte	0x18c
 601 0181 8C010000 		.4byte	0x18c
 602 0185 0C       		.uleb128 0xc
 603 0186 97000000 		.4byte	0x97
 604 018a 02       		.byte	0x2
 605 018b 00       		.byte	0
 606 018c 0D       		.uleb128 0xd
 607 018d EF000000 		.4byte	0xef
 608 0191 0E       		.uleb128 0xe
 609 0192 55000000 		.4byte	.LASF27
 610 0196 03       		.byte	0x3
 611 0197 E7       		.byte	0xe7
 612 0198 A2010000 		.4byte	0x1a2
 613 019c 05       		.uleb128 0x5
 614 019d 03       		.byte	0x3
 615 019e 00000000 		.4byte	USBUART_DEVICE0_CONFIGURATION0_EP_SETTINGS_TABLE
 616 01a2 0D       		.uleb128 0xd
 617 01a3 7C010000 		.4byte	0x17c
 618 01a7 0B       		.uleb128 0xb
 619 01a8 3B010000 		.4byte	0x13b
 620 01ac B7010000 		.4byte	0x1b7
 621 01b0 0C       		.uleb128 0xc
 622 01b1 97000000 		.4byte	0x97
 623 01b5 01       		.byte	0x1
 624 01b6 00       		.byte	0
 625 01b7 0E       		.uleb128 0xe
 626 01b8 00000000 		.4byte	.LASF28
 627 01bc 03       		.byte	0x3
ARM GAS  C:\Users\Noyce\AppData\Local\Temp\cc0ZEo7A.s 			page 12


 628 01bd ED       		.byte	0xed
 629 01be C8010000 		.4byte	0x1c8
 630 01c2 05       		.uleb128 0x5
 631 01c3 03       		.byte	0x3
 632 01c4 00000000 		.4byte	USBUART_DEVICE0_CONFIGURATION0_INTERFACE_CLASS
 633 01c8 0D       		.uleb128 0xd
 634 01c9 A7010000 		.4byte	0x1a7
 635 01cd 0B       		.uleb128 0xb
 636 01ce DD010000 		.4byte	0x1dd
 637 01d2 DD010000 		.4byte	0x1dd
 638 01d6 0C       		.uleb128 0xc
 639 01d7 97000000 		.4byte	0x97
 640 01db 04       		.byte	0x4
 641 01dc 00       		.byte	0
 642 01dd 0D       		.uleb128 0xd
 643 01de 20010000 		.4byte	0x120
 644 01e2 0E       		.uleb128 0xe
 645 01e3 0F020000 		.4byte	.LASF29
 646 01e7 03       		.byte	0x3
 647 01e8 F5       		.byte	0xf5
 648 01e9 F3010000 		.4byte	0x1f3
 649 01ed 05       		.uleb128 0x5
 650 01ee 03       		.byte	0x3
 651 01ef 00000000 		.4byte	USBUART_DEVICE0_CONFIGURATION0_TABLE
 652 01f3 0D       		.uleb128 0xd
 653 01f4 CD010000 		.4byte	0x1cd
 654 01f8 0B       		.uleb128 0xb
 655 01f9 DD010000 		.4byte	0x1dd
 656 01fd 08020000 		.4byte	0x208
 657 0201 0C       		.uleb128 0xc
 658 0202 97000000 		.4byte	0x97
 659 0206 02       		.byte	0x2
 660 0207 00       		.byte	0
 661 0208 0F       		.uleb128 0xf
 662 0209 23030000 		.4byte	.LASF30
 663 020d 03       		.byte	0x3
 664 020e 0001     		.2byte	0x100
 665 0210 1A020000 		.4byte	0x21a
 666 0214 05       		.uleb128 0x5
 667 0215 03       		.byte	0x3
 668 0216 00000000 		.4byte	USBUART_DEVICE0_TABLE
 669 021a 0D       		.uleb128 0xd
 670 021b F8010000 		.4byte	0x1f8
 671 021f 0B       		.uleb128 0xb
 672 0220 DD010000 		.4byte	0x1dd
 673 0224 2F020000 		.4byte	0x22f
 674 0228 0C       		.uleb128 0xc
 675 0229 97000000 		.4byte	0x97
 676 022d 00       		.byte	0
 677 022e 00       		.byte	0
 678 022f 0F       		.uleb128 0xf
 679 0230 C7020000 		.4byte	.LASF31
 680 0234 03       		.byte	0x3
 681 0235 0801     		.2byte	0x108
 682 0237 41020000 		.4byte	0x241
 683 023b 05       		.uleb128 0x5
 684 023c 03       		.byte	0x3
ARM GAS  C:\Users\Noyce\AppData\Local\Temp\cc0ZEo7A.s 			page 13


 685 023d 00000000 		.4byte	USBUART_TABLE
 686 0241 0D       		.uleb128 0xd
 687 0242 1F020000 		.4byte	0x21f
 688 0246 0E       		.uleb128 0xe
 689 0247 C9000000 		.4byte	.LASF32
 690 024b 03       		.byte	0x3
 691 024c D8       		.byte	0xd8
 692 024d 57020000 		.4byte	0x257
 693 0251 05       		.uleb128 0x5
 694 0252 03       		.byte	0x3
 695 0253 00000000 		.4byte	USBUART_SN_STRING_DESCRIPTOR
 696 0257 0D       		.uleb128 0xd
 697 0258 A7010000 		.4byte	0x1a7
 698 025c 0B       		.uleb128 0xb
 699 025d 3B010000 		.4byte	0x13b
 700 0261 6C020000 		.4byte	0x26c
 701 0265 0C       		.uleb128 0xc
 702 0266 97000000 		.4byte	0x97
 703 026a CA       		.byte	0xca
 704 026b 00       		.byte	0
 705 026c 0E       		.uleb128 0xe
 706 026d 3A000000 		.4byte	.LASF33
 707 0271 03       		.byte	0x3
 708 0272 96       		.byte	0x96
 709 0273 7D020000 		.4byte	0x27d
 710 0277 05       		.uleb128 0x5
 711 0278 03       		.byte	0x3
 712 0279 00000000 		.4byte	USBUART_STRING_DESCRIPTORS
 713 027d 0D       		.uleb128 0xd
 714 027e 5C020000 		.4byte	0x25c
 715 0282 0B       		.uleb128 0xb
 716 0283 63000000 		.4byte	0x63
 717 0287 92020000 		.4byte	0x292
 718 028b 0C       		.uleb128 0xc
 719 028c 97000000 		.4byte	0x97
 720 0290 21       		.byte	0x21
 721 0291 00       		.byte	0
 722 0292 0F       		.uleb128 0xf
 723 0293 3F030000 		.4byte	.LASF34
 724 0297 03       		.byte	0x3
 725 0298 3601     		.2byte	0x136
 726 029a 82020000 		.4byte	0x282
 727 029e 05       		.uleb128 0x5
 728 029f 03       		.byte	0x3
 729 02a0 00000000 		.4byte	USBUART_idSerialNumberStringDescriptor
 730 02a4 00       		.byte	0
 731              		.section	.debug_abbrev,"",%progbits
 732              	.Ldebug_abbrev0:
 733 0000 01       		.uleb128 0x1
 734 0001 11       		.uleb128 0x11
 735 0002 01       		.byte	0x1
 736 0003 25       		.uleb128 0x25
 737 0004 0E       		.uleb128 0xe
 738 0005 13       		.uleb128 0x13
 739 0006 0B       		.uleb128 0xb
 740 0007 03       		.uleb128 0x3
 741 0008 0E       		.uleb128 0xe
ARM GAS  C:\Users\Noyce\AppData\Local\Temp\cc0ZEo7A.s 			page 14


 742 0009 1B       		.uleb128 0x1b
 743 000a 0E       		.uleb128 0xe
 744 000b 10       		.uleb128 0x10
 745 000c 17       		.uleb128 0x17
 746 000d 00       		.byte	0
 747 000e 00       		.byte	0
 748 000f 02       		.uleb128 0x2
 749 0010 24       		.uleb128 0x24
 750 0011 00       		.byte	0
 751 0012 0B       		.uleb128 0xb
 752 0013 0B       		.uleb128 0xb
 753 0014 3E       		.uleb128 0x3e
 754 0015 0B       		.uleb128 0xb
 755 0016 03       		.uleb128 0x3
 756 0017 0E       		.uleb128 0xe
 757 0018 00       		.byte	0
 758 0019 00       		.byte	0
 759 001a 03       		.uleb128 0x3
 760 001b 24       		.uleb128 0x24
 761 001c 00       		.byte	0
 762 001d 0B       		.uleb128 0xb
 763 001e 0B       		.uleb128 0xb
 764 001f 3E       		.uleb128 0x3e
 765 0020 0B       		.uleb128 0xb
 766 0021 03       		.uleb128 0x3
 767 0022 08       		.uleb128 0x8
 768 0023 00       		.byte	0
 769 0024 00       		.byte	0
 770 0025 04       		.uleb128 0x4
 771 0026 16       		.uleb128 0x16
 772 0027 00       		.byte	0
 773 0028 03       		.uleb128 0x3
 774 0029 0E       		.uleb128 0xe
 775 002a 3A       		.uleb128 0x3a
 776 002b 0B       		.uleb128 0xb
 777 002c 3B       		.uleb128 0x3b
 778 002d 05       		.uleb128 0x5
 779 002e 49       		.uleb128 0x49
 780 002f 13       		.uleb128 0x13
 781 0030 00       		.byte	0
 782 0031 00       		.byte	0
 783 0032 05       		.uleb128 0x5
 784 0033 13       		.uleb128 0x13
 785 0034 01       		.byte	0x1
 786 0035 0B       		.uleb128 0xb
 787 0036 0B       		.uleb128 0xb
 788 0037 3A       		.uleb128 0x3a
 789 0038 0B       		.uleb128 0xb
 790 0039 3B       		.uleb128 0x3b
 791 003a 0B       		.uleb128 0xb
 792 003b 01       		.uleb128 0x1
 793 003c 13       		.uleb128 0x13
 794 003d 00       		.byte	0
 795 003e 00       		.byte	0
 796 003f 06       		.uleb128 0x6
 797 0040 0D       		.uleb128 0xd
 798 0041 00       		.byte	0
ARM GAS  C:\Users\Noyce\AppData\Local\Temp\cc0ZEo7A.s 			page 15


 799 0042 03       		.uleb128 0x3
 800 0043 0E       		.uleb128 0xe
 801 0044 3A       		.uleb128 0x3a
 802 0045 0B       		.uleb128 0xb
 803 0046 3B       		.uleb128 0x3b
 804 0047 0B       		.uleb128 0xb
 805 0048 49       		.uleb128 0x49
 806 0049 13       		.uleb128 0x13
 807 004a 38       		.uleb128 0x38
 808 004b 0B       		.uleb128 0xb
 809 004c 00       		.byte	0
 810 004d 00       		.byte	0
 811 004e 07       		.uleb128 0x7
 812 004f 16       		.uleb128 0x16
 813 0050 00       		.byte	0
 814 0051 03       		.uleb128 0x3
 815 0052 0E       		.uleb128 0xe
 816 0053 3A       		.uleb128 0x3a
 817 0054 0B       		.uleb128 0xb
 818 0055 3B       		.uleb128 0x3b
 819 0056 0B       		.uleb128 0xb
 820 0057 49       		.uleb128 0x49
 821 0058 13       		.uleb128 0x13
 822 0059 00       		.byte	0
 823 005a 00       		.byte	0
 824 005b 08       		.uleb128 0x8
 825 005c 0D       		.uleb128 0xd
 826 005d 00       		.byte	0
 827 005e 03       		.uleb128 0x3
 828 005f 08       		.uleb128 0x8
 829 0060 3A       		.uleb128 0x3a
 830 0061 0B       		.uleb128 0xb
 831 0062 3B       		.uleb128 0x3b
 832 0063 0B       		.uleb128 0xb
 833 0064 49       		.uleb128 0x49
 834 0065 13       		.uleb128 0x13
 835 0066 38       		.uleb128 0x38
 836 0067 0B       		.uleb128 0xb
 837 0068 00       		.byte	0
 838 0069 00       		.byte	0
 839 006a 09       		.uleb128 0x9
 840 006b 0F       		.uleb128 0xf
 841 006c 00       		.byte	0
 842 006d 0B       		.uleb128 0xb
 843 006e 0B       		.uleb128 0xb
 844 006f 49       		.uleb128 0x49
 845 0070 13       		.uleb128 0x13
 846 0071 00       		.byte	0
 847 0072 00       		.byte	0
 848 0073 0A       		.uleb128 0xa
 849 0074 26       		.uleb128 0x26
 850 0075 00       		.byte	0
 851 0076 00       		.byte	0
 852 0077 00       		.byte	0
 853 0078 0B       		.uleb128 0xb
 854 0079 01       		.uleb128 0x1
 855 007a 01       		.byte	0x1
ARM GAS  C:\Users\Noyce\AppData\Local\Temp\cc0ZEo7A.s 			page 16


 856 007b 49       		.uleb128 0x49
 857 007c 13       		.uleb128 0x13
 858 007d 01       		.uleb128 0x1
 859 007e 13       		.uleb128 0x13
 860 007f 00       		.byte	0
 861 0080 00       		.byte	0
 862 0081 0C       		.uleb128 0xc
 863 0082 21       		.uleb128 0x21
 864 0083 00       		.byte	0
 865 0084 49       		.uleb128 0x49
 866 0085 13       		.uleb128 0x13
 867 0086 2F       		.uleb128 0x2f
 868 0087 0B       		.uleb128 0xb
 869 0088 00       		.byte	0
 870 0089 00       		.byte	0
 871 008a 0D       		.uleb128 0xd
 872 008b 26       		.uleb128 0x26
 873 008c 00       		.byte	0
 874 008d 49       		.uleb128 0x49
 875 008e 13       		.uleb128 0x13
 876 008f 00       		.byte	0
 877 0090 00       		.byte	0
 878 0091 0E       		.uleb128 0xe
 879 0092 34       		.uleb128 0x34
 880 0093 00       		.byte	0
 881 0094 03       		.uleb128 0x3
 882 0095 0E       		.uleb128 0xe
 883 0096 3A       		.uleb128 0x3a
 884 0097 0B       		.uleb128 0xb
 885 0098 3B       		.uleb128 0x3b
 886 0099 0B       		.uleb128 0xb
 887 009a 49       		.uleb128 0x49
 888 009b 13       		.uleb128 0x13
 889 009c 3F       		.uleb128 0x3f
 890 009d 19       		.uleb128 0x19
 891 009e 02       		.uleb128 0x2
 892 009f 18       		.uleb128 0x18
 893 00a0 00       		.byte	0
 894 00a1 00       		.byte	0
 895 00a2 0F       		.uleb128 0xf
 896 00a3 34       		.uleb128 0x34
 897 00a4 00       		.byte	0
 898 00a5 03       		.uleb128 0x3
 899 00a6 0E       		.uleb128 0xe
 900 00a7 3A       		.uleb128 0x3a
 901 00a8 0B       		.uleb128 0xb
 902 00a9 3B       		.uleb128 0x3b
 903 00aa 05       		.uleb128 0x5
 904 00ab 49       		.uleb128 0x49
 905 00ac 13       		.uleb128 0x13
 906 00ad 3F       		.uleb128 0x3f
 907 00ae 19       		.uleb128 0x19
 908 00af 02       		.uleb128 0x2
 909 00b0 18       		.uleb128 0x18
 910 00b1 00       		.byte	0
 911 00b2 00       		.byte	0
 912 00b3 00       		.byte	0
ARM GAS  C:\Users\Noyce\AppData\Local\Temp\cc0ZEo7A.s 			page 17


 913              		.section	.debug_aranges,"",%progbits
 914 0000 14000000 		.4byte	0x14
 915 0004 0200     		.2byte	0x2
 916 0006 00000000 		.4byte	.Ldebug_info0
 917 000a 04       		.byte	0x4
 918 000b 00       		.byte	0
 919 000c 0000     		.2byte	0
 920 000e 0000     		.2byte	0
 921 0010 00000000 		.4byte	0
 922 0014 00000000 		.4byte	0
 923              		.section	.debug_line,"",%progbits
 924              	.Ldebug_line0:
 925 0000 5D000000 		.section	.debug_str,"MS",%progbits,1
 925      02005700 
 925      00000201 
 925      FB0E0D00 
 925      01010101 
 926              	.LASF28:
 927 0000 55534255 		.ascii	"USBUART_DEVICE0_CONFIGURATION0_INTERFACE_CLASS\000"
 927      4152545F 
 927      44455649 
 927      4345305F 
 927      434F4E46 
 928              	.LASF19:
 929 002f 61747472 		.ascii	"attributes\000"
 929      69627574 
 929      657300
 930              	.LASF33:
 931 003a 55534255 		.ascii	"USBUART_STRING_DESCRIPTORS\000"
 931      4152545F 
 931      53545249 
 931      4E475F44 
 931      45534352 
 932              	.LASF27:
 933 0055 55534255 		.ascii	"USBUART_DEVICE0_CONFIGURATION0_EP_SETTINGS_TABLE\000"
 933      4152545F 
 933      44455649 
 933      4345305F 
 933      434F4E46 
 934              	.LASF36:
 935 0086 47656E65 		.ascii	"Generated_Source\\PSoC5\\USBUART_descr.c\000"
 935      72617465 
 935      645F536F 
 935      75726365 
 935      5C50536F 
 936              	.LASF25:
 937 00ad 55534255 		.ascii	"USBUART_DEVICE0_DESCR\000"
 937      4152545F 
 937      44455649 
 937      4345305F 
 937      44455343 
 938              	.LASF11:
 939 00c3 666C6F61 		.ascii	"float\000"
 939      7400
 940              	.LASF32:
 941 00c9 55534255 		.ascii	"USBUART_SN_STRING_DESCRIPTOR\000"
 941      4152545F 
ARM GAS  C:\Users\Noyce\AppData\Local\Temp\cc0ZEo7A.s 			page 18


 941      534E5F53 
 941      5452494E 
 941      475F4445 
 942              	.LASF17:
 943 00e6 616C7453 		.ascii	"altSetting\000"
 943      65747469 
 943      6E6700
 944              	.LASF1:
 945 00f1 756E7369 		.ascii	"unsigned char\000"
 945      676E6564 
 945      20636861 
 945      7200
 946              	.LASF35:
 947 00ff 474E5520 		.ascii	"GNU C11 5.4.1 20160609 (release) [ARM/embedded-5-br"
 947      43313120 
 947      352E342E 
 947      31203230 
 947      31363036 
 948 0132 616E6368 		.ascii	"anch revision 237715] -mcpu=cortex-m3 -mthumb -g -O"
 948      20726576 
 948      6973696F 
 948      6E203233 
 948      37373135 
 949 0165 67202D66 		.ascii	"g -ffunction-sections -ffat-lto-objects\000"
 949      66756E63 
 949      74696F6E 
 949      2D736563 
 949      74696F6E 
 950              	.LASF37:
 951 018d 453A5C52 		.ascii	"E:\\Research\\illumina\\PSoC\\Layout 2_14\\Version "
 951      65736561 
 951      7263685C 
 951      696C6C75 
 951      6D696E61 
 952 01bb 325C4D61 		.ascii	"2\\Master\\Master 1\\Design01.cydsn\000"
 952      73746572 
 952      5C4D6173 
 952      74657220 
 952      315C4465 
 953              	.LASF22:
 954 01dc 545F5553 		.ascii	"T_USBUART_EP_SETTINGS_BLOCK\000"
 954      42554152 
 954      545F4550 
 954      5F534554 
 954      54494E47 
 955              	.LASF5:
 956 01f8 6C6F6E67 		.ascii	"long unsigned int\000"
 956      20756E73 
 956      69676E65 
 956      6420696E 
 956      7400
 957              	.LASF18:
 958 020a 61646472 		.ascii	"addr\000"
 958      00
 959              	.LASF29:
 960 020f 55534255 		.ascii	"USBUART_DEVICE0_CONFIGURATION0_TABLE\000"
 960      4152545F 
ARM GAS  C:\Users\Noyce\AppData\Local\Temp\cc0ZEo7A.s 			page 19


 960      44455649 
 960      4345305F 
 960      434F4E46 
 961              	.LASF12:
 962 0234 646F7562 		.ascii	"double\000"
 962      6C6500
 963              	.LASF10:
 964 023b 75696E74 		.ascii	"uint16\000"
 964      313600
 965              	.LASF8:
 966 0242 756E7369 		.ascii	"unsigned int\000"
 966      676E6564 
 966      20696E74 
 966      00
 967              	.LASF24:
 968 024f 545F5553 		.ascii	"T_USBUART_LUT\000"
 968      42554152 
 968      545F4C55 
 968      5400
 969              	.LASF7:
 970 025d 6C6F6E67 		.ascii	"long long unsigned int\000"
 970      206C6F6E 
 970      6720756E 
 970      7369676E 
 970      65642069 
 971              	.LASF26:
 972 0274 55534255 		.ascii	"USBUART_DEVICE0_CONFIGURATION0_DESCR\000"
 972      4152545F 
 972      44455649 
 972      4345305F 
 972      434F4E46 
 973              	.LASF23:
 974 0299 705F6C69 		.ascii	"p_list\000"
 974      737400
 975              	.LASF15:
 976 02a0 73697A65 		.ascii	"sizetype\000"
 976      74797065 
 976      00
 977              	.LASF6:
 978 02a9 6C6F6E67 		.ascii	"long long int\000"
 978      206C6F6E 
 978      6720696E 
 978      7400
 979              	.LASF13:
 980 02b7 63686172 		.ascii	"char\000"
 980      00
 981              	.LASF20:
 982 02bc 62756666 		.ascii	"bufferSize\000"
 982      65725369 
 982      7A6500
 983              	.LASF31:
 984 02c7 55534255 		.ascii	"USBUART_TABLE\000"
 984      4152545F 
 984      5441424C 
 984      4500
 985              	.LASF2:
 986 02d5 73686F72 		.ascii	"short int\000"
ARM GAS  C:\Users\Noyce\AppData\Local\Temp\cc0ZEo7A.s 			page 20


 986      7420696E 
 986      7400
 987              	.LASF9:
 988 02df 75696E74 		.ascii	"uint8\000"
 988      3800
 989              	.LASF16:
 990 02e5 696E7465 		.ascii	"interface\000"
 990      72666163 
 990      6500
 991              	.LASF4:
 992 02ef 6C6F6E67 		.ascii	"long int\000"
 992      20696E74 
 992      00
 993              	.LASF14:
 994 02f8 6C6F6E67 		.ascii	"long double\000"
 994      20646F75 
 994      626C6500 
 995              	.LASF0:
 996 0304 7369676E 		.ascii	"signed char\000"
 996      65642063 
 996      68617200 
 997              	.LASF3:
 998 0310 73686F72 		.ascii	"short unsigned int\000"
 998      7420756E 
 998      7369676E 
 998      65642069 
 998      6E7400
 999              	.LASF30:
 1000 0323 55534255 		.ascii	"USBUART_DEVICE0_TABLE\000"
 1000      4152545F 
 1000      44455649 
 1000      4345305F 
 1000      5441424C 
 1001              	.LASF21:
 1002 0339 624D6973 		.ascii	"bMisc\000"
 1002      6300
 1003              	.LASF34:
 1004 033f 55534255 		.ascii	"USBUART_idSerialNumberStringDescriptor\000"
 1004      4152545F 
 1004      69645365 
 1004      7269616C 
 1004      4E756D62 
 1005              		.ident	"GCC: (GNU Tools for ARM Embedded Processors) 5.4.1 20160609 (release) [ARM/embedded-5-bran
